[2024-05-10T16:06:00.620+0000] {local_task_job_runner.py:120} INFO - ::group::Pre task execution logs
[2024-05-10T16:06:00.634+0000] {taskinstance.py:2073} INFO - Dependencies all met for dep_context=non-requeueable deps ti=<TaskInstance: 1_init_once_seed_data.load_seed_data_once manual__2024-05-10T16:05:59.094224+00:00 [queued]>
[2024-05-10T16:06:00.638+0000] {taskinstance.py:2073} INFO - Dependencies all met for dep_context=requeueable deps ti=<TaskInstance: 1_init_once_seed_data.load_seed_data_once manual__2024-05-10T16:05:59.094224+00:00 [queued]>
[2024-05-10T16:06:00.639+0000] {taskinstance.py:2303} INFO - Starting attempt 1 of 1
[2024-05-10T16:06:00.645+0000] {taskinstance.py:2327} INFO - Executing <Task(BashOperator): load_seed_data_once> on 2024-05-10 16:05:59.094224+00:00
[2024-05-10T16:06:00.648+0000] {warnings.py:110} WARNING - /home/***/.local/lib/python3.12/site-packages/***/task/task_runner/standard_task_runner.py:61: DeprecationWarning: This process (pid=555) is multi-threaded, use of fork() may lead to deadlocks in the child.
  pid = os.fork()

[2024-05-10T16:06:00.649+0000] {standard_task_runner.py:63} INFO - Started process 557 to run task
[2024-05-10T16:06:00.649+0000] {standard_task_runner.py:90} INFO - Running: ['***', 'tasks', 'run', '1_init_once_seed_data', 'load_seed_data_once', 'manual__2024-05-10T16:05:59.094224+00:00', '--job-id', '112', '--raw', '--subdir', 'DAGS_FOLDER/init.py', '--cfg-path', '/tmp/tmp1u6r5c1b']
[2024-05-10T16:06:00.651+0000] {standard_task_runner.py:91} INFO - Job 112: Subtask load_seed_data_once
[2024-05-10T16:06:00.677+0000] {task_command.py:426} INFO - Running <TaskInstance: 1_init_once_seed_data.load_seed_data_once manual__2024-05-10T16:05:59.094224+00:00 [running]> on host e4fe3fcdc4ab
[2024-05-10T16:06:00.753+0000] {taskinstance.py:2644} INFO - Exporting env vars: AIRFLOW_CTX_DAG_OWNER='***' AIRFLOW_CTX_DAG_ID='1_init_once_seed_data' AIRFLOW_CTX_TASK_ID='load_seed_data_once' AIRFLOW_CTX_EXECUTION_DATE='2024-05-10T16:05:59.094224+00:00' AIRFLOW_CTX_TRY_NUMBER='1' AIRFLOW_CTX_DAG_RUN_ID='manual__2024-05-10T16:05:59.094224+00:00'
[2024-05-10T16:06:00.754+0000] {taskinstance.py:430} INFO - ::endgroup::
[2024-05-10T16:06:00.755+0000] {subprocess.py:63} INFO - Tmp dir root location: /tmp
[2024-05-10T16:06:00.755+0000] {subprocess.py:75} INFO - Running command: ['/usr/bin/bash', '-c', 'cd /dbt && dbt seed --profiles-dir .']
[2024-05-10T16:06:00.759+0000] {subprocess.py:86} INFO - Output:
[2024-05-10T16:06:02.092+0000] {subprocess.py:93} INFO - [0m16:06:02  Running with dbt=1.7.14
[2024-05-10T16:06:02.541+0000] {subprocess.py:93} INFO - [0m16:06:02  Registered adapter: snowflake=1.7.3
[2024-05-10T16:06:02.589+0000] {subprocess.py:93} INFO - [0m16:06:02  [[33mWARNING[0m]: Configuration paths exist in your dbt_project.yml file which do not apply to any resources.
[2024-05-10T16:06:02.590+0000] {subprocess.py:93} INFO - There are 2 unused configuration paths:
[2024-05-10T16:06:02.590+0000] {subprocess.py:93} INFO - - models.my_new_project.analysis
[2024-05-10T16:06:02.590+0000] {subprocess.py:93} INFO - - models.my_new_project.transform
[2024-05-10T16:06:02.603+0000] {subprocess.py:93} INFO - [0m16:06:02  Found 5 models, 3 seeds, 0 sources, 0 exposures, 0 metrics, 546 macros, 0 groups, 0 semantic models
[2024-05-10T16:06:02.605+0000] {subprocess.py:93} INFO - [0m16:06:02
[2024-05-10T16:06:05.033+0000] {subprocess.py:93} INFO - [0m16:06:05  Concurrency: 200 threads (target='dev')
[2024-05-10T16:06:05.034+0000] {subprocess.py:93} INFO - [0m16:06:05
[2024-05-10T16:06:05.100+0000] {subprocess.py:93} INFO - [0m16:06:05  1 of 3 START seed file AIRFLOW_DBT.bookings_1 .................................. [RUN]
[2024-05-10T16:06:05.101+0000] {subprocess.py:93} INFO - [0m16:06:05  2 of 3 START seed file AIRFLOW_DBT.bookings_2 .................................. [RUN]
[2024-05-10T16:06:05.101+0000] {subprocess.py:93} INFO - [0m16:06:05  3 of 3 START seed file AIRFLOW_DBT.customers ................................... [RUN]
[2024-05-10T16:06:09.493+0000] {subprocess.py:93} INFO - [0m16:06:09  1 of 3 OK loaded seed file AIRFLOW_DBT.bookings_1 .............................. [[32mINSERT 7[0m in 4.39s]
[2024-05-10T16:06:09.497+0000] {subprocess.py:93} INFO - [0m16:06:09  2 of 3 OK loaded seed file AIRFLOW_DBT.bookings_2 .............................. [[32mINSERT 7[0m in 4.39s]
[2024-05-10T16:06:09.561+0000] {subprocess.py:93} INFO - [0m16:06:09  3 of 3 OK loaded seed file AIRFLOW_DBT.customers ............................... [[32mINSERT 2[0m in 4.45s]
[2024-05-10T16:06:09.588+0000] {subprocess.py:93} INFO - [0m16:06:09
[2024-05-10T16:06:09.590+0000] {subprocess.py:93} INFO - [0m16:06:09  Finished running 3 seeds in 0 hours 0 minutes and 6.98 seconds (6.98s).
[2024-05-10T16:06:09.608+0000] {subprocess.py:93} INFO - [0m16:06:09
[2024-05-10T16:06:09.608+0000] {subprocess.py:93} INFO - [0m16:06:09  [32mCompleted successfully[0m
[2024-05-10T16:06:09.609+0000] {subprocess.py:93} INFO - [0m16:06:09
[2024-05-10T16:06:09.610+0000] {subprocess.py:93} INFO - [0m16:06:09  Done. PASS=3 WARN=0 ERROR=0 SKIP=0 TOTAL=3
[2024-05-10T16:06:11.426+0000] {subprocess.py:97} INFO - Command exited with return code 0
[2024-05-10T16:06:11.427+0000] {taskinstance.py:441} INFO - ::group::Post task execution logs
[2024-05-10T16:06:11.447+0000] {taskinstance.py:1205} INFO - Marking task as SUCCESS. dag_id=1_init_once_seed_data, task_id=load_seed_data_once, execution_date=20240510T160559, start_date=20240510T160600, end_date=20240510T160611
[2024-05-10T16:06:11.497+0000] {local_task_job_runner.py:240} INFO - Task exited with return code 0
[2024-05-10T16:06:11.509+0000] {taskinstance.py:3482} INFO - 0 downstream tasks scheduled from follow-on schedule check
[2024-05-10T16:06:11.510+0000] {local_task_job_runner.py:222} INFO - ::endgroup::
