[2024-05-10T16:07:14.406+0000] {local_task_job_runner.py:120} INFO - ::group::Pre task execution logs
[2024-05-10T16:07:14.423+0000] {taskinstance.py:2073} INFO - Dependencies all met for dep_context=non-requeueable deps ti=<TaskInstance: 2_daily_transformation_analysis.daily_transform manual__2024-05-10T16:07:13.368599+00:00 [queued]>
[2024-05-10T16:07:14.427+0000] {taskinstance.py:2073} INFO - Dependencies all met for dep_context=requeueable deps ti=<TaskInstance: 2_daily_transformation_analysis.daily_transform manual__2024-05-10T16:07:13.368599+00:00 [queued]>
[2024-05-10T16:07:14.428+0000] {taskinstance.py:2303} INFO - Starting attempt 1 of 1
[2024-05-10T16:07:14.436+0000] {taskinstance.py:2327} INFO - Executing <Task(BashOperator): daily_transform> on 2024-05-10 16:07:13.368599+00:00
[2024-05-10T16:07:14.441+0000] {warnings.py:110} WARNING - /home/***/.local/lib/python3.12/site-packages/***/task/task_runner/standard_task_runner.py:61: DeprecationWarning: This process (pid=799) is multi-threaded, use of fork() may lead to deadlocks in the child.
  pid = os.fork()

[2024-05-10T16:07:14.442+0000] {standard_task_runner.py:63} INFO - Started process 801 to run task
[2024-05-10T16:07:14.443+0000] {standard_task_runner.py:90} INFO - Running: ['***', 'tasks', 'run', '2_daily_transformation_analysis', 'daily_transform', 'manual__2024-05-10T16:07:13.368599+00:00', '--job-id', '114', '--raw', '--subdir', 'DAGS_FOLDER/transform_and_analysis.py', '--cfg-path', '/tmp/tmp3yqmiye7']
[2024-05-10T16:07:14.445+0000] {standard_task_runner.py:91} INFO - Job 114: Subtask daily_transform
[2024-05-10T16:07:14.478+0000] {task_command.py:426} INFO - Running <TaskInstance: 2_daily_transformation_analysis.daily_transform manual__2024-05-10T16:07:13.368599+00:00 [running]> on host e4fe3fcdc4ab
[2024-05-10T16:07:14.561+0000] {taskinstance.py:2644} INFO - Exporting env vars: AIRFLOW_CTX_DAG_OWNER='***' AIRFLOW_CTX_DAG_ID='2_daily_transformation_analysis' AIRFLOW_CTX_TASK_ID='daily_transform' AIRFLOW_CTX_EXECUTION_DATE='2024-05-10T16:07:13.368599+00:00' AIRFLOW_CTX_TRY_NUMBER='1' AIRFLOW_CTX_DAG_RUN_ID='manual__2024-05-10T16:07:13.368599+00:00'
[2024-05-10T16:07:14.562+0000] {taskinstance.py:430} INFO - ::endgroup::
[2024-05-10T16:07:14.563+0000] {subprocess.py:63} INFO - Tmp dir root location: /tmp
[2024-05-10T16:07:14.563+0000] {subprocess.py:75} INFO - Running command: ['/usr/bin/bash', '-c', 'cd /dbt && dbt run --models transform --profiles-dir .']
[2024-05-10T16:07:14.571+0000] {subprocess.py:86} INFO - Output:
[2024-05-10T16:07:16.047+0000] {subprocess.py:93} INFO - [0m16:07:16  Running with dbt=1.7.14
[2024-05-10T16:07:16.494+0000] {subprocess.py:93} INFO - [0m16:07:16  Registered adapter: snowflake=1.7.3
[2024-05-10T16:07:16.535+0000] {subprocess.py:93} INFO - [0m16:07:16  [[33mWARNING[0m]: Configuration paths exist in your dbt_project.yml file which do not apply to any resources.
[2024-05-10T16:07:16.538+0000] {subprocess.py:93} INFO - There are 2 unused configuration paths:
[2024-05-10T16:07:16.541+0000] {subprocess.py:93} INFO - - models.my_new_project.analysis
[2024-05-10T16:07:16.541+0000] {subprocess.py:93} INFO - - models.my_new_project.transform
[2024-05-10T16:07:16.546+0000] {subprocess.py:93} INFO - [0m16:07:16  Found 5 models, 3 seeds, 0 sources, 0 exposures, 0 metrics, 546 macros, 0 groups, 0 semantic models
[2024-05-10T16:07:16.547+0000] {subprocess.py:93} INFO - [0m16:07:16
[2024-05-10T16:07:18.633+0000] {subprocess.py:93} INFO - [0m16:07:18  Concurrency: 200 threads (target='dev')
[2024-05-10T16:07:18.635+0000] {subprocess.py:93} INFO - [0m16:07:18
[2024-05-10T16:07:18.679+0000] {subprocess.py:93} INFO - [0m16:07:18  1 of 3 START sql view model AIRFLOW_DBT.combined_bookings ...................... [RUN]
[2024-05-10T16:07:18.679+0000] {subprocess.py:93} INFO - [0m16:07:18  2 of 3 START sql view model AIRFLOW_DBT.customer ............................... [RUN]
[2024-05-10T16:07:20.214+0000] {subprocess.py:93} INFO - [0m16:07:20  2 of 3 OK created sql view model AIRFLOW_DBT.customer .......................... [[32mSUCCESS 1[0m in 1.53s]
[2024-05-10T16:07:20.583+0000] {subprocess.py:93} INFO - [0m16:07:20  1 of 3 OK created sql view model AIRFLOW_DBT.combined_bookings ................. [[32mSUCCESS 1[0m in 1.90s]
[2024-05-10T16:07:20.597+0000] {subprocess.py:93} INFO - [0m16:07:20  3 of 3 START sql view model AIRFLOW_DBT.prepped_data ........................... [RUN]
[2024-05-10T16:07:22.290+0000] {subprocess.py:93} INFO - [0m16:07:22  3 of 3 OK created sql view model AIRFLOW_DBT.prepped_data ...................... [[32mSUCCESS 1[0m in 1.69s]
[2024-05-10T16:07:22.333+0000] {subprocess.py:93} INFO - [0m16:07:22
[2024-05-10T16:07:22.334+0000] {subprocess.py:93} INFO - [0m16:07:22  Finished running 3 view models in 0 hours 0 minutes and 5.79 seconds (5.79s).
[2024-05-10T16:07:22.345+0000] {subprocess.py:93} INFO - [0m16:07:22
[2024-05-10T16:07:22.346+0000] {subprocess.py:93} INFO - [0m16:07:22  [32mCompleted successfully[0m
[2024-05-10T16:07:22.348+0000] {subprocess.py:93} INFO - [0m16:07:22
[2024-05-10T16:07:22.351+0000] {subprocess.py:93} INFO - [0m16:07:22  Done. PASS=3 WARN=0 ERROR=0 SKIP=0 TOTAL=3
[2024-05-10T16:07:24.798+0000] {subprocess.py:97} INFO - Command exited with return code 0
[2024-05-10T16:07:24.800+0000] {taskinstance.py:441} INFO - ::group::Post task execution logs
[2024-05-10T16:07:24.811+0000] {taskinstance.py:1205} INFO - Marking task as SUCCESS. dag_id=2_daily_transformation_analysis, task_id=daily_transform, execution_date=20240510T160713, start_date=20240510T160714, end_date=20240510T160724
[2024-05-10T16:07:24.861+0000] {local_task_job_runner.py:240} INFO - Task exited with return code 0
[2024-05-10T16:07:24.871+0000] {taskinstance.py:3482} INFO - 1 downstream tasks scheduled from follow-on schedule check
[2024-05-10T16:07:24.873+0000] {local_task_job_runner.py:222} INFO - ::endgroup::
