[2024-05-10T16:09:37.640+0000] {local_task_job_runner.py:120} INFO - ::group::Pre task execution logs
[2024-05-10T16:09:37.649+0000] {taskinstance.py:2073} INFO - Dependencies all met for dep_context=non-requeueable deps ti=<TaskInstance: 2_daily_transformation_analysis.daily_analysis manual__2024-05-10T16:09:23.754718+00:00 [queued]>
[2024-05-10T16:09:37.652+0000] {taskinstance.py:2073} INFO - Dependencies all met for dep_context=requeueable deps ti=<TaskInstance: 2_daily_transformation_analysis.daily_analysis manual__2024-05-10T16:09:23.754718+00:00 [queued]>
[2024-05-10T16:09:37.653+0000] {taskinstance.py:2303} INFO - Starting attempt 1 of 1
[2024-05-10T16:09:37.657+0000] {taskinstance.py:2327} INFO - Executing <Task(BashOperator): daily_analysis> on 2024-05-10 16:09:23.754718+00:00
[2024-05-10T16:09:37.660+0000] {warnings.py:110} WARNING - /home/***/.local/lib/python3.12/site-packages/***/task/task_runner/standard_task_runner.py:61: DeprecationWarning: This process (pid=1268) is multi-threaded, use of fork() may lead to deadlocks in the child.
  pid = os.fork()

[2024-05-10T16:09:37.661+0000] {standard_task_runner.py:63} INFO - Started process 1270 to run task
[2024-05-10T16:09:37.661+0000] {standard_task_runner.py:90} INFO - Running: ['***', 'tasks', 'run', '2_daily_transformation_analysis', 'daily_analysis', 'manual__2024-05-10T16:09:23.754718+00:00', '--job-id', '117', '--raw', '--subdir', 'DAGS_FOLDER/transform_and_analysis.py', '--cfg-path', '/tmp/tmp1ji_fghe']
[2024-05-10T16:09:37.663+0000] {standard_task_runner.py:91} INFO - Job 117: Subtask daily_analysis
[2024-05-10T16:09:37.682+0000] {task_command.py:426} INFO - Running <TaskInstance: 2_daily_transformation_analysis.daily_analysis manual__2024-05-10T16:09:23.754718+00:00 [running]> on host e4fe3fcdc4ab
[2024-05-10T16:09:37.737+0000] {taskinstance.py:2644} INFO - Exporting env vars: AIRFLOW_CTX_DAG_OWNER='***' AIRFLOW_CTX_DAG_ID='2_daily_transformation_analysis' AIRFLOW_CTX_TASK_ID='daily_analysis' AIRFLOW_CTX_EXECUTION_DATE='2024-05-10T16:09:23.754718+00:00' AIRFLOW_CTX_TRY_NUMBER='1' AIRFLOW_CTX_DAG_RUN_ID='manual__2024-05-10T16:09:23.754718+00:00'
[2024-05-10T16:09:37.738+0000] {taskinstance.py:430} INFO - ::endgroup::
[2024-05-10T16:09:37.739+0000] {subprocess.py:63} INFO - Tmp dir root location: /tmp
[2024-05-10T16:09:37.739+0000] {subprocess.py:75} INFO - Running command: ['/usr/bin/bash', '-c', 'cd /dbt && dbt run --models analysis --profiles-dir .']
[2024-05-10T16:09:37.744+0000] {subprocess.py:86} INFO - Output:
[2024-05-10T16:09:39.053+0000] {subprocess.py:93} INFO - [0m16:09:39  Running with dbt=1.7.14
[2024-05-10T16:09:39.501+0000] {subprocess.py:93} INFO - [0m16:09:39  Registered adapter: snowflake=1.7.3
[2024-05-10T16:09:39.547+0000] {subprocess.py:93} INFO - [0m16:09:39  [[33mWARNING[0m]: Configuration paths exist in your dbt_project.yml file which do not apply to any resources.
[2024-05-10T16:09:39.547+0000] {subprocess.py:93} INFO - There are 2 unused configuration paths:
[2024-05-10T16:09:39.547+0000] {subprocess.py:93} INFO - - models.my_new_project.transform
[2024-05-10T16:09:39.547+0000] {subprocess.py:93} INFO - - models.my_new_project.analysis
[2024-05-10T16:09:39.558+0000] {subprocess.py:93} INFO - [0m16:09:39  Found 5 models, 3 seeds, 0 sources, 0 exposures, 0 metrics, 546 macros, 0 groups, 0 semantic models
[2024-05-10T16:09:39.559+0000] {subprocess.py:93} INFO - [0m16:09:39
[2024-05-10T16:09:41.388+0000] {subprocess.py:93} INFO - [0m16:09:41  Concurrency: 200 threads (target='dev')
[2024-05-10T16:09:41.391+0000] {subprocess.py:93} INFO - [0m16:09:41
[2024-05-10T16:09:41.440+0000] {subprocess.py:93} INFO - [0m16:09:41  1 of 2 START sql view model AIRFLOW_DBT.hotel_count_by_day ..................... [RUN]
[2024-05-10T16:09:41.441+0000] {subprocess.py:93} INFO - [0m16:09:41  2 of 2 START sql view model AIRFLOW_DBT.thirty_day_avg_cost .................... [RUN]
[2024-05-10T16:09:43.152+0000] {subprocess.py:93} INFO - [0m16:09:43  2 of 2 OK created sql view model AIRFLOW_DBT.thirty_day_avg_cost ............... [[32mSUCCESS 1[0m in 1.70s]
[2024-05-10T16:09:43.157+0000] {subprocess.py:93} INFO - [0m16:09:43  1 of 2 OK created sql view model AIRFLOW_DBT.hotel_count_by_day ................ [[32mSUCCESS 1[0m in 1.71s]
[2024-05-10T16:09:43.180+0000] {subprocess.py:93} INFO - [0m16:09:43
[2024-05-10T16:09:43.182+0000] {subprocess.py:93} INFO - [0m16:09:43  Finished running 2 view models in 0 hours 0 minutes and 3.62 seconds (3.62s).
[2024-05-10T16:09:43.200+0000] {subprocess.py:93} INFO - [0m16:09:43
[2024-05-10T16:09:43.201+0000] {subprocess.py:93} INFO - [0m16:09:43  [32mCompleted successfully[0m
[2024-05-10T16:09:43.202+0000] {subprocess.py:93} INFO - [0m16:09:43
[2024-05-10T16:09:43.203+0000] {subprocess.py:93} INFO - [0m16:09:43  Done. PASS=2 WARN=0 ERROR=0 SKIP=0 TOTAL=2
[2024-05-10T16:09:44.476+0000] {subprocess.py:97} INFO - Command exited with return code 0
[2024-05-10T16:09:44.477+0000] {taskinstance.py:441} INFO - ::group::Post task execution logs
[2024-05-10T16:09:44.491+0000] {taskinstance.py:1205} INFO - Marking task as SUCCESS. dag_id=2_daily_transformation_analysis, task_id=daily_analysis, execution_date=20240510T160923, start_date=20240510T160937, end_date=20240510T160944
[2024-05-10T16:09:44.518+0000] {local_task_job_runner.py:240} INFO - Task exited with return code 0
[2024-05-10T16:09:44.525+0000] {taskinstance.py:3482} INFO - 0 downstream tasks scheduled from follow-on schedule check
[2024-05-10T16:09:44.526+0000] {local_task_job_runner.py:222} INFO - ::endgroup::
