[2024-05-10T15:49:11.385+0000] {local_task_job_runner.py:120} INFO - ::group::Pre task execution logs
[2024-05-10T15:49:11.397+0000] {taskinstance.py:2073} INFO - Dependencies all met for dep_context=non-requeueable deps ti=<TaskInstance: 1_init_once_seed_data.load_seed_data_once manual__2024-05-10T15:49:10.153075+00:00 [queued]>
[2024-05-10T15:49:11.400+0000] {taskinstance.py:2073} INFO - Dependencies all met for dep_context=requeueable deps ti=<TaskInstance: 1_init_once_seed_data.load_seed_data_once manual__2024-05-10T15:49:10.153075+00:00 [queued]>
[2024-05-10T15:49:11.400+0000] {taskinstance.py:2303} INFO - Starting attempt 1 of 1
[2024-05-10T15:49:11.407+0000] {taskinstance.py:2327} INFO - Executing <Task(BashOperator): load_seed_data_once> on 2024-05-10 15:49:10.153075+00:00
[2024-05-10T15:49:11.410+0000] {warnings.py:110} WARNING - /home/***/.local/lib/python3.12/site-packages/***/task/task_runner/standard_task_runner.py:61: DeprecationWarning: This process (pid=85) is multi-threaded, use of fork() may lead to deadlocks in the child.
  pid = os.fork()

[2024-05-10T15:49:11.411+0000] {standard_task_runner.py:63} INFO - Started process 87 to run task
[2024-05-10T15:49:11.411+0000] {standard_task_runner.py:90} INFO - Running: ['***', 'tasks', 'run', '1_init_once_seed_data', 'load_seed_data_once', 'manual__2024-05-10T15:49:10.153075+00:00', '--job-id', '110', '--raw', '--subdir', 'DAGS_FOLDER/init.py', '--cfg-path', '/tmp/tmp24il94a8']
[2024-05-10T15:49:11.413+0000] {standard_task_runner.py:91} INFO - Job 110: Subtask load_seed_data_once
[2024-05-10T15:49:11.440+0000] {task_command.py:426} INFO - Running <TaskInstance: 1_init_once_seed_data.load_seed_data_once manual__2024-05-10T15:49:10.153075+00:00 [running]> on host e4fe3fcdc4ab
[2024-05-10T15:49:11.510+0000] {taskinstance.py:2644} INFO - Exporting env vars: AIRFLOW_CTX_DAG_OWNER='***' AIRFLOW_CTX_DAG_ID='1_init_once_seed_data' AIRFLOW_CTX_TASK_ID='load_seed_data_once' AIRFLOW_CTX_EXECUTION_DATE='2024-05-10T15:49:10.153075+00:00' AIRFLOW_CTX_TRY_NUMBER='1' AIRFLOW_CTX_DAG_RUN_ID='manual__2024-05-10T15:49:10.153075+00:00'
[2024-05-10T15:49:11.512+0000] {taskinstance.py:430} INFO - ::endgroup::
[2024-05-10T15:49:11.513+0000] {subprocess.py:63} INFO - Tmp dir root location: /tmp
[2024-05-10T15:49:11.513+0000] {subprocess.py:75} INFO - Running command: ['/usr/bin/bash', '-c', 'cd /dbt && dbt seed --profiles-dir .']
[2024-05-10T15:49:11.519+0000] {subprocess.py:86} INFO - Output:
[2024-05-10T15:49:13.003+0000] {subprocess.py:93} INFO - [0m15:49:13  Running with dbt=1.7.14
[2024-05-10T15:49:13.695+0000] {subprocess.py:93} INFO - [0m15:49:13  Registered adapter: snowflake=1.7.3
[2024-05-10T15:49:13.706+0000] {subprocess.py:93} INFO - [0m15:49:13  Unable to do partial parsing because saved manifest not found. Starting full parse.
[2024-05-10T15:49:14.291+0000] {subprocess.py:93} INFO - [0m15:49:14  [[33mWARNING[0m]: Configuration paths exist in your dbt_project.yml file which do not apply to any resources.
[2024-05-10T15:49:14.292+0000] {subprocess.py:93} INFO - There are 2 unused configuration paths:
[2024-05-10T15:49:14.292+0000] {subprocess.py:93} INFO - - models.my_new_project.transform
[2024-05-10T15:49:14.292+0000] {subprocess.py:93} INFO - - models.my_new_project.analysis
[2024-05-10T15:49:14.303+0000] {subprocess.py:93} INFO - [0m15:49:14  Found 5 models, 3 seeds, 0 sources, 0 exposures, 0 metrics, 546 macros, 0 groups, 0 semantic models
[2024-05-10T15:49:14.305+0000] {subprocess.py:93} INFO - [0m15:49:14
[2024-05-10T15:49:18.879+0000] {subprocess.py:93} INFO - [0m15:49:18  Concurrency: 200 threads (target='dev')
[2024-05-10T15:49:18.880+0000] {subprocess.py:93} INFO - [0m15:49:18
[2024-05-10T15:49:18.938+0000] {subprocess.py:93} INFO - [0m15:49:18  1 of 3 START seed file AIRFLOW_DBT.bookings_1 .................................. [RUN]
[2024-05-10T15:49:18.939+0000] {subprocess.py:93} INFO - [0m15:49:18  2 of 3 START seed file AIRFLOW_DBT.bookings_2 .................................. [RUN]
[2024-05-10T15:49:18.940+0000] {subprocess.py:93} INFO - [0m15:49:18  3 of 3 START seed file AIRFLOW_DBT.customers ................................... [RUN]
[2024-05-10T15:49:22.293+0000] {subprocess.py:93} INFO - [0m15:49:22  1 of 3 OK loaded seed file AIRFLOW_DBT.bookings_1 .............................. [[32mINSERT 7[0m in 3.35s]
[2024-05-10T15:49:22.352+0000] {subprocess.py:93} INFO - [0m15:49:22  2 of 3 OK loaded seed file AIRFLOW_DBT.bookings_2 .............................. [[32mINSERT 7[0m in 3.41s]
[2024-05-10T15:49:22.364+0000] {subprocess.py:93} INFO - [0m15:49:22  3 of 3 OK loaded seed file AIRFLOW_DBT.customers ............................... [[32mINSERT 2[0m in 3.42s]
[2024-05-10T15:49:22.386+0000] {subprocess.py:93} INFO - [0m15:49:22
[2024-05-10T15:49:22.387+0000] {subprocess.py:93} INFO - [0m15:49:22  Finished running 3 seeds in 0 hours 0 minutes and 8.08 seconds (8.08s).
[2024-05-10T15:49:22.403+0000] {subprocess.py:93} INFO - [0m15:49:22
[2024-05-10T15:49:22.403+0000] {subprocess.py:93} INFO - [0m15:49:22  [32mCompleted successfully[0m
[2024-05-10T15:49:22.404+0000] {subprocess.py:93} INFO - [0m15:49:22
[2024-05-10T15:49:22.405+0000] {subprocess.py:93} INFO - [0m15:49:22  Done. PASS=3 WARN=0 ERROR=0 SKIP=0 TOTAL=3
[2024-05-10T15:49:24.102+0000] {subprocess.py:97} INFO - Command exited with return code 0
[2024-05-10T15:49:24.103+0000] {taskinstance.py:441} INFO - ::group::Post task execution logs
[2024-05-10T15:49:24.119+0000] {taskinstance.py:1205} INFO - Marking task as SUCCESS. dag_id=1_init_once_seed_data, task_id=load_seed_data_once, execution_date=20240510T154910, start_date=20240510T154911, end_date=20240510T154924
[2024-05-10T15:49:24.157+0000] {local_task_job_runner.py:240} INFO - Task exited with return code 0
[2024-05-10T15:49:24.165+0000] {taskinstance.py:3482} INFO - 0 downstream tasks scheduled from follow-on schedule check
[2024-05-10T15:49:24.166+0000] {local_task_job_runner.py:222} INFO - ::endgroup::
