[2024-05-10T16:09:25.001+0000] {local_task_job_runner.py:120} INFO - ::group::Pre task execution logs
[2024-05-10T16:09:25.017+0000] {taskinstance.py:2073} INFO - Dependencies all met for dep_context=non-requeueable deps ti=<TaskInstance: 2_daily_transformation_analysis.daily_transform manual__2024-05-10T16:09:23.754718+00:00 [queued]>
[2024-05-10T16:09:25.026+0000] {taskinstance.py:2073} INFO - Dependencies all met for dep_context=requeueable deps ti=<TaskInstance: 2_daily_transformation_analysis.daily_transform manual__2024-05-10T16:09:23.754718+00:00 [queued]>
[2024-05-10T16:09:25.027+0000] {taskinstance.py:2303} INFO - Starting attempt 1 of 1
[2024-05-10T16:09:25.034+0000] {taskinstance.py:2327} INFO - Executing <Task(BashOperator): daily_transform> on 2024-05-10 16:09:23.754718+00:00
[2024-05-10T16:09:25.040+0000] {warnings.py:110} WARNING - /home/***/.local/lib/python3.12/site-packages/***/task/task_runner/standard_task_runner.py:61: DeprecationWarning: This process (pid=1050) is multi-threaded, use of fork() may lead to deadlocks in the child.
  pid = os.fork()

[2024-05-10T16:09:25.043+0000] {standard_task_runner.py:63} INFO - Started process 1052 to run task
[2024-05-10T16:09:25.042+0000] {standard_task_runner.py:90} INFO - Running: ['***', 'tasks', 'run', '2_daily_transformation_analysis', 'daily_transform', 'manual__2024-05-10T16:09:23.754718+00:00', '--job-id', '116', '--raw', '--subdir', 'DAGS_FOLDER/transform_and_analysis.py', '--cfg-path', '/tmp/tmp39heoabb']
[2024-05-10T16:09:25.044+0000] {standard_task_runner.py:91} INFO - Job 116: Subtask daily_transform
[2024-05-10T16:09:25.079+0000] {task_command.py:426} INFO - Running <TaskInstance: 2_daily_transformation_analysis.daily_transform manual__2024-05-10T16:09:23.754718+00:00 [running]> on host e4fe3fcdc4ab
[2024-05-10T16:09:25.171+0000] {taskinstance.py:2644} INFO - Exporting env vars: AIRFLOW_CTX_DAG_OWNER='***' AIRFLOW_CTX_DAG_ID='2_daily_transformation_analysis' AIRFLOW_CTX_TASK_ID='daily_transform' AIRFLOW_CTX_EXECUTION_DATE='2024-05-10T16:09:23.754718+00:00' AIRFLOW_CTX_TRY_NUMBER='1' AIRFLOW_CTX_DAG_RUN_ID='manual__2024-05-10T16:09:23.754718+00:00'
[2024-05-10T16:09:25.174+0000] {taskinstance.py:430} INFO - ::endgroup::
[2024-05-10T16:09:25.175+0000] {subprocess.py:63} INFO - Tmp dir root location: /tmp
[2024-05-10T16:09:25.176+0000] {subprocess.py:75} INFO - Running command: ['/usr/bin/bash', '-c', 'cd /dbt && dbt run --models transform --profiles-dir .']
[2024-05-10T16:09:25.182+0000] {subprocess.py:86} INFO - Output:
[2024-05-10T16:09:26.635+0000] {subprocess.py:93} INFO - [0m16:09:26  Running with dbt=1.7.14
[2024-05-10T16:09:27.310+0000] {subprocess.py:93} INFO - [0m16:09:27  Registered adapter: snowflake=1.7.3
[2024-05-10T16:09:27.361+0000] {subprocess.py:93} INFO - [0m16:09:27  [[33mWARNING[0m]: Configuration paths exist in your dbt_project.yml file which do not apply to any resources.
[2024-05-10T16:09:27.361+0000] {subprocess.py:93} INFO - There are 2 unused configuration paths:
[2024-05-10T16:09:27.362+0000] {subprocess.py:93} INFO - - models.my_new_project.analysis
[2024-05-10T16:09:27.362+0000] {subprocess.py:93} INFO - - models.my_new_project.transform
[2024-05-10T16:09:27.375+0000] {subprocess.py:93} INFO - [0m16:09:27  Found 5 models, 3 seeds, 0 sources, 0 exposures, 0 metrics, 546 macros, 0 groups, 0 semantic models
[2024-05-10T16:09:27.377+0000] {subprocess.py:93} INFO - [0m16:09:27
[2024-05-10T16:09:29.657+0000] {subprocess.py:93} INFO - [0m16:09:29  Concurrency: 200 threads (target='dev')
[2024-05-10T16:09:29.659+0000] {subprocess.py:93} INFO - [0m16:09:29
[2024-05-10T16:09:29.717+0000] {subprocess.py:93} INFO - [0m16:09:29  1 of 3 START sql view model AIRFLOW_DBT.combined_bookings ...................... [RUN]
[2024-05-10T16:09:29.723+0000] {subprocess.py:93} INFO - [0m16:09:29  2 of 3 START sql view model AIRFLOW_DBT.customer ............................... [RUN]
[2024-05-10T16:09:32.102+0000] {subprocess.py:93} INFO - [0m16:09:32  1 of 3 OK created sql view model AIRFLOW_DBT.combined_bookings ................. [[32mSUCCESS 1[0m in 2.37s]
[2024-05-10T16:09:32.155+0000] {subprocess.py:93} INFO - [0m16:09:32  2 of 3 OK created sql view model AIRFLOW_DBT.customer .......................... [[32mSUCCESS 1[0m in 2.42s]
[2024-05-10T16:09:32.165+0000] {subprocess.py:93} INFO - [0m16:09:32  3 of 3 START sql view model AIRFLOW_DBT.prepped_data ........................... [RUN]
[2024-05-10T16:09:34.499+0000] {subprocess.py:93} INFO - [0m16:09:34  3 of 3 OK created sql view model AIRFLOW_DBT.prepped_data ...................... [[32mSUCCESS 1[0m in 2.33s]
[2024-05-10T16:09:34.526+0000] {subprocess.py:93} INFO - [0m16:09:34
[2024-05-10T16:09:34.528+0000] {subprocess.py:93} INFO - [0m16:09:34  Finished running 3 view models in 0 hours 0 minutes and 7.15 seconds (7.15s).
[2024-05-10T16:09:34.544+0000] {subprocess.py:93} INFO - [0m16:09:34
[2024-05-10T16:09:34.545+0000] {subprocess.py:93} INFO - [0m16:09:34  [32mCompleted successfully[0m
[2024-05-10T16:09:34.545+0000] {subprocess.py:93} INFO - [0m16:09:34
[2024-05-10T16:09:34.546+0000] {subprocess.py:93} INFO - [0m16:09:34  Done. PASS=3 WARN=0 ERROR=0 SKIP=0 TOTAL=3
[2024-05-10T16:09:36.123+0000] {subprocess.py:97} INFO - Command exited with return code 0
[2024-05-10T16:09:36.123+0000] {taskinstance.py:441} INFO - ::group::Post task execution logs
[2024-05-10T16:09:36.135+0000] {taskinstance.py:1205} INFO - Marking task as SUCCESS. dag_id=2_daily_transformation_analysis, task_id=daily_transform, execution_date=20240510T160923, start_date=20240510T160925, end_date=20240510T160936
[2024-05-10T16:09:36.180+0000] {local_task_job_runner.py:240} INFO - Task exited with return code 0
[2024-05-10T16:09:36.190+0000] {taskinstance.py:3482} INFO - 1 downstream tasks scheduled from follow-on schedule check
[2024-05-10T16:09:36.191+0000] {local_task_job_runner.py:222} INFO - ::endgroup::
