[2024-05-10T10:49:21.146+0000] {processor.py:161} INFO - Started process (PID=143) to work on /opt/airflow/dags/init.py
[2024-05-10T10:49:21.148+0000] {processor.py:830} INFO - Processing file /opt/airflow/dags/init.py for tasks to queue
[2024-05-10T10:49:21.152+0000] {logging_mixin.py:188} INFO - [2024-05-10T10:49:21.152+0000] {dagbag.py:540} INFO - Filling up the DagBag from /opt/airflow/dags/init.py
[2024-05-10T10:49:21.167+0000] {processor.py:840} INFO - DAG(s) '1_init_once_seed_data' retrieved from /opt/airflow/dags/init.py
[2024-05-10T10:49:21.317+0000] {logging_mixin.py:188} INFO - [2024-05-10T10:49:21.316+0000] {override.py:1829} INFO - Created Permission View: can read on DAG:1_init_once_seed_data
[2024-05-10T10:49:21.326+0000] {logging_mixin.py:188} INFO - [2024-05-10T10:49:21.325+0000] {override.py:1829} INFO - Created Permission View: can delete on DAG:1_init_once_seed_data
[2024-05-10T10:49:21.335+0000] {logging_mixin.py:188} INFO - [2024-05-10T10:49:21.334+0000] {override.py:1829} INFO - Created Permission View: can edit on DAG:1_init_once_seed_data
[2024-05-10T10:49:21.337+0000] {logging_mixin.py:188} INFO - [2024-05-10T10:49:21.336+0000] {dag.py:3096} INFO - Sync 1 DAGs
[2024-05-10T10:49:21.349+0000] {logging_mixin.py:188} INFO - [2024-05-10T10:49:21.348+0000] {dag.py:3118} INFO - Creating ORM DAG for 1_init_once_seed_data
[2024-05-10T10:49:21.358+0000] {logging_mixin.py:188} INFO - [2024-05-10T10:49:21.358+0000] {dag.py:3954} INFO - Setting next_dagrun for 1_init_once_seed_data to 2020-08-01 00:00:00+00:00, run_after=2020-08-01 00:00:00+00:00
[2024-05-10T10:49:21.381+0000] {processor.py:183} INFO - Processing /opt/airflow/dags/init.py took 0.239 seconds
[2024-05-10T10:49:51.518+0000] {processor.py:161} INFO - Started process (PID=203) to work on /opt/airflow/dags/init.py
[2024-05-10T10:49:51.520+0000] {processor.py:830} INFO - Processing file /opt/airflow/dags/init.py for tasks to queue
[2024-05-10T10:49:51.522+0000] {logging_mixin.py:188} INFO - [2024-05-10T10:49:51.521+0000] {dagbag.py:540} INFO - Filling up the DagBag from /opt/airflow/dags/init.py
[2024-05-10T10:49:51.532+0000] {processor.py:840} INFO - DAG(s) '1_init_once_seed_data' retrieved from /opt/airflow/dags/init.py
[2024-05-10T10:49:51.551+0000] {logging_mixin.py:188} INFO - [2024-05-10T10:49:51.551+0000] {dag.py:3096} INFO - Sync 1 DAGs
[2024-05-10T10:49:51.566+0000] {logging_mixin.py:188} INFO - [2024-05-10T10:49:51.566+0000] {dag.py:3954} INFO - Setting next_dagrun for 1_init_once_seed_data to 2020-08-01 00:00:00+00:00, run_after=2020-08-01 00:00:00+00:00
[2024-05-10T10:49:51.575+0000] {processor.py:183} INFO - Processing /opt/airflow/dags/init.py took 0.065 seconds
[2024-05-10T10:50:22.127+0000] {processor.py:161} INFO - Started process (PID=263) to work on /opt/airflow/dags/init.py
[2024-05-10T10:50:22.128+0000] {processor.py:830} INFO - Processing file /opt/airflow/dags/init.py for tasks to queue
[2024-05-10T10:50:22.130+0000] {logging_mixin.py:188} INFO - [2024-05-10T10:50:22.130+0000] {dagbag.py:540} INFO - Filling up the DagBag from /opt/airflow/dags/init.py
[2024-05-10T10:50:22.139+0000] {processor.py:840} INFO - DAG(s) '1_init_once_seed_data' retrieved from /opt/airflow/dags/init.py
[2024-05-10T10:50:22.156+0000] {logging_mixin.py:188} INFO - [2024-05-10T10:50:22.156+0000] {dag.py:3096} INFO - Sync 1 DAGs
[2024-05-10T10:50:22.170+0000] {logging_mixin.py:188} INFO - [2024-05-10T10:50:22.170+0000] {dag.py:3954} INFO - Setting next_dagrun for 1_init_once_seed_data to 2020-08-01 00:00:00+00:00, run_after=2020-08-01 00:00:00+00:00
[2024-05-10T10:50:22.180+0000] {processor.py:183} INFO - Processing /opt/airflow/dags/init.py took 0.061 seconds
[2024-05-10T10:50:52.746+0000] {processor.py:161} INFO - Started process (PID=322) to work on /opt/airflow/dags/init.py
[2024-05-10T10:50:52.748+0000] {processor.py:830} INFO - Processing file /opt/airflow/dags/init.py for tasks to queue
[2024-05-10T10:50:52.750+0000] {logging_mixin.py:188} INFO - [2024-05-10T10:50:52.749+0000] {dagbag.py:540} INFO - Filling up the DagBag from /opt/airflow/dags/init.py
[2024-05-10T10:50:52.757+0000] {processor.py:840} INFO - DAG(s) '1_init_once_seed_data' retrieved from /opt/airflow/dags/init.py
[2024-05-10T10:50:52.773+0000] {logging_mixin.py:188} INFO - [2024-05-10T10:50:52.772+0000] {dag.py:3096} INFO - Sync 1 DAGs
[2024-05-10T10:50:52.786+0000] {logging_mixin.py:188} INFO - [2024-05-10T10:50:52.786+0000] {dag.py:3954} INFO - Setting next_dagrun for 1_init_once_seed_data to 2020-08-01 00:00:00+00:00, run_after=2020-08-01 00:00:00+00:00
[2024-05-10T10:50:52.796+0000] {processor.py:183} INFO - Processing /opt/airflow/dags/init.py took 0.057 seconds
[2024-05-10T10:51:23.335+0000] {processor.py:161} INFO - Started process (PID=382) to work on /opt/airflow/dags/init.py
[2024-05-10T10:51:23.336+0000] {processor.py:830} INFO - Processing file /opt/airflow/dags/init.py for tasks to queue
[2024-05-10T10:51:23.337+0000] {logging_mixin.py:188} INFO - [2024-05-10T10:51:23.337+0000] {dagbag.py:540} INFO - Filling up the DagBag from /opt/airflow/dags/init.py
[2024-05-10T10:51:23.343+0000] {processor.py:840} INFO - DAG(s) '1_init_once_seed_data' retrieved from /opt/airflow/dags/init.py
[2024-05-10T10:51:23.360+0000] {logging_mixin.py:188} INFO - [2024-05-10T10:51:23.360+0000] {dag.py:3096} INFO - Sync 1 DAGs
[2024-05-10T10:51:23.376+0000] {logging_mixin.py:188} INFO - [2024-05-10T10:51:23.376+0000] {dag.py:3954} INFO - Setting next_dagrun for 1_init_once_seed_data to 2020-08-01 00:00:00+00:00, run_after=2020-08-01 00:00:00+00:00
[2024-05-10T10:51:23.386+0000] {processor.py:183} INFO - Processing /opt/airflow/dags/init.py took 0.059 seconds
[2024-05-10T10:51:53.896+0000] {processor.py:161} INFO - Started process (PID=442) to work on /opt/airflow/dags/init.py
[2024-05-10T10:51:53.897+0000] {processor.py:830} INFO - Processing file /opt/airflow/dags/init.py for tasks to queue
[2024-05-10T10:51:53.899+0000] {logging_mixin.py:188} INFO - [2024-05-10T10:51:53.899+0000] {dagbag.py:540} INFO - Filling up the DagBag from /opt/airflow/dags/init.py
[2024-05-10T10:51:53.906+0000] {processor.py:840} INFO - DAG(s) '1_init_once_seed_data' retrieved from /opt/airflow/dags/init.py
[2024-05-10T10:51:53.920+0000] {logging_mixin.py:188} INFO - [2024-05-10T10:51:53.920+0000] {dag.py:3096} INFO - Sync 1 DAGs
[2024-05-10T10:51:53.933+0000] {logging_mixin.py:188} INFO - [2024-05-10T10:51:53.933+0000] {dag.py:3954} INFO - Setting next_dagrun for 1_init_once_seed_data to 2020-08-01 00:00:00+00:00, run_after=2020-08-01 00:00:00+00:00
[2024-05-10T10:51:53.943+0000] {processor.py:183} INFO - Processing /opt/airflow/dags/init.py took 0.054 seconds
[2024-05-10T10:52:24.495+0000] {processor.py:161} INFO - Started process (PID=502) to work on /opt/airflow/dags/init.py
[2024-05-10T10:52:24.497+0000] {processor.py:830} INFO - Processing file /opt/airflow/dags/init.py for tasks to queue
[2024-05-10T10:52:24.499+0000] {logging_mixin.py:188} INFO - [2024-05-10T10:52:24.498+0000] {dagbag.py:540} INFO - Filling up the DagBag from /opt/airflow/dags/init.py
[2024-05-10T10:52:24.505+0000] {processor.py:840} INFO - DAG(s) '1_init_once_seed_data' retrieved from /opt/airflow/dags/init.py
[2024-05-10T10:52:24.519+0000] {logging_mixin.py:188} INFO - [2024-05-10T10:52:24.519+0000] {dag.py:3096} INFO - Sync 1 DAGs
[2024-05-10T10:52:24.532+0000] {logging_mixin.py:188} INFO - [2024-05-10T10:52:24.532+0000] {dag.py:3954} INFO - Setting next_dagrun for 1_init_once_seed_data to 2020-08-01 00:00:00+00:00, run_after=2020-08-01 00:00:00+00:00
[2024-05-10T10:52:24.542+0000] {processor.py:183} INFO - Processing /opt/airflow/dags/init.py took 0.053 seconds
[2024-05-10T10:52:55.039+0000] {processor.py:161} INFO - Started process (PID=562) to work on /opt/airflow/dags/init.py
[2024-05-10T10:52:55.039+0000] {processor.py:830} INFO - Processing file /opt/airflow/dags/init.py for tasks to queue
[2024-05-10T10:52:55.041+0000] {logging_mixin.py:188} INFO - [2024-05-10T10:52:55.040+0000] {dagbag.py:540} INFO - Filling up the DagBag from /opt/airflow/dags/init.py
[2024-05-10T10:52:55.046+0000] {processor.py:840} INFO - DAG(s) '1_init_once_seed_data' retrieved from /opt/airflow/dags/init.py
[2024-05-10T10:52:55.057+0000] {logging_mixin.py:188} INFO - [2024-05-10T10:52:55.056+0000] {dag.py:3096} INFO - Sync 1 DAGs
[2024-05-10T10:52:55.068+0000] {logging_mixin.py:188} INFO - [2024-05-10T10:52:55.068+0000] {dag.py:3954} INFO - Setting next_dagrun for 1_init_once_seed_data to 2020-08-01 00:00:00+00:00, run_after=2020-08-01 00:00:00+00:00
[2024-05-10T10:52:55.076+0000] {processor.py:183} INFO - Processing /opt/airflow/dags/init.py took 0.042 seconds
[2024-05-10T10:53:25.598+0000] {processor.py:161} INFO - Started process (PID=621) to work on /opt/airflow/dags/init.py
[2024-05-10T10:53:25.599+0000] {processor.py:830} INFO - Processing file /opt/airflow/dags/init.py for tasks to queue
[2024-05-10T10:53:25.601+0000] {logging_mixin.py:188} INFO - [2024-05-10T10:53:25.601+0000] {dagbag.py:540} INFO - Filling up the DagBag from /opt/airflow/dags/init.py
[2024-05-10T10:53:25.608+0000] {processor.py:840} INFO - DAG(s) '1_init_once_seed_data' retrieved from /opt/airflow/dags/init.py
[2024-05-10T10:53:25.622+0000] {logging_mixin.py:188} INFO - [2024-05-10T10:53:25.622+0000] {dag.py:3096} INFO - Sync 1 DAGs
[2024-05-10T10:53:25.635+0000] {logging_mixin.py:188} INFO - [2024-05-10T10:53:25.635+0000] {dag.py:3954} INFO - Setting next_dagrun for 1_init_once_seed_data to 2020-08-01 00:00:00+00:00, run_after=2020-08-01 00:00:00+00:00
[2024-05-10T10:53:25.644+0000] {processor.py:183} INFO - Processing /opt/airflow/dags/init.py took 0.052 seconds
[2024-05-10T10:53:56.202+0000] {processor.py:161} INFO - Started process (PID=681) to work on /opt/airflow/dags/init.py
[2024-05-10T10:53:56.203+0000] {processor.py:830} INFO - Processing file /opt/airflow/dags/init.py for tasks to queue
[2024-05-10T10:53:56.204+0000] {logging_mixin.py:188} INFO - [2024-05-10T10:53:56.204+0000] {dagbag.py:540} INFO - Filling up the DagBag from /opt/airflow/dags/init.py
[2024-05-10T10:53:56.208+0000] {processor.py:840} INFO - DAG(s) '1_init_once_seed_data' retrieved from /opt/airflow/dags/init.py
[2024-05-10T10:53:56.218+0000] {logging_mixin.py:188} INFO - [2024-05-10T10:53:56.218+0000] {dag.py:3096} INFO - Sync 1 DAGs
[2024-05-10T10:53:56.229+0000] {logging_mixin.py:188} INFO - [2024-05-10T10:53:56.229+0000] {dag.py:3954} INFO - Setting next_dagrun for 1_init_once_seed_data to 2020-08-01 00:00:00+00:00, run_after=2020-08-01 00:00:00+00:00
[2024-05-10T10:53:56.237+0000] {processor.py:183} INFO - Processing /opt/airflow/dags/init.py took 0.039 seconds
[2024-05-10T10:54:26.765+0000] {processor.py:161} INFO - Started process (PID=741) to work on /opt/airflow/dags/init.py
[2024-05-10T10:54:26.766+0000] {processor.py:830} INFO - Processing file /opt/airflow/dags/init.py for tasks to queue
[2024-05-10T10:54:26.767+0000] {logging_mixin.py:188} INFO - [2024-05-10T10:54:26.767+0000] {dagbag.py:540} INFO - Filling up the DagBag from /opt/airflow/dags/init.py
[2024-05-10T10:54:26.772+0000] {processor.py:840} INFO - DAG(s) '1_init_once_seed_data' retrieved from /opt/airflow/dags/init.py
[2024-05-10T10:54:26.782+0000] {logging_mixin.py:188} INFO - [2024-05-10T10:54:26.782+0000] {dag.py:3096} INFO - Sync 1 DAGs
[2024-05-10T10:54:26.793+0000] {logging_mixin.py:188} INFO - [2024-05-10T10:54:26.793+0000] {dag.py:3954} INFO - Setting next_dagrun for 1_init_once_seed_data to 2020-08-01 00:00:00+00:00, run_after=2020-08-01 00:00:00+00:00
[2024-05-10T10:54:26.802+0000] {processor.py:183} INFO - Processing /opt/airflow/dags/init.py took 0.040 seconds
[2024-05-10T10:54:57.391+0000] {processor.py:161} INFO - Started process (PID=801) to work on /opt/airflow/dags/init.py
[2024-05-10T10:54:57.392+0000] {processor.py:830} INFO - Processing file /opt/airflow/dags/init.py for tasks to queue
[2024-05-10T10:54:57.394+0000] {logging_mixin.py:188} INFO - [2024-05-10T10:54:57.394+0000] {dagbag.py:540} INFO - Filling up the DagBag from /opt/airflow/dags/init.py
[2024-05-10T10:54:57.402+0000] {processor.py:840} INFO - DAG(s) '1_init_once_seed_data' retrieved from /opt/airflow/dags/init.py
[2024-05-10T10:54:57.419+0000] {logging_mixin.py:188} INFO - [2024-05-10T10:54:57.418+0000] {dag.py:3096} INFO - Sync 1 DAGs
[2024-05-10T10:54:57.432+0000] {logging_mixin.py:188} INFO - [2024-05-10T10:54:57.431+0000] {dag.py:3954} INFO - Setting next_dagrun for 1_init_once_seed_data to 2020-08-01 00:00:00+00:00, run_after=2020-08-01 00:00:00+00:00
[2024-05-10T10:54:57.442+0000] {processor.py:183} INFO - Processing /opt/airflow/dags/init.py took 0.059 seconds
[2024-05-10T10:55:28.040+0000] {processor.py:161} INFO - Started process (PID=861) to work on /opt/airflow/dags/init.py
[2024-05-10T10:55:28.042+0000] {processor.py:830} INFO - Processing file /opt/airflow/dags/init.py for tasks to queue
[2024-05-10T10:55:28.044+0000] {logging_mixin.py:188} INFO - [2024-05-10T10:55:28.043+0000] {dagbag.py:540} INFO - Filling up the DagBag from /opt/airflow/dags/init.py
[2024-05-10T10:55:28.050+0000] {processor.py:840} INFO - DAG(s) '1_init_once_seed_data' retrieved from /opt/airflow/dags/init.py
[2024-05-10T10:55:28.065+0000] {logging_mixin.py:188} INFO - [2024-05-10T10:55:28.065+0000] {dag.py:3096} INFO - Sync 1 DAGs
[2024-05-10T10:55:28.078+0000] {logging_mixin.py:188} INFO - [2024-05-10T10:55:28.078+0000] {dag.py:3954} INFO - Setting next_dagrun for 1_init_once_seed_data to 2020-08-01 00:00:00+00:00, run_after=2020-08-01 00:00:00+00:00
[2024-05-10T10:55:28.088+0000] {processor.py:183} INFO - Processing /opt/airflow/dags/init.py took 0.054 seconds
[2024-05-10T10:55:58.638+0000] {processor.py:161} INFO - Started process (PID=921) to work on /opt/airflow/dags/init.py
[2024-05-10T10:55:58.639+0000] {processor.py:830} INFO - Processing file /opt/airflow/dags/init.py for tasks to queue
[2024-05-10T10:55:58.640+0000] {logging_mixin.py:188} INFO - [2024-05-10T10:55:58.640+0000] {dagbag.py:540} INFO - Filling up the DagBag from /opt/airflow/dags/init.py
[2024-05-10T10:55:58.645+0000] {processor.py:840} INFO - DAG(s) '1_init_once_seed_data' retrieved from /opt/airflow/dags/init.py
[2024-05-10T10:55:58.656+0000] {logging_mixin.py:188} INFO - [2024-05-10T10:55:58.656+0000] {dag.py:3096} INFO - Sync 1 DAGs
[2024-05-10T10:55:58.668+0000] {logging_mixin.py:188} INFO - [2024-05-10T10:55:58.668+0000] {dag.py:3954} INFO - Setting next_dagrun for 1_init_once_seed_data to 2020-08-01 00:00:00+00:00, run_after=2020-08-01 00:00:00+00:00
[2024-05-10T10:55:58.678+0000] {processor.py:183} INFO - Processing /opt/airflow/dags/init.py took 0.043 seconds
[2024-05-10T10:56:29.267+0000] {processor.py:161} INFO - Started process (PID=981) to work on /opt/airflow/dags/init.py
[2024-05-10T10:56:29.268+0000] {processor.py:830} INFO - Processing file /opt/airflow/dags/init.py for tasks to queue
[2024-05-10T10:56:29.270+0000] {logging_mixin.py:188} INFO - [2024-05-10T10:56:29.269+0000] {dagbag.py:540} INFO - Filling up the DagBag from /opt/airflow/dags/init.py
[2024-05-10T10:56:29.274+0000] {processor.py:840} INFO - DAG(s) '1_init_once_seed_data' retrieved from /opt/airflow/dags/init.py
[2024-05-10T10:56:29.286+0000] {logging_mixin.py:188} INFO - [2024-05-10T10:56:29.286+0000] {dag.py:3096} INFO - Sync 1 DAGs
[2024-05-10T10:56:29.297+0000] {logging_mixin.py:188} INFO - [2024-05-10T10:56:29.297+0000] {dag.py:3954} INFO - Setting next_dagrun for 1_init_once_seed_data to 2020-08-01 00:00:00+00:00, run_after=2020-08-01 00:00:00+00:00
[2024-05-10T10:56:29.308+0000] {processor.py:183} INFO - Processing /opt/airflow/dags/init.py took 0.044 seconds
[2024-05-10T10:57:00.040+0000] {processor.py:161} INFO - Started process (PID=1041) to work on /opt/airflow/dags/init.py
[2024-05-10T10:57:00.041+0000] {processor.py:830} INFO - Processing file /opt/airflow/dags/init.py for tasks to queue
[2024-05-10T10:57:00.043+0000] {logging_mixin.py:188} INFO - [2024-05-10T10:57:00.043+0000] {dagbag.py:540} INFO - Filling up the DagBag from /opt/airflow/dags/init.py
[2024-05-10T10:57:00.051+0000] {processor.py:840} INFO - DAG(s) '1_init_once_seed_data' retrieved from /opt/airflow/dags/init.py
[2024-05-10T10:57:00.092+0000] {logging_mixin.py:188} INFO - [2024-05-10T10:57:00.092+0000] {dag.py:3096} INFO - Sync 1 DAGs
[2024-05-10T10:57:00.109+0000] {logging_mixin.py:188} INFO - [2024-05-10T10:57:00.109+0000] {dag.py:3954} INFO - Setting next_dagrun for 1_init_once_seed_data to 2020-08-01 00:00:00+00:00, run_after=2020-08-01 00:00:00+00:00
[2024-05-10T10:57:00.123+0000] {processor.py:183} INFO - Processing /opt/airflow/dags/init.py took 0.092 seconds
[2024-05-10T10:57:56.417+0000] {processor.py:161} INFO - Started process (PID=48) to work on /opt/airflow/dags/init.py
[2024-05-10T10:57:56.420+0000] {processor.py:830} INFO - Processing file /opt/airflow/dags/init.py for tasks to queue
[2024-05-10T10:57:56.423+0000] {logging_mixin.py:188} INFO - [2024-05-10T10:57:56.422+0000] {dagbag.py:540} INFO - Filling up the DagBag from /opt/airflow/dags/init.py
[2024-05-10T10:57:56.432+0000] {processor.py:840} INFO - DAG(s) '1_init_once_seed_data' retrieved from /opt/airflow/dags/init.py
[2024-05-10T10:57:56.505+0000] {logging_mixin.py:188} INFO - [2024-05-10T10:57:56.505+0000] {dag.py:3096} INFO - Sync 1 DAGs
[2024-05-10T10:57:56.518+0000] {logging_mixin.py:188} INFO - [2024-05-10T10:57:56.518+0000] {dag.py:3954} INFO - Setting next_dagrun for 1_init_once_seed_data to 2020-08-01 00:00:00+00:00, run_after=2020-08-01 00:00:00+00:00
[2024-05-10T10:57:56.536+0000] {processor.py:183} INFO - Processing /opt/airflow/dags/init.py took 0.123 seconds
[2024-05-10T10:58:26.700+0000] {processor.py:161} INFO - Started process (PID=108) to work on /opt/airflow/dags/init.py
[2024-05-10T10:58:26.701+0000] {processor.py:830} INFO - Processing file /opt/airflow/dags/init.py for tasks to queue
[2024-05-10T10:58:26.703+0000] {logging_mixin.py:188} INFO - [2024-05-10T10:58:26.702+0000] {dagbag.py:540} INFO - Filling up the DagBag from /opt/airflow/dags/init.py
[2024-05-10T10:58:26.710+0000] {processor.py:840} INFO - DAG(s) '1_init_once_seed_data' retrieved from /opt/airflow/dags/init.py
[2024-05-10T10:58:26.721+0000] {logging_mixin.py:188} INFO - [2024-05-10T10:58:26.721+0000] {dag.py:3096} INFO - Sync 1 DAGs
[2024-05-10T10:58:26.734+0000] {logging_mixin.py:188} INFO - [2024-05-10T10:58:26.733+0000] {dag.py:3954} INFO - Setting next_dagrun for 1_init_once_seed_data to 2020-08-01 00:00:00+00:00, run_after=2020-08-01 00:00:00+00:00
[2024-05-10T10:58:26.744+0000] {processor.py:183} INFO - Processing /opt/airflow/dags/init.py took 0.048 seconds
[2024-05-10T10:58:57.149+0000] {processor.py:161} INFO - Started process (PID=168) to work on /opt/airflow/dags/init.py
[2024-05-10T10:58:57.151+0000] {processor.py:830} INFO - Processing file /opt/airflow/dags/init.py for tasks to queue
[2024-05-10T10:58:57.152+0000] {logging_mixin.py:188} INFO - [2024-05-10T10:58:57.152+0000] {dagbag.py:540} INFO - Filling up the DagBag from /opt/airflow/dags/init.py
[2024-05-10T10:58:57.159+0000] {processor.py:840} INFO - DAG(s) '1_init_once_seed_data' retrieved from /opt/airflow/dags/init.py
[2024-05-10T10:58:57.174+0000] {logging_mixin.py:188} INFO - [2024-05-10T10:58:57.173+0000] {dag.py:3096} INFO - Sync 1 DAGs
[2024-05-10T10:58:57.187+0000] {logging_mixin.py:188} INFO - [2024-05-10T10:58:57.187+0000] {dag.py:3954} INFO - Setting next_dagrun for 1_init_once_seed_data to 2020-08-01 00:00:00+00:00, run_after=2020-08-01 00:00:00+00:00
[2024-05-10T10:58:57.196+0000] {processor.py:183} INFO - Processing /opt/airflow/dags/init.py took 0.052 seconds
[2024-05-10T10:59:27.705+0000] {processor.py:161} INFO - Started process (PID=227) to work on /opt/airflow/dags/init.py
[2024-05-10T10:59:27.706+0000] {processor.py:830} INFO - Processing file /opt/airflow/dags/init.py for tasks to queue
[2024-05-10T10:59:27.708+0000] {logging_mixin.py:188} INFO - [2024-05-10T10:59:27.708+0000] {dagbag.py:540} INFO - Filling up the DagBag from /opt/airflow/dags/init.py
[2024-05-10T10:59:27.716+0000] {processor.py:840} INFO - DAG(s) '1_init_once_seed_data' retrieved from /opt/airflow/dags/init.py
[2024-05-10T10:59:27.731+0000] {logging_mixin.py:188} INFO - [2024-05-10T10:59:27.730+0000] {dag.py:3096} INFO - Sync 1 DAGs
[2024-05-10T10:59:27.746+0000] {logging_mixin.py:188} INFO - [2024-05-10T10:59:27.746+0000] {dag.py:3954} INFO - Setting next_dagrun for 1_init_once_seed_data to 2020-08-01 00:00:00+00:00, run_after=2020-08-01 00:00:00+00:00
[2024-05-10T10:59:27.756+0000] {processor.py:183} INFO - Processing /opt/airflow/dags/init.py took 0.058 seconds
[2024-05-10T10:59:58.365+0000] {processor.py:161} INFO - Started process (PID=287) to work on /opt/airflow/dags/init.py
[2024-05-10T10:59:58.366+0000] {processor.py:830} INFO - Processing file /opt/airflow/dags/init.py for tasks to queue
[2024-05-10T10:59:58.369+0000] {logging_mixin.py:188} INFO - [2024-05-10T10:59:58.368+0000] {dagbag.py:540} INFO - Filling up the DagBag from /opt/airflow/dags/init.py
[2024-05-10T10:59:58.377+0000] {processor.py:840} INFO - DAG(s) '1_init_once_seed_data' retrieved from /opt/airflow/dags/init.py
[2024-05-10T10:59:58.395+0000] {logging_mixin.py:188} INFO - [2024-05-10T10:59:58.395+0000] {dag.py:3096} INFO - Sync 1 DAGs
[2024-05-10T10:59:58.410+0000] {logging_mixin.py:188} INFO - [2024-05-10T10:59:58.410+0000] {dag.py:3954} INFO - Setting next_dagrun for 1_init_once_seed_data to 2020-08-01 00:00:00+00:00, run_after=2020-08-01 00:00:00+00:00
[2024-05-10T10:59:58.420+0000] {processor.py:183} INFO - Processing /opt/airflow/dags/init.py took 0.061 seconds
[2024-05-10T11:00:29.171+0000] {processor.py:161} INFO - Started process (PID=347) to work on /opt/airflow/dags/init.py
[2024-05-10T11:00:29.173+0000] {processor.py:830} INFO - Processing file /opt/airflow/dags/init.py for tasks to queue
[2024-05-10T11:00:29.175+0000] {logging_mixin.py:188} INFO - [2024-05-10T11:00:29.175+0000] {dagbag.py:540} INFO - Filling up the DagBag from /opt/airflow/dags/init.py
[2024-05-10T11:00:29.184+0000] {processor.py:840} INFO - DAG(s) '1_init_once_seed_data' retrieved from /opt/airflow/dags/init.py
[2024-05-10T11:00:29.201+0000] {logging_mixin.py:188} INFO - [2024-05-10T11:00:29.201+0000] {dag.py:3096} INFO - Sync 1 DAGs
[2024-05-10T11:00:29.214+0000] {logging_mixin.py:188} INFO - [2024-05-10T11:00:29.214+0000] {dag.py:3954} INFO - Setting next_dagrun for 1_init_once_seed_data to 2020-08-01 00:00:00+00:00, run_after=2020-08-01 00:00:00+00:00
[2024-05-10T11:00:29.224+0000] {processor.py:183} INFO - Processing /opt/airflow/dags/init.py took 0.061 seconds
[2024-05-10T11:01:00.038+0000] {processor.py:161} INFO - Started process (PID=406) to work on /opt/airflow/dags/init.py
[2024-05-10T11:01:00.039+0000] {processor.py:830} INFO - Processing file /opt/airflow/dags/init.py for tasks to queue
[2024-05-10T11:01:00.041+0000] {logging_mixin.py:188} INFO - [2024-05-10T11:01:00.041+0000] {dagbag.py:540} INFO - Filling up the DagBag from /opt/airflow/dags/init.py
[2024-05-10T11:01:00.050+0000] {processor.py:840} INFO - DAG(s) '1_init_once_seed_data' retrieved from /opt/airflow/dags/init.py
[2024-05-10T11:01:00.067+0000] {logging_mixin.py:188} INFO - [2024-05-10T11:01:00.067+0000] {dag.py:3096} INFO - Sync 1 DAGs
[2024-05-10T11:01:00.080+0000] {logging_mixin.py:188} INFO - [2024-05-10T11:01:00.079+0000] {dag.py:3954} INFO - Setting next_dagrun for 1_init_once_seed_data to 2020-08-01 00:00:00+00:00, run_after=2020-08-01 00:00:00+00:00
[2024-05-10T11:01:00.089+0000] {processor.py:183} INFO - Processing /opt/airflow/dags/init.py took 0.059 seconds
[2024-05-10T11:01:30.732+0000] {processor.py:161} INFO - Started process (PID=466) to work on /opt/airflow/dags/init.py
[2024-05-10T11:01:30.733+0000] {processor.py:830} INFO - Processing file /opt/airflow/dags/init.py for tasks to queue
[2024-05-10T11:01:30.735+0000] {logging_mixin.py:188} INFO - [2024-05-10T11:01:30.734+0000] {dagbag.py:540} INFO - Filling up the DagBag from /opt/airflow/dags/init.py
[2024-05-10T11:01:30.741+0000] {processor.py:840} INFO - DAG(s) '1_init_once_seed_data' retrieved from /opt/airflow/dags/init.py
[2024-05-10T11:01:30.754+0000] {logging_mixin.py:188} INFO - [2024-05-10T11:01:30.754+0000] {dag.py:3096} INFO - Sync 1 DAGs
[2024-05-10T11:01:30.767+0000] {logging_mixin.py:188} INFO - [2024-05-10T11:01:30.767+0000] {dag.py:3954} INFO - Setting next_dagrun for 1_init_once_seed_data to 2020-08-01 00:00:00+00:00, run_after=2020-08-01 00:00:00+00:00
[2024-05-10T11:01:30.778+0000] {processor.py:183} INFO - Processing /opt/airflow/dags/init.py took 0.053 seconds
[2024-05-10T11:02:01.508+0000] {processor.py:161} INFO - Started process (PID=526) to work on /opt/airflow/dags/init.py
[2024-05-10T11:02:01.509+0000] {processor.py:830} INFO - Processing file /opt/airflow/dags/init.py for tasks to queue
[2024-05-10T11:02:01.509+0000] {logging_mixin.py:188} INFO - [2024-05-10T11:02:01.509+0000] {dagbag.py:540} INFO - Filling up the DagBag from /opt/airflow/dags/init.py
[2024-05-10T11:02:01.516+0000] {processor.py:840} INFO - DAG(s) '1_init_once_seed_data' retrieved from /opt/airflow/dags/init.py
[2024-05-10T11:02:01.525+0000] {logging_mixin.py:188} INFO - [2024-05-10T11:02:01.525+0000] {dag.py:3096} INFO - Sync 1 DAGs
[2024-05-10T11:02:01.535+0000] {logging_mixin.py:188} INFO - [2024-05-10T11:02:01.535+0000] {dag.py:3954} INFO - Setting next_dagrun for 1_init_once_seed_data to 2020-08-01 00:00:00+00:00, run_after=2020-08-01 00:00:00+00:00
[2024-05-10T11:02:01.545+0000] {processor.py:183} INFO - Processing /opt/airflow/dags/init.py took 0.040 seconds
[2024-05-10T11:02:32.338+0000] {processor.py:161} INFO - Started process (PID=586) to work on /opt/airflow/dags/init.py
[2024-05-10T11:02:32.339+0000] {processor.py:830} INFO - Processing file /opt/airflow/dags/init.py for tasks to queue
[2024-05-10T11:02:32.341+0000] {logging_mixin.py:188} INFO - [2024-05-10T11:02:32.340+0000] {dagbag.py:540} INFO - Filling up the DagBag from /opt/airflow/dags/init.py
[2024-05-10T11:02:32.354+0000] {processor.py:840} INFO - DAG(s) '1_init_once_seed_data' retrieved from /opt/airflow/dags/init.py
[2024-05-10T11:02:32.373+0000] {logging_mixin.py:188} INFO - [2024-05-10T11:02:32.373+0000] {dag.py:3096} INFO - Sync 1 DAGs
[2024-05-10T11:02:32.389+0000] {logging_mixin.py:188} INFO - [2024-05-10T11:02:32.388+0000] {dag.py:3954} INFO - Setting next_dagrun for 1_init_once_seed_data to 2020-08-01 00:00:00+00:00, run_after=2020-08-01 00:00:00+00:00
[2024-05-10T11:02:32.399+0000] {processor.py:183} INFO - Processing /opt/airflow/dags/init.py took 0.072 seconds
[2024-05-10T11:03:03.145+0000] {processor.py:161} INFO - Started process (PID=646) to work on /opt/airflow/dags/init.py
[2024-05-10T11:03:03.146+0000] {processor.py:830} INFO - Processing file /opt/airflow/dags/init.py for tasks to queue
[2024-05-10T11:03:03.147+0000] {logging_mixin.py:188} INFO - [2024-05-10T11:03:03.147+0000] {dagbag.py:540} INFO - Filling up the DagBag from /opt/airflow/dags/init.py
[2024-05-10T11:03:03.158+0000] {processor.py:840} INFO - DAG(s) '1_init_once_seed_data' retrieved from /opt/airflow/dags/init.py
[2024-05-10T11:03:03.178+0000] {logging_mixin.py:188} INFO - [2024-05-10T11:03:03.177+0000] {dag.py:3096} INFO - Sync 1 DAGs
[2024-05-10T11:03:03.193+0000] {logging_mixin.py:188} INFO - [2024-05-10T11:03:03.193+0000] {dag.py:3954} INFO - Setting next_dagrun for 1_init_once_seed_data to 2020-08-01 00:00:00+00:00, run_after=2020-08-01 00:00:00+00:00
[2024-05-10T11:03:03.203+0000] {processor.py:183} INFO - Processing /opt/airflow/dags/init.py took 0.067 seconds
[2024-05-10T11:03:33.888+0000] {processor.py:161} INFO - Started process (PID=706) to work on /opt/airflow/dags/init.py
[2024-05-10T11:03:33.889+0000] {processor.py:830} INFO - Processing file /opt/airflow/dags/init.py for tasks to queue
[2024-05-10T11:03:33.891+0000] {logging_mixin.py:188} INFO - [2024-05-10T11:03:33.890+0000] {dagbag.py:540} INFO - Filling up the DagBag from /opt/airflow/dags/init.py
[2024-05-10T11:03:33.896+0000] {processor.py:840} INFO - DAG(s) '1_init_once_seed_data' retrieved from /opt/airflow/dags/init.py
[2024-05-10T11:03:33.906+0000] {logging_mixin.py:188} INFO - [2024-05-10T11:03:33.906+0000] {dag.py:3096} INFO - Sync 1 DAGs
[2024-05-10T11:03:33.916+0000] {logging_mixin.py:188} INFO - [2024-05-10T11:03:33.916+0000] {dag.py:3954} INFO - Setting next_dagrun for 1_init_once_seed_data to 2020-08-01 00:00:00+00:00, run_after=2020-08-01 00:00:00+00:00
[2024-05-10T11:03:33.924+0000] {processor.py:183} INFO - Processing /opt/airflow/dags/init.py took 0.043 seconds
[2024-05-10T11:04:04.630+0000] {processor.py:161} INFO - Started process (PID=765) to work on /opt/airflow/dags/init.py
[2024-05-10T11:04:04.630+0000] {processor.py:830} INFO - Processing file /opt/airflow/dags/init.py for tasks to queue
[2024-05-10T11:04:04.631+0000] {logging_mixin.py:188} INFO - [2024-05-10T11:04:04.631+0000] {dagbag.py:540} INFO - Filling up the DagBag from /opt/airflow/dags/init.py
[2024-05-10T11:04:04.635+0000] {processor.py:840} INFO - DAG(s) '1_init_once_seed_data' retrieved from /opt/airflow/dags/init.py
[2024-05-10T11:04:04.644+0000] {logging_mixin.py:188} INFO - [2024-05-10T11:04:04.644+0000] {dag.py:3096} INFO - Sync 1 DAGs
[2024-05-10T11:04:04.653+0000] {logging_mixin.py:188} INFO - [2024-05-10T11:04:04.653+0000] {dag.py:3954} INFO - Setting next_dagrun for 1_init_once_seed_data to 2020-08-01 00:00:00+00:00, run_after=2020-08-01 00:00:00+00:00
[2024-05-10T11:04:04.661+0000] {processor.py:183} INFO - Processing /opt/airflow/dags/init.py took 0.034 seconds
[2024-05-10T11:04:34.780+0000] {processor.py:161} INFO - Started process (PID=824) to work on /opt/airflow/dags/init.py
[2024-05-10T11:04:34.781+0000] {processor.py:830} INFO - Processing file /opt/airflow/dags/init.py for tasks to queue
[2024-05-10T11:04:34.782+0000] {logging_mixin.py:188} INFO - [2024-05-10T11:04:34.782+0000] {dagbag.py:540} INFO - Filling up the DagBag from /opt/airflow/dags/init.py
[2024-05-10T11:04:34.787+0000] {processor.py:840} INFO - DAG(s) '1_init_once_seed_data' retrieved from /opt/airflow/dags/init.py
[2024-05-10T11:04:34.798+0000] {logging_mixin.py:188} INFO - [2024-05-10T11:04:34.798+0000] {dag.py:3096} INFO - Sync 1 DAGs
[2024-05-10T11:04:34.809+0000] {logging_mixin.py:188} INFO - [2024-05-10T11:04:34.809+0000] {dag.py:3954} INFO - Setting next_dagrun for 1_init_once_seed_data to 2020-08-01 00:00:00+00:00, run_after=2020-08-01 00:00:00+00:00
[2024-05-10T11:04:34.821+0000] {processor.py:183} INFO - Processing /opt/airflow/dags/init.py took 0.044 seconds
[2024-05-10T11:05:04.974+0000] {processor.py:161} INFO - Started process (PID=884) to work on /opt/airflow/dags/init.py
[2024-05-10T11:05:04.976+0000] {processor.py:830} INFO - Processing file /opt/airflow/dags/init.py for tasks to queue
[2024-05-10T11:05:04.977+0000] {logging_mixin.py:188} INFO - [2024-05-10T11:05:04.977+0000] {dagbag.py:540} INFO - Filling up the DagBag from /opt/airflow/dags/init.py
[2024-05-10T11:05:04.986+0000] {processor.py:840} INFO - DAG(s) '1_init_once_seed_data' retrieved from /opt/airflow/dags/init.py
[2024-05-10T11:05:05.004+0000] {logging_mixin.py:188} INFO - [2024-05-10T11:05:05.004+0000] {dag.py:3096} INFO - Sync 1 DAGs
[2024-05-10T11:05:05.017+0000] {logging_mixin.py:188} INFO - [2024-05-10T11:05:05.016+0000] {dag.py:3954} INFO - Setting next_dagrun for 1_init_once_seed_data to 2020-08-01 00:00:00+00:00, run_after=2020-08-01 00:00:00+00:00
[2024-05-10T11:05:05.026+0000] {processor.py:183} INFO - Processing /opt/airflow/dags/init.py took 0.066 seconds
[2024-05-10T11:05:35.968+0000] {processor.py:161} INFO - Started process (PID=943) to work on /opt/airflow/dags/init.py
[2024-05-10T11:05:35.970+0000] {processor.py:830} INFO - Processing file /opt/airflow/dags/init.py for tasks to queue
[2024-05-10T11:05:35.971+0000] {logging_mixin.py:188} INFO - [2024-05-10T11:05:35.970+0000] {dagbag.py:540} INFO - Filling up the DagBag from /opt/airflow/dags/init.py
[2024-05-10T11:05:35.980+0000] {processor.py:840} INFO - DAG(s) '1_init_once_seed_data' retrieved from /opt/airflow/dags/init.py
[2024-05-10T11:05:35.996+0000] {logging_mixin.py:188} INFO - [2024-05-10T11:05:35.996+0000] {dag.py:3096} INFO - Sync 1 DAGs
[2024-05-10T11:05:36.009+0000] {logging_mixin.py:188} INFO - [2024-05-10T11:05:36.009+0000] {dag.py:3954} INFO - Setting next_dagrun for 1_init_once_seed_data to 2020-08-01 00:00:00+00:00, run_after=2020-08-01 00:00:00+00:00
[2024-05-10T11:05:36.018+0000] {processor.py:183} INFO - Processing /opt/airflow/dags/init.py took 0.058 seconds
[2024-05-10T11:06:06.048+0000] {processor.py:161} INFO - Started process (PID=1003) to work on /opt/airflow/dags/init.py
[2024-05-10T11:06:06.049+0000] {processor.py:830} INFO - Processing file /opt/airflow/dags/init.py for tasks to queue
[2024-05-10T11:06:06.051+0000] {logging_mixin.py:188} INFO - [2024-05-10T11:06:06.050+0000] {dagbag.py:540} INFO - Filling up the DagBag from /opt/airflow/dags/init.py
[2024-05-10T11:06:06.060+0000] {processor.py:840} INFO - DAG(s) '1_init_once_seed_data' retrieved from /opt/airflow/dags/init.py
[2024-05-10T11:06:06.076+0000] {logging_mixin.py:188} INFO - [2024-05-10T11:06:06.076+0000] {dag.py:3096} INFO - Sync 1 DAGs
[2024-05-10T11:06:06.089+0000] {logging_mixin.py:188} INFO - [2024-05-10T11:06:06.089+0000] {dag.py:3954} INFO - Setting next_dagrun for 1_init_once_seed_data to 2020-08-01 00:00:00+00:00, run_after=2020-08-01 00:00:00+00:00
[2024-05-10T11:06:06.098+0000] {processor.py:183} INFO - Processing /opt/airflow/dags/init.py took 0.058 seconds
[2024-05-10T11:06:36.941+0000] {processor.py:161} INFO - Started process (PID=1063) to work on /opt/airflow/dags/init.py
[2024-05-10T11:06:36.942+0000] {processor.py:830} INFO - Processing file /opt/airflow/dags/init.py for tasks to queue
[2024-05-10T11:06:36.944+0000] {logging_mixin.py:188} INFO - [2024-05-10T11:06:36.943+0000] {dagbag.py:540} INFO - Filling up the DagBag from /opt/airflow/dags/init.py
[2024-05-10T11:06:36.954+0000] {processor.py:840} INFO - DAG(s) '1_init_once_seed_data' retrieved from /opt/airflow/dags/init.py
[2024-05-10T11:06:36.976+0000] {logging_mixin.py:188} INFO - [2024-05-10T11:06:36.976+0000] {dag.py:3096} INFO - Sync 1 DAGs
[2024-05-10T11:06:36.995+0000] {logging_mixin.py:188} INFO - [2024-05-10T11:06:36.995+0000] {dag.py:3954} INFO - Setting next_dagrun for 1_init_once_seed_data to 2020-08-01 00:00:00+00:00, run_after=2020-08-01 00:00:00+00:00
[2024-05-10T11:06:37.108+0000] {processor.py:183} INFO - Processing /opt/airflow/dags/init.py took 0.176 seconds
[2024-05-10T11:07:07.677+0000] {processor.py:161} INFO - Started process (PID=1123) to work on /opt/airflow/dags/init.py
[2024-05-10T11:07:07.679+0000] {processor.py:830} INFO - Processing file /opt/airflow/dags/init.py for tasks to queue
[2024-05-10T11:07:07.680+0000] {logging_mixin.py:188} INFO - [2024-05-10T11:07:07.680+0000] {dagbag.py:540} INFO - Filling up the DagBag from /opt/airflow/dags/init.py
[2024-05-10T11:07:07.692+0000] {processor.py:840} INFO - DAG(s) '1_init_once_seed_data' retrieved from /opt/airflow/dags/init.py
[2024-05-10T11:07:07.708+0000] {logging_mixin.py:188} INFO - [2024-05-10T11:07:07.708+0000] {dag.py:3096} INFO - Sync 1 DAGs
[2024-05-10T11:07:07.724+0000] {logging_mixin.py:188} INFO - [2024-05-10T11:07:07.724+0000] {dag.py:3954} INFO - Setting next_dagrun for 1_init_once_seed_data to 2020-08-01 00:00:00+00:00, run_after=2020-08-01 00:00:00+00:00
[2024-05-10T11:07:07.736+0000] {processor.py:183} INFO - Processing /opt/airflow/dags/init.py took 0.066 seconds
[2024-05-10T11:07:38.012+0000] {processor.py:161} INFO - Started process (PID=1183) to work on /opt/airflow/dags/init.py
[2024-05-10T11:07:38.014+0000] {processor.py:830} INFO - Processing file /opt/airflow/dags/init.py for tasks to queue
[2024-05-10T11:07:38.015+0000] {logging_mixin.py:188} INFO - [2024-05-10T11:07:38.015+0000] {dagbag.py:540} INFO - Filling up the DagBag from /opt/airflow/dags/init.py
[2024-05-10T11:07:38.024+0000] {processor.py:840} INFO - DAG(s) '1_init_once_seed_data' retrieved from /opt/airflow/dags/init.py
[2024-05-10T11:07:38.040+0000] {logging_mixin.py:188} INFO - [2024-05-10T11:07:38.040+0000] {dag.py:3096} INFO - Sync 1 DAGs
[2024-05-10T11:07:38.053+0000] {logging_mixin.py:188} INFO - [2024-05-10T11:07:38.053+0000] {dag.py:3954} INFO - Setting next_dagrun for 1_init_once_seed_data to 2020-08-01 00:00:00+00:00, run_after=2020-08-01 00:00:00+00:00
[2024-05-10T11:07:38.064+0000] {processor.py:183} INFO - Processing /opt/airflow/dags/init.py took 0.061 seconds
[2024-05-10T11:08:08.772+0000] {processor.py:161} INFO - Started process (PID=1243) to work on /opt/airflow/dags/init.py
[2024-05-10T11:08:08.774+0000] {processor.py:830} INFO - Processing file /opt/airflow/dags/init.py for tasks to queue
[2024-05-10T11:08:08.775+0000] {logging_mixin.py:188} INFO - [2024-05-10T11:08:08.775+0000] {dagbag.py:540} INFO - Filling up the DagBag from /opt/airflow/dags/init.py
[2024-05-10T11:08:08.787+0000] {processor.py:840} INFO - DAG(s) '1_init_once_seed_data' retrieved from /opt/airflow/dags/init.py
[2024-05-10T11:08:08.807+0000] {logging_mixin.py:188} INFO - [2024-05-10T11:08:08.807+0000] {dag.py:3096} INFO - Sync 1 DAGs
[2024-05-10T11:08:08.823+0000] {logging_mixin.py:188} INFO - [2024-05-10T11:08:08.823+0000] {dag.py:3954} INFO - Setting next_dagrun for 1_init_once_seed_data to 2020-08-01 00:00:00+00:00, run_after=2020-08-01 00:00:00+00:00
[2024-05-10T11:08:08.834+0000] {processor.py:183} INFO - Processing /opt/airflow/dags/init.py took 0.072 seconds
[2024-05-10T11:08:39.458+0000] {processor.py:161} INFO - Started process (PID=1303) to work on /opt/airflow/dags/init.py
[2024-05-10T11:08:39.459+0000] {processor.py:830} INFO - Processing file /opt/airflow/dags/init.py for tasks to queue
[2024-05-10T11:08:39.461+0000] {logging_mixin.py:188} INFO - [2024-05-10T11:08:39.460+0000] {dagbag.py:540} INFO - Filling up the DagBag from /opt/airflow/dags/init.py
[2024-05-10T11:08:39.471+0000] {processor.py:840} INFO - DAG(s) '1_init_once_seed_data' retrieved from /opt/airflow/dags/init.py
[2024-05-10T11:08:39.490+0000] {logging_mixin.py:188} INFO - [2024-05-10T11:08:39.490+0000] {dag.py:3096} INFO - Sync 1 DAGs
[2024-05-10T11:08:39.506+0000] {logging_mixin.py:188} INFO - [2024-05-10T11:08:39.506+0000] {dag.py:3954} INFO - Setting next_dagrun for 1_init_once_seed_data to 2020-08-01 00:00:00+00:00, run_after=2020-08-01 00:00:00+00:00
[2024-05-10T11:08:39.518+0000] {processor.py:183} INFO - Processing /opt/airflow/dags/init.py took 0.066 seconds
[2024-05-10T11:09:10.132+0000] {processor.py:161} INFO - Started process (PID=1363) to work on /opt/airflow/dags/init.py
[2024-05-10T11:09:10.133+0000] {processor.py:830} INFO - Processing file /opt/airflow/dags/init.py for tasks to queue
[2024-05-10T11:09:10.134+0000] {logging_mixin.py:188} INFO - [2024-05-10T11:09:10.133+0000] {dagbag.py:540} INFO - Filling up the DagBag from /opt/airflow/dags/init.py
[2024-05-10T11:09:10.139+0000] {processor.py:840} INFO - DAG(s) '1_init_once_seed_data' retrieved from /opt/airflow/dags/init.py
[2024-05-10T11:09:10.151+0000] {logging_mixin.py:188} INFO - [2024-05-10T11:09:10.151+0000] {dag.py:3096} INFO - Sync 1 DAGs
[2024-05-10T11:09:10.169+0000] {logging_mixin.py:188} INFO - [2024-05-10T11:09:10.168+0000] {dag.py:3954} INFO - Setting next_dagrun for 1_init_once_seed_data to 2020-08-01 00:00:00+00:00, run_after=2020-08-01 00:00:00+00:00
[2024-05-10T11:09:10.180+0000] {processor.py:183} INFO - Processing /opt/airflow/dags/init.py took 0.055 seconds
[2024-05-10T11:09:40.865+0000] {processor.py:161} INFO - Started process (PID=1423) to work on /opt/airflow/dags/init.py
[2024-05-10T11:09:40.866+0000] {processor.py:830} INFO - Processing file /opt/airflow/dags/init.py for tasks to queue
[2024-05-10T11:09:40.867+0000] {logging_mixin.py:188} INFO - [2024-05-10T11:09:40.867+0000] {dagbag.py:540} INFO - Filling up the DagBag from /opt/airflow/dags/init.py
[2024-05-10T11:09:40.876+0000] {processor.py:840} INFO - DAG(s) '1_init_once_seed_data' retrieved from /opt/airflow/dags/init.py
[2024-05-10T11:09:40.896+0000] {logging_mixin.py:188} INFO - [2024-05-10T11:09:40.895+0000] {dag.py:3096} INFO - Sync 1 DAGs
[2024-05-10T11:09:40.912+0000] {logging_mixin.py:188} INFO - [2024-05-10T11:09:40.911+0000] {dag.py:3954} INFO - Setting next_dagrun for 1_init_once_seed_data to 2020-08-01 00:00:00+00:00, run_after=2020-08-01 00:00:00+00:00
[2024-05-10T11:09:40.922+0000] {processor.py:183} INFO - Processing /opt/airflow/dags/init.py took 0.066 seconds
[2024-05-10T11:10:11.669+0000] {processor.py:161} INFO - Started process (PID=1483) to work on /opt/airflow/dags/init.py
[2024-05-10T11:10:11.670+0000] {processor.py:830} INFO - Processing file /opt/airflow/dags/init.py for tasks to queue
[2024-05-10T11:10:11.671+0000] {logging_mixin.py:188} INFO - [2024-05-10T11:10:11.671+0000] {dagbag.py:540} INFO - Filling up the DagBag from /opt/airflow/dags/init.py
[2024-05-10T11:10:11.678+0000] {processor.py:840} INFO - DAG(s) '1_init_once_seed_data' retrieved from /opt/airflow/dags/init.py
[2024-05-10T11:10:11.693+0000] {logging_mixin.py:188} INFO - [2024-05-10T11:10:11.693+0000] {dag.py:3096} INFO - Sync 1 DAGs
[2024-05-10T11:10:11.706+0000] {logging_mixin.py:188} INFO - [2024-05-10T11:10:11.706+0000] {dag.py:3954} INFO - Setting next_dagrun for 1_init_once_seed_data to 2020-08-01 00:00:00+00:00, run_after=2020-08-01 00:00:00+00:00
[2024-05-10T11:10:11.717+0000] {processor.py:183} INFO - Processing /opt/airflow/dags/init.py took 0.054 seconds
