[0m08:57:11.393619 [debug] [MainThread]: Sending event: {'category': 'dbt', 'action': 'invocation', 'label': 'start', 'context': [<snowplow_tracker.self_describing_json.SelfDescribingJson object at 0x106f3e550>, <snowplow_tracker.self_describing_json.SelfDescribingJson object at 0x106ab8250>, <snowplow_tracker.self_describing_json.SelfDescribingJson object at 0x106f8ed90>]}


============================== 08:57:11.396103 | f0aa1f31-7e8e-4b32-94c6-4f11bbf52947 ==============================
[0m08:57:11.396103 [info ] [MainThread]: Running with dbt=1.7.14
[0m08:57:11.396425 [debug] [MainThread]: running dbt with arguments {'printer_width': '80', 'indirect_selection': 'eager', 'log_cache_events': 'False', 'write_json': 'True', 'partial_parse': 'True', 'cache_selected_only': 'False', 'warn_error': 'None', 'debug': 'False', 'version_check': 'True', 'log_path': 'logs', 'profiles_dir': '/Users/k-nakata/.dbt', 'fail_fast': 'False', 'use_colors': 'True', 'use_experimental_parser': 'False', 'no_print': 'None', 'quiet': 'False', 'log_format': 'default', 'introspect': 'True', 'static_parser': 'True', 'invocation_command': 'dbt init dbt_sf', 'target_path': 'None', 'warn_error_options': 'WarnErrorOptions(include=[], exclude=[])', 'send_anonymous_usage_stats': 'True'}
[0m08:57:11.396951 [debug] [MainThread]: Starter project path: /Library/Frameworks/Python.framework/Versions/3.11/lib/python3.11/site-packages/dbt/include/starter_project
[0m08:57:11.400188 [info ] [MainThread]: 
Your new dbt project "dbt_sf" was created!

For more information on how to configure the profiles.yml file,
please consult the dbt documentation here:

  https://docs.getdbt.com/docs/configure-your-profile

One more thing:

Need help? Don't hesitate to reach out to us via GitHub issues or on Slack:

  https://community.getdbt.com/

Happy modeling!

[0m08:57:11.400430 [info ] [MainThread]: Setting up your profile.
[0m08:59:58.357630 [info ] [MainThread]: Profile dbt_sf written to /Users/k-nakata/.dbt/profiles.yml using target's profile_template.yml and your supplied values. Run 'dbt debug' to validate the connection.
[0m08:59:58.361925 [debug] [MainThread]: Resource report: {"command_name": "init", "command_success": true, "command_wall_clock_time": 167.00052, "process_user_time": 0.902676, "process_kernel_time": 0.118692, "process_mem_max_rss": "116932608", "process_in_blocks": "0", "process_out_blocks": "0"}
[0m08:59:58.362949 [debug] [MainThread]: Command `dbt init` succeeded at 08:59:58.362731 after 167.00 seconds
[0m08:59:58.363539 [debug] [MainThread]: Sending event: {'category': 'dbt', 'action': 'invocation', 'label': 'end', 'context': [<snowplow_tracker.self_describing_json.SelfDescribingJson object at 0x106f1c850>, <snowplow_tracker.self_describing_json.SelfDescribingJson object at 0x106f8e950>, <snowplow_tracker.self_describing_json.SelfDescribingJson object at 0x102955c10>]}
[0m08:59:58.364132 [debug] [MainThread]: Flushing usage events
