[2024-05-10T10:49:22.151+0000] {processor.py:161} INFO - Started process (PID=154) to work on /home/airflow/.local/lib/python3.12/site-packages/airflow/example_dags/example_latest_only.py
[2024-05-10T10:49:22.153+0000] {processor.py:830} INFO - Processing file /home/airflow/.local/lib/python3.12/site-packages/airflow/example_dags/example_latest_only.py for tasks to queue
[2024-05-10T10:49:22.155+0000] {logging_mixin.py:188} INFO - [2024-05-10T10:49:22.155+0000] {dagbag.py:540} INFO - Filling up the DagBag from /home/airflow/.local/lib/python3.12/site-packages/airflow/example_dags/example_latest_only.py
[2024-05-10T10:49:22.162+0000] {processor.py:840} INFO - DAG(s) 'latest_only' retrieved from /home/airflow/.local/lib/python3.12/site-packages/airflow/example_dags/example_latest_only.py
[2024-05-10T10:49:22.242+0000] {logging_mixin.py:188} INFO - [2024-05-10T10:49:22.242+0000] {dag.py:3096} INFO - Sync 1 DAGs
[2024-05-10T10:49:22.257+0000] {logging_mixin.py:188} INFO - [2024-05-10T10:49:22.257+0000] {dag.py:3954} INFO - Setting next_dagrun for latest_only to 2024-05-10 04:00:00+00:00, run_after=2024-05-10 08:00:00+00:00
[2024-05-10T10:49:22.270+0000] {processor.py:183} INFO - Processing /home/airflow/.local/lib/python3.12/site-packages/airflow/example_dags/example_latest_only.py took 0.123 seconds
[2024-05-10T10:49:52.860+0000] {processor.py:161} INFO - Started process (PID=214) to work on /home/airflow/.local/lib/python3.12/site-packages/airflow/example_dags/example_latest_only.py
[2024-05-10T10:49:52.860+0000] {processor.py:830} INFO - Processing file /home/airflow/.local/lib/python3.12/site-packages/airflow/example_dags/example_latest_only.py for tasks to queue
[2024-05-10T10:49:52.861+0000] {logging_mixin.py:188} INFO - [2024-05-10T10:49:52.861+0000] {dagbag.py:540} INFO - Filling up the DagBag from /home/airflow/.local/lib/python3.12/site-packages/airflow/example_dags/example_latest_only.py
[2024-05-10T10:49:52.864+0000] {processor.py:840} INFO - DAG(s) 'latest_only' retrieved from /home/airflow/.local/lib/python3.12/site-packages/airflow/example_dags/example_latest_only.py
[2024-05-10T10:49:52.874+0000] {logging_mixin.py:188} INFO - [2024-05-10T10:49:52.874+0000] {dag.py:3096} INFO - Sync 1 DAGs
[2024-05-10T10:49:52.885+0000] {logging_mixin.py:188} INFO - [2024-05-10T10:49:52.885+0000] {dag.py:3954} INFO - Setting next_dagrun for latest_only to 2024-05-10 04:00:00+00:00, run_after=2024-05-10 08:00:00+00:00
[2024-05-10T10:49:52.893+0000] {processor.py:183} INFO - Processing /home/airflow/.local/lib/python3.12/site-packages/airflow/example_dags/example_latest_only.py took 0.035 seconds
[2024-05-10T10:50:23.451+0000] {processor.py:161} INFO - Started process (PID=274) to work on /home/airflow/.local/lib/python3.12/site-packages/airflow/example_dags/example_latest_only.py
[2024-05-10T10:50:23.452+0000] {processor.py:830} INFO - Processing file /home/airflow/.local/lib/python3.12/site-packages/airflow/example_dags/example_latest_only.py for tasks to queue
[2024-05-10T10:50:23.453+0000] {logging_mixin.py:188} INFO - [2024-05-10T10:50:23.453+0000] {dagbag.py:540} INFO - Filling up the DagBag from /home/airflow/.local/lib/python3.12/site-packages/airflow/example_dags/example_latest_only.py
[2024-05-10T10:50:23.455+0000] {processor.py:840} INFO - DAG(s) 'latest_only' retrieved from /home/airflow/.local/lib/python3.12/site-packages/airflow/example_dags/example_latest_only.py
[2024-05-10T10:50:23.465+0000] {logging_mixin.py:188} INFO - [2024-05-10T10:50:23.465+0000] {dag.py:3096} INFO - Sync 1 DAGs
[2024-05-10T10:50:23.476+0000] {logging_mixin.py:188} INFO - [2024-05-10T10:50:23.476+0000] {dag.py:3954} INFO - Setting next_dagrun for latest_only to 2024-05-10 04:00:00+00:00, run_after=2024-05-10 08:00:00+00:00
[2024-05-10T10:50:23.484+0000] {processor.py:183} INFO - Processing /home/airflow/.local/lib/python3.12/site-packages/airflow/example_dags/example_latest_only.py took 0.035 seconds
[2024-05-10T10:50:54.063+0000] {processor.py:161} INFO - Started process (PID=333) to work on /home/airflow/.local/lib/python3.12/site-packages/airflow/example_dags/example_latest_only.py
[2024-05-10T10:50:54.063+0000] {processor.py:830} INFO - Processing file /home/airflow/.local/lib/python3.12/site-packages/airflow/example_dags/example_latest_only.py for tasks to queue
[2024-05-10T10:50:54.065+0000] {logging_mixin.py:188} INFO - [2024-05-10T10:50:54.065+0000] {dagbag.py:540} INFO - Filling up the DagBag from /home/airflow/.local/lib/python3.12/site-packages/airflow/example_dags/example_latest_only.py
[2024-05-10T10:50:54.068+0000] {processor.py:840} INFO - DAG(s) 'latest_only' retrieved from /home/airflow/.local/lib/python3.12/site-packages/airflow/example_dags/example_latest_only.py
[2024-05-10T10:50:54.080+0000] {logging_mixin.py:188} INFO - [2024-05-10T10:50:54.079+0000] {dag.py:3096} INFO - Sync 1 DAGs
[2024-05-10T10:50:54.091+0000] {logging_mixin.py:188} INFO - [2024-05-10T10:50:54.091+0000] {dag.py:3954} INFO - Setting next_dagrun for latest_only to 2024-05-10 04:00:00+00:00, run_after=2024-05-10 08:00:00+00:00
[2024-05-10T10:50:54.101+0000] {processor.py:183} INFO - Processing /home/airflow/.local/lib/python3.12/site-packages/airflow/example_dags/example_latest_only.py took 0.042 seconds
[2024-05-10T10:51:24.643+0000] {processor.py:161} INFO - Started process (PID=393) to work on /home/airflow/.local/lib/python3.12/site-packages/airflow/example_dags/example_latest_only.py
[2024-05-10T10:51:24.643+0000] {processor.py:830} INFO - Processing file /home/airflow/.local/lib/python3.12/site-packages/airflow/example_dags/example_latest_only.py for tasks to queue
[2024-05-10T10:51:24.644+0000] {logging_mixin.py:188} INFO - [2024-05-10T10:51:24.644+0000] {dagbag.py:540} INFO - Filling up the DagBag from /home/airflow/.local/lib/python3.12/site-packages/airflow/example_dags/example_latest_only.py
[2024-05-10T10:51:24.647+0000] {processor.py:840} INFO - DAG(s) 'latest_only' retrieved from /home/airflow/.local/lib/python3.12/site-packages/airflow/example_dags/example_latest_only.py
[2024-05-10T10:51:24.657+0000] {logging_mixin.py:188} INFO - [2024-05-10T10:51:24.657+0000] {dag.py:3096} INFO - Sync 1 DAGs
[2024-05-10T10:51:24.668+0000] {logging_mixin.py:188} INFO - [2024-05-10T10:51:24.668+0000] {dag.py:3954} INFO - Setting next_dagrun for latest_only to 2024-05-10 04:00:00+00:00, run_after=2024-05-10 08:00:00+00:00
[2024-05-10T10:51:24.676+0000] {processor.py:183} INFO - Processing /home/airflow/.local/lib/python3.12/site-packages/airflow/example_dags/example_latest_only.py took 0.036 seconds
[2024-05-10T10:51:55.226+0000] {processor.py:161} INFO - Started process (PID=453) to work on /home/airflow/.local/lib/python3.12/site-packages/airflow/example_dags/example_latest_only.py
[2024-05-10T10:51:55.226+0000] {processor.py:830} INFO - Processing file /home/airflow/.local/lib/python3.12/site-packages/airflow/example_dags/example_latest_only.py for tasks to queue
[2024-05-10T10:51:55.227+0000] {logging_mixin.py:188} INFO - [2024-05-10T10:51:55.227+0000] {dagbag.py:540} INFO - Filling up the DagBag from /home/airflow/.local/lib/python3.12/site-packages/airflow/example_dags/example_latest_only.py
[2024-05-10T10:51:55.230+0000] {processor.py:840} INFO - DAG(s) 'latest_only' retrieved from /home/airflow/.local/lib/python3.12/site-packages/airflow/example_dags/example_latest_only.py
[2024-05-10T10:51:55.241+0000] {logging_mixin.py:188} INFO - [2024-05-10T10:51:55.241+0000] {dag.py:3096} INFO - Sync 1 DAGs
[2024-05-10T10:51:55.251+0000] {logging_mixin.py:188} INFO - [2024-05-10T10:51:55.251+0000] {dag.py:3954} INFO - Setting next_dagrun for latest_only to 2024-05-10 04:00:00+00:00, run_after=2024-05-10 08:00:00+00:00
[2024-05-10T10:51:55.259+0000] {processor.py:183} INFO - Processing /home/airflow/.local/lib/python3.12/site-packages/airflow/example_dags/example_latest_only.py took 0.037 seconds
[2024-05-10T10:52:25.833+0000] {processor.py:161} INFO - Started process (PID=513) to work on /home/airflow/.local/lib/python3.12/site-packages/airflow/example_dags/example_latest_only.py
[2024-05-10T10:52:25.834+0000] {processor.py:830} INFO - Processing file /home/airflow/.local/lib/python3.12/site-packages/airflow/example_dags/example_latest_only.py for tasks to queue
[2024-05-10T10:52:25.835+0000] {logging_mixin.py:188} INFO - [2024-05-10T10:52:25.834+0000] {dagbag.py:540} INFO - Filling up the DagBag from /home/airflow/.local/lib/python3.12/site-packages/airflow/example_dags/example_latest_only.py
[2024-05-10T10:52:25.837+0000] {processor.py:840} INFO - DAG(s) 'latest_only' retrieved from /home/airflow/.local/lib/python3.12/site-packages/airflow/example_dags/example_latest_only.py
[2024-05-10T10:52:25.848+0000] {logging_mixin.py:188} INFO - [2024-05-10T10:52:25.847+0000] {dag.py:3096} INFO - Sync 1 DAGs
[2024-05-10T10:52:25.857+0000] {logging_mixin.py:188} INFO - [2024-05-10T10:52:25.857+0000] {dag.py:3954} INFO - Setting next_dagrun for latest_only to 2024-05-10 04:00:00+00:00, run_after=2024-05-10 08:00:00+00:00
[2024-05-10T10:52:25.866+0000] {processor.py:183} INFO - Processing /home/airflow/.local/lib/python3.12/site-packages/airflow/example_dags/example_latest_only.py took 0.035 seconds
[2024-05-10T10:52:56.357+0000] {processor.py:161} INFO - Started process (PID=573) to work on /home/airflow/.local/lib/python3.12/site-packages/airflow/example_dags/example_latest_only.py
[2024-05-10T10:52:56.357+0000] {processor.py:830} INFO - Processing file /home/airflow/.local/lib/python3.12/site-packages/airflow/example_dags/example_latest_only.py for tasks to queue
[2024-05-10T10:52:56.358+0000] {logging_mixin.py:188} INFO - [2024-05-10T10:52:56.358+0000] {dagbag.py:540} INFO - Filling up the DagBag from /home/airflow/.local/lib/python3.12/site-packages/airflow/example_dags/example_latest_only.py
[2024-05-10T10:52:56.360+0000] {processor.py:840} INFO - DAG(s) 'latest_only' retrieved from /home/airflow/.local/lib/python3.12/site-packages/airflow/example_dags/example_latest_only.py
[2024-05-10T10:52:56.370+0000] {logging_mixin.py:188} INFO - [2024-05-10T10:52:56.370+0000] {dag.py:3096} INFO - Sync 1 DAGs
[2024-05-10T10:52:56.381+0000] {logging_mixin.py:188} INFO - [2024-05-10T10:52:56.381+0000] {dag.py:3954} INFO - Setting next_dagrun for latest_only to 2024-05-10 04:00:00+00:00, run_after=2024-05-10 08:00:00+00:00
[2024-05-10T10:52:56.389+0000] {processor.py:183} INFO - Processing /home/airflow/.local/lib/python3.12/site-packages/airflow/example_dags/example_latest_only.py took 0.035 seconds
[2024-05-10T10:53:26.908+0000] {processor.py:161} INFO - Started process (PID=632) to work on /home/airflow/.local/lib/python3.12/site-packages/airflow/example_dags/example_latest_only.py
[2024-05-10T10:53:26.908+0000] {processor.py:830} INFO - Processing file /home/airflow/.local/lib/python3.12/site-packages/airflow/example_dags/example_latest_only.py for tasks to queue
[2024-05-10T10:53:26.909+0000] {logging_mixin.py:188} INFO - [2024-05-10T10:53:26.909+0000] {dagbag.py:540} INFO - Filling up the DagBag from /home/airflow/.local/lib/python3.12/site-packages/airflow/example_dags/example_latest_only.py
[2024-05-10T10:53:26.912+0000] {processor.py:840} INFO - DAG(s) 'latest_only' retrieved from /home/airflow/.local/lib/python3.12/site-packages/airflow/example_dags/example_latest_only.py
[2024-05-10T10:53:26.922+0000] {logging_mixin.py:188} INFO - [2024-05-10T10:53:26.922+0000] {dag.py:3096} INFO - Sync 1 DAGs
[2024-05-10T10:53:26.932+0000] {logging_mixin.py:188} INFO - [2024-05-10T10:53:26.932+0000] {dag.py:3954} INFO - Setting next_dagrun for latest_only to 2024-05-10 04:00:00+00:00, run_after=2024-05-10 08:00:00+00:00
[2024-05-10T10:53:26.940+0000] {processor.py:183} INFO - Processing /home/airflow/.local/lib/python3.12/site-packages/airflow/example_dags/example_latest_only.py took 0.035 seconds
[2024-05-10T10:53:57.516+0000] {processor.py:161} INFO - Started process (PID=692) to work on /home/airflow/.local/lib/python3.12/site-packages/airflow/example_dags/example_latest_only.py
[2024-05-10T10:53:57.517+0000] {processor.py:830} INFO - Processing file /home/airflow/.local/lib/python3.12/site-packages/airflow/example_dags/example_latest_only.py for tasks to queue
[2024-05-10T10:53:57.518+0000] {logging_mixin.py:188} INFO - [2024-05-10T10:53:57.518+0000] {dagbag.py:540} INFO - Filling up the DagBag from /home/airflow/.local/lib/python3.12/site-packages/airflow/example_dags/example_latest_only.py
[2024-05-10T10:53:57.520+0000] {processor.py:840} INFO - DAG(s) 'latest_only' retrieved from /home/airflow/.local/lib/python3.12/site-packages/airflow/example_dags/example_latest_only.py
[2024-05-10T10:53:57.531+0000] {logging_mixin.py:188} INFO - [2024-05-10T10:53:57.531+0000] {dag.py:3096} INFO - Sync 1 DAGs
[2024-05-10T10:53:57.542+0000] {logging_mixin.py:188} INFO - [2024-05-10T10:53:57.542+0000] {dag.py:3954} INFO - Setting next_dagrun for latest_only to 2024-05-10 04:00:00+00:00, run_after=2024-05-10 08:00:00+00:00
[2024-05-10T10:53:57.550+0000] {processor.py:183} INFO - Processing /home/airflow/.local/lib/python3.12/site-packages/airflow/example_dags/example_latest_only.py took 0.037 seconds
[2024-05-10T10:54:28.105+0000] {processor.py:161} INFO - Started process (PID=752) to work on /home/airflow/.local/lib/python3.12/site-packages/airflow/example_dags/example_latest_only.py
[2024-05-10T10:54:28.106+0000] {processor.py:830} INFO - Processing file /home/airflow/.local/lib/python3.12/site-packages/airflow/example_dags/example_latest_only.py for tasks to queue
[2024-05-10T10:54:28.107+0000] {logging_mixin.py:188} INFO - [2024-05-10T10:54:28.107+0000] {dagbag.py:540} INFO - Filling up the DagBag from /home/airflow/.local/lib/python3.12/site-packages/airflow/example_dags/example_latest_only.py
[2024-05-10T10:54:28.109+0000] {processor.py:840} INFO - DAG(s) 'latest_only' retrieved from /home/airflow/.local/lib/python3.12/site-packages/airflow/example_dags/example_latest_only.py
[2024-05-10T10:54:28.120+0000] {logging_mixin.py:188} INFO - [2024-05-10T10:54:28.119+0000] {dag.py:3096} INFO - Sync 1 DAGs
[2024-05-10T10:54:28.130+0000] {logging_mixin.py:188} INFO - [2024-05-10T10:54:28.130+0000] {dag.py:3954} INFO - Setting next_dagrun for latest_only to 2024-05-10 04:00:00+00:00, run_after=2024-05-10 08:00:00+00:00
[2024-05-10T10:54:28.139+0000] {processor.py:183} INFO - Processing /home/airflow/.local/lib/python3.12/site-packages/airflow/example_dags/example_latest_only.py took 0.036 seconds
[2024-05-10T10:54:58.712+0000] {processor.py:161} INFO - Started process (PID=812) to work on /home/airflow/.local/lib/python3.12/site-packages/airflow/example_dags/example_latest_only.py
[2024-05-10T10:54:58.713+0000] {processor.py:830} INFO - Processing file /home/airflow/.local/lib/python3.12/site-packages/airflow/example_dags/example_latest_only.py for tasks to queue
[2024-05-10T10:54:58.714+0000] {logging_mixin.py:188} INFO - [2024-05-10T10:54:58.714+0000] {dagbag.py:540} INFO - Filling up the DagBag from /home/airflow/.local/lib/python3.12/site-packages/airflow/example_dags/example_latest_only.py
[2024-05-10T10:54:58.718+0000] {processor.py:840} INFO - DAG(s) 'latest_only' retrieved from /home/airflow/.local/lib/python3.12/site-packages/airflow/example_dags/example_latest_only.py
[2024-05-10T10:54:58.730+0000] {logging_mixin.py:188} INFO - [2024-05-10T10:54:58.729+0000] {dag.py:3096} INFO - Sync 1 DAGs
[2024-05-10T10:54:58.742+0000] {logging_mixin.py:188} INFO - [2024-05-10T10:54:58.742+0000] {dag.py:3954} INFO - Setting next_dagrun for latest_only to 2024-05-10 04:00:00+00:00, run_after=2024-05-10 08:00:00+00:00
[2024-05-10T10:54:58.752+0000] {processor.py:183} INFO - Processing /home/airflow/.local/lib/python3.12/site-packages/airflow/example_dags/example_latest_only.py took 0.044 seconds
[2024-05-10T10:55:29.332+0000] {processor.py:161} INFO - Started process (PID=872) to work on /home/airflow/.local/lib/python3.12/site-packages/airflow/example_dags/example_latest_only.py
[2024-05-10T10:55:29.332+0000] {processor.py:830} INFO - Processing file /home/airflow/.local/lib/python3.12/site-packages/airflow/example_dags/example_latest_only.py for tasks to queue
[2024-05-10T10:55:29.333+0000] {logging_mixin.py:188} INFO - [2024-05-10T10:55:29.333+0000] {dagbag.py:540} INFO - Filling up the DagBag from /home/airflow/.local/lib/python3.12/site-packages/airflow/example_dags/example_latest_only.py
[2024-05-10T10:55:29.336+0000] {processor.py:840} INFO - DAG(s) 'latest_only' retrieved from /home/airflow/.local/lib/python3.12/site-packages/airflow/example_dags/example_latest_only.py
[2024-05-10T10:55:29.347+0000] {logging_mixin.py:188} INFO - [2024-05-10T10:55:29.347+0000] {dag.py:3096} INFO - Sync 1 DAGs
[2024-05-10T10:55:29.358+0000] {logging_mixin.py:188} INFO - [2024-05-10T10:55:29.358+0000] {dag.py:3954} INFO - Setting next_dagrun for latest_only to 2024-05-10 04:00:00+00:00, run_after=2024-05-10 08:00:00+00:00
[2024-05-10T10:55:29.368+0000] {processor.py:183} INFO - Processing /home/airflow/.local/lib/python3.12/site-packages/airflow/example_dags/example_latest_only.py took 0.039 seconds
[2024-05-10T10:55:59.959+0000] {processor.py:161} INFO - Started process (PID=932) to work on /home/airflow/.local/lib/python3.12/site-packages/airflow/example_dags/example_latest_only.py
[2024-05-10T10:55:59.959+0000] {processor.py:830} INFO - Processing file /home/airflow/.local/lib/python3.12/site-packages/airflow/example_dags/example_latest_only.py for tasks to queue
[2024-05-10T10:55:59.960+0000] {logging_mixin.py:188} INFO - [2024-05-10T10:55:59.960+0000] {dagbag.py:540} INFO - Filling up the DagBag from /home/airflow/.local/lib/python3.12/site-packages/airflow/example_dags/example_latest_only.py
[2024-05-10T10:55:59.963+0000] {processor.py:840} INFO - DAG(s) 'latest_only' retrieved from /home/airflow/.local/lib/python3.12/site-packages/airflow/example_dags/example_latest_only.py
[2024-05-10T10:55:59.973+0000] {logging_mixin.py:188} INFO - [2024-05-10T10:55:59.973+0000] {dag.py:3096} INFO - Sync 1 DAGs
[2024-05-10T10:55:59.984+0000] {logging_mixin.py:188} INFO - [2024-05-10T10:55:59.984+0000] {dag.py:3954} INFO - Setting next_dagrun for latest_only to 2024-05-10 04:00:00+00:00, run_after=2024-05-10 08:00:00+00:00
[2024-05-10T10:55:59.993+0000] {processor.py:183} INFO - Processing /home/airflow/.local/lib/python3.12/site-packages/airflow/example_dags/example_latest_only.py took 0.038 seconds
[2024-05-10T10:56:30.543+0000] {processor.py:161} INFO - Started process (PID=992) to work on /home/airflow/.local/lib/python3.12/site-packages/airflow/example_dags/example_latest_only.py
[2024-05-10T10:56:30.543+0000] {processor.py:830} INFO - Processing file /home/airflow/.local/lib/python3.12/site-packages/airflow/example_dags/example_latest_only.py for tasks to queue
[2024-05-10T10:56:30.544+0000] {logging_mixin.py:188} INFO - [2024-05-10T10:56:30.544+0000] {dagbag.py:540} INFO - Filling up the DagBag from /home/airflow/.local/lib/python3.12/site-packages/airflow/example_dags/example_latest_only.py
[2024-05-10T10:56:30.547+0000] {processor.py:840} INFO - DAG(s) 'latest_only' retrieved from /home/airflow/.local/lib/python3.12/site-packages/airflow/example_dags/example_latest_only.py
[2024-05-10T10:56:30.557+0000] {logging_mixin.py:188} INFO - [2024-05-10T10:56:30.557+0000] {dag.py:3096} INFO - Sync 1 DAGs
[2024-05-10T10:56:30.568+0000] {logging_mixin.py:188} INFO - [2024-05-10T10:56:30.568+0000] {dag.py:3954} INFO - Setting next_dagrun for latest_only to 2024-05-10 04:00:00+00:00, run_after=2024-05-10 08:00:00+00:00
[2024-05-10T10:56:30.576+0000] {processor.py:183} INFO - Processing /home/airflow/.local/lib/python3.12/site-packages/airflow/example_dags/example_latest_only.py took 0.037 seconds
[2024-05-10T10:57:01.371+0000] {processor.py:161} INFO - Started process (PID=1052) to work on /home/airflow/.local/lib/python3.12/site-packages/airflow/example_dags/example_latest_only.py
[2024-05-10T10:57:01.371+0000] {processor.py:830} INFO - Processing file /home/airflow/.local/lib/python3.12/site-packages/airflow/example_dags/example_latest_only.py for tasks to queue
[2024-05-10T10:57:01.372+0000] {logging_mixin.py:188} INFO - [2024-05-10T10:57:01.372+0000] {dagbag.py:540} INFO - Filling up the DagBag from /home/airflow/.local/lib/python3.12/site-packages/airflow/example_dags/example_latest_only.py
[2024-05-10T10:57:01.375+0000] {processor.py:840} INFO - DAG(s) 'latest_only' retrieved from /home/airflow/.local/lib/python3.12/site-packages/airflow/example_dags/example_latest_only.py
[2024-05-10T10:57:01.386+0000] {logging_mixin.py:188} INFO - [2024-05-10T10:57:01.386+0000] {dag.py:3096} INFO - Sync 1 DAGs
[2024-05-10T10:57:01.397+0000] {logging_mixin.py:188} INFO - [2024-05-10T10:57:01.397+0000] {dag.py:3954} INFO - Setting next_dagrun for latest_only to 2024-05-10 04:00:00+00:00, run_after=2024-05-10 08:00:00+00:00
[2024-05-10T10:57:01.408+0000] {processor.py:183} INFO - Processing /home/airflow/.local/lib/python3.12/site-packages/airflow/example_dags/example_latest_only.py took 0.040 seconds
[2024-05-10T10:57:56.866+0000] {processor.py:161} INFO - Started process (PID=59) to work on /home/airflow/.local/lib/python3.12/site-packages/airflow/example_dags/example_latest_only.py
[2024-05-10T10:57:56.867+0000] {processor.py:830} INFO - Processing file /home/airflow/.local/lib/python3.12/site-packages/airflow/example_dags/example_latest_only.py for tasks to queue
[2024-05-10T10:57:56.869+0000] {logging_mixin.py:188} INFO - [2024-05-10T10:57:56.869+0000] {dagbag.py:540} INFO - Filling up the DagBag from /home/airflow/.local/lib/python3.12/site-packages/airflow/example_dags/example_latest_only.py
[2024-05-10T10:57:56.872+0000] {processor.py:840} INFO - DAG(s) 'latest_only' retrieved from /home/airflow/.local/lib/python3.12/site-packages/airflow/example_dags/example_latest_only.py
[2024-05-10T10:57:56.879+0000] {logging_mixin.py:188} INFO - [2024-05-10T10:57:56.879+0000] {dag.py:3096} INFO - Sync 1 DAGs
[2024-05-10T10:57:56.896+0000] {logging_mixin.py:188} INFO - [2024-05-10T10:57:56.896+0000] {dag.py:3954} INFO - Setting next_dagrun for latest_only to 2024-05-10 04:00:00+00:00, run_after=2024-05-10 08:00:00+00:00
[2024-05-10T10:57:56.911+0000] {processor.py:183} INFO - Processing /home/airflow/.local/lib/python3.12/site-packages/airflow/example_dags/example_latest_only.py took 0.049 seconds
[2024-05-10T10:58:27.224+0000] {processor.py:161} INFO - Started process (PID=119) to work on /home/airflow/.local/lib/python3.12/site-packages/airflow/example_dags/example_latest_only.py
[2024-05-10T10:58:27.225+0000] {processor.py:830} INFO - Processing file /home/airflow/.local/lib/python3.12/site-packages/airflow/example_dags/example_latest_only.py for tasks to queue
[2024-05-10T10:58:27.226+0000] {logging_mixin.py:188} INFO - [2024-05-10T10:58:27.226+0000] {dagbag.py:540} INFO - Filling up the DagBag from /home/airflow/.local/lib/python3.12/site-packages/airflow/example_dags/example_latest_only.py
[2024-05-10T10:58:27.228+0000] {processor.py:840} INFO - DAG(s) 'latest_only' retrieved from /home/airflow/.local/lib/python3.12/site-packages/airflow/example_dags/example_latest_only.py
[2024-05-10T10:58:27.272+0000] {logging_mixin.py:188} INFO - [2024-05-10T10:58:27.272+0000] {dag.py:3096} INFO - Sync 1 DAGs
[2024-05-10T10:58:27.280+0000] {logging_mixin.py:188} INFO - [2024-05-10T10:58:27.280+0000] {dag.py:3954} INFO - Setting next_dagrun for latest_only to 2024-05-10 04:00:00+00:00, run_after=2024-05-10 08:00:00+00:00
[2024-05-10T10:58:27.288+0000] {processor.py:183} INFO - Processing /home/airflow/.local/lib/python3.12/site-packages/airflow/example_dags/example_latest_only.py took 0.067 seconds
[2024-05-10T10:58:57.439+0000] {processor.py:161} INFO - Started process (PID=179) to work on /home/airflow/.local/lib/python3.12/site-packages/airflow/example_dags/example_latest_only.py
[2024-05-10T10:58:57.442+0000] {processor.py:830} INFO - Processing file /home/airflow/.local/lib/python3.12/site-packages/airflow/example_dags/example_latest_only.py for tasks to queue
[2024-05-10T10:58:57.443+0000] {logging_mixin.py:188} INFO - [2024-05-10T10:58:57.443+0000] {dagbag.py:540} INFO - Filling up the DagBag from /home/airflow/.local/lib/python3.12/site-packages/airflow/example_dags/example_latest_only.py
[2024-05-10T10:58:57.445+0000] {processor.py:840} INFO - DAG(s) 'latest_only' retrieved from /home/airflow/.local/lib/python3.12/site-packages/airflow/example_dags/example_latest_only.py
[2024-05-10T10:58:57.455+0000] {logging_mixin.py:188} INFO - [2024-05-10T10:58:57.455+0000] {dag.py:3096} INFO - Sync 1 DAGs
[2024-05-10T10:58:57.464+0000] {logging_mixin.py:188} INFO - [2024-05-10T10:58:57.464+0000] {dag.py:3954} INFO - Setting next_dagrun for latest_only to 2024-05-10 04:00:00+00:00, run_after=2024-05-10 08:00:00+00:00
[2024-05-10T10:58:57.472+0000] {processor.py:183} INFO - Processing /home/airflow/.local/lib/python3.12/site-packages/airflow/example_dags/example_latest_only.py took 0.036 seconds
[2024-05-10T10:59:27.998+0000] {processor.py:161} INFO - Started process (PID=238) to work on /home/airflow/.local/lib/python3.12/site-packages/airflow/example_dags/example_latest_only.py
[2024-05-10T10:59:27.999+0000] {processor.py:830} INFO - Processing file /home/airflow/.local/lib/python3.12/site-packages/airflow/example_dags/example_latest_only.py for tasks to queue
[2024-05-10T10:59:28.000+0000] {logging_mixin.py:188} INFO - [2024-05-10T10:59:28.000+0000] {dagbag.py:540} INFO - Filling up the DagBag from /home/airflow/.local/lib/python3.12/site-packages/airflow/example_dags/example_latest_only.py
[2024-05-10T10:59:28.002+0000] {processor.py:840} INFO - DAG(s) 'latest_only' retrieved from /home/airflow/.local/lib/python3.12/site-packages/airflow/example_dags/example_latest_only.py
[2024-05-10T10:59:28.012+0000] {logging_mixin.py:188} INFO - [2024-05-10T10:59:28.012+0000] {dag.py:3096} INFO - Sync 1 DAGs
[2024-05-10T10:59:28.022+0000] {logging_mixin.py:188} INFO - [2024-05-10T10:59:28.022+0000] {dag.py:3954} INFO - Setting next_dagrun for latest_only to 2024-05-10 04:00:00+00:00, run_after=2024-05-10 08:00:00+00:00
[2024-05-10T10:59:28.030+0000] {processor.py:183} INFO - Processing /home/airflow/.local/lib/python3.12/site-packages/airflow/example_dags/example_latest_only.py took 0.034 seconds
[2024-05-10T10:59:58.666+0000] {processor.py:161} INFO - Started process (PID=298) to work on /home/airflow/.local/lib/python3.12/site-packages/airflow/example_dags/example_latest_only.py
[2024-05-10T10:59:58.667+0000] {processor.py:830} INFO - Processing file /home/airflow/.local/lib/python3.12/site-packages/airflow/example_dags/example_latest_only.py for tasks to queue
[2024-05-10T10:59:58.667+0000] {logging_mixin.py:188} INFO - [2024-05-10T10:59:58.667+0000] {dagbag.py:540} INFO - Filling up the DagBag from /home/airflow/.local/lib/python3.12/site-packages/airflow/example_dags/example_latest_only.py
[2024-05-10T10:59:58.670+0000] {processor.py:840} INFO - DAG(s) 'latest_only' retrieved from /home/airflow/.local/lib/python3.12/site-packages/airflow/example_dags/example_latest_only.py
[2024-05-10T10:59:58.679+0000] {logging_mixin.py:188} INFO - [2024-05-10T10:59:58.679+0000] {dag.py:3096} INFO - Sync 1 DAGs
[2024-05-10T10:59:58.688+0000] {logging_mixin.py:188} INFO - [2024-05-10T10:59:58.688+0000] {dag.py:3954} INFO - Setting next_dagrun for latest_only to 2024-05-10 04:00:00+00:00, run_after=2024-05-10 08:00:00+00:00
[2024-05-10T10:59:58.695+0000] {processor.py:183} INFO - Processing /home/airflow/.local/lib/python3.12/site-packages/airflow/example_dags/example_latest_only.py took 0.032 seconds
[2024-05-10T11:00:29.449+0000] {processor.py:161} INFO - Started process (PID=358) to work on /home/airflow/.local/lib/python3.12/site-packages/airflow/example_dags/example_latest_only.py
[2024-05-10T11:00:29.449+0000] {processor.py:830} INFO - Processing file /home/airflow/.local/lib/python3.12/site-packages/airflow/example_dags/example_latest_only.py for tasks to queue
[2024-05-10T11:00:29.450+0000] {logging_mixin.py:188} INFO - [2024-05-10T11:00:29.450+0000] {dagbag.py:540} INFO - Filling up the DagBag from /home/airflow/.local/lib/python3.12/site-packages/airflow/example_dags/example_latest_only.py
[2024-05-10T11:00:29.453+0000] {processor.py:840} INFO - DAG(s) 'latest_only' retrieved from /home/airflow/.local/lib/python3.12/site-packages/airflow/example_dags/example_latest_only.py
[2024-05-10T11:00:29.462+0000] {logging_mixin.py:188} INFO - [2024-05-10T11:00:29.462+0000] {dag.py:3096} INFO - Sync 1 DAGs
[2024-05-10T11:00:29.473+0000] {logging_mixin.py:188} INFO - [2024-05-10T11:00:29.473+0000] {dag.py:3954} INFO - Setting next_dagrun for latest_only to 2024-05-10 04:00:00+00:00, run_after=2024-05-10 08:00:00+00:00
[2024-05-10T11:00:29.481+0000] {processor.py:183} INFO - Processing /home/airflow/.local/lib/python3.12/site-packages/airflow/example_dags/example_latest_only.py took 0.035 seconds
[2024-05-10T11:01:00.359+0000] {processor.py:161} INFO - Started process (PID=417) to work on /home/airflow/.local/lib/python3.12/site-packages/airflow/example_dags/example_latest_only.py
[2024-05-10T11:01:00.360+0000] {processor.py:830} INFO - Processing file /home/airflow/.local/lib/python3.12/site-packages/airflow/example_dags/example_latest_only.py for tasks to queue
[2024-05-10T11:01:00.361+0000] {logging_mixin.py:188} INFO - [2024-05-10T11:01:00.361+0000] {dagbag.py:540} INFO - Filling up the DagBag from /home/airflow/.local/lib/python3.12/site-packages/airflow/example_dags/example_latest_only.py
[2024-05-10T11:01:00.364+0000] {processor.py:840} INFO - DAG(s) 'latest_only' retrieved from /home/airflow/.local/lib/python3.12/site-packages/airflow/example_dags/example_latest_only.py
[2024-05-10T11:01:00.373+0000] {logging_mixin.py:188} INFO - [2024-05-10T11:01:00.373+0000] {dag.py:3096} INFO - Sync 1 DAGs
[2024-05-10T11:01:00.383+0000] {logging_mixin.py:188} INFO - [2024-05-10T11:01:00.383+0000] {dag.py:3954} INFO - Setting next_dagrun for latest_only to 2024-05-10 04:00:00+00:00, run_after=2024-05-10 08:00:00+00:00
[2024-05-10T11:01:00.391+0000] {processor.py:183} INFO - Processing /home/airflow/.local/lib/python3.12/site-packages/airflow/example_dags/example_latest_only.py took 0.035 seconds
[2024-05-10T11:01:31.012+0000] {processor.py:161} INFO - Started process (PID=477) to work on /home/airflow/.local/lib/python3.12/site-packages/airflow/example_dags/example_latest_only.py
[2024-05-10T11:01:31.013+0000] {processor.py:830} INFO - Processing file /home/airflow/.local/lib/python3.12/site-packages/airflow/example_dags/example_latest_only.py for tasks to queue
[2024-05-10T11:01:31.014+0000] {logging_mixin.py:188} INFO - [2024-05-10T11:01:31.014+0000] {dagbag.py:540} INFO - Filling up the DagBag from /home/airflow/.local/lib/python3.12/site-packages/airflow/example_dags/example_latest_only.py
[2024-05-10T11:01:31.017+0000] {processor.py:840} INFO - DAG(s) 'latest_only' retrieved from /home/airflow/.local/lib/python3.12/site-packages/airflow/example_dags/example_latest_only.py
[2024-05-10T11:01:31.029+0000] {logging_mixin.py:188} INFO - [2024-05-10T11:01:31.029+0000] {dag.py:3096} INFO - Sync 1 DAGs
[2024-05-10T11:01:31.040+0000] {logging_mixin.py:188} INFO - [2024-05-10T11:01:31.040+0000] {dag.py:3954} INFO - Setting next_dagrun for latest_only to 2024-05-10 04:00:00+00:00, run_after=2024-05-10 08:00:00+00:00
[2024-05-10T11:01:31.054+0000] {processor.py:183} INFO - Processing /home/airflow/.local/lib/python3.12/site-packages/airflow/example_dags/example_latest_only.py took 0.045 seconds
[2024-05-10T11:02:01.827+0000] {processor.py:161} INFO - Started process (PID=537) to work on /home/airflow/.local/lib/python3.12/site-packages/airflow/example_dags/example_latest_only.py
[2024-05-10T11:02:01.828+0000] {processor.py:830} INFO - Processing file /home/airflow/.local/lib/python3.12/site-packages/airflow/example_dags/example_latest_only.py for tasks to queue
[2024-05-10T11:02:01.828+0000] {logging_mixin.py:188} INFO - [2024-05-10T11:02:01.828+0000] {dagbag.py:540} INFO - Filling up the DagBag from /home/airflow/.local/lib/python3.12/site-packages/airflow/example_dags/example_latest_only.py
[2024-05-10T11:02:01.831+0000] {processor.py:840} INFO - DAG(s) 'latest_only' retrieved from /home/airflow/.local/lib/python3.12/site-packages/airflow/example_dags/example_latest_only.py
[2024-05-10T11:02:01.842+0000] {logging_mixin.py:188} INFO - [2024-05-10T11:02:01.842+0000] {dag.py:3096} INFO - Sync 1 DAGs
[2024-05-10T11:02:01.853+0000] {logging_mixin.py:188} INFO - [2024-05-10T11:02:01.852+0000] {dag.py:3954} INFO - Setting next_dagrun for latest_only to 2024-05-10 04:00:00+00:00, run_after=2024-05-10 08:00:00+00:00
[2024-05-10T11:02:01.863+0000] {processor.py:183} INFO - Processing /home/airflow/.local/lib/python3.12/site-packages/airflow/example_dags/example_latest_only.py took 0.040 seconds
[2024-05-10T11:02:32.630+0000] {processor.py:161} INFO - Started process (PID=597) to work on /home/airflow/.local/lib/python3.12/site-packages/airflow/example_dags/example_latest_only.py
[2024-05-10T11:02:32.631+0000] {processor.py:830} INFO - Processing file /home/airflow/.local/lib/python3.12/site-packages/airflow/example_dags/example_latest_only.py for tasks to queue
[2024-05-10T11:02:32.631+0000] {logging_mixin.py:188} INFO - [2024-05-10T11:02:32.631+0000] {dagbag.py:540} INFO - Filling up the DagBag from /home/airflow/.local/lib/python3.12/site-packages/airflow/example_dags/example_latest_only.py
[2024-05-10T11:02:32.634+0000] {processor.py:840} INFO - DAG(s) 'latest_only' retrieved from /home/airflow/.local/lib/python3.12/site-packages/airflow/example_dags/example_latest_only.py
[2024-05-10T11:02:32.644+0000] {logging_mixin.py:188} INFO - [2024-05-10T11:02:32.644+0000] {dag.py:3096} INFO - Sync 1 DAGs
[2024-05-10T11:02:32.655+0000] {logging_mixin.py:188} INFO - [2024-05-10T11:02:32.654+0000] {dag.py:3954} INFO - Setting next_dagrun for latest_only to 2024-05-10 04:00:00+00:00, run_after=2024-05-10 08:00:00+00:00
[2024-05-10T11:02:32.665+0000] {processor.py:183} INFO - Processing /home/airflow/.local/lib/python3.12/site-packages/airflow/example_dags/example_latest_only.py took 0.037 seconds
[2024-05-10T11:03:03.450+0000] {processor.py:161} INFO - Started process (PID=657) to work on /home/airflow/.local/lib/python3.12/site-packages/airflow/example_dags/example_latest_only.py
[2024-05-10T11:03:03.451+0000] {processor.py:830} INFO - Processing file /home/airflow/.local/lib/python3.12/site-packages/airflow/example_dags/example_latest_only.py for tasks to queue
[2024-05-10T11:03:03.451+0000] {logging_mixin.py:188} INFO - [2024-05-10T11:03:03.451+0000] {dagbag.py:540} INFO - Filling up the DagBag from /home/airflow/.local/lib/python3.12/site-packages/airflow/example_dags/example_latest_only.py
[2024-05-10T11:03:03.455+0000] {processor.py:840} INFO - DAG(s) 'latest_only' retrieved from /home/airflow/.local/lib/python3.12/site-packages/airflow/example_dags/example_latest_only.py
[2024-05-10T11:03:03.465+0000] {logging_mixin.py:188} INFO - [2024-05-10T11:03:03.465+0000] {dag.py:3096} INFO - Sync 1 DAGs
[2024-05-10T11:03:03.476+0000] {logging_mixin.py:188} INFO - [2024-05-10T11:03:03.476+0000] {dag.py:3954} INFO - Setting next_dagrun for latest_only to 2024-05-10 04:00:00+00:00, run_after=2024-05-10 08:00:00+00:00
[2024-05-10T11:03:03.484+0000] {processor.py:183} INFO - Processing /home/airflow/.local/lib/python3.12/site-packages/airflow/example_dags/example_latest_only.py took 0.037 seconds
[2024-05-10T11:03:34.179+0000] {processor.py:161} INFO - Started process (PID=717) to work on /home/airflow/.local/lib/python3.12/site-packages/airflow/example_dags/example_latest_only.py
[2024-05-10T11:03:34.180+0000] {processor.py:830} INFO - Processing file /home/airflow/.local/lib/python3.12/site-packages/airflow/example_dags/example_latest_only.py for tasks to queue
[2024-05-10T11:03:34.180+0000] {logging_mixin.py:188} INFO - [2024-05-10T11:03:34.180+0000] {dagbag.py:540} INFO - Filling up the DagBag from /home/airflow/.local/lib/python3.12/site-packages/airflow/example_dags/example_latest_only.py
[2024-05-10T11:03:34.183+0000] {processor.py:840} INFO - DAG(s) 'latest_only' retrieved from /home/airflow/.local/lib/python3.12/site-packages/airflow/example_dags/example_latest_only.py
[2024-05-10T11:03:34.194+0000] {logging_mixin.py:188} INFO - [2024-05-10T11:03:34.193+0000] {dag.py:3096} INFO - Sync 1 DAGs
[2024-05-10T11:03:34.204+0000] {logging_mixin.py:188} INFO - [2024-05-10T11:03:34.204+0000] {dag.py:3954} INFO - Setting next_dagrun for latest_only to 2024-05-10 04:00:00+00:00, run_after=2024-05-10 08:00:00+00:00
[2024-05-10T11:03:34.213+0000] {processor.py:183} INFO - Processing /home/airflow/.local/lib/python3.12/site-packages/airflow/example_dags/example_latest_only.py took 0.036 seconds
[2024-05-10T11:04:04.899+0000] {processor.py:161} INFO - Started process (PID=776) to work on /home/airflow/.local/lib/python3.12/site-packages/airflow/example_dags/example_latest_only.py
[2024-05-10T11:04:04.899+0000] {processor.py:830} INFO - Processing file /home/airflow/.local/lib/python3.12/site-packages/airflow/example_dags/example_latest_only.py for tasks to queue
[2024-05-10T11:04:04.900+0000] {logging_mixin.py:188} INFO - [2024-05-10T11:04:04.900+0000] {dagbag.py:540} INFO - Filling up the DagBag from /home/airflow/.local/lib/python3.12/site-packages/airflow/example_dags/example_latest_only.py
[2024-05-10T11:04:04.903+0000] {processor.py:840} INFO - DAG(s) 'latest_only' retrieved from /home/airflow/.local/lib/python3.12/site-packages/airflow/example_dags/example_latest_only.py
[2024-05-10T11:04:04.914+0000] {logging_mixin.py:188} INFO - [2024-05-10T11:04:04.913+0000] {dag.py:3096} INFO - Sync 1 DAGs
[2024-05-10T11:04:04.924+0000] {logging_mixin.py:188} INFO - [2024-05-10T11:04:04.924+0000] {dag.py:3954} INFO - Setting next_dagrun for latest_only to 2024-05-10 04:00:00+00:00, run_after=2024-05-10 08:00:00+00:00
[2024-05-10T11:04:04.933+0000] {processor.py:183} INFO - Processing /home/airflow/.local/lib/python3.12/site-packages/airflow/example_dags/example_latest_only.py took 0.037 seconds
[2024-05-10T11:04:35.112+0000] {processor.py:161} INFO - Started process (PID=834) to work on /home/airflow/.local/lib/python3.12/site-packages/airflow/example_dags/example_latest_only.py
[2024-05-10T11:04:35.113+0000] {processor.py:830} INFO - Processing file /home/airflow/.local/lib/python3.12/site-packages/airflow/example_dags/example_latest_only.py for tasks to queue
[2024-05-10T11:04:35.113+0000] {logging_mixin.py:188} INFO - [2024-05-10T11:04:35.113+0000] {dagbag.py:540} INFO - Filling up the DagBag from /home/airflow/.local/lib/python3.12/site-packages/airflow/example_dags/example_latest_only.py
[2024-05-10T11:04:35.117+0000] {processor.py:840} INFO - DAG(s) 'latest_only' retrieved from /home/airflow/.local/lib/python3.12/site-packages/airflow/example_dags/example_latest_only.py
[2024-05-10T11:04:35.131+0000] {logging_mixin.py:188} INFO - [2024-05-10T11:04:35.131+0000] {dag.py:3096} INFO - Sync 1 DAGs
[2024-05-10T11:04:35.143+0000] {logging_mixin.py:188} INFO - [2024-05-10T11:04:35.143+0000] {dag.py:3954} INFO - Setting next_dagrun for latest_only to 2024-05-10 04:00:00+00:00, run_after=2024-05-10 08:00:00+00:00
[2024-05-10T11:04:35.155+0000] {processor.py:183} INFO - Processing /home/airflow/.local/lib/python3.12/site-packages/airflow/example_dags/example_latest_only.py took 0.047 seconds
[2024-05-10T11:05:05.229+0000] {processor.py:161} INFO - Started process (PID=894) to work on /home/airflow/.local/lib/python3.12/site-packages/airflow/example_dags/example_latest_only.py
[2024-05-10T11:05:05.230+0000] {processor.py:830} INFO - Processing file /home/airflow/.local/lib/python3.12/site-packages/airflow/example_dags/example_latest_only.py for tasks to queue
[2024-05-10T11:05:05.230+0000] {logging_mixin.py:188} INFO - [2024-05-10T11:05:05.230+0000] {dagbag.py:540} INFO - Filling up the DagBag from /home/airflow/.local/lib/python3.12/site-packages/airflow/example_dags/example_latest_only.py
[2024-05-10T11:05:05.233+0000] {processor.py:840} INFO - DAG(s) 'latest_only' retrieved from /home/airflow/.local/lib/python3.12/site-packages/airflow/example_dags/example_latest_only.py
[2024-05-10T11:05:05.244+0000] {logging_mixin.py:188} INFO - [2024-05-10T11:05:05.244+0000] {dag.py:3096} INFO - Sync 1 DAGs
[2024-05-10T11:05:05.254+0000] {logging_mixin.py:188} INFO - [2024-05-10T11:05:05.254+0000] {dag.py:3954} INFO - Setting next_dagrun for latest_only to 2024-05-10 04:00:00+00:00, run_after=2024-05-10 08:00:00+00:00
[2024-05-10T11:05:05.263+0000] {processor.py:183} INFO - Processing /home/airflow/.local/lib/python3.12/site-packages/airflow/example_dags/example_latest_only.py took 0.036 seconds
[2024-05-10T11:05:36.251+0000] {processor.py:161} INFO - Started process (PID=954) to work on /home/airflow/.local/lib/python3.12/site-packages/airflow/example_dags/example_latest_only.py
[2024-05-10T11:05:36.251+0000] {processor.py:830} INFO - Processing file /home/airflow/.local/lib/python3.12/site-packages/airflow/example_dags/example_latest_only.py for tasks to queue
[2024-05-10T11:05:36.252+0000] {logging_mixin.py:188} INFO - [2024-05-10T11:05:36.252+0000] {dagbag.py:540} INFO - Filling up the DagBag from /home/airflow/.local/lib/python3.12/site-packages/airflow/example_dags/example_latest_only.py
[2024-05-10T11:05:36.255+0000] {processor.py:840} INFO - DAG(s) 'latest_only' retrieved from /home/airflow/.local/lib/python3.12/site-packages/airflow/example_dags/example_latest_only.py
[2024-05-10T11:05:36.266+0000] {logging_mixin.py:188} INFO - [2024-05-10T11:05:36.266+0000] {dag.py:3096} INFO - Sync 1 DAGs
[2024-05-10T11:05:36.277+0000] {logging_mixin.py:188} INFO - [2024-05-10T11:05:36.276+0000] {dag.py:3954} INFO - Setting next_dagrun for latest_only to 2024-05-10 04:00:00+00:00, run_after=2024-05-10 08:00:00+00:00
[2024-05-10T11:05:36.284+0000] {processor.py:183} INFO - Processing /home/airflow/.local/lib/python3.12/site-packages/airflow/example_dags/example_latest_only.py took 0.036 seconds
[2024-05-10T11:06:06.364+0000] {processor.py:161} INFO - Started process (PID=1014) to work on /home/airflow/.local/lib/python3.12/site-packages/airflow/example_dags/example_latest_only.py
[2024-05-10T11:06:06.364+0000] {processor.py:830} INFO - Processing file /home/airflow/.local/lib/python3.12/site-packages/airflow/example_dags/example_latest_only.py for tasks to queue
[2024-05-10T11:06:06.365+0000] {logging_mixin.py:188} INFO - [2024-05-10T11:06:06.365+0000] {dagbag.py:540} INFO - Filling up the DagBag from /home/airflow/.local/lib/python3.12/site-packages/airflow/example_dags/example_latest_only.py
[2024-05-10T11:06:06.368+0000] {processor.py:840} INFO - DAG(s) 'latest_only' retrieved from /home/airflow/.local/lib/python3.12/site-packages/airflow/example_dags/example_latest_only.py
[2024-05-10T11:06:06.378+0000] {logging_mixin.py:188} INFO - [2024-05-10T11:06:06.378+0000] {dag.py:3096} INFO - Sync 1 DAGs
[2024-05-10T11:06:06.389+0000] {logging_mixin.py:188} INFO - [2024-05-10T11:06:06.389+0000] {dag.py:3954} INFO - Setting next_dagrun for latest_only to 2024-05-10 04:00:00+00:00, run_after=2024-05-10 08:00:00+00:00
[2024-05-10T11:06:06.397+0000] {processor.py:183} INFO - Processing /home/airflow/.local/lib/python3.12/site-packages/airflow/example_dags/example_latest_only.py took 0.036 seconds
[2024-05-10T11:06:37.808+0000] {processor.py:161} INFO - Started process (PID=1074) to work on /home/airflow/.local/lib/python3.12/site-packages/airflow/example_dags/example_latest_only.py
[2024-05-10T11:06:37.809+0000] {processor.py:830} INFO - Processing file /home/airflow/.local/lib/python3.12/site-packages/airflow/example_dags/example_latest_only.py for tasks to queue
[2024-05-10T11:06:37.809+0000] {logging_mixin.py:188} INFO - [2024-05-10T11:06:37.809+0000] {dagbag.py:540} INFO - Filling up the DagBag from /home/airflow/.local/lib/python3.12/site-packages/airflow/example_dags/example_latest_only.py
[2024-05-10T11:06:37.812+0000] {processor.py:840} INFO - DAG(s) 'latest_only' retrieved from /home/airflow/.local/lib/python3.12/site-packages/airflow/example_dags/example_latest_only.py
[2024-05-10T11:06:37.823+0000] {logging_mixin.py:188} INFO - [2024-05-10T11:06:37.823+0000] {dag.py:3096} INFO - Sync 1 DAGs
[2024-05-10T11:06:37.918+0000] {logging_mixin.py:188} INFO - [2024-05-10T11:06:37.918+0000] {dag.py:3954} INFO - Setting next_dagrun for latest_only to 2024-05-10 04:00:00+00:00, run_after=2024-05-10 08:00:00+00:00
[2024-05-10T11:06:37.926+0000] {processor.py:183} INFO - Processing /home/airflow/.local/lib/python3.12/site-packages/airflow/example_dags/example_latest_only.py took 0.121 seconds
[2024-05-10T11:07:08.288+0000] {processor.py:161} INFO - Started process (PID=1134) to work on /home/airflow/.local/lib/python3.12/site-packages/airflow/example_dags/example_latest_only.py
[2024-05-10T11:07:08.289+0000] {processor.py:830} INFO - Processing file /home/airflow/.local/lib/python3.12/site-packages/airflow/example_dags/example_latest_only.py for tasks to queue
[2024-05-10T11:07:08.289+0000] {logging_mixin.py:188} INFO - [2024-05-10T11:07:08.289+0000] {dagbag.py:540} INFO - Filling up the DagBag from /home/airflow/.local/lib/python3.12/site-packages/airflow/example_dags/example_latest_only.py
[2024-05-10T11:07:08.293+0000] {processor.py:840} INFO - DAG(s) 'latest_only' retrieved from /home/airflow/.local/lib/python3.12/site-packages/airflow/example_dags/example_latest_only.py
[2024-05-10T11:07:08.304+0000] {logging_mixin.py:188} INFO - [2024-05-10T11:07:08.303+0000] {dag.py:3096} INFO - Sync 1 DAGs
[2024-05-10T11:07:08.411+0000] {logging_mixin.py:188} INFO - [2024-05-10T11:07:08.411+0000] {dag.py:3954} INFO - Setting next_dagrun for latest_only to 2024-05-10 04:00:00+00:00, run_after=2024-05-10 08:00:00+00:00
[2024-05-10T11:07:08.419+0000] {processor.py:183} INFO - Processing /home/airflow/.local/lib/python3.12/site-packages/airflow/example_dags/example_latest_only.py took 0.134 seconds
[2024-05-10T11:07:39.337+0000] {processor.py:161} INFO - Started process (PID=1194) to work on /home/airflow/.local/lib/python3.12/site-packages/airflow/example_dags/example_latest_only.py
[2024-05-10T11:07:39.338+0000] {processor.py:830} INFO - Processing file /home/airflow/.local/lib/python3.12/site-packages/airflow/example_dags/example_latest_only.py for tasks to queue
[2024-05-10T11:07:39.338+0000] {logging_mixin.py:188} INFO - [2024-05-10T11:07:39.338+0000] {dagbag.py:540} INFO - Filling up the DagBag from /home/airflow/.local/lib/python3.12/site-packages/airflow/example_dags/example_latest_only.py
[2024-05-10T11:07:39.341+0000] {processor.py:840} INFO - DAG(s) 'latest_only' retrieved from /home/airflow/.local/lib/python3.12/site-packages/airflow/example_dags/example_latest_only.py
[2024-05-10T11:07:39.351+0000] {logging_mixin.py:188} INFO - [2024-05-10T11:07:39.351+0000] {dag.py:3096} INFO - Sync 1 DAGs
[2024-05-10T11:07:39.361+0000] {logging_mixin.py:188} INFO - [2024-05-10T11:07:39.361+0000] {dag.py:3954} INFO - Setting next_dagrun for latest_only to 2024-05-10 04:00:00+00:00, run_after=2024-05-10 08:00:00+00:00
[2024-05-10T11:07:39.369+0000] {processor.py:183} INFO - Processing /home/airflow/.local/lib/python3.12/site-packages/airflow/example_dags/example_latest_only.py took 0.035 seconds
[2024-05-10T11:08:10.124+0000] {processor.py:161} INFO - Started process (PID=1254) to work on /home/airflow/.local/lib/python3.12/site-packages/airflow/example_dags/example_latest_only.py
[2024-05-10T11:08:10.125+0000] {processor.py:830} INFO - Processing file /home/airflow/.local/lib/python3.12/site-packages/airflow/example_dags/example_latest_only.py for tasks to queue
[2024-05-10T11:08:10.126+0000] {logging_mixin.py:188} INFO - [2024-05-10T11:08:10.125+0000] {dagbag.py:540} INFO - Filling up the DagBag from /home/airflow/.local/lib/python3.12/site-packages/airflow/example_dags/example_latest_only.py
[2024-05-10T11:08:10.129+0000] {processor.py:840} INFO - DAG(s) 'latest_only' retrieved from /home/airflow/.local/lib/python3.12/site-packages/airflow/example_dags/example_latest_only.py
[2024-05-10T11:08:10.139+0000] {logging_mixin.py:188} INFO - [2024-05-10T11:08:10.138+0000] {dag.py:3096} INFO - Sync 1 DAGs
[2024-05-10T11:08:10.149+0000] {logging_mixin.py:188} INFO - [2024-05-10T11:08:10.149+0000] {dag.py:3954} INFO - Setting next_dagrun for latest_only to 2024-05-10 04:00:00+00:00, run_after=2024-05-10 08:00:00+00:00
[2024-05-10T11:08:10.157+0000] {processor.py:183} INFO - Processing /home/airflow/.local/lib/python3.12/site-packages/airflow/example_dags/example_latest_only.py took 0.036 seconds
[2024-05-10T11:08:40.788+0000] {processor.py:161} INFO - Started process (PID=1314) to work on /home/airflow/.local/lib/python3.12/site-packages/airflow/example_dags/example_latest_only.py
[2024-05-10T11:08:40.788+0000] {processor.py:830} INFO - Processing file /home/airflow/.local/lib/python3.12/site-packages/airflow/example_dags/example_latest_only.py for tasks to queue
[2024-05-10T11:08:40.789+0000] {logging_mixin.py:188} INFO - [2024-05-10T11:08:40.789+0000] {dagbag.py:540} INFO - Filling up the DagBag from /home/airflow/.local/lib/python3.12/site-packages/airflow/example_dags/example_latest_only.py
[2024-05-10T11:08:40.792+0000] {processor.py:840} INFO - DAG(s) 'latest_only' retrieved from /home/airflow/.local/lib/python3.12/site-packages/airflow/example_dags/example_latest_only.py
[2024-05-10T11:08:40.802+0000] {logging_mixin.py:188} INFO - [2024-05-10T11:08:40.802+0000] {dag.py:3096} INFO - Sync 1 DAGs
[2024-05-10T11:08:40.813+0000] {logging_mixin.py:188} INFO - [2024-05-10T11:08:40.813+0000] {dag.py:3954} INFO - Setting next_dagrun for latest_only to 2024-05-10 04:00:00+00:00, run_after=2024-05-10 08:00:00+00:00
[2024-05-10T11:08:40.820+0000] {processor.py:183} INFO - Processing /home/airflow/.local/lib/python3.12/site-packages/airflow/example_dags/example_latest_only.py took 0.036 seconds
[2024-05-10T11:09:11.484+0000] {processor.py:161} INFO - Started process (PID=1374) to work on /home/airflow/.local/lib/python3.12/site-packages/airflow/example_dags/example_latest_only.py
[2024-05-10T11:09:11.485+0000] {processor.py:830} INFO - Processing file /home/airflow/.local/lib/python3.12/site-packages/airflow/example_dags/example_latest_only.py for tasks to queue
[2024-05-10T11:09:11.485+0000] {logging_mixin.py:188} INFO - [2024-05-10T11:09:11.485+0000] {dagbag.py:540} INFO - Filling up the DagBag from /home/airflow/.local/lib/python3.12/site-packages/airflow/example_dags/example_latest_only.py
[2024-05-10T11:09:11.488+0000] {processor.py:840} INFO - DAG(s) 'latest_only' retrieved from /home/airflow/.local/lib/python3.12/site-packages/airflow/example_dags/example_latest_only.py
[2024-05-10T11:09:11.498+0000] {logging_mixin.py:188} INFO - [2024-05-10T11:09:11.498+0000] {dag.py:3096} INFO - Sync 1 DAGs
[2024-05-10T11:09:11.510+0000] {logging_mixin.py:188} INFO - [2024-05-10T11:09:11.509+0000] {dag.py:3954} INFO - Setting next_dagrun for latest_only to 2024-05-10 04:00:00+00:00, run_after=2024-05-10 08:00:00+00:00
[2024-05-10T11:09:11.518+0000] {processor.py:183} INFO - Processing /home/airflow/.local/lib/python3.12/site-packages/airflow/example_dags/example_latest_only.py took 0.037 seconds
[2024-05-10T11:09:42.220+0000] {processor.py:161} INFO - Started process (PID=1434) to work on /home/airflow/.local/lib/python3.12/site-packages/airflow/example_dags/example_latest_only.py
[2024-05-10T11:09:42.221+0000] {processor.py:830} INFO - Processing file /home/airflow/.local/lib/python3.12/site-packages/airflow/example_dags/example_latest_only.py for tasks to queue
[2024-05-10T11:09:42.222+0000] {logging_mixin.py:188} INFO - [2024-05-10T11:09:42.221+0000] {dagbag.py:540} INFO - Filling up the DagBag from /home/airflow/.local/lib/python3.12/site-packages/airflow/example_dags/example_latest_only.py
[2024-05-10T11:09:42.225+0000] {processor.py:840} INFO - DAG(s) 'latest_only' retrieved from /home/airflow/.local/lib/python3.12/site-packages/airflow/example_dags/example_latest_only.py
[2024-05-10T11:09:42.235+0000] {logging_mixin.py:188} INFO - [2024-05-10T11:09:42.235+0000] {dag.py:3096} INFO - Sync 1 DAGs
[2024-05-10T11:09:42.246+0000] {logging_mixin.py:188} INFO - [2024-05-10T11:09:42.246+0000] {dag.py:3954} INFO - Setting next_dagrun for latest_only to 2024-05-10 04:00:00+00:00, run_after=2024-05-10 08:00:00+00:00
[2024-05-10T11:09:42.255+0000] {processor.py:183} INFO - Processing /home/airflow/.local/lib/python3.12/site-packages/airflow/example_dags/example_latest_only.py took 0.038 seconds
[2024-05-10T11:10:12.991+0000] {processor.py:161} INFO - Started process (PID=1494) to work on /home/airflow/.local/lib/python3.12/site-packages/airflow/example_dags/example_latest_only.py
[2024-05-10T11:10:12.992+0000] {processor.py:830} INFO - Processing file /home/airflow/.local/lib/python3.12/site-packages/airflow/example_dags/example_latest_only.py for tasks to queue
[2024-05-10T11:10:12.992+0000] {logging_mixin.py:188} INFO - [2024-05-10T11:10:12.992+0000] {dagbag.py:540} INFO - Filling up the DagBag from /home/airflow/.local/lib/python3.12/site-packages/airflow/example_dags/example_latest_only.py
[2024-05-10T11:10:12.995+0000] {processor.py:840} INFO - DAG(s) 'latest_only' retrieved from /home/airflow/.local/lib/python3.12/site-packages/airflow/example_dags/example_latest_only.py
[2024-05-10T11:10:13.005+0000] {logging_mixin.py:188} INFO - [2024-05-10T11:10:13.005+0000] {dag.py:3096} INFO - Sync 1 DAGs
[2024-05-10T11:10:13.015+0000] {logging_mixin.py:188} INFO - [2024-05-10T11:10:13.015+0000] {dag.py:3954} INFO - Setting next_dagrun for latest_only to 2024-05-10 04:00:00+00:00, run_after=2024-05-10 08:00:00+00:00
[2024-05-10T11:10:13.023+0000] {processor.py:183} INFO - Processing /home/airflow/.local/lib/python3.12/site-packages/airflow/example_dags/example_latest_only.py took 0.035 seconds
[2024-05-10T11:10:43.696+0000] {processor.py:161} INFO - Started process (PID=1554) to work on /home/airflow/.local/lib/python3.12/site-packages/airflow/example_dags/example_latest_only.py
[2024-05-10T11:10:43.697+0000] {processor.py:830} INFO - Processing file /home/airflow/.local/lib/python3.12/site-packages/airflow/example_dags/example_latest_only.py for tasks to queue
[2024-05-10T11:10:43.697+0000] {logging_mixin.py:188} INFO - [2024-05-10T11:10:43.697+0000] {dagbag.py:540} INFO - Filling up the DagBag from /home/airflow/.local/lib/python3.12/site-packages/airflow/example_dags/example_latest_only.py
[2024-05-10T11:10:43.701+0000] {processor.py:840} INFO - DAG(s) 'latest_only' retrieved from /home/airflow/.local/lib/python3.12/site-packages/airflow/example_dags/example_latest_only.py
[2024-05-10T11:10:43.712+0000] {logging_mixin.py:188} INFO - [2024-05-10T11:10:43.712+0000] {dag.py:3096} INFO - Sync 1 DAGs
[2024-05-10T11:10:43.722+0000] {logging_mixin.py:188} INFO - [2024-05-10T11:10:43.722+0000] {dag.py:3954} INFO - Setting next_dagrun for latest_only to 2024-05-10 04:00:00+00:00, run_after=2024-05-10 08:00:00+00:00
[2024-05-10T11:10:43.730+0000] {processor.py:183} INFO - Processing /home/airflow/.local/lib/python3.12/site-packages/airflow/example_dags/example_latest_only.py took 0.037 seconds
