[2024-05-10T10:49:22.295+0000] {processor.py:161} INFO - Started process (PID=156) to work on /home/airflow/.local/lib/python3.12/site-packages/airflow/example_dags/example_sensors.py
[2024-05-10T10:49:22.296+0000] {processor.py:830} INFO - Processing file /home/airflow/.local/lib/python3.12/site-packages/airflow/example_dags/example_sensors.py for tasks to queue
[2024-05-10T10:49:22.297+0000] {logging_mixin.py:188} INFO - [2024-05-10T10:49:22.297+0000] {dagbag.py:540} INFO - Filling up the DagBag from /home/airflow/.local/lib/python3.12/site-packages/airflow/example_dags/example_sensors.py
[2024-05-10T10:49:22.303+0000] {processor.py:840} INFO - DAG(s) 'example_sensors' retrieved from /home/airflow/.local/lib/python3.12/site-packages/airflow/example_dags/example_sensors.py
[2024-05-10T10:49:22.372+0000] {logging_mixin.py:188} INFO - [2024-05-10T10:49:22.372+0000] {dag.py:3096} INFO - Sync 1 DAGs
[2024-05-10T10:49:22.379+0000] {logging_mixin.py:188} INFO - [2024-05-10T10:49:22.379+0000] {dag.py:3954} INFO - Setting next_dagrun for example_sensors to None, run_after=None
[2024-05-10T10:49:22.391+0000] {processor.py:183} INFO - Processing /home/airflow/.local/lib/python3.12/site-packages/airflow/example_dags/example_sensors.py took 0.099 seconds
[2024-05-10T10:49:52.904+0000] {processor.py:161} INFO - Started process (PID=216) to work on /home/airflow/.local/lib/python3.12/site-packages/airflow/example_dags/example_sensors.py
[2024-05-10T10:49:52.904+0000] {processor.py:830} INFO - Processing file /home/airflow/.local/lib/python3.12/site-packages/airflow/example_dags/example_sensors.py for tasks to queue
[2024-05-10T10:49:52.905+0000] {logging_mixin.py:188} INFO - [2024-05-10T10:49:52.905+0000] {dagbag.py:540} INFO - Filling up the DagBag from /home/airflow/.local/lib/python3.12/site-packages/airflow/example_dags/example_sensors.py
[2024-05-10T10:49:52.910+0000] {processor.py:840} INFO - DAG(s) 'example_sensors' retrieved from /home/airflow/.local/lib/python3.12/site-packages/airflow/example_dags/example_sensors.py
[2024-05-10T10:49:52.922+0000] {logging_mixin.py:188} INFO - [2024-05-10T10:49:52.922+0000] {dag.py:3096} INFO - Sync 1 DAGs
[2024-05-10T10:49:52.928+0000] {logging_mixin.py:188} INFO - [2024-05-10T10:49:52.928+0000] {dag.py:3954} INFO - Setting next_dagrun for example_sensors to None, run_after=None
[2024-05-10T10:49:52.936+0000] {processor.py:183} INFO - Processing /home/airflow/.local/lib/python3.12/site-packages/airflow/example_dags/example_sensors.py took 0.035 seconds
[2024-05-10T10:50:23.495+0000] {processor.py:161} INFO - Started process (PID=276) to work on /home/airflow/.local/lib/python3.12/site-packages/airflow/example_dags/example_sensors.py
[2024-05-10T10:50:23.496+0000] {processor.py:830} INFO - Processing file /home/airflow/.local/lib/python3.12/site-packages/airflow/example_dags/example_sensors.py for tasks to queue
[2024-05-10T10:50:23.497+0000] {logging_mixin.py:188} INFO - [2024-05-10T10:50:23.496+0000] {dagbag.py:540} INFO - Filling up the DagBag from /home/airflow/.local/lib/python3.12/site-packages/airflow/example_dags/example_sensors.py
[2024-05-10T10:50:23.501+0000] {processor.py:840} INFO - DAG(s) 'example_sensors' retrieved from /home/airflow/.local/lib/python3.12/site-packages/airflow/example_dags/example_sensors.py
[2024-05-10T10:50:23.513+0000] {logging_mixin.py:188} INFO - [2024-05-10T10:50:23.513+0000] {dag.py:3096} INFO - Sync 1 DAGs
[2024-05-10T10:50:23.519+0000] {logging_mixin.py:188} INFO - [2024-05-10T10:50:23.519+0000] {dag.py:3954} INFO - Setting next_dagrun for example_sensors to None, run_after=None
[2024-05-10T10:50:23.527+0000] {processor.py:183} INFO - Processing /home/airflow/.local/lib/python3.12/site-packages/airflow/example_dags/example_sensors.py took 0.035 seconds
[2024-05-10T10:50:54.114+0000] {processor.py:161} INFO - Started process (PID=335) to work on /home/airflow/.local/lib/python3.12/site-packages/airflow/example_dags/example_sensors.py
[2024-05-10T10:50:54.115+0000] {processor.py:830} INFO - Processing file /home/airflow/.local/lib/python3.12/site-packages/airflow/example_dags/example_sensors.py for tasks to queue
[2024-05-10T10:50:54.116+0000] {logging_mixin.py:188} INFO - [2024-05-10T10:50:54.116+0000] {dagbag.py:540} INFO - Filling up the DagBag from /home/airflow/.local/lib/python3.12/site-packages/airflow/example_dags/example_sensors.py
[2024-05-10T10:50:54.121+0000] {processor.py:840} INFO - DAG(s) 'example_sensors' retrieved from /home/airflow/.local/lib/python3.12/site-packages/airflow/example_dags/example_sensors.py
[2024-05-10T10:50:54.134+0000] {logging_mixin.py:188} INFO - [2024-05-10T10:50:54.134+0000] {dag.py:3096} INFO - Sync 1 DAGs
[2024-05-10T10:50:54.141+0000] {logging_mixin.py:188} INFO - [2024-05-10T10:50:54.141+0000] {dag.py:3954} INFO - Setting next_dagrun for example_sensors to None, run_after=None
[2024-05-10T10:50:54.151+0000] {processor.py:183} INFO - Processing /home/airflow/.local/lib/python3.12/site-packages/airflow/example_dags/example_sensors.py took 0.040 seconds
[2024-05-10T10:51:24.688+0000] {processor.py:161} INFO - Started process (PID=395) to work on /home/airflow/.local/lib/python3.12/site-packages/airflow/example_dags/example_sensors.py
[2024-05-10T10:51:24.688+0000] {processor.py:830} INFO - Processing file /home/airflow/.local/lib/python3.12/site-packages/airflow/example_dags/example_sensors.py for tasks to queue
[2024-05-10T10:51:24.689+0000] {logging_mixin.py:188} INFO - [2024-05-10T10:51:24.689+0000] {dagbag.py:540} INFO - Filling up the DagBag from /home/airflow/.local/lib/python3.12/site-packages/airflow/example_dags/example_sensors.py
[2024-05-10T10:51:24.694+0000] {processor.py:840} INFO - DAG(s) 'example_sensors' retrieved from /home/airflow/.local/lib/python3.12/site-packages/airflow/example_dags/example_sensors.py
[2024-05-10T10:51:24.706+0000] {logging_mixin.py:188} INFO - [2024-05-10T10:51:24.706+0000] {dag.py:3096} INFO - Sync 1 DAGs
[2024-05-10T10:51:24.712+0000] {logging_mixin.py:188} INFO - [2024-05-10T10:51:24.712+0000] {dag.py:3954} INFO - Setting next_dagrun for example_sensors to None, run_after=None
[2024-05-10T10:51:24.721+0000] {processor.py:183} INFO - Processing /home/airflow/.local/lib/python3.12/site-packages/airflow/example_dags/example_sensors.py took 0.036 seconds
[2024-05-10T10:51:55.271+0000] {processor.py:161} INFO - Started process (PID=455) to work on /home/airflow/.local/lib/python3.12/site-packages/airflow/example_dags/example_sensors.py
[2024-05-10T10:51:55.271+0000] {processor.py:830} INFO - Processing file /home/airflow/.local/lib/python3.12/site-packages/airflow/example_dags/example_sensors.py for tasks to queue
[2024-05-10T10:51:55.272+0000] {logging_mixin.py:188} INFO - [2024-05-10T10:51:55.272+0000] {dagbag.py:540} INFO - Filling up the DagBag from /home/airflow/.local/lib/python3.12/site-packages/airflow/example_dags/example_sensors.py
[2024-05-10T10:51:55.276+0000] {processor.py:840} INFO - DAG(s) 'example_sensors' retrieved from /home/airflow/.local/lib/python3.12/site-packages/airflow/example_dags/example_sensors.py
[2024-05-10T10:51:55.288+0000] {logging_mixin.py:188} INFO - [2024-05-10T10:51:55.288+0000] {dag.py:3096} INFO - Sync 1 DAGs
[2024-05-10T10:51:55.295+0000] {logging_mixin.py:188} INFO - [2024-05-10T10:51:55.294+0000] {dag.py:3954} INFO - Setting next_dagrun for example_sensors to None, run_after=None
[2024-05-10T10:51:55.303+0000] {processor.py:183} INFO - Processing /home/airflow/.local/lib/python3.12/site-packages/airflow/example_dags/example_sensors.py took 0.035 seconds
[2024-05-10T10:52:25.877+0000] {processor.py:161} INFO - Started process (PID=515) to work on /home/airflow/.local/lib/python3.12/site-packages/airflow/example_dags/example_sensors.py
[2024-05-10T10:52:25.878+0000] {processor.py:830} INFO - Processing file /home/airflow/.local/lib/python3.12/site-packages/airflow/example_dags/example_sensors.py for tasks to queue
[2024-05-10T10:52:25.879+0000] {logging_mixin.py:188} INFO - [2024-05-10T10:52:25.879+0000] {dagbag.py:540} INFO - Filling up the DagBag from /home/airflow/.local/lib/python3.12/site-packages/airflow/example_dags/example_sensors.py
[2024-05-10T10:52:25.883+0000] {processor.py:840} INFO - DAG(s) 'example_sensors' retrieved from /home/airflow/.local/lib/python3.12/site-packages/airflow/example_dags/example_sensors.py
[2024-05-10T10:52:25.895+0000] {logging_mixin.py:188} INFO - [2024-05-10T10:52:25.895+0000] {dag.py:3096} INFO - Sync 1 DAGs
[2024-05-10T10:52:25.901+0000] {logging_mixin.py:188} INFO - [2024-05-10T10:52:25.900+0000] {dag.py:3954} INFO - Setting next_dagrun for example_sensors to None, run_after=None
[2024-05-10T10:52:25.909+0000] {processor.py:183} INFO - Processing /home/airflow/.local/lib/python3.12/site-packages/airflow/example_dags/example_sensors.py took 0.034 seconds
[2024-05-10T10:52:56.400+0000] {processor.py:161} INFO - Started process (PID=575) to work on /home/airflow/.local/lib/python3.12/site-packages/airflow/example_dags/example_sensors.py
[2024-05-10T10:52:56.401+0000] {processor.py:830} INFO - Processing file /home/airflow/.local/lib/python3.12/site-packages/airflow/example_dags/example_sensors.py for tasks to queue
[2024-05-10T10:52:56.402+0000] {logging_mixin.py:188} INFO - [2024-05-10T10:52:56.402+0000] {dagbag.py:540} INFO - Filling up the DagBag from /home/airflow/.local/lib/python3.12/site-packages/airflow/example_dags/example_sensors.py
[2024-05-10T10:52:56.406+0000] {processor.py:840} INFO - DAG(s) 'example_sensors' retrieved from /home/airflow/.local/lib/python3.12/site-packages/airflow/example_dags/example_sensors.py
[2024-05-10T10:52:56.418+0000] {logging_mixin.py:188} INFO - [2024-05-10T10:52:56.418+0000] {dag.py:3096} INFO - Sync 1 DAGs
[2024-05-10T10:52:56.424+0000] {logging_mixin.py:188} INFO - [2024-05-10T10:52:56.424+0000] {dag.py:3954} INFO - Setting next_dagrun for example_sensors to None, run_after=None
[2024-05-10T10:52:56.433+0000] {processor.py:183} INFO - Processing /home/airflow/.local/lib/python3.12/site-packages/airflow/example_dags/example_sensors.py took 0.035 seconds
[2024-05-10T10:53:26.951+0000] {processor.py:161} INFO - Started process (PID=634) to work on /home/airflow/.local/lib/python3.12/site-packages/airflow/example_dags/example_sensors.py
[2024-05-10T10:53:26.952+0000] {processor.py:830} INFO - Processing file /home/airflow/.local/lib/python3.12/site-packages/airflow/example_dags/example_sensors.py for tasks to queue
[2024-05-10T10:53:26.953+0000] {logging_mixin.py:188} INFO - [2024-05-10T10:53:26.953+0000] {dagbag.py:540} INFO - Filling up the DagBag from /home/airflow/.local/lib/python3.12/site-packages/airflow/example_dags/example_sensors.py
[2024-05-10T10:53:26.957+0000] {processor.py:840} INFO - DAG(s) 'example_sensors' retrieved from /home/airflow/.local/lib/python3.12/site-packages/airflow/example_dags/example_sensors.py
[2024-05-10T10:53:26.969+0000] {logging_mixin.py:188} INFO - [2024-05-10T10:53:26.969+0000] {dag.py:3096} INFO - Sync 1 DAGs
[2024-05-10T10:53:26.975+0000] {logging_mixin.py:188} INFO - [2024-05-10T10:53:26.975+0000] {dag.py:3954} INFO - Setting next_dagrun for example_sensors to None, run_after=None
[2024-05-10T10:53:26.984+0000] {processor.py:183} INFO - Processing /home/airflow/.local/lib/python3.12/site-packages/airflow/example_dags/example_sensors.py took 0.035 seconds
