[2024-05-10T10:49:21.569+0000] {processor.py:161} INFO - Started process (PID=148) to work on /home/airflow/.local/lib/python3.12/site-packages/airflow/example_dags/example_branch_labels.py
[2024-05-10T10:49:21.571+0000] {processor.py:830} INFO - Processing file /home/airflow/.local/lib/python3.12/site-packages/airflow/example_dags/example_branch_labels.py for tasks to queue
[2024-05-10T10:49:21.574+0000] {logging_mixin.py:188} INFO - [2024-05-10T10:49:21.574+0000] {dagbag.py:540} INFO - Filling up the DagBag from /home/airflow/.local/lib/python3.12/site-packages/airflow/example_dags/example_branch_labels.py
[2024-05-10T10:49:21.583+0000] {processor.py:840} INFO - DAG(s) 'example_branch_labels' retrieved from /home/airflow/.local/lib/python3.12/site-packages/airflow/example_dags/example_branch_labels.py
[2024-05-10T10:49:21.667+0000] {logging_mixin.py:188} INFO - [2024-05-10T10:49:21.667+0000] {dag.py:3096} INFO - Sync 1 DAGs
[2024-05-10T10:49:21.685+0000] {logging_mixin.py:188} INFO - [2024-05-10T10:49:21.685+0000] {dag.py:3954} INFO - Setting next_dagrun for example_branch_labels to 2024-05-09 00:00:00+00:00, run_after=2024-05-10 00:00:00+00:00
[2024-05-10T10:49:21.704+0000] {processor.py:183} INFO - Processing /home/airflow/.local/lib/python3.12/site-packages/airflow/example_dags/example_branch_labels.py took 0.141 seconds
[2024-05-10T10:49:52.678+0000] {processor.py:161} INFO - Started process (PID=208) to work on /home/airflow/.local/lib/python3.12/site-packages/airflow/example_dags/example_branch_labels.py
[2024-05-10T10:49:52.679+0000] {processor.py:830} INFO - Processing file /home/airflow/.local/lib/python3.12/site-packages/airflow/example_dags/example_branch_labels.py for tasks to queue
[2024-05-10T10:49:52.681+0000] {logging_mixin.py:188} INFO - [2024-05-10T10:49:52.680+0000] {dagbag.py:540} INFO - Filling up the DagBag from /home/airflow/.local/lib/python3.12/site-packages/airflow/example_dags/example_branch_labels.py
[2024-05-10T10:49:52.689+0000] {processor.py:840} INFO - DAG(s) 'example_branch_labels' retrieved from /home/airflow/.local/lib/python3.12/site-packages/airflow/example_dags/example_branch_labels.py
[2024-05-10T10:49:52.706+0000] {logging_mixin.py:188} INFO - [2024-05-10T10:49:52.705+0000] {dag.py:3096} INFO - Sync 1 DAGs
[2024-05-10T10:49:52.719+0000] {logging_mixin.py:188} INFO - [2024-05-10T10:49:52.718+0000] {dag.py:3954} INFO - Setting next_dagrun for example_branch_labels to 2024-05-09 00:00:00+00:00, run_after=2024-05-10 00:00:00+00:00
[2024-05-10T10:49:52.728+0000] {processor.py:183} INFO - Processing /home/airflow/.local/lib/python3.12/site-packages/airflow/example_dags/example_branch_labels.py took 0.058 seconds
[2024-05-10T10:50:23.276+0000] {processor.py:161} INFO - Started process (PID=268) to work on /home/airflow/.local/lib/python3.12/site-packages/airflow/example_dags/example_branch_labels.py
[2024-05-10T10:50:23.277+0000] {processor.py:830} INFO - Processing file /home/airflow/.local/lib/python3.12/site-packages/airflow/example_dags/example_branch_labels.py for tasks to queue
[2024-05-10T10:50:23.279+0000] {logging_mixin.py:188} INFO - [2024-05-10T10:50:23.278+0000] {dagbag.py:540} INFO - Filling up the DagBag from /home/airflow/.local/lib/python3.12/site-packages/airflow/example_dags/example_branch_labels.py
[2024-05-10T10:50:23.286+0000] {processor.py:840} INFO - DAG(s) 'example_branch_labels' retrieved from /home/airflow/.local/lib/python3.12/site-packages/airflow/example_dags/example_branch_labels.py
[2024-05-10T10:50:23.303+0000] {logging_mixin.py:188} INFO - [2024-05-10T10:50:23.302+0000] {dag.py:3096} INFO - Sync 1 DAGs
[2024-05-10T10:50:23.315+0000] {logging_mixin.py:188} INFO - [2024-05-10T10:50:23.315+0000] {dag.py:3954} INFO - Setting next_dagrun for example_branch_labels to 2024-05-09 00:00:00+00:00, run_after=2024-05-10 00:00:00+00:00
[2024-05-10T10:50:23.325+0000] {processor.py:183} INFO - Processing /home/airflow/.local/lib/python3.12/site-packages/airflow/example_dags/example_branch_labels.py took 0.056 seconds
[2024-05-10T10:50:53.874+0000] {processor.py:161} INFO - Started process (PID=327) to work on /home/airflow/.local/lib/python3.12/site-packages/airflow/example_dags/example_branch_labels.py
[2024-05-10T10:50:53.875+0000] {processor.py:830} INFO - Processing file /home/airflow/.local/lib/python3.12/site-packages/airflow/example_dags/example_branch_labels.py for tasks to queue
[2024-05-10T10:50:53.876+0000] {logging_mixin.py:188} INFO - [2024-05-10T10:50:53.876+0000] {dagbag.py:540} INFO - Filling up the DagBag from /home/airflow/.local/lib/python3.12/site-packages/airflow/example_dags/example_branch_labels.py
[2024-05-10T10:50:53.882+0000] {processor.py:840} INFO - DAG(s) 'example_branch_labels' retrieved from /home/airflow/.local/lib/python3.12/site-packages/airflow/example_dags/example_branch_labels.py
[2024-05-10T10:50:53.897+0000] {logging_mixin.py:188} INFO - [2024-05-10T10:50:53.896+0000] {dag.py:3096} INFO - Sync 1 DAGs
[2024-05-10T10:50:53.908+0000] {logging_mixin.py:188} INFO - [2024-05-10T10:50:53.908+0000] {dag.py:3954} INFO - Setting next_dagrun for example_branch_labels to 2024-05-09 00:00:00+00:00, run_after=2024-05-10 00:00:00+00:00
[2024-05-10T10:50:53.916+0000] {processor.py:183} INFO - Processing /home/airflow/.local/lib/python3.12/site-packages/airflow/example_dags/example_branch_labels.py took 0.047 seconds
[2024-05-10T10:51:24.457+0000] {processor.py:161} INFO - Started process (PID=387) to work on /home/airflow/.local/lib/python3.12/site-packages/airflow/example_dags/example_branch_labels.py
[2024-05-10T10:51:24.458+0000] {processor.py:830} INFO - Processing file /home/airflow/.local/lib/python3.12/site-packages/airflow/example_dags/example_branch_labels.py for tasks to queue
[2024-05-10T10:51:24.460+0000] {logging_mixin.py:188} INFO - [2024-05-10T10:51:24.460+0000] {dagbag.py:540} INFO - Filling up the DagBag from /home/airflow/.local/lib/python3.12/site-packages/airflow/example_dags/example_branch_labels.py
[2024-05-10T10:51:24.466+0000] {processor.py:840} INFO - DAG(s) 'example_branch_labels' retrieved from /home/airflow/.local/lib/python3.12/site-packages/airflow/example_dags/example_branch_labels.py
[2024-05-10T10:51:24.483+0000] {logging_mixin.py:188} INFO - [2024-05-10T10:51:24.483+0000] {dag.py:3096} INFO - Sync 1 DAGs
[2024-05-10T10:51:24.496+0000] {logging_mixin.py:188} INFO - [2024-05-10T10:51:24.496+0000] {dag.py:3954} INFO - Setting next_dagrun for example_branch_labels to 2024-05-09 00:00:00+00:00, run_after=2024-05-10 00:00:00+00:00
[2024-05-10T10:51:24.505+0000] {processor.py:183} INFO - Processing /home/airflow/.local/lib/python3.12/site-packages/airflow/example_dags/example_branch_labels.py took 0.052 seconds
[2024-05-10T10:51:55.033+0000] {processor.py:161} INFO - Started process (PID=447) to work on /home/airflow/.local/lib/python3.12/site-packages/airflow/example_dags/example_branch_labels.py
[2024-05-10T10:51:55.034+0000] {processor.py:830} INFO - Processing file /home/airflow/.local/lib/python3.12/site-packages/airflow/example_dags/example_branch_labels.py for tasks to queue
[2024-05-10T10:51:55.036+0000] {logging_mixin.py:188} INFO - [2024-05-10T10:51:55.035+0000] {dagbag.py:540} INFO - Filling up the DagBag from /home/airflow/.local/lib/python3.12/site-packages/airflow/example_dags/example_branch_labels.py
[2024-05-10T10:51:55.043+0000] {processor.py:840} INFO - DAG(s) 'example_branch_labels' retrieved from /home/airflow/.local/lib/python3.12/site-packages/airflow/example_dags/example_branch_labels.py
[2024-05-10T10:51:55.062+0000] {logging_mixin.py:188} INFO - [2024-05-10T10:51:55.061+0000] {dag.py:3096} INFO - Sync 1 DAGs
[2024-05-10T10:51:55.076+0000] {logging_mixin.py:188} INFO - [2024-05-10T10:51:55.076+0000] {dag.py:3954} INFO - Setting next_dagrun for example_branch_labels to 2024-05-09 00:00:00+00:00, run_after=2024-05-10 00:00:00+00:00
[2024-05-10T10:51:55.088+0000] {processor.py:183} INFO - Processing /home/airflow/.local/lib/python3.12/site-packages/airflow/example_dags/example_branch_labels.py took 0.061 seconds
[2024-05-10T10:52:25.622+0000] {processor.py:161} INFO - Started process (PID=507) to work on /home/airflow/.local/lib/python3.12/site-packages/airflow/example_dags/example_branch_labels.py
[2024-05-10T10:52:25.623+0000] {processor.py:830} INFO - Processing file /home/airflow/.local/lib/python3.12/site-packages/airflow/example_dags/example_branch_labels.py for tasks to queue
[2024-05-10T10:52:25.624+0000] {logging_mixin.py:188} INFO - [2024-05-10T10:52:25.624+0000] {dagbag.py:540} INFO - Filling up the DagBag from /home/airflow/.local/lib/python3.12/site-packages/airflow/example_dags/example_branch_labels.py
[2024-05-10T10:52:25.630+0000] {processor.py:840} INFO - DAG(s) 'example_branch_labels' retrieved from /home/airflow/.local/lib/python3.12/site-packages/airflow/example_dags/example_branch_labels.py
[2024-05-10T10:52:25.651+0000] {logging_mixin.py:188} INFO - [2024-05-10T10:52:25.650+0000] {dag.py:3096} INFO - Sync 1 DAGs
[2024-05-10T10:52:25.667+0000] {logging_mixin.py:188} INFO - [2024-05-10T10:52:25.667+0000] {dag.py:3954} INFO - Setting next_dagrun for example_branch_labels to 2024-05-09 00:00:00+00:00, run_after=2024-05-10 00:00:00+00:00
[2024-05-10T10:52:25.677+0000] {processor.py:183} INFO - Processing /home/airflow/.local/lib/python3.12/site-packages/airflow/example_dags/example_branch_labels.py took 0.059 seconds
[2024-05-10T10:52:56.175+0000] {processor.py:161} INFO - Started process (PID=567) to work on /home/airflow/.local/lib/python3.12/site-packages/airflow/example_dags/example_branch_labels.py
[2024-05-10T10:52:56.176+0000] {processor.py:830} INFO - Processing file /home/airflow/.local/lib/python3.12/site-packages/airflow/example_dags/example_branch_labels.py for tasks to queue
[2024-05-10T10:52:56.178+0000] {logging_mixin.py:188} INFO - [2024-05-10T10:52:56.178+0000] {dagbag.py:540} INFO - Filling up the DagBag from /home/airflow/.local/lib/python3.12/site-packages/airflow/example_dags/example_branch_labels.py
[2024-05-10T10:52:56.185+0000] {processor.py:840} INFO - DAG(s) 'example_branch_labels' retrieved from /home/airflow/.local/lib/python3.12/site-packages/airflow/example_dags/example_branch_labels.py
[2024-05-10T10:52:56.202+0000] {logging_mixin.py:188} INFO - [2024-05-10T10:52:56.202+0000] {dag.py:3096} INFO - Sync 1 DAGs
[2024-05-10T10:52:56.217+0000] {logging_mixin.py:188} INFO - [2024-05-10T10:52:56.217+0000] {dag.py:3954} INFO - Setting next_dagrun for example_branch_labels to 2024-05-09 00:00:00+00:00, run_after=2024-05-10 00:00:00+00:00
[2024-05-10T10:52:56.226+0000] {processor.py:183} INFO - Processing /home/airflow/.local/lib/python3.12/site-packages/airflow/example_dags/example_branch_labels.py took 0.058 seconds
[2024-05-10T10:53:26.732+0000] {processor.py:161} INFO - Started process (PID=626) to work on /home/airflow/.local/lib/python3.12/site-packages/airflow/example_dags/example_branch_labels.py
[2024-05-10T10:53:26.733+0000] {processor.py:830} INFO - Processing file /home/airflow/.local/lib/python3.12/site-packages/airflow/example_dags/example_branch_labels.py for tasks to queue
[2024-05-10T10:53:26.735+0000] {logging_mixin.py:188} INFO - [2024-05-10T10:53:26.734+0000] {dagbag.py:540} INFO - Filling up the DagBag from /home/airflow/.local/lib/python3.12/site-packages/airflow/example_dags/example_branch_labels.py
[2024-05-10T10:53:26.741+0000] {processor.py:840} INFO - DAG(s) 'example_branch_labels' retrieved from /home/airflow/.local/lib/python3.12/site-packages/airflow/example_dags/example_branch_labels.py
[2024-05-10T10:53:26.757+0000] {logging_mixin.py:188} INFO - [2024-05-10T10:53:26.757+0000] {dag.py:3096} INFO - Sync 1 DAGs
[2024-05-10T10:53:26.771+0000] {logging_mixin.py:188} INFO - [2024-05-10T10:53:26.771+0000] {dag.py:3954} INFO - Setting next_dagrun for example_branch_labels to 2024-05-09 00:00:00+00:00, run_after=2024-05-10 00:00:00+00:00
[2024-05-10T10:53:26.781+0000] {processor.py:183} INFO - Processing /home/airflow/.local/lib/python3.12/site-packages/airflow/example_dags/example_branch_labels.py took 0.056 seconds
