[2024-05-10T10:49:23.414+0000] {processor.py:161} INFO - Started process (PID=173) to work on /home/airflow/.local/lib/python3.12/site-packages/airflow/example_dags/example_xcomargs.py
[2024-05-10T10:49:23.415+0000] {processor.py:830} INFO - Processing file /home/airflow/.local/lib/python3.12/site-packages/airflow/example_dags/example_xcomargs.py for tasks to queue
[2024-05-10T10:49:23.416+0000] {logging_mixin.py:188} INFO - [2024-05-10T10:49:23.416+0000] {dagbag.py:540} INFO - Filling up the DagBag from /home/airflow/.local/lib/python3.12/site-packages/airflow/example_dags/example_xcomargs.py
[2024-05-10T10:49:23.421+0000] {processor.py:840} INFO - DAG(s) 'example_xcom_args', 'example_xcom_args_with_operators' retrieved from /home/airflow/.local/lib/python3.12/site-packages/airflow/example_dags/example_xcomargs.py
[2024-05-10T10:49:23.474+0000] {logging_mixin.py:188} INFO - [2024-05-10T10:49:23.474+0000] {dag.py:3096} INFO - Sync 2 DAGs
[2024-05-10T10:49:23.482+0000] {logging_mixin.py:188} INFO - [2024-05-10T10:49:23.482+0000] {dag.py:3954} INFO - Setting next_dagrun for example_xcom_args to None, run_after=None
[2024-05-10T10:49:23.487+0000] {logging_mixin.py:188} INFO - [2024-05-10T10:49:23.487+0000] {dag.py:3954} INFO - Setting next_dagrun for example_xcom_args_with_operators to None, run_after=None
[2024-05-10T10:49:23.501+0000] {processor.py:183} INFO - Processing /home/airflow/.local/lib/python3.12/site-packages/airflow/example_dags/example_xcomargs.py took 0.090 seconds
[2024-05-10T10:49:54.328+0000] {processor.py:161} INFO - Started process (PID=233) to work on /home/airflow/.local/lib/python3.12/site-packages/airflow/example_dags/example_xcomargs.py
[2024-05-10T10:49:54.328+0000] {processor.py:830} INFO - Processing file /home/airflow/.local/lib/python3.12/site-packages/airflow/example_dags/example_xcomargs.py for tasks to queue
[2024-05-10T10:49:54.329+0000] {logging_mixin.py:188} INFO - [2024-05-10T10:49:54.329+0000] {dagbag.py:540} INFO - Filling up the DagBag from /home/airflow/.local/lib/python3.12/site-packages/airflow/example_dags/example_xcomargs.py
[2024-05-10T10:49:54.333+0000] {processor.py:840} INFO - DAG(s) 'example_xcom_args_with_operators', 'example_xcom_args' retrieved from /home/airflow/.local/lib/python3.12/site-packages/airflow/example_dags/example_xcomargs.py
[2024-05-10T10:49:54.344+0000] {logging_mixin.py:188} INFO - [2024-05-10T10:49:54.344+0000] {dag.py:3096} INFO - Sync 2 DAGs
[2024-05-10T10:49:54.350+0000] {logging_mixin.py:188} INFO - [2024-05-10T10:49:54.350+0000] {dag.py:3954} INFO - Setting next_dagrun for example_xcom_args to None, run_after=None
[2024-05-10T10:49:54.352+0000] {logging_mixin.py:188} INFO - [2024-05-10T10:49:54.352+0000] {dag.py:3954} INFO - Setting next_dagrun for example_xcom_args_with_operators to None, run_after=None
[2024-05-10T10:49:54.358+0000] {processor.py:183} INFO - Processing /home/airflow/.local/lib/python3.12/site-packages/airflow/example_dags/example_xcomargs.py took 0.033 seconds
[2024-05-10T10:50:24.932+0000] {processor.py:161} INFO - Started process (PID=293) to work on /home/airflow/.local/lib/python3.12/site-packages/airflow/example_dags/example_xcomargs.py
[2024-05-10T10:50:24.932+0000] {processor.py:830} INFO - Processing file /home/airflow/.local/lib/python3.12/site-packages/airflow/example_dags/example_xcomargs.py for tasks to queue
[2024-05-10T10:50:24.933+0000] {logging_mixin.py:188} INFO - [2024-05-10T10:50:24.933+0000] {dagbag.py:540} INFO - Filling up the DagBag from /home/airflow/.local/lib/python3.12/site-packages/airflow/example_dags/example_xcomargs.py
[2024-05-10T10:50:24.937+0000] {processor.py:840} INFO - DAG(s) 'example_xcom_args', 'example_xcom_args_with_operators' retrieved from /home/airflow/.local/lib/python3.12/site-packages/airflow/example_dags/example_xcomargs.py
[2024-05-10T10:50:24.947+0000] {logging_mixin.py:188} INFO - [2024-05-10T10:50:24.947+0000] {dag.py:3096} INFO - Sync 2 DAGs
[2024-05-10T10:50:24.953+0000] {logging_mixin.py:188} INFO - [2024-05-10T10:50:24.953+0000] {dag.py:3954} INFO - Setting next_dagrun for example_xcom_args to None, run_after=None
[2024-05-10T10:50:24.955+0000] {logging_mixin.py:188} INFO - [2024-05-10T10:50:24.955+0000] {dag.py:3954} INFO - Setting next_dagrun for example_xcom_args_with_operators to None, run_after=None
[2024-05-10T10:50:24.962+0000] {processor.py:183} INFO - Processing /home/airflow/.local/lib/python3.12/site-packages/airflow/example_dags/example_xcomargs.py took 0.033 seconds
[2024-05-10T10:50:55.578+0000] {processor.py:161} INFO - Started process (PID=352) to work on /home/airflow/.local/lib/python3.12/site-packages/airflow/example_dags/example_xcomargs.py
[2024-05-10T10:50:55.578+0000] {processor.py:830} INFO - Processing file /home/airflow/.local/lib/python3.12/site-packages/airflow/example_dags/example_xcomargs.py for tasks to queue
[2024-05-10T10:50:55.579+0000] {logging_mixin.py:188} INFO - [2024-05-10T10:50:55.579+0000] {dagbag.py:540} INFO - Filling up the DagBag from /home/airflow/.local/lib/python3.12/site-packages/airflow/example_dags/example_xcomargs.py
[2024-05-10T10:50:55.583+0000] {processor.py:840} INFO - DAG(s) 'example_xcom_args_with_operators', 'example_xcom_args' retrieved from /home/airflow/.local/lib/python3.12/site-packages/airflow/example_dags/example_xcomargs.py
[2024-05-10T10:50:55.594+0000] {logging_mixin.py:188} INFO - [2024-05-10T10:50:55.594+0000] {dag.py:3096} INFO - Sync 2 DAGs
[2024-05-10T10:50:55.599+0000] {logging_mixin.py:188} INFO - [2024-05-10T10:50:55.599+0000] {dag.py:3954} INFO - Setting next_dagrun for example_xcom_args to None, run_after=None
[2024-05-10T10:50:55.601+0000] {logging_mixin.py:188} INFO - [2024-05-10T10:50:55.601+0000] {dag.py:3954} INFO - Setting next_dagrun for example_xcom_args_with_operators to None, run_after=None
[2024-05-10T10:50:55.608+0000] {processor.py:183} INFO - Processing /home/airflow/.local/lib/python3.12/site-packages/airflow/example_dags/example_xcomargs.py took 0.033 seconds
[2024-05-10T10:51:26.122+0000] {processor.py:161} INFO - Started process (PID=412) to work on /home/airflow/.local/lib/python3.12/site-packages/airflow/example_dags/example_xcomargs.py
[2024-05-10T10:51:26.122+0000] {processor.py:830} INFO - Processing file /home/airflow/.local/lib/python3.12/site-packages/airflow/example_dags/example_xcomargs.py for tasks to queue
[2024-05-10T10:51:26.123+0000] {logging_mixin.py:188} INFO - [2024-05-10T10:51:26.123+0000] {dagbag.py:540} INFO - Filling up the DagBag from /home/airflow/.local/lib/python3.12/site-packages/airflow/example_dags/example_xcomargs.py
[2024-05-10T10:51:26.127+0000] {processor.py:840} INFO - DAG(s) 'example_xcom_args', 'example_xcom_args_with_operators' retrieved from /home/airflow/.local/lib/python3.12/site-packages/airflow/example_dags/example_xcomargs.py
[2024-05-10T10:51:26.138+0000] {logging_mixin.py:188} INFO - [2024-05-10T10:51:26.138+0000] {dag.py:3096} INFO - Sync 2 DAGs
[2024-05-10T10:51:26.143+0000] {logging_mixin.py:188} INFO - [2024-05-10T10:51:26.143+0000] {dag.py:3954} INFO - Setting next_dagrun for example_xcom_args to None, run_after=None
[2024-05-10T10:51:26.145+0000] {logging_mixin.py:188} INFO - [2024-05-10T10:51:26.145+0000] {dag.py:3954} INFO - Setting next_dagrun for example_xcom_args_with_operators to None, run_after=None
[2024-05-10T10:51:26.152+0000] {processor.py:183} INFO - Processing /home/airflow/.local/lib/python3.12/site-packages/airflow/example_dags/example_xcomargs.py took 0.033 seconds
[2024-05-10T10:51:56.694+0000] {processor.py:161} INFO - Started process (PID=472) to work on /home/airflow/.local/lib/python3.12/site-packages/airflow/example_dags/example_xcomargs.py
[2024-05-10T10:51:56.694+0000] {processor.py:830} INFO - Processing file /home/airflow/.local/lib/python3.12/site-packages/airflow/example_dags/example_xcomargs.py for tasks to queue
[2024-05-10T10:51:56.695+0000] {logging_mixin.py:188} INFO - [2024-05-10T10:51:56.695+0000] {dagbag.py:540} INFO - Filling up the DagBag from /home/airflow/.local/lib/python3.12/site-packages/airflow/example_dags/example_xcomargs.py
[2024-05-10T10:51:56.699+0000] {processor.py:840} INFO - DAG(s) 'example_xcom_args_with_operators', 'example_xcom_args' retrieved from /home/airflow/.local/lib/python3.12/site-packages/airflow/example_dags/example_xcomargs.py
[2024-05-10T10:51:56.710+0000] {logging_mixin.py:188} INFO - [2024-05-10T10:51:56.710+0000] {dag.py:3096} INFO - Sync 2 DAGs
[2024-05-10T10:51:56.715+0000] {logging_mixin.py:188} INFO - [2024-05-10T10:51:56.715+0000] {dag.py:3954} INFO - Setting next_dagrun for example_xcom_args to None, run_after=None
[2024-05-10T10:51:56.717+0000] {logging_mixin.py:188} INFO - [2024-05-10T10:51:56.716+0000] {dag.py:3954} INFO - Setting next_dagrun for example_xcom_args_with_operators to None, run_after=None
[2024-05-10T10:51:56.723+0000] {processor.py:183} INFO - Processing /home/airflow/.local/lib/python3.12/site-packages/airflow/example_dags/example_xcomargs.py took 0.032 seconds
[2024-05-10T10:52:27.278+0000] {processor.py:161} INFO - Started process (PID=532) to work on /home/airflow/.local/lib/python3.12/site-packages/airflow/example_dags/example_xcomargs.py
[2024-05-10T10:52:27.278+0000] {processor.py:830} INFO - Processing file /home/airflow/.local/lib/python3.12/site-packages/airflow/example_dags/example_xcomargs.py for tasks to queue
[2024-05-10T10:52:27.280+0000] {logging_mixin.py:188} INFO - [2024-05-10T10:52:27.279+0000] {dagbag.py:540} INFO - Filling up the DagBag from /home/airflow/.local/lib/python3.12/site-packages/airflow/example_dags/example_xcomargs.py
[2024-05-10T10:52:27.284+0000] {processor.py:840} INFO - DAG(s) 'example_xcom_args', 'example_xcom_args_with_operators' retrieved from /home/airflow/.local/lib/python3.12/site-packages/airflow/example_dags/example_xcomargs.py
[2024-05-10T10:52:27.295+0000] {logging_mixin.py:188} INFO - [2024-05-10T10:52:27.295+0000] {dag.py:3096} INFO - Sync 2 DAGs
[2024-05-10T10:52:27.300+0000] {logging_mixin.py:188} INFO - [2024-05-10T10:52:27.300+0000] {dag.py:3954} INFO - Setting next_dagrun for example_xcom_args to None, run_after=None
[2024-05-10T10:52:27.302+0000] {logging_mixin.py:188} INFO - [2024-05-10T10:52:27.302+0000] {dag.py:3954} INFO - Setting next_dagrun for example_xcom_args_with_operators to None, run_after=None
[2024-05-10T10:52:27.311+0000] {processor.py:183} INFO - Processing /home/airflow/.local/lib/python3.12/site-packages/airflow/example_dags/example_xcomargs.py took 0.036 seconds
[2024-05-10T10:52:57.824+0000] {processor.py:161} INFO - Started process (PID=592) to work on /home/airflow/.local/lib/python3.12/site-packages/airflow/example_dags/example_xcomargs.py
[2024-05-10T10:52:57.825+0000] {processor.py:830} INFO - Processing file /home/airflow/.local/lib/python3.12/site-packages/airflow/example_dags/example_xcomargs.py for tasks to queue
[2024-05-10T10:52:57.826+0000] {logging_mixin.py:188} INFO - [2024-05-10T10:52:57.825+0000] {dagbag.py:540} INFO - Filling up the DagBag from /home/airflow/.local/lib/python3.12/site-packages/airflow/example_dags/example_xcomargs.py
[2024-05-10T10:52:57.830+0000] {processor.py:840} INFO - DAG(s) 'example_xcom_args_with_operators', 'example_xcom_args' retrieved from /home/airflow/.local/lib/python3.12/site-packages/airflow/example_dags/example_xcomargs.py
[2024-05-10T10:52:57.840+0000] {logging_mixin.py:188} INFO - [2024-05-10T10:52:57.840+0000] {dag.py:3096} INFO - Sync 2 DAGs
[2024-05-10T10:52:57.846+0000] {logging_mixin.py:188} INFO - [2024-05-10T10:52:57.846+0000] {dag.py:3954} INFO - Setting next_dagrun for example_xcom_args to None, run_after=None
[2024-05-10T10:52:57.848+0000] {logging_mixin.py:188} INFO - [2024-05-10T10:52:57.848+0000] {dag.py:3954} INFO - Setting next_dagrun for example_xcom_args_with_operators to None, run_after=None
[2024-05-10T10:52:57.855+0000] {processor.py:183} INFO - Processing /home/airflow/.local/lib/python3.12/site-packages/airflow/example_dags/example_xcomargs.py took 0.033 seconds
[2024-05-10T10:53:28.390+0000] {processor.py:161} INFO - Started process (PID=651) to work on /home/airflow/.local/lib/python3.12/site-packages/airflow/example_dags/example_xcomargs.py
[2024-05-10T10:53:28.391+0000] {processor.py:830} INFO - Processing file /home/airflow/.local/lib/python3.12/site-packages/airflow/example_dags/example_xcomargs.py for tasks to queue
[2024-05-10T10:53:28.392+0000] {logging_mixin.py:188} INFO - [2024-05-10T10:53:28.392+0000] {dagbag.py:540} INFO - Filling up the DagBag from /home/airflow/.local/lib/python3.12/site-packages/airflow/example_dags/example_xcomargs.py
[2024-05-10T10:53:28.396+0000] {processor.py:840} INFO - DAG(s) 'example_xcom_args', 'example_xcom_args_with_operators' retrieved from /home/airflow/.local/lib/python3.12/site-packages/airflow/example_dags/example_xcomargs.py
[2024-05-10T10:53:28.409+0000] {logging_mixin.py:188} INFO - [2024-05-10T10:53:28.409+0000] {dag.py:3096} INFO - Sync 2 DAGs
[2024-05-10T10:53:28.415+0000] {logging_mixin.py:188} INFO - [2024-05-10T10:53:28.415+0000] {dag.py:3954} INFO - Setting next_dagrun for example_xcom_args to None, run_after=None
[2024-05-10T10:53:28.418+0000] {logging_mixin.py:188} INFO - [2024-05-10T10:53:28.417+0000] {dag.py:3954} INFO - Setting next_dagrun for example_xcom_args_with_operators to None, run_after=None
[2024-05-10T10:53:28.426+0000] {processor.py:183} INFO - Processing /home/airflow/.local/lib/python3.12/site-packages/airflow/example_dags/example_xcomargs.py took 0.039 seconds
