[2024-05-10T10:49:23.215+0000] {processor.py:161} INFO - Started process (PID=170) to work on /home/airflow/.local/lib/python3.12/site-packages/airflow/example_dags/example_sla_dag.py
[2024-05-10T10:49:23.216+0000] {processor.py:830} INFO - Processing file /home/airflow/.local/lib/python3.12/site-packages/airflow/example_dags/example_sla_dag.py for tasks to queue
[2024-05-10T10:49:23.217+0000] {logging_mixin.py:188} INFO - [2024-05-10T10:49:23.217+0000] {dagbag.py:540} INFO - Filling up the DagBag from /home/airflow/.local/lib/python3.12/site-packages/airflow/example_dags/example_sla_dag.py
[2024-05-10T10:49:23.224+0000] {processor.py:840} INFO - DAG(s) 'example_sla_dag' retrieved from /home/airflow/.local/lib/python3.12/site-packages/airflow/example_dags/example_sla_dag.py
[2024-05-10T10:49:23.274+0000] {logging_mixin.py:188} INFO - [2024-05-10T10:49:23.274+0000] {dag.py:3096} INFO - Sync 1 DAGs
[2024-05-10T10:49:23.286+0000] {logging_mixin.py:188} INFO - [2024-05-10T10:49:23.286+0000] {dag.py:3954} INFO - Setting next_dagrun for example_sla_dag to 2024-05-10 10:46:00+00:00, run_after=2024-05-10 10:48:00+00:00
[2024-05-10T10:49:23.294+0000] {processor.py:183} INFO - Processing /home/airflow/.local/lib/python3.12/site-packages/airflow/example_dags/example_sla_dag.py took 0.082 seconds
[2024-05-10T10:49:54.267+0000] {processor.py:161} INFO - Started process (PID=230) to work on /home/airflow/.local/lib/python3.12/site-packages/airflow/example_dags/example_sla_dag.py
[2024-05-10T10:49:54.268+0000] {processor.py:830} INFO - Processing file /home/airflow/.local/lib/python3.12/site-packages/airflow/example_dags/example_sla_dag.py for tasks to queue
[2024-05-10T10:49:54.269+0000] {logging_mixin.py:188} INFO - [2024-05-10T10:49:54.268+0000] {dagbag.py:540} INFO - Filling up the DagBag from /home/airflow/.local/lib/python3.12/site-packages/airflow/example_dags/example_sla_dag.py
[2024-05-10T10:49:54.273+0000] {processor.py:840} INFO - DAG(s) 'example_sla_dag' retrieved from /home/airflow/.local/lib/python3.12/site-packages/airflow/example_dags/example_sla_dag.py
[2024-05-10T10:49:54.282+0000] {logging_mixin.py:188} INFO - [2024-05-10T10:49:54.282+0000] {dag.py:3096} INFO - Sync 1 DAGs
[2024-05-10T10:49:54.293+0000] {logging_mixin.py:188} INFO - [2024-05-10T10:49:54.293+0000] {dag.py:3954} INFO - Setting next_dagrun for example_sla_dag to 2024-05-10 10:46:00+00:00, run_after=2024-05-10 10:48:00+00:00
[2024-05-10T10:49:54.301+0000] {processor.py:183} INFO - Processing /home/airflow/.local/lib/python3.12/site-packages/airflow/example_dags/example_sla_dag.py took 0.037 seconds
[2024-05-10T10:50:24.871+0000] {processor.py:161} INFO - Started process (PID=290) to work on /home/airflow/.local/lib/python3.12/site-packages/airflow/example_dags/example_sla_dag.py
[2024-05-10T10:50:24.872+0000] {processor.py:830} INFO - Processing file /home/airflow/.local/lib/python3.12/site-packages/airflow/example_dags/example_sla_dag.py for tasks to queue
[2024-05-10T10:50:24.873+0000] {logging_mixin.py:188} INFO - [2024-05-10T10:50:24.872+0000] {dagbag.py:540} INFO - Filling up the DagBag from /home/airflow/.local/lib/python3.12/site-packages/airflow/example_dags/example_sla_dag.py
[2024-05-10T10:50:24.877+0000] {processor.py:840} INFO - DAG(s) 'example_sla_dag' retrieved from /home/airflow/.local/lib/python3.12/site-packages/airflow/example_dags/example_sla_dag.py
[2024-05-10T10:50:24.886+0000] {logging_mixin.py:188} INFO - [2024-05-10T10:50:24.886+0000] {dag.py:3096} INFO - Sync 1 DAGs
[2024-05-10T10:50:24.897+0000] {logging_mixin.py:188} INFO - [2024-05-10T10:50:24.897+0000] {dag.py:3954} INFO - Setting next_dagrun for example_sla_dag to 2024-05-10 10:48:00+00:00, run_after=2024-05-10 10:50:00+00:00
[2024-05-10T10:50:24.905+0000] {processor.py:183} INFO - Processing /home/airflow/.local/lib/python3.12/site-packages/airflow/example_dags/example_sla_dag.py took 0.037 seconds
[2024-05-10T10:50:55.518+0000] {processor.py:161} INFO - Started process (PID=349) to work on /home/airflow/.local/lib/python3.12/site-packages/airflow/example_dags/example_sla_dag.py
[2024-05-10T10:50:55.519+0000] {processor.py:830} INFO - Processing file /home/airflow/.local/lib/python3.12/site-packages/airflow/example_dags/example_sla_dag.py for tasks to queue
[2024-05-10T10:50:55.520+0000] {logging_mixin.py:188} INFO - [2024-05-10T10:50:55.520+0000] {dagbag.py:540} INFO - Filling up the DagBag from /home/airflow/.local/lib/python3.12/site-packages/airflow/example_dags/example_sla_dag.py
[2024-05-10T10:50:55.524+0000] {processor.py:840} INFO - DAG(s) 'example_sla_dag' retrieved from /home/airflow/.local/lib/python3.12/site-packages/airflow/example_dags/example_sla_dag.py
[2024-05-10T10:50:55.533+0000] {logging_mixin.py:188} INFO - [2024-05-10T10:50:55.533+0000] {dag.py:3096} INFO - Sync 1 DAGs
[2024-05-10T10:50:55.544+0000] {logging_mixin.py:188} INFO - [2024-05-10T10:50:55.544+0000] {dag.py:3954} INFO - Setting next_dagrun for example_sla_dag to 2024-05-10 10:48:00+00:00, run_after=2024-05-10 10:50:00+00:00
[2024-05-10T10:50:55.551+0000] {processor.py:183} INFO - Processing /home/airflow/.local/lib/python3.12/site-packages/airflow/example_dags/example_sla_dag.py took 0.036 seconds
[2024-05-10T10:51:26.061+0000] {processor.py:161} INFO - Started process (PID=409) to work on /home/airflow/.local/lib/python3.12/site-packages/airflow/example_dags/example_sla_dag.py
[2024-05-10T10:51:26.062+0000] {processor.py:830} INFO - Processing file /home/airflow/.local/lib/python3.12/site-packages/airflow/example_dags/example_sla_dag.py for tasks to queue
[2024-05-10T10:51:26.063+0000] {logging_mixin.py:188} INFO - [2024-05-10T10:51:26.062+0000] {dagbag.py:540} INFO - Filling up the DagBag from /home/airflow/.local/lib/python3.12/site-packages/airflow/example_dags/example_sla_dag.py
[2024-05-10T10:51:26.067+0000] {processor.py:840} INFO - DAG(s) 'example_sla_dag' retrieved from /home/airflow/.local/lib/python3.12/site-packages/airflow/example_dags/example_sla_dag.py
[2024-05-10T10:51:26.077+0000] {logging_mixin.py:188} INFO - [2024-05-10T10:51:26.077+0000] {dag.py:3096} INFO - Sync 1 DAGs
[2024-05-10T10:51:26.087+0000] {logging_mixin.py:188} INFO - [2024-05-10T10:51:26.087+0000] {dag.py:3954} INFO - Setting next_dagrun for example_sla_dag to 2024-05-10 10:48:00+00:00, run_after=2024-05-10 10:50:00+00:00
[2024-05-10T10:51:26.095+0000] {processor.py:183} INFO - Processing /home/airflow/.local/lib/python3.12/site-packages/airflow/example_dags/example_sla_dag.py took 0.037 seconds
[2024-05-10T10:51:56.636+0000] {processor.py:161} INFO - Started process (PID=469) to work on /home/airflow/.local/lib/python3.12/site-packages/airflow/example_dags/example_sla_dag.py
[2024-05-10T10:51:56.636+0000] {processor.py:830} INFO - Processing file /home/airflow/.local/lib/python3.12/site-packages/airflow/example_dags/example_sla_dag.py for tasks to queue
[2024-05-10T10:51:56.637+0000] {logging_mixin.py:188} INFO - [2024-05-10T10:51:56.637+0000] {dagbag.py:540} INFO - Filling up the DagBag from /home/airflow/.local/lib/python3.12/site-packages/airflow/example_dags/example_sla_dag.py
[2024-05-10T10:51:56.641+0000] {processor.py:840} INFO - DAG(s) 'example_sla_dag' retrieved from /home/airflow/.local/lib/python3.12/site-packages/airflow/example_dags/example_sla_dag.py
[2024-05-10T10:51:56.651+0000] {logging_mixin.py:188} INFO - [2024-05-10T10:51:56.650+0000] {dag.py:3096} INFO - Sync 1 DAGs
[2024-05-10T10:51:56.661+0000] {logging_mixin.py:188} INFO - [2024-05-10T10:51:56.661+0000] {dag.py:3954} INFO - Setting next_dagrun for example_sla_dag to 2024-05-10 10:48:00+00:00, run_after=2024-05-10 10:50:00+00:00
[2024-05-10T10:51:56.668+0000] {processor.py:183} INFO - Processing /home/airflow/.local/lib/python3.12/site-packages/airflow/example_dags/example_sla_dag.py took 0.036 seconds
[2024-05-10T10:52:27.214+0000] {processor.py:161} INFO - Started process (PID=529) to work on /home/airflow/.local/lib/python3.12/site-packages/airflow/example_dags/example_sla_dag.py
[2024-05-10T10:52:27.215+0000] {processor.py:830} INFO - Processing file /home/airflow/.local/lib/python3.12/site-packages/airflow/example_dags/example_sla_dag.py for tasks to queue
[2024-05-10T10:52:27.216+0000] {logging_mixin.py:188} INFO - [2024-05-10T10:52:27.216+0000] {dagbag.py:540} INFO - Filling up the DagBag from /home/airflow/.local/lib/python3.12/site-packages/airflow/example_dags/example_sla_dag.py
[2024-05-10T10:52:27.220+0000] {processor.py:840} INFO - DAG(s) 'example_sla_dag' retrieved from /home/airflow/.local/lib/python3.12/site-packages/airflow/example_dags/example_sla_dag.py
[2024-05-10T10:52:27.231+0000] {logging_mixin.py:188} INFO - [2024-05-10T10:52:27.230+0000] {dag.py:3096} INFO - Sync 1 DAGs
[2024-05-10T10:52:27.242+0000] {logging_mixin.py:188} INFO - [2024-05-10T10:52:27.242+0000] {dag.py:3954} INFO - Setting next_dagrun for example_sla_dag to 2024-05-10 10:50:00+00:00, run_after=2024-05-10 10:52:00+00:00
[2024-05-10T10:52:27.250+0000] {processor.py:183} INFO - Processing /home/airflow/.local/lib/python3.12/site-packages/airflow/example_dags/example_sla_dag.py took 0.039 seconds
[2024-05-10T10:52:57.761+0000] {processor.py:161} INFO - Started process (PID=589) to work on /home/airflow/.local/lib/python3.12/site-packages/airflow/example_dags/example_sla_dag.py
[2024-05-10T10:52:57.762+0000] {processor.py:830} INFO - Processing file /home/airflow/.local/lib/python3.12/site-packages/airflow/example_dags/example_sla_dag.py for tasks to queue
[2024-05-10T10:52:57.763+0000] {logging_mixin.py:188} INFO - [2024-05-10T10:52:57.763+0000] {dagbag.py:540} INFO - Filling up the DagBag from /home/airflow/.local/lib/python3.12/site-packages/airflow/example_dags/example_sla_dag.py
[2024-05-10T10:52:57.767+0000] {processor.py:840} INFO - DAG(s) 'example_sla_dag' retrieved from /home/airflow/.local/lib/python3.12/site-packages/airflow/example_dags/example_sla_dag.py
[2024-05-10T10:52:57.776+0000] {logging_mixin.py:188} INFO - [2024-05-10T10:52:57.776+0000] {dag.py:3096} INFO - Sync 1 DAGs
[2024-05-10T10:52:57.787+0000] {logging_mixin.py:188} INFO - [2024-05-10T10:52:57.787+0000] {dag.py:3954} INFO - Setting next_dagrun for example_sla_dag to 2024-05-10 10:50:00+00:00, run_after=2024-05-10 10:52:00+00:00
[2024-05-10T10:52:57.795+0000] {processor.py:183} INFO - Processing /home/airflow/.local/lib/python3.12/site-packages/airflow/example_dags/example_sla_dag.py took 0.037 seconds
[2024-05-10T10:53:28.327+0000] {processor.py:161} INFO - Started process (PID=648) to work on /home/airflow/.local/lib/python3.12/site-packages/airflow/example_dags/example_sla_dag.py
[2024-05-10T10:53:28.331+0000] {processor.py:830} INFO - Processing file /home/airflow/.local/lib/python3.12/site-packages/airflow/example_dags/example_sla_dag.py for tasks to queue
[2024-05-10T10:53:28.332+0000] {logging_mixin.py:188} INFO - [2024-05-10T10:53:28.332+0000] {dagbag.py:540} INFO - Filling up the DagBag from /home/airflow/.local/lib/python3.12/site-packages/airflow/example_dags/example_sla_dag.py
[2024-05-10T10:53:28.336+0000] {processor.py:840} INFO - DAG(s) 'example_sla_dag' retrieved from /home/airflow/.local/lib/python3.12/site-packages/airflow/example_dags/example_sla_dag.py
[2024-05-10T10:53:28.345+0000] {logging_mixin.py:188} INFO - [2024-05-10T10:53:28.345+0000] {dag.py:3096} INFO - Sync 1 DAGs
[2024-05-10T10:53:28.355+0000] {logging_mixin.py:188} INFO - [2024-05-10T10:53:28.355+0000] {dag.py:3954} INFO - Setting next_dagrun for example_sla_dag to 2024-05-10 10:50:00+00:00, run_after=2024-05-10 10:52:00+00:00
[2024-05-10T10:53:28.363+0000] {processor.py:183} INFO - Processing /home/airflow/.local/lib/python3.12/site-packages/airflow/example_dags/example_sla_dag.py took 0.039 seconds
[2024-05-10T10:53:58.898+0000] {processor.py:161} INFO - Started process (PID=708) to work on /home/airflow/.local/lib/python3.12/site-packages/airflow/example_dags/example_sla_dag.py
[2024-05-10T10:53:58.898+0000] {processor.py:830} INFO - Processing file /home/airflow/.local/lib/python3.12/site-packages/airflow/example_dags/example_sla_dag.py for tasks to queue
[2024-05-10T10:53:58.899+0000] {logging_mixin.py:188} INFO - [2024-05-10T10:53:58.899+0000] {dagbag.py:540} INFO - Filling up the DagBag from /home/airflow/.local/lib/python3.12/site-packages/airflow/example_dags/example_sla_dag.py
[2024-05-10T10:53:58.903+0000] {processor.py:840} INFO - DAG(s) 'example_sla_dag' retrieved from /home/airflow/.local/lib/python3.12/site-packages/airflow/example_dags/example_sla_dag.py
[2024-05-10T10:53:58.912+0000] {logging_mixin.py:188} INFO - [2024-05-10T10:53:58.912+0000] {dag.py:3096} INFO - Sync 1 DAGs
[2024-05-10T10:53:58.923+0000] {logging_mixin.py:188} INFO - [2024-05-10T10:53:58.923+0000] {dag.py:3954} INFO - Setting next_dagrun for example_sla_dag to 2024-05-10 10:50:00+00:00, run_after=2024-05-10 10:52:00+00:00
[2024-05-10T10:53:58.930+0000] {processor.py:183} INFO - Processing /home/airflow/.local/lib/python3.12/site-packages/airflow/example_dags/example_sla_dag.py took 0.036 seconds
[2024-05-10T10:54:29.549+0000] {processor.py:161} INFO - Started process (PID=768) to work on /home/airflow/.local/lib/python3.12/site-packages/airflow/example_dags/example_sla_dag.py
[2024-05-10T10:54:29.550+0000] {processor.py:830} INFO - Processing file /home/airflow/.local/lib/python3.12/site-packages/airflow/example_dags/example_sla_dag.py for tasks to queue
[2024-05-10T10:54:29.551+0000] {logging_mixin.py:188} INFO - [2024-05-10T10:54:29.551+0000] {dagbag.py:540} INFO - Filling up the DagBag from /home/airflow/.local/lib/python3.12/site-packages/airflow/example_dags/example_sla_dag.py
[2024-05-10T10:54:29.556+0000] {processor.py:840} INFO - DAG(s) 'example_sla_dag' retrieved from /home/airflow/.local/lib/python3.12/site-packages/airflow/example_dags/example_sla_dag.py
[2024-05-10T10:54:29.565+0000] {logging_mixin.py:188} INFO - [2024-05-10T10:54:29.565+0000] {dag.py:3096} INFO - Sync 1 DAGs
[2024-05-10T10:54:29.575+0000] {logging_mixin.py:188} INFO - [2024-05-10T10:54:29.575+0000] {dag.py:3954} INFO - Setting next_dagrun for example_sla_dag to 2024-05-10 10:52:00+00:00, run_after=2024-05-10 10:54:00+00:00
[2024-05-10T10:54:29.583+0000] {processor.py:183} INFO - Processing /home/airflow/.local/lib/python3.12/site-packages/airflow/example_dags/example_sla_dag.py took 0.036 seconds
[2024-05-10T10:55:00.171+0000] {processor.py:161} INFO - Started process (PID=828) to work on /home/airflow/.local/lib/python3.12/site-packages/airflow/example_dags/example_sla_dag.py
[2024-05-10T10:55:00.171+0000] {processor.py:830} INFO - Processing file /home/airflow/.local/lib/python3.12/site-packages/airflow/example_dags/example_sla_dag.py for tasks to queue
[2024-05-10T10:55:00.173+0000] {logging_mixin.py:188} INFO - [2024-05-10T10:55:00.172+0000] {dagbag.py:540} INFO - Filling up the DagBag from /home/airflow/.local/lib/python3.12/site-packages/airflow/example_dags/example_sla_dag.py
[2024-05-10T10:55:00.178+0000] {processor.py:840} INFO - DAG(s) 'example_sla_dag' retrieved from /home/airflow/.local/lib/python3.12/site-packages/airflow/example_dags/example_sla_dag.py
[2024-05-10T10:55:00.192+0000] {logging_mixin.py:188} INFO - [2024-05-10T10:55:00.192+0000] {dag.py:3096} INFO - Sync 1 DAGs
[2024-05-10T10:55:00.205+0000] {logging_mixin.py:188} INFO - [2024-05-10T10:55:00.205+0000] {dag.py:3954} INFO - Setting next_dagrun for example_sla_dag to 2024-05-10 10:52:00+00:00, run_after=2024-05-10 10:54:00+00:00
[2024-05-10T10:55:00.214+0000] {processor.py:183} INFO - Processing /home/airflow/.local/lib/python3.12/site-packages/airflow/example_dags/example_sla_dag.py took 0.046 seconds
[2024-05-10T10:55:30.796+0000] {processor.py:161} INFO - Started process (PID=888) to work on /home/airflow/.local/lib/python3.12/site-packages/airflow/example_dags/example_sla_dag.py
[2024-05-10T10:55:30.797+0000] {processor.py:830} INFO - Processing file /home/airflow/.local/lib/python3.12/site-packages/airflow/example_dags/example_sla_dag.py for tasks to queue
[2024-05-10T10:55:30.798+0000] {logging_mixin.py:188} INFO - [2024-05-10T10:55:30.798+0000] {dagbag.py:540} INFO - Filling up the DagBag from /home/airflow/.local/lib/python3.12/site-packages/airflow/example_dags/example_sla_dag.py
[2024-05-10T10:55:30.803+0000] {processor.py:840} INFO - DAG(s) 'example_sla_dag' retrieved from /home/airflow/.local/lib/python3.12/site-packages/airflow/example_dags/example_sla_dag.py
[2024-05-10T10:55:30.813+0000] {logging_mixin.py:188} INFO - [2024-05-10T10:55:30.812+0000] {dag.py:3096} INFO - Sync 1 DAGs
[2024-05-10T10:55:30.824+0000] {logging_mixin.py:188} INFO - [2024-05-10T10:55:30.823+0000] {dag.py:3954} INFO - Setting next_dagrun for example_sla_dag to 2024-05-10 10:52:00+00:00, run_after=2024-05-10 10:54:00+00:00
[2024-05-10T10:55:30.831+0000] {processor.py:183} INFO - Processing /home/airflow/.local/lib/python3.12/site-packages/airflow/example_dags/example_sla_dag.py took 0.039 seconds
[2024-05-10T10:56:01.348+0000] {processor.py:161} INFO - Started process (PID=948) to work on /home/airflow/.local/lib/python3.12/site-packages/airflow/example_dags/example_sla_dag.py
[2024-05-10T10:56:01.349+0000] {processor.py:830} INFO - Processing file /home/airflow/.local/lib/python3.12/site-packages/airflow/example_dags/example_sla_dag.py for tasks to queue
[2024-05-10T10:56:01.350+0000] {logging_mixin.py:188} INFO - [2024-05-10T10:56:01.350+0000] {dagbag.py:540} INFO - Filling up the DagBag from /home/airflow/.local/lib/python3.12/site-packages/airflow/example_dags/example_sla_dag.py
[2024-05-10T10:56:01.355+0000] {processor.py:840} INFO - DAG(s) 'example_sla_dag' retrieved from /home/airflow/.local/lib/python3.12/site-packages/airflow/example_dags/example_sla_dag.py
[2024-05-10T10:56:01.364+0000] {logging_mixin.py:188} INFO - [2024-05-10T10:56:01.364+0000] {dag.py:3096} INFO - Sync 1 DAGs
[2024-05-10T10:56:01.377+0000] {logging_mixin.py:188} INFO - [2024-05-10T10:56:01.377+0000] {dag.py:3954} INFO - Setting next_dagrun for example_sla_dag to 2024-05-10 10:54:00+00:00, run_after=2024-05-10 10:56:00+00:00
[2024-05-10T10:56:01.388+0000] {processor.py:183} INFO - Processing /home/airflow/.local/lib/python3.12/site-packages/airflow/example_dags/example_sla_dag.py took 0.043 seconds
[2024-05-10T10:56:31.918+0000] {processor.py:161} INFO - Started process (PID=1008) to work on /home/airflow/.local/lib/python3.12/site-packages/airflow/example_dags/example_sla_dag.py
[2024-05-10T10:56:31.919+0000] {processor.py:830} INFO - Processing file /home/airflow/.local/lib/python3.12/site-packages/airflow/example_dags/example_sla_dag.py for tasks to queue
[2024-05-10T10:56:31.920+0000] {logging_mixin.py:188} INFO - [2024-05-10T10:56:31.920+0000] {dagbag.py:540} INFO - Filling up the DagBag from /home/airflow/.local/lib/python3.12/site-packages/airflow/example_dags/example_sla_dag.py
[2024-05-10T10:56:31.925+0000] {processor.py:840} INFO - DAG(s) 'example_sla_dag' retrieved from /home/airflow/.local/lib/python3.12/site-packages/airflow/example_dags/example_sla_dag.py
[2024-05-10T10:56:31.935+0000] {logging_mixin.py:188} INFO - [2024-05-10T10:56:31.935+0000] {dag.py:3096} INFO - Sync 1 DAGs
[2024-05-10T10:56:31.947+0000] {logging_mixin.py:188} INFO - [2024-05-10T10:56:31.947+0000] {dag.py:3954} INFO - Setting next_dagrun for example_sla_dag to 2024-05-10 10:54:00+00:00, run_after=2024-05-10 10:56:00+00:00
[2024-05-10T10:56:31.957+0000] {processor.py:183} INFO - Processing /home/airflow/.local/lib/python3.12/site-packages/airflow/example_dags/example_sla_dag.py took 0.042 seconds
[2024-05-10T10:57:02.838+0000] {processor.py:161} INFO - Started process (PID=1068) to work on /home/airflow/.local/lib/python3.12/site-packages/airflow/example_dags/example_sla_dag.py
[2024-05-10T10:57:02.838+0000] {processor.py:830} INFO - Processing file /home/airflow/.local/lib/python3.12/site-packages/airflow/example_dags/example_sla_dag.py for tasks to queue
[2024-05-10T10:57:02.839+0000] {logging_mixin.py:188} INFO - [2024-05-10T10:57:02.839+0000] {dagbag.py:540} INFO - Filling up the DagBag from /home/airflow/.local/lib/python3.12/site-packages/airflow/example_dags/example_sla_dag.py
[2024-05-10T10:57:02.844+0000] {processor.py:840} INFO - DAG(s) 'example_sla_dag' retrieved from /home/airflow/.local/lib/python3.12/site-packages/airflow/example_dags/example_sla_dag.py
[2024-05-10T10:57:02.854+0000] {logging_mixin.py:188} INFO - [2024-05-10T10:57:02.854+0000] {dag.py:3096} INFO - Sync 1 DAGs
[2024-05-10T10:57:02.865+0000] {logging_mixin.py:188} INFO - [2024-05-10T10:57:02.865+0000] {dag.py:3954} INFO - Setting next_dagrun for example_sla_dag to 2024-05-10 10:54:00+00:00, run_after=2024-05-10 10:56:00+00:00
[2024-05-10T10:57:02.874+0000] {processor.py:183} INFO - Processing /home/airflow/.local/lib/python3.12/site-packages/airflow/example_dags/example_sla_dag.py took 0.040 seconds
[2024-05-10T10:57:57.446+0000] {processor.py:161} INFO - Started process (PID=75) to work on /home/airflow/.local/lib/python3.12/site-packages/airflow/example_dags/example_sla_dag.py
[2024-05-10T10:57:57.448+0000] {processor.py:830} INFO - Processing file /home/airflow/.local/lib/python3.12/site-packages/airflow/example_dags/example_sla_dag.py for tasks to queue
[2024-05-10T10:57:57.450+0000] {logging_mixin.py:188} INFO - [2024-05-10T10:57:57.450+0000] {dagbag.py:540} INFO - Filling up the DagBag from /home/airflow/.local/lib/python3.12/site-packages/airflow/example_dags/example_sla_dag.py
[2024-05-10T10:57:57.457+0000] {processor.py:840} INFO - DAG(s) 'example_sla_dag' retrieved from /home/airflow/.local/lib/python3.12/site-packages/airflow/example_dags/example_sla_dag.py
[2024-05-10T10:57:57.465+0000] {logging_mixin.py:188} INFO - [2024-05-10T10:57:57.465+0000] {dag.py:3096} INFO - Sync 1 DAGs
[2024-05-10T10:57:57.483+0000] {logging_mixin.py:188} INFO - [2024-05-10T10:57:57.483+0000] {dag.py:3954} INFO - Setting next_dagrun for example_sla_dag to 2024-05-10 10:54:00+00:00, run_after=2024-05-10 10:56:00+00:00
[2024-05-10T10:57:57.494+0000] {processor.py:183} INFO - Processing /home/airflow/.local/lib/python3.12/site-packages/airflow/example_dags/example_sla_dag.py took 0.052 seconds
[2024-05-10T10:58:27.893+0000] {processor.py:161} INFO - Started process (PID=135) to work on /home/airflow/.local/lib/python3.12/site-packages/airflow/example_dags/example_sla_dag.py
[2024-05-10T10:58:27.894+0000] {processor.py:830} INFO - Processing file /home/airflow/.local/lib/python3.12/site-packages/airflow/example_dags/example_sla_dag.py for tasks to queue
[2024-05-10T10:58:27.895+0000] {logging_mixin.py:188} INFO - [2024-05-10T10:58:27.895+0000] {dagbag.py:540} INFO - Filling up the DagBag from /home/airflow/.local/lib/python3.12/site-packages/airflow/example_dags/example_sla_dag.py
[2024-05-10T10:58:27.899+0000] {processor.py:840} INFO - DAG(s) 'example_sla_dag' retrieved from /home/airflow/.local/lib/python3.12/site-packages/airflow/example_dags/example_sla_dag.py
[2024-05-10T10:58:27.941+0000] {logging_mixin.py:188} INFO - [2024-05-10T10:58:27.941+0000] {dag.py:3096} INFO - Sync 1 DAGs
[2024-05-10T10:58:27.950+0000] {logging_mixin.py:188} INFO - [2024-05-10T10:58:27.950+0000] {dag.py:3954} INFO - Setting next_dagrun for example_sla_dag to 2024-05-10 10:56:00+00:00, run_after=2024-05-10 10:58:00+00:00
[2024-05-10T10:58:27.959+0000] {processor.py:183} INFO - Processing /home/airflow/.local/lib/python3.12/site-packages/airflow/example_dags/example_sla_dag.py took 0.068 seconds
[2024-05-10T10:58:58.841+0000] {processor.py:161} INFO - Started process (PID=195) to work on /home/airflow/.local/lib/python3.12/site-packages/airflow/example_dags/example_sla_dag.py
[2024-05-10T10:58:58.842+0000] {processor.py:830} INFO - Processing file /home/airflow/.local/lib/python3.12/site-packages/airflow/example_dags/example_sla_dag.py for tasks to queue
[2024-05-10T10:58:58.843+0000] {logging_mixin.py:188} INFO - [2024-05-10T10:58:58.843+0000] {dagbag.py:540} INFO - Filling up the DagBag from /home/airflow/.local/lib/python3.12/site-packages/airflow/example_dags/example_sla_dag.py
[2024-05-10T10:58:58.847+0000] {processor.py:840} INFO - DAG(s) 'example_sla_dag' retrieved from /home/airflow/.local/lib/python3.12/site-packages/airflow/example_dags/example_sla_dag.py
[2024-05-10T10:58:58.857+0000] {logging_mixin.py:188} INFO - [2024-05-10T10:58:58.857+0000] {dag.py:3096} INFO - Sync 1 DAGs
[2024-05-10T10:58:58.867+0000] {logging_mixin.py:188} INFO - [2024-05-10T10:58:58.867+0000] {dag.py:3954} INFO - Setting next_dagrun for example_sla_dag to 2024-05-10 10:56:00+00:00, run_after=2024-05-10 10:58:00+00:00
[2024-05-10T10:58:58.875+0000] {processor.py:183} INFO - Processing /home/airflow/.local/lib/python3.12/site-packages/airflow/example_dags/example_sla_dag.py took 0.037 seconds
[2024-05-10T10:59:29.425+0000] {processor.py:161} INFO - Started process (PID=254) to work on /home/airflow/.local/lib/python3.12/site-packages/airflow/example_dags/example_sla_dag.py
[2024-05-10T10:59:29.425+0000] {processor.py:830} INFO - Processing file /home/airflow/.local/lib/python3.12/site-packages/airflow/example_dags/example_sla_dag.py for tasks to queue
[2024-05-10T10:59:29.426+0000] {logging_mixin.py:188} INFO - [2024-05-10T10:59:29.426+0000] {dagbag.py:540} INFO - Filling up the DagBag from /home/airflow/.local/lib/python3.12/site-packages/airflow/example_dags/example_sla_dag.py
[2024-05-10T10:59:29.430+0000] {processor.py:840} INFO - DAG(s) 'example_sla_dag' retrieved from /home/airflow/.local/lib/python3.12/site-packages/airflow/example_dags/example_sla_dag.py
[2024-05-10T10:59:29.439+0000] {logging_mixin.py:188} INFO - [2024-05-10T10:59:29.439+0000] {dag.py:3096} INFO - Sync 1 DAGs
[2024-05-10T10:59:29.449+0000] {logging_mixin.py:188} INFO - [2024-05-10T10:59:29.449+0000] {dag.py:3954} INFO - Setting next_dagrun for example_sla_dag to 2024-05-10 10:56:00+00:00, run_after=2024-05-10 10:58:00+00:00
[2024-05-10T10:59:29.456+0000] {processor.py:183} INFO - Processing /home/airflow/.local/lib/python3.12/site-packages/airflow/example_dags/example_sla_dag.py took 0.034 seconds
[2024-05-10T11:00:00.104+0000] {processor.py:161} INFO - Started process (PID=314) to work on /home/airflow/.local/lib/python3.12/site-packages/airflow/example_dags/example_sla_dag.py
[2024-05-10T11:00:00.104+0000] {processor.py:830} INFO - Processing file /home/airflow/.local/lib/python3.12/site-packages/airflow/example_dags/example_sla_dag.py for tasks to queue
[2024-05-10T11:00:00.105+0000] {logging_mixin.py:188} INFO - [2024-05-10T11:00:00.105+0000] {dagbag.py:540} INFO - Filling up the DagBag from /home/airflow/.local/lib/python3.12/site-packages/airflow/example_dags/example_sla_dag.py
[2024-05-10T11:00:00.109+0000] {processor.py:840} INFO - DAG(s) 'example_sla_dag' retrieved from /home/airflow/.local/lib/python3.12/site-packages/airflow/example_dags/example_sla_dag.py
[2024-05-10T11:00:00.118+0000] {logging_mixin.py:188} INFO - [2024-05-10T11:00:00.118+0000] {dag.py:3096} INFO - Sync 1 DAGs
[2024-05-10T11:00:00.128+0000] {logging_mixin.py:188} INFO - [2024-05-10T11:00:00.128+0000] {dag.py:3954} INFO - Setting next_dagrun for example_sla_dag to 2024-05-10 10:58:00+00:00, run_after=2024-05-10 11:00:00+00:00
[2024-05-10T11:00:00.136+0000] {processor.py:183} INFO - Processing /home/airflow/.local/lib/python3.12/site-packages/airflow/example_dags/example_sla_dag.py took 0.035 seconds
[2024-05-10T11:00:30.888+0000] {processor.py:161} INFO - Started process (PID=374) to work on /home/airflow/.local/lib/python3.12/site-packages/airflow/example_dags/example_sla_dag.py
[2024-05-10T11:00:30.889+0000] {processor.py:830} INFO - Processing file /home/airflow/.local/lib/python3.12/site-packages/airflow/example_dags/example_sla_dag.py for tasks to queue
[2024-05-10T11:00:30.889+0000] {logging_mixin.py:188} INFO - [2024-05-10T11:00:30.889+0000] {dagbag.py:540} INFO - Filling up the DagBag from /home/airflow/.local/lib/python3.12/site-packages/airflow/example_dags/example_sla_dag.py
[2024-05-10T11:00:30.894+0000] {processor.py:840} INFO - DAG(s) 'example_sla_dag' retrieved from /home/airflow/.local/lib/python3.12/site-packages/airflow/example_dags/example_sla_dag.py
[2024-05-10T11:00:30.902+0000] {logging_mixin.py:188} INFO - [2024-05-10T11:00:30.902+0000] {dag.py:3096} INFO - Sync 1 DAGs
[2024-05-10T11:00:30.912+0000] {logging_mixin.py:188} INFO - [2024-05-10T11:00:30.912+0000] {dag.py:3954} INFO - Setting next_dagrun for example_sla_dag to 2024-05-10 10:58:00+00:00, run_after=2024-05-10 11:00:00+00:00
[2024-05-10T11:00:30.921+0000] {processor.py:183} INFO - Processing /home/airflow/.local/lib/python3.12/site-packages/airflow/example_dags/example_sla_dag.py took 0.035 seconds
[2024-05-10T11:01:01.781+0000] {processor.py:161} INFO - Started process (PID=433) to work on /home/airflow/.local/lib/python3.12/site-packages/airflow/example_dags/example_sla_dag.py
[2024-05-10T11:01:01.781+0000] {processor.py:830} INFO - Processing file /home/airflow/.local/lib/python3.12/site-packages/airflow/example_dags/example_sla_dag.py for tasks to queue
[2024-05-10T11:01:01.782+0000] {logging_mixin.py:188} INFO - [2024-05-10T11:01:01.782+0000] {dagbag.py:540} INFO - Filling up the DagBag from /home/airflow/.local/lib/python3.12/site-packages/airflow/example_dags/example_sla_dag.py
[2024-05-10T11:01:01.787+0000] {processor.py:840} INFO - DAG(s) 'example_sla_dag' retrieved from /home/airflow/.local/lib/python3.12/site-packages/airflow/example_dags/example_sla_dag.py
[2024-05-10T11:01:01.797+0000] {logging_mixin.py:188} INFO - [2024-05-10T11:01:01.797+0000] {dag.py:3096} INFO - Sync 1 DAGs
[2024-05-10T11:01:01.807+0000] {logging_mixin.py:188} INFO - [2024-05-10T11:01:01.807+0000] {dag.py:3954} INFO - Setting next_dagrun for example_sla_dag to 2024-05-10 10:58:00+00:00, run_after=2024-05-10 11:00:00+00:00
[2024-05-10T11:01:01.815+0000] {processor.py:183} INFO - Processing /home/airflow/.local/lib/python3.12/site-packages/airflow/example_dags/example_sla_dag.py took 0.037 seconds
[2024-05-10T11:01:32.417+0000] {processor.py:161} INFO - Started process (PID=493) to work on /home/airflow/.local/lib/python3.12/site-packages/airflow/example_dags/example_sla_dag.py
[2024-05-10T11:01:32.417+0000] {processor.py:830} INFO - Processing file /home/airflow/.local/lib/python3.12/site-packages/airflow/example_dags/example_sla_dag.py for tasks to queue
[2024-05-10T11:01:32.418+0000] {logging_mixin.py:188} INFO - [2024-05-10T11:01:32.418+0000] {dagbag.py:540} INFO - Filling up the DagBag from /home/airflow/.local/lib/python3.12/site-packages/airflow/example_dags/example_sla_dag.py
[2024-05-10T11:01:32.423+0000] {processor.py:840} INFO - DAG(s) 'example_sla_dag' retrieved from /home/airflow/.local/lib/python3.12/site-packages/airflow/example_dags/example_sla_dag.py
[2024-05-10T11:01:32.432+0000] {logging_mixin.py:188} INFO - [2024-05-10T11:01:32.432+0000] {dag.py:3096} INFO - Sync 1 DAGs
[2024-05-10T11:01:32.444+0000] {logging_mixin.py:188} INFO - [2024-05-10T11:01:32.444+0000] {dag.py:3954} INFO - Setting next_dagrun for example_sla_dag to 2024-05-10 10:58:00+00:00, run_after=2024-05-10 11:00:00+00:00
[2024-05-10T11:01:32.480+0000] {processor.py:183} INFO - Processing /home/airflow/.local/lib/python3.12/site-packages/airflow/example_dags/example_sla_dag.py took 0.066 seconds
[2024-05-10T11:02:03.282+0000] {processor.py:161} INFO - Started process (PID=553) to work on /home/airflow/.local/lib/python3.12/site-packages/airflow/example_dags/example_sla_dag.py
[2024-05-10T11:02:03.285+0000] {processor.py:830} INFO - Processing file /home/airflow/.local/lib/python3.12/site-packages/airflow/example_dags/example_sla_dag.py for tasks to queue
[2024-05-10T11:02:03.286+0000] {logging_mixin.py:188} INFO - [2024-05-10T11:02:03.286+0000] {dagbag.py:540} INFO - Filling up the DagBag from /home/airflow/.local/lib/python3.12/site-packages/airflow/example_dags/example_sla_dag.py
[2024-05-10T11:02:03.290+0000] {processor.py:840} INFO - DAG(s) 'example_sla_dag' retrieved from /home/airflow/.local/lib/python3.12/site-packages/airflow/example_dags/example_sla_dag.py
[2024-05-10T11:02:03.300+0000] {logging_mixin.py:188} INFO - [2024-05-10T11:02:03.300+0000] {dag.py:3096} INFO - Sync 1 DAGs
[2024-05-10T11:02:03.311+0000] {logging_mixin.py:188} INFO - [2024-05-10T11:02:03.311+0000] {dag.py:3954} INFO - Setting next_dagrun for example_sla_dag to 2024-05-10 11:00:00+00:00, run_after=2024-05-10 11:02:00+00:00
[2024-05-10T11:02:03.319+0000] {processor.py:183} INFO - Processing /home/airflow/.local/lib/python3.12/site-packages/airflow/example_dags/example_sla_dag.py took 0.040 seconds
[2024-05-10T11:02:34.047+0000] {processor.py:161} INFO - Started process (PID=613) to work on /home/airflow/.local/lib/python3.12/site-packages/airflow/example_dags/example_sla_dag.py
[2024-05-10T11:02:34.047+0000] {processor.py:830} INFO - Processing file /home/airflow/.local/lib/python3.12/site-packages/airflow/example_dags/example_sla_dag.py for tasks to queue
[2024-05-10T11:02:34.048+0000] {logging_mixin.py:188} INFO - [2024-05-10T11:02:34.048+0000] {dagbag.py:540} INFO - Filling up the DagBag from /home/airflow/.local/lib/python3.12/site-packages/airflow/example_dags/example_sla_dag.py
[2024-05-10T11:02:34.052+0000] {processor.py:840} INFO - DAG(s) 'example_sla_dag' retrieved from /home/airflow/.local/lib/python3.12/site-packages/airflow/example_dags/example_sla_dag.py
[2024-05-10T11:02:34.062+0000] {logging_mixin.py:188} INFO - [2024-05-10T11:02:34.062+0000] {dag.py:3096} INFO - Sync 1 DAGs
[2024-05-10T11:02:34.073+0000] {logging_mixin.py:188} INFO - [2024-05-10T11:02:34.073+0000] {dag.py:3954} INFO - Setting next_dagrun for example_sla_dag to 2024-05-10 11:00:00+00:00, run_after=2024-05-10 11:02:00+00:00
[2024-05-10T11:02:34.081+0000] {processor.py:183} INFO - Processing /home/airflow/.local/lib/python3.12/site-packages/airflow/example_dags/example_sla_dag.py took 0.037 seconds
[2024-05-10T11:03:04.880+0000] {processor.py:161} INFO - Started process (PID=673) to work on /home/airflow/.local/lib/python3.12/site-packages/airflow/example_dags/example_sla_dag.py
[2024-05-10T11:03:04.880+0000] {processor.py:830} INFO - Processing file /home/airflow/.local/lib/python3.12/site-packages/airflow/example_dags/example_sla_dag.py for tasks to queue
[2024-05-10T11:03:04.881+0000] {logging_mixin.py:188} INFO - [2024-05-10T11:03:04.881+0000] {dagbag.py:540} INFO - Filling up the DagBag from /home/airflow/.local/lib/python3.12/site-packages/airflow/example_dags/example_sla_dag.py
[2024-05-10T11:03:04.885+0000] {processor.py:840} INFO - DAG(s) 'example_sla_dag' retrieved from /home/airflow/.local/lib/python3.12/site-packages/airflow/example_dags/example_sla_dag.py
[2024-05-10T11:03:04.895+0000] {logging_mixin.py:188} INFO - [2024-05-10T11:03:04.895+0000] {dag.py:3096} INFO - Sync 1 DAGs
[2024-05-10T11:03:04.905+0000] {logging_mixin.py:188} INFO - [2024-05-10T11:03:04.905+0000] {dag.py:3954} INFO - Setting next_dagrun for example_sla_dag to 2024-05-10 11:00:00+00:00, run_after=2024-05-10 11:02:00+00:00
[2024-05-10T11:03:04.913+0000] {processor.py:183} INFO - Processing /home/airflow/.local/lib/python3.12/site-packages/airflow/example_dags/example_sla_dag.py took 0.035 seconds
[2024-05-10T11:03:35.599+0000] {processor.py:161} INFO - Started process (PID=733) to work on /home/airflow/.local/lib/python3.12/site-packages/airflow/example_dags/example_sla_dag.py
[2024-05-10T11:03:35.599+0000] {processor.py:830} INFO - Processing file /home/airflow/.local/lib/python3.12/site-packages/airflow/example_dags/example_sla_dag.py for tasks to queue
[2024-05-10T11:03:35.599+0000] {logging_mixin.py:188} INFO - [2024-05-10T11:03:35.599+0000] {dagbag.py:540} INFO - Filling up the DagBag from /home/airflow/.local/lib/python3.12/site-packages/airflow/example_dags/example_sla_dag.py
[2024-05-10T11:03:35.603+0000] {processor.py:840} INFO - DAG(s) 'example_sla_dag' retrieved from /home/airflow/.local/lib/python3.12/site-packages/airflow/example_dags/example_sla_dag.py
[2024-05-10T11:03:35.612+0000] {logging_mixin.py:188} INFO - [2024-05-10T11:03:35.612+0000] {dag.py:3096} INFO - Sync 1 DAGs
[2024-05-10T11:03:35.622+0000] {logging_mixin.py:188} INFO - [2024-05-10T11:03:35.622+0000] {dag.py:3954} INFO - Setting next_dagrun for example_sla_dag to 2024-05-10 11:00:00+00:00, run_after=2024-05-10 11:02:00+00:00
[2024-05-10T11:03:35.629+0000] {processor.py:183} INFO - Processing /home/airflow/.local/lib/python3.12/site-packages/airflow/example_dags/example_sla_dag.py took 0.033 seconds
[2024-05-10T11:04:06.490+0000] {processor.py:161} INFO - Started process (PID=792) to work on /home/airflow/.local/lib/python3.12/site-packages/airflow/example_dags/example_sla_dag.py
[2024-05-10T11:04:06.491+0000] {processor.py:830} INFO - Processing file /home/airflow/.local/lib/python3.12/site-packages/airflow/example_dags/example_sla_dag.py for tasks to queue
[2024-05-10T11:04:06.491+0000] {logging_mixin.py:188} INFO - [2024-05-10T11:04:06.491+0000] {dagbag.py:540} INFO - Filling up the DagBag from /home/airflow/.local/lib/python3.12/site-packages/airflow/example_dags/example_sla_dag.py
[2024-05-10T11:04:06.496+0000] {processor.py:840} INFO - DAG(s) 'example_sla_dag' retrieved from /home/airflow/.local/lib/python3.12/site-packages/airflow/example_dags/example_sla_dag.py
[2024-05-10T11:04:06.507+0000] {logging_mixin.py:188} INFO - [2024-05-10T11:04:06.506+0000] {dag.py:3096} INFO - Sync 1 DAGs
[2024-05-10T11:04:06.518+0000] {logging_mixin.py:188} INFO - [2024-05-10T11:04:06.518+0000] {dag.py:3954} INFO - Setting next_dagrun for example_sla_dag to 2024-05-10 11:02:00+00:00, run_after=2024-05-10 11:04:00+00:00
[2024-05-10T11:04:06.528+0000] {processor.py:183} INFO - Processing /home/airflow/.local/lib/python3.12/site-packages/airflow/example_dags/example_sla_dag.py took 0.041 seconds
[2024-05-10T11:04:36.563+0000] {processor.py:161} INFO - Started process (PID=850) to work on /home/airflow/.local/lib/python3.12/site-packages/airflow/example_dags/example_sla_dag.py
[2024-05-10T11:04:36.563+0000] {processor.py:830} INFO - Processing file /home/airflow/.local/lib/python3.12/site-packages/airflow/example_dags/example_sla_dag.py for tasks to queue
[2024-05-10T11:04:36.564+0000] {logging_mixin.py:188} INFO - [2024-05-10T11:04:36.564+0000] {dagbag.py:540} INFO - Filling up the DagBag from /home/airflow/.local/lib/python3.12/site-packages/airflow/example_dags/example_sla_dag.py
[2024-05-10T11:04:36.568+0000] {processor.py:840} INFO - DAG(s) 'example_sla_dag' retrieved from /home/airflow/.local/lib/python3.12/site-packages/airflow/example_dags/example_sla_dag.py
[2024-05-10T11:04:36.578+0000] {logging_mixin.py:188} INFO - [2024-05-10T11:04:36.578+0000] {dag.py:3096} INFO - Sync 1 DAGs
[2024-05-10T11:04:36.588+0000] {logging_mixin.py:188} INFO - [2024-05-10T11:04:36.588+0000] {dag.py:3954} INFO - Setting next_dagrun for example_sla_dag to 2024-05-10 11:02:00+00:00, run_after=2024-05-10 11:04:00+00:00
[2024-05-10T11:04:36.597+0000] {processor.py:183} INFO - Processing /home/airflow/.local/lib/python3.12/site-packages/airflow/example_dags/example_sla_dag.py took 0.037 seconds
[2024-05-10T11:05:07.711+0000] {processor.py:161} INFO - Started process (PID=911) to work on /home/airflow/.local/lib/python3.12/site-packages/airflow/example_dags/example_sla_dag.py
[2024-05-10T11:05:07.711+0000] {processor.py:830} INFO - Processing file /home/airflow/.local/lib/python3.12/site-packages/airflow/example_dags/example_sla_dag.py for tasks to queue
[2024-05-10T11:05:07.712+0000] {logging_mixin.py:188} INFO - [2024-05-10T11:05:07.712+0000] {dagbag.py:540} INFO - Filling up the DagBag from /home/airflow/.local/lib/python3.12/site-packages/airflow/example_dags/example_sla_dag.py
[2024-05-10T11:05:07.717+0000] {processor.py:840} INFO - DAG(s) 'example_sla_dag' retrieved from /home/airflow/.local/lib/python3.12/site-packages/airflow/example_dags/example_sla_dag.py
[2024-05-10T11:05:07.728+0000] {logging_mixin.py:188} INFO - [2024-05-10T11:05:07.727+0000] {dag.py:3096} INFO - Sync 1 DAGs
[2024-05-10T11:05:07.740+0000] {logging_mixin.py:188} INFO - [2024-05-10T11:05:07.739+0000] {dag.py:3954} INFO - Setting next_dagrun for example_sla_dag to 2024-05-10 11:02:00+00:00, run_after=2024-05-10 11:04:00+00:00
[2024-05-10T11:05:07.747+0000] {processor.py:183} INFO - Processing /home/airflow/.local/lib/python3.12/site-packages/airflow/example_dags/example_sla_dag.py took 0.039 seconds
[2024-05-10T11:05:38.639+0000] {processor.py:161} INFO - Started process (PID=970) to work on /home/airflow/.local/lib/python3.12/site-packages/airflow/example_dags/example_sla_dag.py
[2024-05-10T11:05:38.640+0000] {processor.py:830} INFO - Processing file /home/airflow/.local/lib/python3.12/site-packages/airflow/example_dags/example_sla_dag.py for tasks to queue
[2024-05-10T11:05:38.641+0000] {logging_mixin.py:188} INFO - [2024-05-10T11:05:38.640+0000] {dagbag.py:540} INFO - Filling up the DagBag from /home/airflow/.local/lib/python3.12/site-packages/airflow/example_dags/example_sla_dag.py
[2024-05-10T11:05:38.647+0000] {processor.py:840} INFO - DAG(s) 'example_sla_dag' retrieved from /home/airflow/.local/lib/python3.12/site-packages/airflow/example_dags/example_sla_dag.py
[2024-05-10T11:05:38.662+0000] {logging_mixin.py:188} INFO - [2024-05-10T11:05:38.662+0000] {dag.py:3096} INFO - Sync 1 DAGs
[2024-05-10T11:05:38.675+0000] {logging_mixin.py:188} INFO - [2024-05-10T11:05:38.675+0000] {dag.py:3954} INFO - Setting next_dagrun for example_sla_dag to 2024-05-10 11:02:00+00:00, run_after=2024-05-10 11:04:00+00:00
[2024-05-10T11:05:38.684+0000] {processor.py:183} INFO - Processing /home/airflow/.local/lib/python3.12/site-packages/airflow/example_dags/example_sla_dag.py took 0.048 seconds
[2024-05-10T11:06:08.758+0000] {processor.py:161} INFO - Started process (PID=1030) to work on /home/airflow/.local/lib/python3.12/site-packages/airflow/example_dags/example_sla_dag.py
[2024-05-10T11:06:08.762+0000] {processor.py:830} INFO - Processing file /home/airflow/.local/lib/python3.12/site-packages/airflow/example_dags/example_sla_dag.py for tasks to queue
[2024-05-10T11:06:08.763+0000] {logging_mixin.py:188} INFO - [2024-05-10T11:06:08.762+0000] {dagbag.py:540} INFO - Filling up the DagBag from /home/airflow/.local/lib/python3.12/site-packages/airflow/example_dags/example_sla_dag.py
[2024-05-10T11:06:08.767+0000] {processor.py:840} INFO - DAG(s) 'example_sla_dag' retrieved from /home/airflow/.local/lib/python3.12/site-packages/airflow/example_dags/example_sla_dag.py
[2024-05-10T11:06:08.777+0000] {logging_mixin.py:188} INFO - [2024-05-10T11:06:08.777+0000] {dag.py:3096} INFO - Sync 1 DAGs
[2024-05-10T11:06:08.787+0000] {logging_mixin.py:188} INFO - [2024-05-10T11:06:08.787+0000] {dag.py:3954} INFO - Setting next_dagrun for example_sla_dag to 2024-05-10 11:04:00+00:00, run_after=2024-05-10 11:06:00+00:00
[2024-05-10T11:06:08.796+0000] {processor.py:183} INFO - Processing /home/airflow/.local/lib/python3.12/site-packages/airflow/example_dags/example_sla_dag.py took 0.041 seconds
[2024-05-10T11:06:39.601+0000] {processor.py:161} INFO - Started process (PID=1090) to work on /home/airflow/.local/lib/python3.12/site-packages/airflow/example_dags/example_sla_dag.py
[2024-05-10T11:06:39.602+0000] {processor.py:830} INFO - Processing file /home/airflow/.local/lib/python3.12/site-packages/airflow/example_dags/example_sla_dag.py for tasks to queue
[2024-05-10T11:06:39.603+0000] {logging_mixin.py:188} INFO - [2024-05-10T11:06:39.602+0000] {dagbag.py:540} INFO - Filling up the DagBag from /home/airflow/.local/lib/python3.12/site-packages/airflow/example_dags/example_sla_dag.py
[2024-05-10T11:06:39.607+0000] {processor.py:840} INFO - DAG(s) 'example_sla_dag' retrieved from /home/airflow/.local/lib/python3.12/site-packages/airflow/example_dags/example_sla_dag.py
[2024-05-10T11:06:39.618+0000] {logging_mixin.py:188} INFO - [2024-05-10T11:06:39.617+0000] {dag.py:3096} INFO - Sync 1 DAGs
[2024-05-10T11:06:39.629+0000] {logging_mixin.py:188} INFO - [2024-05-10T11:06:39.629+0000] {dag.py:3954} INFO - Setting next_dagrun for example_sla_dag to 2024-05-10 11:04:00+00:00, run_after=2024-05-10 11:06:00+00:00
[2024-05-10T11:06:39.637+0000] {processor.py:183} INFO - Processing /home/airflow/.local/lib/python3.12/site-packages/airflow/example_dags/example_sla_dag.py took 0.039 seconds
[2024-05-10T11:07:10.435+0000] {processor.py:161} INFO - Started process (PID=1150) to work on /home/airflow/.local/lib/python3.12/site-packages/airflow/example_dags/example_sla_dag.py
[2024-05-10T11:07:10.435+0000] {processor.py:830} INFO - Processing file /home/airflow/.local/lib/python3.12/site-packages/airflow/example_dags/example_sla_dag.py for tasks to queue
[2024-05-10T11:07:10.435+0000] {logging_mixin.py:188} INFO - [2024-05-10T11:07:10.435+0000] {dagbag.py:540} INFO - Filling up the DagBag from /home/airflow/.local/lib/python3.12/site-packages/airflow/example_dags/example_sla_dag.py
[2024-05-10T11:07:10.439+0000] {processor.py:840} INFO - DAG(s) 'example_sla_dag' retrieved from /home/airflow/.local/lib/python3.12/site-packages/airflow/example_dags/example_sla_dag.py
[2024-05-10T11:07:10.449+0000] {logging_mixin.py:188} INFO - [2024-05-10T11:07:10.449+0000] {dag.py:3096} INFO - Sync 1 DAGs
[2024-05-10T11:07:10.544+0000] {logging_mixin.py:188} INFO - [2024-05-10T11:07:10.544+0000] {dag.py:3954} INFO - Setting next_dagrun for example_sla_dag to 2024-05-10 11:04:00+00:00, run_after=2024-05-10 11:06:00+00:00
[2024-05-10T11:07:10.551+0000] {processor.py:183} INFO - Processing /home/airflow/.local/lib/python3.12/site-packages/airflow/example_dags/example_sla_dag.py took 0.119 seconds
[2024-05-10T11:07:40.762+0000] {processor.py:161} INFO - Started process (PID=1210) to work on /home/airflow/.local/lib/python3.12/site-packages/airflow/example_dags/example_sla_dag.py
[2024-05-10T11:07:40.763+0000] {processor.py:830} INFO - Processing file /home/airflow/.local/lib/python3.12/site-packages/airflow/example_dags/example_sla_dag.py for tasks to queue
[2024-05-10T11:07:40.763+0000] {logging_mixin.py:188} INFO - [2024-05-10T11:07:40.763+0000] {dagbag.py:540} INFO - Filling up the DagBag from /home/airflow/.local/lib/python3.12/site-packages/airflow/example_dags/example_sla_dag.py
[2024-05-10T11:07:40.768+0000] {processor.py:840} INFO - DAG(s) 'example_sla_dag' retrieved from /home/airflow/.local/lib/python3.12/site-packages/airflow/example_dags/example_sla_dag.py
[2024-05-10T11:07:40.777+0000] {logging_mixin.py:188} INFO - [2024-05-10T11:07:40.777+0000] {dag.py:3096} INFO - Sync 1 DAGs
[2024-05-10T11:07:40.787+0000] {logging_mixin.py:188} INFO - [2024-05-10T11:07:40.787+0000] {dag.py:3954} INFO - Setting next_dagrun for example_sla_dag to 2024-05-10 11:04:00+00:00, run_after=2024-05-10 11:06:00+00:00
[2024-05-10T11:07:40.794+0000] {processor.py:183} INFO - Processing /home/airflow/.local/lib/python3.12/site-packages/airflow/example_dags/example_sla_dag.py took 0.035 seconds
[2024-05-10T11:08:11.542+0000] {processor.py:161} INFO - Started process (PID=1270) to work on /home/airflow/.local/lib/python3.12/site-packages/airflow/example_dags/example_sla_dag.py
[2024-05-10T11:08:11.542+0000] {processor.py:830} INFO - Processing file /home/airflow/.local/lib/python3.12/site-packages/airflow/example_dags/example_sla_dag.py for tasks to queue
[2024-05-10T11:08:11.543+0000] {logging_mixin.py:188} INFO - [2024-05-10T11:08:11.542+0000] {dagbag.py:540} INFO - Filling up the DagBag from /home/airflow/.local/lib/python3.12/site-packages/airflow/example_dags/example_sla_dag.py
[2024-05-10T11:08:11.547+0000] {processor.py:840} INFO - DAG(s) 'example_sla_dag' retrieved from /home/airflow/.local/lib/python3.12/site-packages/airflow/example_dags/example_sla_dag.py
[2024-05-10T11:08:11.556+0000] {logging_mixin.py:188} INFO - [2024-05-10T11:08:11.556+0000] {dag.py:3096} INFO - Sync 1 DAGs
[2024-05-10T11:08:11.566+0000] {logging_mixin.py:188} INFO - [2024-05-10T11:08:11.566+0000] {dag.py:3954} INFO - Setting next_dagrun for example_sla_dag to 2024-05-10 11:06:00+00:00, run_after=2024-05-10 11:08:00+00:00
[2024-05-10T11:08:11.573+0000] {processor.py:183} INFO - Processing /home/airflow/.local/lib/python3.12/site-packages/airflow/example_dags/example_sla_dag.py took 0.034 seconds
[2024-05-10T11:08:42.186+0000] {processor.py:161} INFO - Started process (PID=1330) to work on /home/airflow/.local/lib/python3.12/site-packages/airflow/example_dags/example_sla_dag.py
[2024-05-10T11:08:42.187+0000] {processor.py:830} INFO - Processing file /home/airflow/.local/lib/python3.12/site-packages/airflow/example_dags/example_sla_dag.py for tasks to queue
[2024-05-10T11:08:42.187+0000] {logging_mixin.py:188} INFO - [2024-05-10T11:08:42.187+0000] {dagbag.py:540} INFO - Filling up the DagBag from /home/airflow/.local/lib/python3.12/site-packages/airflow/example_dags/example_sla_dag.py
[2024-05-10T11:08:42.192+0000] {processor.py:840} INFO - DAG(s) 'example_sla_dag' retrieved from /home/airflow/.local/lib/python3.12/site-packages/airflow/example_dags/example_sla_dag.py
[2024-05-10T11:08:42.202+0000] {logging_mixin.py:188} INFO - [2024-05-10T11:08:42.202+0000] {dag.py:3096} INFO - Sync 1 DAGs
[2024-05-10T11:08:42.214+0000] {logging_mixin.py:188} INFO - [2024-05-10T11:08:42.214+0000] {dag.py:3954} INFO - Setting next_dagrun for example_sla_dag to 2024-05-10 11:06:00+00:00, run_after=2024-05-10 11:08:00+00:00
[2024-05-10T11:08:42.221+0000] {processor.py:183} INFO - Processing /home/airflow/.local/lib/python3.12/site-packages/airflow/example_dags/example_sla_dag.py took 0.038 seconds
[2024-05-10T11:09:12.910+0000] {processor.py:161} INFO - Started process (PID=1390) to work on /home/airflow/.local/lib/python3.12/site-packages/airflow/example_dags/example_sla_dag.py
[2024-05-10T11:09:12.911+0000] {processor.py:830} INFO - Processing file /home/airflow/.local/lib/python3.12/site-packages/airflow/example_dags/example_sla_dag.py for tasks to queue
[2024-05-10T11:09:12.911+0000] {logging_mixin.py:188} INFO - [2024-05-10T11:09:12.911+0000] {dagbag.py:540} INFO - Filling up the DagBag from /home/airflow/.local/lib/python3.12/site-packages/airflow/example_dags/example_sla_dag.py
[2024-05-10T11:09:12.916+0000] {processor.py:840} INFO - DAG(s) 'example_sla_dag' retrieved from /home/airflow/.local/lib/python3.12/site-packages/airflow/example_dags/example_sla_dag.py
[2024-05-10T11:09:12.926+0000] {logging_mixin.py:188} INFO - [2024-05-10T11:09:12.926+0000] {dag.py:3096} INFO - Sync 1 DAGs
[2024-05-10T11:09:12.937+0000] {logging_mixin.py:188} INFO - [2024-05-10T11:09:12.937+0000] {dag.py:3954} INFO - Setting next_dagrun for example_sla_dag to 2024-05-10 11:06:00+00:00, run_after=2024-05-10 11:08:00+00:00
[2024-05-10T11:09:12.945+0000] {processor.py:183} INFO - Processing /home/airflow/.local/lib/python3.12/site-packages/airflow/example_dags/example_sla_dag.py took 0.038 seconds
[2024-05-10T11:09:43.671+0000] {processor.py:161} INFO - Started process (PID=1450) to work on /home/airflow/.local/lib/python3.12/site-packages/airflow/example_dags/example_sla_dag.py
[2024-05-10T11:09:43.672+0000] {processor.py:830} INFO - Processing file /home/airflow/.local/lib/python3.12/site-packages/airflow/example_dags/example_sla_dag.py for tasks to queue
[2024-05-10T11:09:43.672+0000] {logging_mixin.py:188} INFO - [2024-05-10T11:09:43.672+0000] {dagbag.py:540} INFO - Filling up the DagBag from /home/airflow/.local/lib/python3.12/site-packages/airflow/example_dags/example_sla_dag.py
[2024-05-10T11:09:43.677+0000] {processor.py:840} INFO - DAG(s) 'example_sla_dag' retrieved from /home/airflow/.local/lib/python3.12/site-packages/airflow/example_dags/example_sla_dag.py
[2024-05-10T11:09:43.686+0000] {logging_mixin.py:188} INFO - [2024-05-10T11:09:43.686+0000] {dag.py:3096} INFO - Sync 1 DAGs
[2024-05-10T11:09:43.697+0000] {logging_mixin.py:188} INFO - [2024-05-10T11:09:43.696+0000] {dag.py:3954} INFO - Setting next_dagrun for example_sla_dag to 2024-05-10 11:06:00+00:00, run_after=2024-05-10 11:08:00+00:00
[2024-05-10T11:09:43.704+0000] {processor.py:183} INFO - Processing /home/airflow/.local/lib/python3.12/site-packages/airflow/example_dags/example_sla_dag.py took 0.035 seconds
[2024-05-10T11:10:14.408+0000] {processor.py:161} INFO - Started process (PID=1510) to work on /home/airflow/.local/lib/python3.12/site-packages/airflow/example_dags/example_sla_dag.py
[2024-05-10T11:10:14.408+0000] {processor.py:830} INFO - Processing file /home/airflow/.local/lib/python3.12/site-packages/airflow/example_dags/example_sla_dag.py for tasks to queue
[2024-05-10T11:10:14.409+0000] {logging_mixin.py:188} INFO - [2024-05-10T11:10:14.408+0000] {dagbag.py:540} INFO - Filling up the DagBag from /home/airflow/.local/lib/python3.12/site-packages/airflow/example_dags/example_sla_dag.py
[2024-05-10T11:10:14.413+0000] {processor.py:840} INFO - DAG(s) 'example_sla_dag' retrieved from /home/airflow/.local/lib/python3.12/site-packages/airflow/example_dags/example_sla_dag.py
[2024-05-10T11:10:14.422+0000] {logging_mixin.py:188} INFO - [2024-05-10T11:10:14.422+0000] {dag.py:3096} INFO - Sync 1 DAGs
[2024-05-10T11:10:14.432+0000] {logging_mixin.py:188} INFO - [2024-05-10T11:10:14.432+0000] {dag.py:3954} INFO - Setting next_dagrun for example_sla_dag to 2024-05-10 11:08:00+00:00, run_after=2024-05-10 11:10:00+00:00
[2024-05-10T11:10:14.440+0000] {processor.py:183} INFO - Processing /home/airflow/.local/lib/python3.12/site-packages/airflow/example_dags/example_sla_dag.py took 0.035 seconds
