[2024-05-10T10:49:23.039+0000] {processor.py:161} INFO - Started process (PID=166) to work on /home/airflow/.local/lib/python3.12/site-packages/airflow/example_dags/example_task_group.py
[2024-05-10T10:49:23.039+0000] {processor.py:830} INFO - Processing file /home/airflow/.local/lib/python3.12/site-packages/airflow/example_dags/example_task_group.py for tasks to queue
[2024-05-10T10:49:23.042+0000] {logging_mixin.py:188} INFO - [2024-05-10T10:49:23.042+0000] {dagbag.py:540} INFO - Filling up the DagBag from /home/airflow/.local/lib/python3.12/site-packages/airflow/example_dags/example_task_group.py
[2024-05-10T10:49:23.048+0000] {processor.py:840} INFO - DAG(s) 'example_task_group' retrieved from /home/airflow/.local/lib/python3.12/site-packages/airflow/example_dags/example_task_group.py
[2024-05-10T10:49:23.096+0000] {logging_mixin.py:188} INFO - [2024-05-10T10:49:23.096+0000] {dag.py:3096} INFO - Sync 1 DAGs
[2024-05-10T10:49:23.105+0000] {logging_mixin.py:188} INFO - [2024-05-10T10:49:23.105+0000] {dag.py:3954} INFO - Setting next_dagrun for example_task_group to 2024-05-09 00:00:00+00:00, run_after=2024-05-10 00:00:00+00:00
[2024-05-10T10:49:23.114+0000] {processor.py:183} INFO - Processing /home/airflow/.local/lib/python3.12/site-packages/airflow/example_dags/example_task_group.py took 0.078 seconds
[2024-05-10T10:49:53.130+0000] {processor.py:161} INFO - Started process (PID=226) to work on /home/airflow/.local/lib/python3.12/site-packages/airflow/example_dags/example_task_group.py
[2024-05-10T10:49:53.130+0000] {processor.py:830} INFO - Processing file /home/airflow/.local/lib/python3.12/site-packages/airflow/example_dags/example_task_group.py for tasks to queue
[2024-05-10T10:49:53.131+0000] {logging_mixin.py:188} INFO - [2024-05-10T10:49:53.131+0000] {dagbag.py:540} INFO - Filling up the DagBag from /home/airflow/.local/lib/python3.12/site-packages/airflow/example_dags/example_task_group.py
[2024-05-10T10:49:53.135+0000] {processor.py:840} INFO - DAG(s) 'example_task_group' retrieved from /home/airflow/.local/lib/python3.12/site-packages/airflow/example_dags/example_task_group.py
[2024-05-10T10:49:53.145+0000] {logging_mixin.py:188} INFO - [2024-05-10T10:49:53.145+0000] {dag.py:3096} INFO - Sync 1 DAGs
[2024-05-10T10:49:53.156+0000] {logging_mixin.py:188} INFO - [2024-05-10T10:49:53.156+0000] {dag.py:3954} INFO - Setting next_dagrun for example_task_group to 2024-05-09 00:00:00+00:00, run_after=2024-05-10 00:00:00+00:00
[2024-05-10T10:49:53.164+0000] {processor.py:183} INFO - Processing /home/airflow/.local/lib/python3.12/site-packages/airflow/example_dags/example_task_group.py took 0.037 seconds
[2024-05-10T10:50:23.731+0000] {processor.py:161} INFO - Started process (PID=286) to work on /home/airflow/.local/lib/python3.12/site-packages/airflow/example_dags/example_task_group.py
[2024-05-10T10:50:23.731+0000] {processor.py:830} INFO - Processing file /home/airflow/.local/lib/python3.12/site-packages/airflow/example_dags/example_task_group.py for tasks to queue
[2024-05-10T10:50:23.732+0000] {logging_mixin.py:188} INFO - [2024-05-10T10:50:23.732+0000] {dagbag.py:540} INFO - Filling up the DagBag from /home/airflow/.local/lib/python3.12/site-packages/airflow/example_dags/example_task_group.py
[2024-05-10T10:50:23.736+0000] {processor.py:840} INFO - DAG(s) 'example_task_group' retrieved from /home/airflow/.local/lib/python3.12/site-packages/airflow/example_dags/example_task_group.py
[2024-05-10T10:50:23.746+0000] {logging_mixin.py:188} INFO - [2024-05-10T10:50:23.746+0000] {dag.py:3096} INFO - Sync 1 DAGs
[2024-05-10T10:50:23.757+0000] {logging_mixin.py:188} INFO - [2024-05-10T10:50:23.757+0000] {dag.py:3954} INFO - Setting next_dagrun for example_task_group to 2024-05-09 00:00:00+00:00, run_after=2024-05-10 00:00:00+00:00
[2024-05-10T10:50:23.765+0000] {processor.py:183} INFO - Processing /home/airflow/.local/lib/python3.12/site-packages/airflow/example_dags/example_task_group.py took 0.037 seconds
[2024-05-10T10:50:54.385+0000] {processor.py:161} INFO - Started process (PID=345) to work on /home/airflow/.local/lib/python3.12/site-packages/airflow/example_dags/example_task_group.py
[2024-05-10T10:50:54.386+0000] {processor.py:830} INFO - Processing file /home/airflow/.local/lib/python3.12/site-packages/airflow/example_dags/example_task_group.py for tasks to queue
[2024-05-10T10:50:54.387+0000] {logging_mixin.py:188} INFO - [2024-05-10T10:50:54.386+0000] {dagbag.py:540} INFO - Filling up the DagBag from /home/airflow/.local/lib/python3.12/site-packages/airflow/example_dags/example_task_group.py
[2024-05-10T10:50:54.390+0000] {processor.py:840} INFO - DAG(s) 'example_task_group' retrieved from /home/airflow/.local/lib/python3.12/site-packages/airflow/example_dags/example_task_group.py
[2024-05-10T10:50:54.402+0000] {logging_mixin.py:188} INFO - [2024-05-10T10:50:54.402+0000] {dag.py:3096} INFO - Sync 1 DAGs
[2024-05-10T10:50:54.413+0000] {logging_mixin.py:188} INFO - [2024-05-10T10:50:54.413+0000] {dag.py:3954} INFO - Setting next_dagrun for example_task_group to 2024-05-09 00:00:00+00:00, run_after=2024-05-10 00:00:00+00:00
[2024-05-10T10:50:54.422+0000] {processor.py:183} INFO - Processing /home/airflow/.local/lib/python3.12/site-packages/airflow/example_dags/example_task_group.py took 0.040 seconds
[2024-05-10T10:51:24.926+0000] {processor.py:161} INFO - Started process (PID=405) to work on /home/airflow/.local/lib/python3.12/site-packages/airflow/example_dags/example_task_group.py
[2024-05-10T10:51:24.926+0000] {processor.py:830} INFO - Processing file /home/airflow/.local/lib/python3.12/site-packages/airflow/example_dags/example_task_group.py for tasks to queue
[2024-05-10T10:51:24.927+0000] {logging_mixin.py:188} INFO - [2024-05-10T10:51:24.927+0000] {dagbag.py:540} INFO - Filling up the DagBag from /home/airflow/.local/lib/python3.12/site-packages/airflow/example_dags/example_task_group.py
[2024-05-10T10:51:24.931+0000] {processor.py:840} INFO - DAG(s) 'example_task_group' retrieved from /home/airflow/.local/lib/python3.12/site-packages/airflow/example_dags/example_task_group.py
[2024-05-10T10:51:24.941+0000] {logging_mixin.py:188} INFO - [2024-05-10T10:51:24.941+0000] {dag.py:3096} INFO - Sync 1 DAGs
[2024-05-10T10:51:24.950+0000] {logging_mixin.py:188} INFO - [2024-05-10T10:51:24.950+0000] {dag.py:3954} INFO - Setting next_dagrun for example_task_group to 2024-05-09 00:00:00+00:00, run_after=2024-05-10 00:00:00+00:00
[2024-05-10T10:51:24.958+0000] {processor.py:183} INFO - Processing /home/airflow/.local/lib/python3.12/site-packages/airflow/example_dags/example_task_group.py took 0.036 seconds
[2024-05-10T10:51:55.495+0000] {processor.py:161} INFO - Started process (PID=465) to work on /home/airflow/.local/lib/python3.12/site-packages/airflow/example_dags/example_task_group.py
[2024-05-10T10:51:55.496+0000] {processor.py:830} INFO - Processing file /home/airflow/.local/lib/python3.12/site-packages/airflow/example_dags/example_task_group.py for tasks to queue
[2024-05-10T10:51:55.497+0000] {logging_mixin.py:188} INFO - [2024-05-10T10:51:55.497+0000] {dagbag.py:540} INFO - Filling up the DagBag from /home/airflow/.local/lib/python3.12/site-packages/airflow/example_dags/example_task_group.py
[2024-05-10T10:51:55.500+0000] {processor.py:840} INFO - DAG(s) 'example_task_group' retrieved from /home/airflow/.local/lib/python3.12/site-packages/airflow/example_dags/example_task_group.py
[2024-05-10T10:51:55.511+0000] {logging_mixin.py:188} INFO - [2024-05-10T10:51:55.510+0000] {dag.py:3096} INFO - Sync 1 DAGs
[2024-05-10T10:51:55.521+0000] {logging_mixin.py:188} INFO - [2024-05-10T10:51:55.521+0000] {dag.py:3954} INFO - Setting next_dagrun for example_task_group to 2024-05-09 00:00:00+00:00, run_after=2024-05-10 00:00:00+00:00
[2024-05-10T10:51:55.529+0000] {processor.py:183} INFO - Processing /home/airflow/.local/lib/python3.12/site-packages/airflow/example_dags/example_task_group.py took 0.036 seconds
[2024-05-10T10:52:26.101+0000] {processor.py:161} INFO - Started process (PID=525) to work on /home/airflow/.local/lib/python3.12/site-packages/airflow/example_dags/example_task_group.py
[2024-05-10T10:52:26.102+0000] {processor.py:830} INFO - Processing file /home/airflow/.local/lib/python3.12/site-packages/airflow/example_dags/example_task_group.py for tasks to queue
[2024-05-10T10:52:26.103+0000] {logging_mixin.py:188} INFO - [2024-05-10T10:52:26.103+0000] {dagbag.py:540} INFO - Filling up the DagBag from /home/airflow/.local/lib/python3.12/site-packages/airflow/example_dags/example_task_group.py
[2024-05-10T10:52:26.106+0000] {processor.py:840} INFO - DAG(s) 'example_task_group' retrieved from /home/airflow/.local/lib/python3.12/site-packages/airflow/example_dags/example_task_group.py
[2024-05-10T10:52:26.117+0000] {logging_mixin.py:188} INFO - [2024-05-10T10:52:26.116+0000] {dag.py:3096} INFO - Sync 1 DAGs
[2024-05-10T10:52:26.126+0000] {logging_mixin.py:188} INFO - [2024-05-10T10:52:26.126+0000] {dag.py:3954} INFO - Setting next_dagrun for example_task_group to 2024-05-09 00:00:00+00:00, run_after=2024-05-10 00:00:00+00:00
[2024-05-10T10:52:26.134+0000] {processor.py:183} INFO - Processing /home/airflow/.local/lib/python3.12/site-packages/airflow/example_dags/example_task_group.py took 0.036 seconds
[2024-05-10T10:52:56.626+0000] {processor.py:161} INFO - Started process (PID=585) to work on /home/airflow/.local/lib/python3.12/site-packages/airflow/example_dags/example_task_group.py
[2024-05-10T10:52:56.627+0000] {processor.py:830} INFO - Processing file /home/airflow/.local/lib/python3.12/site-packages/airflow/example_dags/example_task_group.py for tasks to queue
[2024-05-10T10:52:56.628+0000] {logging_mixin.py:188} INFO - [2024-05-10T10:52:56.628+0000] {dagbag.py:540} INFO - Filling up the DagBag from /home/airflow/.local/lib/python3.12/site-packages/airflow/example_dags/example_task_group.py
[2024-05-10T10:52:56.632+0000] {processor.py:840} INFO - DAG(s) 'example_task_group' retrieved from /home/airflow/.local/lib/python3.12/site-packages/airflow/example_dags/example_task_group.py
[2024-05-10T10:52:56.641+0000] {logging_mixin.py:188} INFO - [2024-05-10T10:52:56.641+0000] {dag.py:3096} INFO - Sync 1 DAGs
[2024-05-10T10:52:56.651+0000] {logging_mixin.py:188} INFO - [2024-05-10T10:52:56.651+0000] {dag.py:3954} INFO - Setting next_dagrun for example_task_group to 2024-05-09 00:00:00+00:00, run_after=2024-05-10 00:00:00+00:00
[2024-05-10T10:52:56.660+0000] {processor.py:183} INFO - Processing /home/airflow/.local/lib/python3.12/site-packages/airflow/example_dags/example_task_group.py took 0.036 seconds
[2024-05-10T10:53:27.191+0000] {processor.py:161} INFO - Started process (PID=644) to work on /home/airflow/.local/lib/python3.12/site-packages/airflow/example_dags/example_task_group.py
[2024-05-10T10:53:27.192+0000] {processor.py:830} INFO - Processing file /home/airflow/.local/lib/python3.12/site-packages/airflow/example_dags/example_task_group.py for tasks to queue
[2024-05-10T10:53:27.193+0000] {logging_mixin.py:188} INFO - [2024-05-10T10:53:27.193+0000] {dagbag.py:540} INFO - Filling up the DagBag from /home/airflow/.local/lib/python3.12/site-packages/airflow/example_dags/example_task_group.py
[2024-05-10T10:53:27.196+0000] {processor.py:840} INFO - DAG(s) 'example_task_group' retrieved from /home/airflow/.local/lib/python3.12/site-packages/airflow/example_dags/example_task_group.py
[2024-05-10T10:53:27.207+0000] {logging_mixin.py:188} INFO - [2024-05-10T10:53:27.207+0000] {dag.py:3096} INFO - Sync 1 DAGs
[2024-05-10T10:53:27.217+0000] {logging_mixin.py:188} INFO - [2024-05-10T10:53:27.217+0000] {dag.py:3954} INFO - Setting next_dagrun for example_task_group to 2024-05-09 00:00:00+00:00, run_after=2024-05-10 00:00:00+00:00
[2024-05-10T10:53:27.225+0000] {processor.py:183} INFO - Processing /home/airflow/.local/lib/python3.12/site-packages/airflow/example_dags/example_task_group.py took 0.037 seconds
[2024-05-10T10:53:57.794+0000] {processor.py:161} INFO - Started process (PID=704) to work on /home/airflow/.local/lib/python3.12/site-packages/airflow/example_dags/example_task_group.py
[2024-05-10T10:53:57.795+0000] {processor.py:830} INFO - Processing file /home/airflow/.local/lib/python3.12/site-packages/airflow/example_dags/example_task_group.py for tasks to queue
[2024-05-10T10:53:57.796+0000] {logging_mixin.py:188} INFO - [2024-05-10T10:53:57.796+0000] {dagbag.py:540} INFO - Filling up the DagBag from /home/airflow/.local/lib/python3.12/site-packages/airflow/example_dags/example_task_group.py
[2024-05-10T10:53:57.799+0000] {processor.py:840} INFO - DAG(s) 'example_task_group' retrieved from /home/airflow/.local/lib/python3.12/site-packages/airflow/example_dags/example_task_group.py
[2024-05-10T10:53:57.810+0000] {logging_mixin.py:188} INFO - [2024-05-10T10:53:57.810+0000] {dag.py:3096} INFO - Sync 1 DAGs
[2024-05-10T10:53:57.820+0000] {logging_mixin.py:188} INFO - [2024-05-10T10:53:57.820+0000] {dag.py:3954} INFO - Setting next_dagrun for example_task_group to 2024-05-09 00:00:00+00:00, run_after=2024-05-10 00:00:00+00:00
[2024-05-10T10:53:57.828+0000] {processor.py:183} INFO - Processing /home/airflow/.local/lib/python3.12/site-packages/airflow/example_dags/example_task_group.py took 0.037 seconds
[2024-05-10T10:54:28.412+0000] {processor.py:161} INFO - Started process (PID=764) to work on /home/airflow/.local/lib/python3.12/site-packages/airflow/example_dags/example_task_group.py
[2024-05-10T10:54:28.413+0000] {processor.py:830} INFO - Processing file /home/airflow/.local/lib/python3.12/site-packages/airflow/example_dags/example_task_group.py for tasks to queue
[2024-05-10T10:54:28.414+0000] {logging_mixin.py:188} INFO - [2024-05-10T10:54:28.414+0000] {dagbag.py:540} INFO - Filling up the DagBag from /home/airflow/.local/lib/python3.12/site-packages/airflow/example_dags/example_task_group.py
[2024-05-10T10:54:28.418+0000] {processor.py:840} INFO - DAG(s) 'example_task_group' retrieved from /home/airflow/.local/lib/python3.12/site-packages/airflow/example_dags/example_task_group.py
[2024-05-10T10:54:28.429+0000] {logging_mixin.py:188} INFO - [2024-05-10T10:54:28.429+0000] {dag.py:3096} INFO - Sync 1 DAGs
[2024-05-10T10:54:28.439+0000] {logging_mixin.py:188} INFO - [2024-05-10T10:54:28.439+0000] {dag.py:3954} INFO - Setting next_dagrun for example_task_group to 2024-05-09 00:00:00+00:00, run_after=2024-05-10 00:00:00+00:00
[2024-05-10T10:54:28.447+0000] {processor.py:183} INFO - Processing /home/airflow/.local/lib/python3.12/site-packages/airflow/example_dags/example_task_group.py took 0.038 seconds
[2024-05-10T10:54:59.025+0000] {processor.py:161} INFO - Started process (PID=824) to work on /home/airflow/.local/lib/python3.12/site-packages/airflow/example_dags/example_task_group.py
[2024-05-10T10:54:59.026+0000] {processor.py:830} INFO - Processing file /home/airflow/.local/lib/python3.12/site-packages/airflow/example_dags/example_task_group.py for tasks to queue
[2024-05-10T10:54:59.027+0000] {logging_mixin.py:188} INFO - [2024-05-10T10:54:59.026+0000] {dagbag.py:540} INFO - Filling up the DagBag from /home/airflow/.local/lib/python3.12/site-packages/airflow/example_dags/example_task_group.py
[2024-05-10T10:54:59.030+0000] {processor.py:840} INFO - DAG(s) 'example_task_group' retrieved from /home/airflow/.local/lib/python3.12/site-packages/airflow/example_dags/example_task_group.py
[2024-05-10T10:54:59.041+0000] {logging_mixin.py:188} INFO - [2024-05-10T10:54:59.041+0000] {dag.py:3096} INFO - Sync 1 DAGs
[2024-05-10T10:54:59.052+0000] {logging_mixin.py:188} INFO - [2024-05-10T10:54:59.052+0000] {dag.py:3954} INFO - Setting next_dagrun for example_task_group to 2024-05-09 00:00:00+00:00, run_after=2024-05-10 00:00:00+00:00
[2024-05-10T10:54:59.060+0000] {processor.py:183} INFO - Processing /home/airflow/.local/lib/python3.12/site-packages/airflow/example_dags/example_task_group.py took 0.038 seconds
[2024-05-10T10:55:29.667+0000] {processor.py:161} INFO - Started process (PID=884) to work on /home/airflow/.local/lib/python3.12/site-packages/airflow/example_dags/example_task_group.py
[2024-05-10T10:55:29.667+0000] {processor.py:830} INFO - Processing file /home/airflow/.local/lib/python3.12/site-packages/airflow/example_dags/example_task_group.py for tasks to queue
[2024-05-10T10:55:29.668+0000] {logging_mixin.py:188} INFO - [2024-05-10T10:55:29.668+0000] {dagbag.py:540} INFO - Filling up the DagBag from /home/airflow/.local/lib/python3.12/site-packages/airflow/example_dags/example_task_group.py
[2024-05-10T10:55:29.672+0000] {processor.py:840} INFO - DAG(s) 'example_task_group' retrieved from /home/airflow/.local/lib/python3.12/site-packages/airflow/example_dags/example_task_group.py
[2024-05-10T10:55:29.683+0000] {logging_mixin.py:188} INFO - [2024-05-10T10:55:29.683+0000] {dag.py:3096} INFO - Sync 1 DAGs
[2024-05-10T10:55:29.694+0000] {logging_mixin.py:188} INFO - [2024-05-10T10:55:29.694+0000] {dag.py:3954} INFO - Setting next_dagrun for example_task_group to 2024-05-09 00:00:00+00:00, run_after=2024-05-10 00:00:00+00:00
[2024-05-10T10:55:29.704+0000] {processor.py:183} INFO - Processing /home/airflow/.local/lib/python3.12/site-packages/airflow/example_dags/example_task_group.py took 0.040 seconds
[2024-05-10T10:56:00.242+0000] {processor.py:161} INFO - Started process (PID=944) to work on /home/airflow/.local/lib/python3.12/site-packages/airflow/example_dags/example_task_group.py
[2024-05-10T10:56:00.243+0000] {processor.py:830} INFO - Processing file /home/airflow/.local/lib/python3.12/site-packages/airflow/example_dags/example_task_group.py for tasks to queue
[2024-05-10T10:56:00.244+0000] {logging_mixin.py:188} INFO - [2024-05-10T10:56:00.244+0000] {dagbag.py:540} INFO - Filling up the DagBag from /home/airflow/.local/lib/python3.12/site-packages/airflow/example_dags/example_task_group.py
[2024-05-10T10:56:00.247+0000] {processor.py:840} INFO - DAG(s) 'example_task_group' retrieved from /home/airflow/.local/lib/python3.12/site-packages/airflow/example_dags/example_task_group.py
[2024-05-10T10:56:00.262+0000] {logging_mixin.py:188} INFO - [2024-05-10T10:56:00.261+0000] {dag.py:3096} INFO - Sync 1 DAGs
[2024-05-10T10:56:00.273+0000] {logging_mixin.py:188} INFO - [2024-05-10T10:56:00.273+0000] {dag.py:3954} INFO - Setting next_dagrun for example_task_group to 2024-05-09 00:00:00+00:00, run_after=2024-05-10 00:00:00+00:00
[2024-05-10T10:56:00.285+0000] {processor.py:183} INFO - Processing /home/airflow/.local/lib/python3.12/site-packages/airflow/example_dags/example_task_group.py took 0.046 seconds
[2024-05-10T10:56:30.822+0000] {processor.py:161} INFO - Started process (PID=1004) to work on /home/airflow/.local/lib/python3.12/site-packages/airflow/example_dags/example_task_group.py
[2024-05-10T10:56:30.823+0000] {processor.py:830} INFO - Processing file /home/airflow/.local/lib/python3.12/site-packages/airflow/example_dags/example_task_group.py for tasks to queue
[2024-05-10T10:56:30.824+0000] {logging_mixin.py:188} INFO - [2024-05-10T10:56:30.823+0000] {dagbag.py:540} INFO - Filling up the DagBag from /home/airflow/.local/lib/python3.12/site-packages/airflow/example_dags/example_task_group.py
[2024-05-10T10:56:30.827+0000] {processor.py:840} INFO - DAG(s) 'example_task_group' retrieved from /home/airflow/.local/lib/python3.12/site-packages/airflow/example_dags/example_task_group.py
[2024-05-10T10:56:30.838+0000] {logging_mixin.py:188} INFO - [2024-05-10T10:56:30.838+0000] {dag.py:3096} INFO - Sync 1 DAGs
[2024-05-10T10:56:30.848+0000] {logging_mixin.py:188} INFO - [2024-05-10T10:56:30.848+0000] {dag.py:3954} INFO - Setting next_dagrun for example_task_group to 2024-05-09 00:00:00+00:00, run_after=2024-05-10 00:00:00+00:00
[2024-05-10T10:56:30.856+0000] {processor.py:183} INFO - Processing /home/airflow/.local/lib/python3.12/site-packages/airflow/example_dags/example_task_group.py took 0.037 seconds
[2024-05-10T10:57:01.691+0000] {processor.py:161} INFO - Started process (PID=1064) to work on /home/airflow/.local/lib/python3.12/site-packages/airflow/example_dags/example_task_group.py
[2024-05-10T10:57:01.694+0000] {processor.py:830} INFO - Processing file /home/airflow/.local/lib/python3.12/site-packages/airflow/example_dags/example_task_group.py for tasks to queue
[2024-05-10T10:57:01.696+0000] {logging_mixin.py:188} INFO - [2024-05-10T10:57:01.696+0000] {dagbag.py:540} INFO - Filling up the DagBag from /home/airflow/.local/lib/python3.12/site-packages/airflow/example_dags/example_task_group.py
[2024-05-10T10:57:01.701+0000] {processor.py:840} INFO - DAG(s) 'example_task_group' retrieved from /home/airflow/.local/lib/python3.12/site-packages/airflow/example_dags/example_task_group.py
[2024-05-10T10:57:01.713+0000] {logging_mixin.py:188} INFO - [2024-05-10T10:57:01.713+0000] {dag.py:3096} INFO - Sync 1 DAGs
[2024-05-10T10:57:01.725+0000] {logging_mixin.py:188} INFO - [2024-05-10T10:57:01.725+0000] {dag.py:3954} INFO - Setting next_dagrun for example_task_group to 2024-05-09 00:00:00+00:00, run_after=2024-05-10 00:00:00+00:00
[2024-05-10T10:57:01.736+0000] {processor.py:183} INFO - Processing /home/airflow/.local/lib/python3.12/site-packages/airflow/example_dags/example_task_group.py took 0.052 seconds
[2024-05-10T10:57:57.308+0000] {processor.py:161} INFO - Started process (PID=71) to work on /home/airflow/.local/lib/python3.12/site-packages/airflow/example_dags/example_task_group.py
[2024-05-10T10:57:57.309+0000] {processor.py:830} INFO - Processing file /home/airflow/.local/lib/python3.12/site-packages/airflow/example_dags/example_task_group.py for tasks to queue
[2024-05-10T10:57:57.313+0000] {logging_mixin.py:188} INFO - [2024-05-10T10:57:57.313+0000] {dagbag.py:540} INFO - Filling up the DagBag from /home/airflow/.local/lib/python3.12/site-packages/airflow/example_dags/example_task_group.py
[2024-05-10T10:57:57.319+0000] {processor.py:840} INFO - DAG(s) 'example_task_group' retrieved from /home/airflow/.local/lib/python3.12/site-packages/airflow/example_dags/example_task_group.py
[2024-05-10T10:57:57.334+0000] {logging_mixin.py:188} INFO - [2024-05-10T10:57:57.334+0000] {dag.py:3096} INFO - Sync 1 DAGs
[2024-05-10T10:57:57.351+0000] {logging_mixin.py:188} INFO - [2024-05-10T10:57:57.351+0000] {dag.py:3954} INFO - Setting next_dagrun for example_task_group to 2024-05-09 00:00:00+00:00, run_after=2024-05-10 00:00:00+00:00
[2024-05-10T10:57:57.362+0000] {processor.py:183} INFO - Processing /home/airflow/.local/lib/python3.12/site-packages/airflow/example_dags/example_task_group.py took 0.061 seconds
[2024-05-10T10:58:27.742+0000] {processor.py:161} INFO - Started process (PID=131) to work on /home/airflow/.local/lib/python3.12/site-packages/airflow/example_dags/example_task_group.py
[2024-05-10T10:58:27.743+0000] {processor.py:830} INFO - Processing file /home/airflow/.local/lib/python3.12/site-packages/airflow/example_dags/example_task_group.py for tasks to queue
[2024-05-10T10:58:27.744+0000] {logging_mixin.py:188} INFO - [2024-05-10T10:58:27.744+0000] {dagbag.py:540} INFO - Filling up the DagBag from /home/airflow/.local/lib/python3.12/site-packages/airflow/example_dags/example_task_group.py
[2024-05-10T10:58:27.747+0000] {processor.py:840} INFO - DAG(s) 'example_task_group' retrieved from /home/airflow/.local/lib/python3.12/site-packages/airflow/example_dags/example_task_group.py
[2024-05-10T10:58:27.792+0000] {logging_mixin.py:188} INFO - [2024-05-10T10:58:27.791+0000] {dag.py:3096} INFO - Sync 1 DAGs
[2024-05-10T10:58:27.800+0000] {logging_mixin.py:188} INFO - [2024-05-10T10:58:27.799+0000] {dag.py:3954} INFO - Setting next_dagrun for example_task_group to 2024-05-09 00:00:00+00:00, run_after=2024-05-10 00:00:00+00:00
[2024-05-10T10:58:27.808+0000] {processor.py:183} INFO - Processing /home/airflow/.local/lib/python3.12/site-packages/airflow/example_dags/example_task_group.py took 0.068 seconds
[2024-05-10T10:58:58.751+0000] {processor.py:161} INFO - Started process (PID=191) to work on /home/airflow/.local/lib/python3.12/site-packages/airflow/example_dags/example_task_group.py
[2024-05-10T10:58:58.752+0000] {processor.py:830} INFO - Processing file /home/airflow/.local/lib/python3.12/site-packages/airflow/example_dags/example_task_group.py for tasks to queue
[2024-05-10T10:58:58.753+0000] {logging_mixin.py:188} INFO - [2024-05-10T10:58:58.752+0000] {dagbag.py:540} INFO - Filling up the DagBag from /home/airflow/.local/lib/python3.12/site-packages/airflow/example_dags/example_task_group.py
[2024-05-10T10:58:58.756+0000] {processor.py:840} INFO - DAG(s) 'example_task_group' retrieved from /home/airflow/.local/lib/python3.12/site-packages/airflow/example_dags/example_task_group.py
[2024-05-10T10:58:58.766+0000] {logging_mixin.py:188} INFO - [2024-05-10T10:58:58.766+0000] {dag.py:3096} INFO - Sync 1 DAGs
[2024-05-10T10:58:58.776+0000] {logging_mixin.py:188} INFO - [2024-05-10T10:58:58.776+0000] {dag.py:3954} INFO - Setting next_dagrun for example_task_group to 2024-05-09 00:00:00+00:00, run_after=2024-05-10 00:00:00+00:00
[2024-05-10T10:58:58.784+0000] {processor.py:183} INFO - Processing /home/airflow/.local/lib/python3.12/site-packages/airflow/example_dags/example_task_group.py took 0.036 seconds
[2024-05-10T10:59:29.333+0000] {processor.py:161} INFO - Started process (PID=250) to work on /home/airflow/.local/lib/python3.12/site-packages/airflow/example_dags/example_task_group.py
[2024-05-10T10:59:29.334+0000] {processor.py:830} INFO - Processing file /home/airflow/.local/lib/python3.12/site-packages/airflow/example_dags/example_task_group.py for tasks to queue
[2024-05-10T10:59:29.335+0000] {logging_mixin.py:188} INFO - [2024-05-10T10:59:29.335+0000] {dagbag.py:540} INFO - Filling up the DagBag from /home/airflow/.local/lib/python3.12/site-packages/airflow/example_dags/example_task_group.py
[2024-05-10T10:59:29.338+0000] {processor.py:840} INFO - DAG(s) 'example_task_group' retrieved from /home/airflow/.local/lib/python3.12/site-packages/airflow/example_dags/example_task_group.py
[2024-05-10T10:59:29.349+0000] {logging_mixin.py:188} INFO - [2024-05-10T10:59:29.349+0000] {dag.py:3096} INFO - Sync 1 DAGs
[2024-05-10T10:59:29.359+0000] {logging_mixin.py:188} INFO - [2024-05-10T10:59:29.359+0000] {dag.py:3954} INFO - Setting next_dagrun for example_task_group to 2024-05-09 00:00:00+00:00, run_after=2024-05-10 00:00:00+00:00
[2024-05-10T10:59:29.367+0000] {processor.py:183} INFO - Processing /home/airflow/.local/lib/python3.12/site-packages/airflow/example_dags/example_task_group.py took 0.037 seconds
[2024-05-10T11:00:00.013+0000] {processor.py:161} INFO - Started process (PID=310) to work on /home/airflow/.local/lib/python3.12/site-packages/airflow/example_dags/example_task_group.py
[2024-05-10T11:00:00.013+0000] {processor.py:830} INFO - Processing file /home/airflow/.local/lib/python3.12/site-packages/airflow/example_dags/example_task_group.py for tasks to queue
[2024-05-10T11:00:00.014+0000] {logging_mixin.py:188} INFO - [2024-05-10T11:00:00.014+0000] {dagbag.py:540} INFO - Filling up the DagBag from /home/airflow/.local/lib/python3.12/site-packages/airflow/example_dags/example_task_group.py
[2024-05-10T11:00:00.018+0000] {processor.py:840} INFO - DAG(s) 'example_task_group' retrieved from /home/airflow/.local/lib/python3.12/site-packages/airflow/example_dags/example_task_group.py
[2024-05-10T11:00:00.028+0000] {logging_mixin.py:188} INFO - [2024-05-10T11:00:00.028+0000] {dag.py:3096} INFO - Sync 1 DAGs
[2024-05-10T11:00:00.038+0000] {logging_mixin.py:188} INFO - [2024-05-10T11:00:00.038+0000] {dag.py:3954} INFO - Setting next_dagrun for example_task_group to 2024-05-09 00:00:00+00:00, run_after=2024-05-10 00:00:00+00:00
[2024-05-10T11:00:00.046+0000] {processor.py:183} INFO - Processing /home/airflow/.local/lib/python3.12/site-packages/airflow/example_dags/example_task_group.py took 0.037 seconds
[2024-05-10T11:00:30.780+0000] {processor.py:161} INFO - Started process (PID=370) to work on /home/airflow/.local/lib/python3.12/site-packages/airflow/example_dags/example_task_group.py
[2024-05-10T11:00:30.783+0000] {processor.py:830} INFO - Processing file /home/airflow/.local/lib/python3.12/site-packages/airflow/example_dags/example_task_group.py for tasks to queue
[2024-05-10T11:00:30.785+0000] {logging_mixin.py:188} INFO - [2024-05-10T11:00:30.785+0000] {dagbag.py:540} INFO - Filling up the DagBag from /home/airflow/.local/lib/python3.12/site-packages/airflow/example_dags/example_task_group.py
[2024-05-10T11:00:30.791+0000] {processor.py:840} INFO - DAG(s) 'example_task_group' retrieved from /home/airflow/.local/lib/python3.12/site-packages/airflow/example_dags/example_task_group.py
[2024-05-10T11:00:30.802+0000] {logging_mixin.py:188} INFO - [2024-05-10T11:00:30.802+0000] {dag.py:3096} INFO - Sync 1 DAGs
[2024-05-10T11:00:30.813+0000] {logging_mixin.py:188} INFO - [2024-05-10T11:00:30.813+0000] {dag.py:3954} INFO - Setting next_dagrun for example_task_group to 2024-05-09 00:00:00+00:00, run_after=2024-05-10 00:00:00+00:00
[2024-05-10T11:00:30.828+0000] {processor.py:183} INFO - Processing /home/airflow/.local/lib/python3.12/site-packages/airflow/example_dags/example_task_group.py took 0.053 seconds
[2024-05-10T11:01:01.689+0000] {processor.py:161} INFO - Started process (PID=429) to work on /home/airflow/.local/lib/python3.12/site-packages/airflow/example_dags/example_task_group.py
[2024-05-10T11:01:01.690+0000] {processor.py:830} INFO - Processing file /home/airflow/.local/lib/python3.12/site-packages/airflow/example_dags/example_task_group.py for tasks to queue
[2024-05-10T11:01:01.691+0000] {logging_mixin.py:188} INFO - [2024-05-10T11:01:01.691+0000] {dagbag.py:540} INFO - Filling up the DagBag from /home/airflow/.local/lib/python3.12/site-packages/airflow/example_dags/example_task_group.py
[2024-05-10T11:01:01.694+0000] {processor.py:840} INFO - DAG(s) 'example_task_group' retrieved from /home/airflow/.local/lib/python3.12/site-packages/airflow/example_dags/example_task_group.py
[2024-05-10T11:01:01.705+0000] {logging_mixin.py:188} INFO - [2024-05-10T11:01:01.705+0000] {dag.py:3096} INFO - Sync 1 DAGs
[2024-05-10T11:01:01.716+0000] {logging_mixin.py:188} INFO - [2024-05-10T11:01:01.715+0000] {dag.py:3954} INFO - Setting next_dagrun for example_task_group to 2024-05-09 00:00:00+00:00, run_after=2024-05-10 00:00:00+00:00
[2024-05-10T11:01:01.724+0000] {processor.py:183} INFO - Processing /home/airflow/.local/lib/python3.12/site-packages/airflow/example_dags/example_task_group.py took 0.037 seconds
[2024-05-10T11:01:32.326+0000] {processor.py:161} INFO - Started process (PID=489) to work on /home/airflow/.local/lib/python3.12/site-packages/airflow/example_dags/example_task_group.py
[2024-05-10T11:01:32.326+0000] {processor.py:830} INFO - Processing file /home/airflow/.local/lib/python3.12/site-packages/airflow/example_dags/example_task_group.py for tasks to queue
[2024-05-10T11:01:32.327+0000] {logging_mixin.py:188} INFO - [2024-05-10T11:01:32.327+0000] {dagbag.py:540} INFO - Filling up the DagBag from /home/airflow/.local/lib/python3.12/site-packages/airflow/example_dags/example_task_group.py
[2024-05-10T11:01:32.331+0000] {processor.py:840} INFO - DAG(s) 'example_task_group' retrieved from /home/airflow/.local/lib/python3.12/site-packages/airflow/example_dags/example_task_group.py
[2024-05-10T11:01:32.342+0000] {logging_mixin.py:188} INFO - [2024-05-10T11:01:32.342+0000] {dag.py:3096} INFO - Sync 1 DAGs
[2024-05-10T11:01:32.351+0000] {logging_mixin.py:188} INFO - [2024-05-10T11:01:32.351+0000] {dag.py:3954} INFO - Setting next_dagrun for example_task_group to 2024-05-09 00:00:00+00:00, run_after=2024-05-10 00:00:00+00:00
[2024-05-10T11:01:32.359+0000] {processor.py:183} INFO - Processing /home/airflow/.local/lib/python3.12/site-packages/airflow/example_dags/example_task_group.py took 0.036 seconds
[2024-05-10T11:02:03.158+0000] {processor.py:161} INFO - Started process (PID=549) to work on /home/airflow/.local/lib/python3.12/site-packages/airflow/example_dags/example_task_group.py
[2024-05-10T11:02:03.159+0000] {processor.py:830} INFO - Processing file /home/airflow/.local/lib/python3.12/site-packages/airflow/example_dags/example_task_group.py for tasks to queue
[2024-05-10T11:02:03.159+0000] {logging_mixin.py:188} INFO - [2024-05-10T11:02:03.159+0000] {dagbag.py:540} INFO - Filling up the DagBag from /home/airflow/.local/lib/python3.12/site-packages/airflow/example_dags/example_task_group.py
[2024-05-10T11:02:03.163+0000] {processor.py:840} INFO - DAG(s) 'example_task_group' retrieved from /home/airflow/.local/lib/python3.12/site-packages/airflow/example_dags/example_task_group.py
[2024-05-10T11:02:03.173+0000] {logging_mixin.py:188} INFO - [2024-05-10T11:02:03.173+0000] {dag.py:3096} INFO - Sync 1 DAGs
[2024-05-10T11:02:03.183+0000] {logging_mixin.py:188} INFO - [2024-05-10T11:02:03.183+0000] {dag.py:3954} INFO - Setting next_dagrun for example_task_group to 2024-05-09 00:00:00+00:00, run_after=2024-05-10 00:00:00+00:00
[2024-05-10T11:02:03.191+0000] {processor.py:183} INFO - Processing /home/airflow/.local/lib/python3.12/site-packages/airflow/example_dags/example_task_group.py took 0.035 seconds
[2024-05-10T11:02:33.953+0000] {processor.py:161} INFO - Started process (PID=609) to work on /home/airflow/.local/lib/python3.12/site-packages/airflow/example_dags/example_task_group.py
[2024-05-10T11:02:33.953+0000] {processor.py:830} INFO - Processing file /home/airflow/.local/lib/python3.12/site-packages/airflow/example_dags/example_task_group.py for tasks to queue
[2024-05-10T11:02:33.954+0000] {logging_mixin.py:188} INFO - [2024-05-10T11:02:33.954+0000] {dagbag.py:540} INFO - Filling up the DagBag from /home/airflow/.local/lib/python3.12/site-packages/airflow/example_dags/example_task_group.py
[2024-05-10T11:02:33.958+0000] {processor.py:840} INFO - DAG(s) 'example_task_group' retrieved from /home/airflow/.local/lib/python3.12/site-packages/airflow/example_dags/example_task_group.py
[2024-05-10T11:02:33.968+0000] {logging_mixin.py:188} INFO - [2024-05-10T11:02:33.968+0000] {dag.py:3096} INFO - Sync 1 DAGs
[2024-05-10T11:02:33.978+0000] {logging_mixin.py:188} INFO - [2024-05-10T11:02:33.978+0000] {dag.py:3954} INFO - Setting next_dagrun for example_task_group to 2024-05-09 00:00:00+00:00, run_after=2024-05-10 00:00:00+00:00
[2024-05-10T11:02:33.986+0000] {processor.py:183} INFO - Processing /home/airflow/.local/lib/python3.12/site-packages/airflow/example_dags/example_task_group.py took 0.036 seconds
[2024-05-10T11:03:04.778+0000] {processor.py:161} INFO - Started process (PID=669) to work on /home/airflow/.local/lib/python3.12/site-packages/airflow/example_dags/example_task_group.py
[2024-05-10T11:03:04.778+0000] {processor.py:830} INFO - Processing file /home/airflow/.local/lib/python3.12/site-packages/airflow/example_dags/example_task_group.py for tasks to queue
[2024-05-10T11:03:04.779+0000] {logging_mixin.py:188} INFO - [2024-05-10T11:03:04.779+0000] {dagbag.py:540} INFO - Filling up the DagBag from /home/airflow/.local/lib/python3.12/site-packages/airflow/example_dags/example_task_group.py
[2024-05-10T11:03:04.783+0000] {processor.py:840} INFO - DAG(s) 'example_task_group' retrieved from /home/airflow/.local/lib/python3.12/site-packages/airflow/example_dags/example_task_group.py
[2024-05-10T11:03:04.796+0000] {logging_mixin.py:188} INFO - [2024-05-10T11:03:04.796+0000] {dag.py:3096} INFO - Sync 1 DAGs
[2024-05-10T11:03:04.807+0000] {logging_mixin.py:188} INFO - [2024-05-10T11:03:04.807+0000] {dag.py:3954} INFO - Setting next_dagrun for example_task_group to 2024-05-09 00:00:00+00:00, run_after=2024-05-10 00:00:00+00:00
[2024-05-10T11:03:04.815+0000] {processor.py:183} INFO - Processing /home/airflow/.local/lib/python3.12/site-packages/airflow/example_dags/example_task_group.py took 0.041 seconds
[2024-05-10T11:03:35.508+0000] {processor.py:161} INFO - Started process (PID=729) to work on /home/airflow/.local/lib/python3.12/site-packages/airflow/example_dags/example_task_group.py
[2024-05-10T11:03:35.509+0000] {processor.py:830} INFO - Processing file /home/airflow/.local/lib/python3.12/site-packages/airflow/example_dags/example_task_group.py for tasks to queue
[2024-05-10T11:03:35.509+0000] {logging_mixin.py:188} INFO - [2024-05-10T11:03:35.509+0000] {dagbag.py:540} INFO - Filling up the DagBag from /home/airflow/.local/lib/python3.12/site-packages/airflow/example_dags/example_task_group.py
[2024-05-10T11:03:35.513+0000] {processor.py:840} INFO - DAG(s) 'example_task_group' retrieved from /home/airflow/.local/lib/python3.12/site-packages/airflow/example_dags/example_task_group.py
[2024-05-10T11:03:35.523+0000] {logging_mixin.py:188} INFO - [2024-05-10T11:03:35.523+0000] {dag.py:3096} INFO - Sync 1 DAGs
[2024-05-10T11:03:35.533+0000] {logging_mixin.py:188} INFO - [2024-05-10T11:03:35.533+0000] {dag.py:3954} INFO - Setting next_dagrun for example_task_group to 2024-05-09 00:00:00+00:00, run_after=2024-05-10 00:00:00+00:00
[2024-05-10T11:03:35.542+0000] {processor.py:183} INFO - Processing /home/airflow/.local/lib/python3.12/site-packages/airflow/example_dags/example_task_group.py took 0.036 seconds
[2024-05-10T11:04:06.295+0000] {processor.py:161} INFO - Started process (PID=788) to work on /home/airflow/.local/lib/python3.12/site-packages/airflow/example_dags/example_task_group.py
[2024-05-10T11:04:06.296+0000] {processor.py:830} INFO - Processing file /home/airflow/.local/lib/python3.12/site-packages/airflow/example_dags/example_task_group.py for tasks to queue
[2024-05-10T11:04:06.296+0000] {logging_mixin.py:188} INFO - [2024-05-10T11:04:06.296+0000] {dagbag.py:540} INFO - Filling up the DagBag from /home/airflow/.local/lib/python3.12/site-packages/airflow/example_dags/example_task_group.py
[2024-05-10T11:04:06.301+0000] {processor.py:840} INFO - DAG(s) 'example_task_group' retrieved from /home/airflow/.local/lib/python3.12/site-packages/airflow/example_dags/example_task_group.py
[2024-05-10T11:04:06.314+0000] {logging_mixin.py:188} INFO - [2024-05-10T11:04:06.314+0000] {dag.py:3096} INFO - Sync 1 DAGs
[2024-05-10T11:04:06.327+0000] {logging_mixin.py:188} INFO - [2024-05-10T11:04:06.327+0000] {dag.py:3954} INFO - Setting next_dagrun for example_task_group to 2024-05-09 00:00:00+00:00, run_after=2024-05-10 00:00:00+00:00
[2024-05-10T11:04:06.425+0000] {processor.py:183} INFO - Processing /home/airflow/.local/lib/python3.12/site-packages/airflow/example_dags/example_task_group.py took 0.132 seconds
[2024-05-10T11:04:36.508+0000] {processor.py:161} INFO - Started process (PID=847) to work on /home/airflow/.local/lib/python3.12/site-packages/airflow/example_dags/example_task_group.py
[2024-05-10T11:04:36.509+0000] {processor.py:830} INFO - Processing file /home/airflow/.local/lib/python3.12/site-packages/airflow/example_dags/example_task_group.py for tasks to queue
[2024-05-10T11:04:36.512+0000] {logging_mixin.py:188} INFO - [2024-05-10T11:04:36.512+0000] {dagbag.py:540} INFO - Filling up the DagBag from /home/airflow/.local/lib/python3.12/site-packages/airflow/example_dags/example_task_group.py
[2024-05-10T11:04:36.516+0000] {processor.py:840} INFO - DAG(s) 'example_task_group' retrieved from /home/airflow/.local/lib/python3.12/site-packages/airflow/example_dags/example_task_group.py
[2024-05-10T11:04:36.527+0000] {logging_mixin.py:188} INFO - [2024-05-10T11:04:36.527+0000] {dag.py:3096} INFO - Sync 1 DAGs
[2024-05-10T11:04:36.537+0000] {logging_mixin.py:188} INFO - [2024-05-10T11:04:36.536+0000] {dag.py:3954} INFO - Setting next_dagrun for example_task_group to 2024-05-09 00:00:00+00:00, run_after=2024-05-10 00:00:00+00:00
[2024-05-10T11:04:36.544+0000] {processor.py:183} INFO - Processing /home/airflow/.local/lib/python3.12/site-packages/airflow/example_dags/example_task_group.py took 0.039 seconds
[2024-05-10T11:05:07.568+0000] {processor.py:161} INFO - Started process (PID=907) to work on /home/airflow/.local/lib/python3.12/site-packages/airflow/example_dags/example_task_group.py
[2024-05-10T11:05:07.569+0000] {processor.py:830} INFO - Processing file /home/airflow/.local/lib/python3.12/site-packages/airflow/example_dags/example_task_group.py for tasks to queue
[2024-05-10T11:05:07.570+0000] {logging_mixin.py:188} INFO - [2024-05-10T11:05:07.569+0000] {dagbag.py:540} INFO - Filling up the DagBag from /home/airflow/.local/lib/python3.12/site-packages/airflow/example_dags/example_task_group.py
[2024-05-10T11:05:07.574+0000] {processor.py:840} INFO - DAG(s) 'example_task_group' retrieved from /home/airflow/.local/lib/python3.12/site-packages/airflow/example_dags/example_task_group.py
[2024-05-10T11:05:07.586+0000] {logging_mixin.py:188} INFO - [2024-05-10T11:05:07.586+0000] {dag.py:3096} INFO - Sync 1 DAGs
[2024-05-10T11:05:07.599+0000] {logging_mixin.py:188} INFO - [2024-05-10T11:05:07.599+0000] {dag.py:3954} INFO - Setting next_dagrun for example_task_group to 2024-05-09 00:00:00+00:00, run_after=2024-05-10 00:00:00+00:00
[2024-05-10T11:05:07.609+0000] {processor.py:183} INFO - Processing /home/airflow/.local/lib/python3.12/site-packages/airflow/example_dags/example_task_group.py took 0.045 seconds
[2024-05-10T11:05:38.539+0000] {processor.py:161} INFO - Started process (PID=966) to work on /home/airflow/.local/lib/python3.12/site-packages/airflow/example_dags/example_task_group.py
[2024-05-10T11:05:38.539+0000] {processor.py:830} INFO - Processing file /home/airflow/.local/lib/python3.12/site-packages/airflow/example_dags/example_task_group.py for tasks to queue
[2024-05-10T11:05:38.540+0000] {logging_mixin.py:188} INFO - [2024-05-10T11:05:38.540+0000] {dagbag.py:540} INFO - Filling up the DagBag from /home/airflow/.local/lib/python3.12/site-packages/airflow/example_dags/example_task_group.py
[2024-05-10T11:05:38.544+0000] {processor.py:840} INFO - DAG(s) 'example_task_group' retrieved from /home/airflow/.local/lib/python3.12/site-packages/airflow/example_dags/example_task_group.py
[2024-05-10T11:05:38.555+0000] {logging_mixin.py:188} INFO - [2024-05-10T11:05:38.554+0000] {dag.py:3096} INFO - Sync 1 DAGs
[2024-05-10T11:05:38.565+0000] {logging_mixin.py:188} INFO - [2024-05-10T11:05:38.565+0000] {dag.py:3954} INFO - Setting next_dagrun for example_task_group to 2024-05-09 00:00:00+00:00, run_after=2024-05-10 00:00:00+00:00
[2024-05-10T11:05:38.574+0000] {processor.py:183} INFO - Processing /home/airflow/.local/lib/python3.12/site-packages/airflow/example_dags/example_task_group.py took 0.038 seconds
[2024-05-10T11:06:08.663+0000] {processor.py:161} INFO - Started process (PID=1026) to work on /home/airflow/.local/lib/python3.12/site-packages/airflow/example_dags/example_task_group.py
[2024-05-10T11:06:08.663+0000] {processor.py:830} INFO - Processing file /home/airflow/.local/lib/python3.12/site-packages/airflow/example_dags/example_task_group.py for tasks to queue
[2024-05-10T11:06:08.664+0000] {logging_mixin.py:188} INFO - [2024-05-10T11:06:08.664+0000] {dagbag.py:540} INFO - Filling up the DagBag from /home/airflow/.local/lib/python3.12/site-packages/airflow/example_dags/example_task_group.py
[2024-05-10T11:06:08.669+0000] {processor.py:840} INFO - DAG(s) 'example_task_group' retrieved from /home/airflow/.local/lib/python3.12/site-packages/airflow/example_dags/example_task_group.py
[2024-05-10T11:06:08.681+0000] {logging_mixin.py:188} INFO - [2024-05-10T11:06:08.681+0000] {dag.py:3096} INFO - Sync 1 DAGs
[2024-05-10T11:06:08.692+0000] {logging_mixin.py:188} INFO - [2024-05-10T11:06:08.692+0000] {dag.py:3954} INFO - Setting next_dagrun for example_task_group to 2024-05-09 00:00:00+00:00, run_after=2024-05-10 00:00:00+00:00
[2024-05-10T11:06:08.700+0000] {processor.py:183} INFO - Processing /home/airflow/.local/lib/python3.12/site-packages/airflow/example_dags/example_task_group.py took 0.040 seconds
[2024-05-10T11:06:39.503+0000] {processor.py:161} INFO - Started process (PID=1086) to work on /home/airflow/.local/lib/python3.12/site-packages/airflow/example_dags/example_task_group.py
[2024-05-10T11:06:39.504+0000] {processor.py:830} INFO - Processing file /home/airflow/.local/lib/python3.12/site-packages/airflow/example_dags/example_task_group.py for tasks to queue
[2024-05-10T11:06:39.504+0000] {logging_mixin.py:188} INFO - [2024-05-10T11:06:39.504+0000] {dagbag.py:540} INFO - Filling up the DagBag from /home/airflow/.local/lib/python3.12/site-packages/airflow/example_dags/example_task_group.py
[2024-05-10T11:06:39.508+0000] {processor.py:840} INFO - DAG(s) 'example_task_group' retrieved from /home/airflow/.local/lib/python3.12/site-packages/airflow/example_dags/example_task_group.py
[2024-05-10T11:06:39.519+0000] {logging_mixin.py:188} INFO - [2024-05-10T11:06:39.519+0000] {dag.py:3096} INFO - Sync 1 DAGs
[2024-05-10T11:06:39.530+0000] {logging_mixin.py:188} INFO - [2024-05-10T11:06:39.530+0000] {dag.py:3954} INFO - Setting next_dagrun for example_task_group to 2024-05-09 00:00:00+00:00, run_after=2024-05-10 00:00:00+00:00
[2024-05-10T11:06:39.539+0000] {processor.py:183} INFO - Processing /home/airflow/.local/lib/python3.12/site-packages/airflow/example_dags/example_task_group.py took 0.039 seconds
[2024-05-10T11:07:10.184+0000] {processor.py:161} INFO - Started process (PID=1146) to work on /home/airflow/.local/lib/python3.12/site-packages/airflow/example_dags/example_task_group.py
[2024-05-10T11:07:10.185+0000] {processor.py:830} INFO - Processing file /home/airflow/.local/lib/python3.12/site-packages/airflow/example_dags/example_task_group.py for tasks to queue
[2024-05-10T11:07:10.186+0000] {logging_mixin.py:188} INFO - [2024-05-10T11:07:10.185+0000] {dagbag.py:540} INFO - Filling up the DagBag from /home/airflow/.local/lib/python3.12/site-packages/airflow/example_dags/example_task_group.py
[2024-05-10T11:07:10.193+0000] {processor.py:840} INFO - DAG(s) 'example_task_group' retrieved from /home/airflow/.local/lib/python3.12/site-packages/airflow/example_dags/example_task_group.py
[2024-05-10T11:07:10.203+0000] {logging_mixin.py:188} INFO - [2024-05-10T11:07:10.203+0000] {dag.py:3096} INFO - Sync 1 DAGs
[2024-05-10T11:07:10.298+0000] {logging_mixin.py:188} INFO - [2024-05-10T11:07:10.298+0000] {dag.py:3954} INFO - Setting next_dagrun for example_task_group to 2024-05-09 00:00:00+00:00, run_after=2024-05-10 00:00:00+00:00
[2024-05-10T11:07:10.305+0000] {processor.py:183} INFO - Processing /home/airflow/.local/lib/python3.12/site-packages/airflow/example_dags/example_task_group.py took 0.124 seconds
[2024-05-10T11:07:40.669+0000] {processor.py:161} INFO - Started process (PID=1206) to work on /home/airflow/.local/lib/python3.12/site-packages/airflow/example_dags/example_task_group.py
[2024-05-10T11:07:40.669+0000] {processor.py:830} INFO - Processing file /home/airflow/.local/lib/python3.12/site-packages/airflow/example_dags/example_task_group.py for tasks to queue
[2024-05-10T11:07:40.670+0000] {logging_mixin.py:188} INFO - [2024-05-10T11:07:40.670+0000] {dagbag.py:540} INFO - Filling up the DagBag from /home/airflow/.local/lib/python3.12/site-packages/airflow/example_dags/example_task_group.py
[2024-05-10T11:07:40.674+0000] {processor.py:840} INFO - DAG(s) 'example_task_group' retrieved from /home/airflow/.local/lib/python3.12/site-packages/airflow/example_dags/example_task_group.py
[2024-05-10T11:07:40.684+0000] {logging_mixin.py:188} INFO - [2024-05-10T11:07:40.684+0000] {dag.py:3096} INFO - Sync 1 DAGs
[2024-05-10T11:07:40.695+0000] {logging_mixin.py:188} INFO - [2024-05-10T11:07:40.695+0000] {dag.py:3954} INFO - Setting next_dagrun for example_task_group to 2024-05-09 00:00:00+00:00, run_after=2024-05-10 00:00:00+00:00
[2024-05-10T11:07:40.703+0000] {processor.py:183} INFO - Processing /home/airflow/.local/lib/python3.12/site-packages/airflow/example_dags/example_task_group.py took 0.037 seconds
[2024-05-10T11:08:11.449+0000] {processor.py:161} INFO - Started process (PID=1266) to work on /home/airflow/.local/lib/python3.12/site-packages/airflow/example_dags/example_task_group.py
[2024-05-10T11:08:11.449+0000] {processor.py:830} INFO - Processing file /home/airflow/.local/lib/python3.12/site-packages/airflow/example_dags/example_task_group.py for tasks to queue
[2024-05-10T11:08:11.450+0000] {logging_mixin.py:188} INFO - [2024-05-10T11:08:11.450+0000] {dagbag.py:540} INFO - Filling up the DagBag from /home/airflow/.local/lib/python3.12/site-packages/airflow/example_dags/example_task_group.py
[2024-05-10T11:08:11.454+0000] {processor.py:840} INFO - DAG(s) 'example_task_group' retrieved from /home/airflow/.local/lib/python3.12/site-packages/airflow/example_dags/example_task_group.py
[2024-05-10T11:08:11.465+0000] {logging_mixin.py:188} INFO - [2024-05-10T11:08:11.464+0000] {dag.py:3096} INFO - Sync 1 DAGs
[2024-05-10T11:08:11.475+0000] {logging_mixin.py:188} INFO - [2024-05-10T11:08:11.475+0000] {dag.py:3954} INFO - Setting next_dagrun for example_task_group to 2024-05-09 00:00:00+00:00, run_after=2024-05-10 00:00:00+00:00
[2024-05-10T11:08:11.483+0000] {processor.py:183} INFO - Processing /home/airflow/.local/lib/python3.12/site-packages/airflow/example_dags/example_task_group.py took 0.037 seconds
[2024-05-10T11:08:42.092+0000] {processor.py:161} INFO - Started process (PID=1326) to work on /home/airflow/.local/lib/python3.12/site-packages/airflow/example_dags/example_task_group.py
[2024-05-10T11:08:42.093+0000] {processor.py:830} INFO - Processing file /home/airflow/.local/lib/python3.12/site-packages/airflow/example_dags/example_task_group.py for tasks to queue
[2024-05-10T11:08:42.093+0000] {logging_mixin.py:188} INFO - [2024-05-10T11:08:42.093+0000] {dagbag.py:540} INFO - Filling up the DagBag from /home/airflow/.local/lib/python3.12/site-packages/airflow/example_dags/example_task_group.py
[2024-05-10T11:08:42.097+0000] {processor.py:840} INFO - DAG(s) 'example_task_group' retrieved from /home/airflow/.local/lib/python3.12/site-packages/airflow/example_dags/example_task_group.py
[2024-05-10T11:08:42.107+0000] {logging_mixin.py:188} INFO - [2024-05-10T11:08:42.107+0000] {dag.py:3096} INFO - Sync 1 DAGs
[2024-05-10T11:08:42.118+0000] {logging_mixin.py:188} INFO - [2024-05-10T11:08:42.118+0000] {dag.py:3954} INFO - Setting next_dagrun for example_task_group to 2024-05-09 00:00:00+00:00, run_after=2024-05-10 00:00:00+00:00
[2024-05-10T11:08:42.126+0000] {processor.py:183} INFO - Processing /home/airflow/.local/lib/python3.12/site-packages/airflow/example_dags/example_task_group.py took 0.037 seconds
[2024-05-10T11:09:12.814+0000] {processor.py:161} INFO - Started process (PID=1386) to work on /home/airflow/.local/lib/python3.12/site-packages/airflow/example_dags/example_task_group.py
[2024-05-10T11:09:12.814+0000] {processor.py:830} INFO - Processing file /home/airflow/.local/lib/python3.12/site-packages/airflow/example_dags/example_task_group.py for tasks to queue
[2024-05-10T11:09:12.815+0000] {logging_mixin.py:188} INFO - [2024-05-10T11:09:12.815+0000] {dagbag.py:540} INFO - Filling up the DagBag from /home/airflow/.local/lib/python3.12/site-packages/airflow/example_dags/example_task_group.py
[2024-05-10T11:09:12.819+0000] {processor.py:840} INFO - DAG(s) 'example_task_group' retrieved from /home/airflow/.local/lib/python3.12/site-packages/airflow/example_dags/example_task_group.py
[2024-05-10T11:09:12.830+0000] {logging_mixin.py:188} INFO - [2024-05-10T11:09:12.830+0000] {dag.py:3096} INFO - Sync 1 DAGs
[2024-05-10T11:09:12.841+0000] {logging_mixin.py:188} INFO - [2024-05-10T11:09:12.841+0000] {dag.py:3954} INFO - Setting next_dagrun for example_task_group to 2024-05-09 00:00:00+00:00, run_after=2024-05-10 00:00:00+00:00
[2024-05-10T11:09:12.849+0000] {processor.py:183} INFO - Processing /home/airflow/.local/lib/python3.12/site-packages/airflow/example_dags/example_task_group.py took 0.038 seconds
[2024-05-10T11:09:43.565+0000] {processor.py:161} INFO - Started process (PID=1446) to work on /home/airflow/.local/lib/python3.12/site-packages/airflow/example_dags/example_task_group.py
[2024-05-10T11:09:43.566+0000] {processor.py:830} INFO - Processing file /home/airflow/.local/lib/python3.12/site-packages/airflow/example_dags/example_task_group.py for tasks to queue
[2024-05-10T11:09:43.567+0000] {logging_mixin.py:188} INFO - [2024-05-10T11:09:43.567+0000] {dagbag.py:540} INFO - Filling up the DagBag from /home/airflow/.local/lib/python3.12/site-packages/airflow/example_dags/example_task_group.py
[2024-05-10T11:09:43.571+0000] {processor.py:840} INFO - DAG(s) 'example_task_group' retrieved from /home/airflow/.local/lib/python3.12/site-packages/airflow/example_dags/example_task_group.py
[2024-05-10T11:09:43.582+0000] {logging_mixin.py:188} INFO - [2024-05-10T11:09:43.582+0000] {dag.py:3096} INFO - Sync 1 DAGs
[2024-05-10T11:09:43.594+0000] {logging_mixin.py:188} INFO - [2024-05-10T11:09:43.593+0000] {dag.py:3954} INFO - Setting next_dagrun for example_task_group to 2024-05-09 00:00:00+00:00, run_after=2024-05-10 00:00:00+00:00
[2024-05-10T11:09:43.603+0000] {processor.py:183} INFO - Processing /home/airflow/.local/lib/python3.12/site-packages/airflow/example_dags/example_task_group.py took 0.042 seconds
[2024-05-10T11:10:14.311+0000] {processor.py:161} INFO - Started process (PID=1506) to work on /home/airflow/.local/lib/python3.12/site-packages/airflow/example_dags/example_task_group.py
[2024-05-10T11:10:14.312+0000] {processor.py:830} INFO - Processing file /home/airflow/.local/lib/python3.12/site-packages/airflow/example_dags/example_task_group.py for tasks to queue
[2024-05-10T11:10:14.313+0000] {logging_mixin.py:188} INFO - [2024-05-10T11:10:14.312+0000] {dagbag.py:540} INFO - Filling up the DagBag from /home/airflow/.local/lib/python3.12/site-packages/airflow/example_dags/example_task_group.py
[2024-05-10T11:10:14.317+0000] {processor.py:840} INFO - DAG(s) 'example_task_group' retrieved from /home/airflow/.local/lib/python3.12/site-packages/airflow/example_dags/example_task_group.py
[2024-05-10T11:10:14.327+0000] {logging_mixin.py:188} INFO - [2024-05-10T11:10:14.327+0000] {dag.py:3096} INFO - Sync 1 DAGs
[2024-05-10T11:10:14.338+0000] {logging_mixin.py:188} INFO - [2024-05-10T11:10:14.338+0000] {dag.py:3954} INFO - Setting next_dagrun for example_task_group to 2024-05-09 00:00:00+00:00, run_after=2024-05-10 00:00:00+00:00
[2024-05-10T11:10:14.347+0000] {processor.py:183} INFO - Processing /home/airflow/.local/lib/python3.12/site-packages/airflow/example_dags/example_task_group.py took 0.039 seconds
