[2024-05-10T10:49:22.409+0000] {processor.py:161} INFO - Started process (PID=158) to work on /home/airflow/.local/lib/python3.12/site-packages/airflow/example_dags/example_nested_branch_dag.py
[2024-05-10T10:49:22.411+0000] {processor.py:830} INFO - Processing file /home/airflow/.local/lib/python3.12/site-packages/airflow/example_dags/example_nested_branch_dag.py for tasks to queue
[2024-05-10T10:49:22.413+0000] {logging_mixin.py:188} INFO - [2024-05-10T10:49:22.413+0000] {dagbag.py:540} INFO - Filling up the DagBag from /home/airflow/.local/lib/python3.12/site-packages/airflow/example_dags/example_nested_branch_dag.py
[2024-05-10T10:49:22.422+0000] {processor.py:840} INFO - DAG(s) 'example_nested_branch_dag' retrieved from /home/airflow/.local/lib/python3.12/site-packages/airflow/example_dags/example_nested_branch_dag.py
[2024-05-10T10:49:22.508+0000] {logging_mixin.py:188} INFO - [2024-05-10T10:49:22.508+0000] {dag.py:3096} INFO - Sync 1 DAGs
[2024-05-10T10:49:22.521+0000] {logging_mixin.py:188} INFO - [2024-05-10T10:49:22.521+0000] {dag.py:3954} INFO - Setting next_dagrun for example_nested_branch_dag to 2024-05-09 00:00:00+00:00, run_after=2024-05-10 00:00:00+00:00
[2024-05-10T10:49:22.537+0000] {processor.py:183} INFO - Processing /home/airflow/.local/lib/python3.12/site-packages/airflow/example_dags/example_nested_branch_dag.py took 0.132 seconds
[2024-05-10T10:49:52.947+0000] {processor.py:161} INFO - Started process (PID=218) to work on /home/airflow/.local/lib/python3.12/site-packages/airflow/example_dags/example_nested_branch_dag.py
[2024-05-10T10:49:52.948+0000] {processor.py:830} INFO - Processing file /home/airflow/.local/lib/python3.12/site-packages/airflow/example_dags/example_nested_branch_dag.py for tasks to queue
[2024-05-10T10:49:52.949+0000] {logging_mixin.py:188} INFO - [2024-05-10T10:49:52.949+0000] {dagbag.py:540} INFO - Filling up the DagBag from /home/airflow/.local/lib/python3.12/site-packages/airflow/example_dags/example_nested_branch_dag.py
[2024-05-10T10:49:52.954+0000] {processor.py:840} INFO - DAG(s) 'example_nested_branch_dag' retrieved from /home/airflow/.local/lib/python3.12/site-packages/airflow/example_dags/example_nested_branch_dag.py
[2024-05-10T10:49:52.964+0000] {logging_mixin.py:188} INFO - [2024-05-10T10:49:52.964+0000] {dag.py:3096} INFO - Sync 1 DAGs
[2024-05-10T10:49:52.975+0000] {logging_mixin.py:188} INFO - [2024-05-10T10:49:52.974+0000] {dag.py:3954} INFO - Setting next_dagrun for example_nested_branch_dag to 2024-05-09 00:00:00+00:00, run_after=2024-05-10 00:00:00+00:00
[2024-05-10T10:49:52.983+0000] {processor.py:183} INFO - Processing /home/airflow/.local/lib/python3.12/site-packages/airflow/example_dags/example_nested_branch_dag.py took 0.038 seconds
[2024-05-10T10:50:23.539+0000] {processor.py:161} INFO - Started process (PID=278) to work on /home/airflow/.local/lib/python3.12/site-packages/airflow/example_dags/example_nested_branch_dag.py
[2024-05-10T10:50:23.539+0000] {processor.py:830} INFO - Processing file /home/airflow/.local/lib/python3.12/site-packages/airflow/example_dags/example_nested_branch_dag.py for tasks to queue
[2024-05-10T10:50:23.540+0000] {logging_mixin.py:188} INFO - [2024-05-10T10:50:23.540+0000] {dagbag.py:540} INFO - Filling up the DagBag from /home/airflow/.local/lib/python3.12/site-packages/airflow/example_dags/example_nested_branch_dag.py
[2024-05-10T10:50:23.545+0000] {processor.py:840} INFO - DAG(s) 'example_nested_branch_dag' retrieved from /home/airflow/.local/lib/python3.12/site-packages/airflow/example_dags/example_nested_branch_dag.py
[2024-05-10T10:50:23.556+0000] {logging_mixin.py:188} INFO - [2024-05-10T10:50:23.556+0000] {dag.py:3096} INFO - Sync 1 DAGs
[2024-05-10T10:50:23.567+0000] {logging_mixin.py:188} INFO - [2024-05-10T10:50:23.567+0000] {dag.py:3954} INFO - Setting next_dagrun for example_nested_branch_dag to 2024-05-09 00:00:00+00:00, run_after=2024-05-10 00:00:00+00:00
[2024-05-10T10:50:23.575+0000] {processor.py:183} INFO - Processing /home/airflow/.local/lib/python3.12/site-packages/airflow/example_dags/example_nested_branch_dag.py took 0.039 seconds
[2024-05-10T10:50:54.163+0000] {processor.py:161} INFO - Started process (PID=337) to work on /home/airflow/.local/lib/python3.12/site-packages/airflow/example_dags/example_nested_branch_dag.py
[2024-05-10T10:50:54.164+0000] {processor.py:830} INFO - Processing file /home/airflow/.local/lib/python3.12/site-packages/airflow/example_dags/example_nested_branch_dag.py for tasks to queue
[2024-05-10T10:50:54.165+0000] {logging_mixin.py:188} INFO - [2024-05-10T10:50:54.165+0000] {dagbag.py:540} INFO - Filling up the DagBag from /home/airflow/.local/lib/python3.12/site-packages/airflow/example_dags/example_nested_branch_dag.py
[2024-05-10T10:50:54.170+0000] {processor.py:840} INFO - DAG(s) 'example_nested_branch_dag' retrieved from /home/airflow/.local/lib/python3.12/site-packages/airflow/example_dags/example_nested_branch_dag.py
[2024-05-10T10:50:54.182+0000] {logging_mixin.py:188} INFO - [2024-05-10T10:50:54.182+0000] {dag.py:3096} INFO - Sync 1 DAGs
[2024-05-10T10:50:54.194+0000] {logging_mixin.py:188} INFO - [2024-05-10T10:50:54.194+0000] {dag.py:3954} INFO - Setting next_dagrun for example_nested_branch_dag to 2024-05-09 00:00:00+00:00, run_after=2024-05-10 00:00:00+00:00
[2024-05-10T10:50:54.203+0000] {processor.py:183} INFO - Processing /home/airflow/.local/lib/python3.12/site-packages/airflow/example_dags/example_nested_branch_dag.py took 0.043 seconds
[2024-05-10T10:51:24.736+0000] {processor.py:161} INFO - Started process (PID=397) to work on /home/airflow/.local/lib/python3.12/site-packages/airflow/example_dags/example_nested_branch_dag.py
[2024-05-10T10:51:24.736+0000] {processor.py:830} INFO - Processing file /home/airflow/.local/lib/python3.12/site-packages/airflow/example_dags/example_nested_branch_dag.py for tasks to queue
[2024-05-10T10:51:24.737+0000] {logging_mixin.py:188} INFO - [2024-05-10T10:51:24.737+0000] {dagbag.py:540} INFO - Filling up the DagBag from /home/airflow/.local/lib/python3.12/site-packages/airflow/example_dags/example_nested_branch_dag.py
[2024-05-10T10:51:24.743+0000] {processor.py:840} INFO - DAG(s) 'example_nested_branch_dag' retrieved from /home/airflow/.local/lib/python3.12/site-packages/airflow/example_dags/example_nested_branch_dag.py
[2024-05-10T10:51:24.753+0000] {logging_mixin.py:188} INFO - [2024-05-10T10:51:24.753+0000] {dag.py:3096} INFO - Sync 1 DAGs
[2024-05-10T10:51:24.763+0000] {logging_mixin.py:188} INFO - [2024-05-10T10:51:24.763+0000] {dag.py:3954} INFO - Setting next_dagrun for example_nested_branch_dag to 2024-05-09 00:00:00+00:00, run_after=2024-05-10 00:00:00+00:00
[2024-05-10T10:51:24.771+0000] {processor.py:183} INFO - Processing /home/airflow/.local/lib/python3.12/site-packages/airflow/example_dags/example_nested_branch_dag.py took 0.039 seconds
[2024-05-10T10:51:55.314+0000] {processor.py:161} INFO - Started process (PID=457) to work on /home/airflow/.local/lib/python3.12/site-packages/airflow/example_dags/example_nested_branch_dag.py
[2024-05-10T10:51:55.314+0000] {processor.py:830} INFO - Processing file /home/airflow/.local/lib/python3.12/site-packages/airflow/example_dags/example_nested_branch_dag.py for tasks to queue
[2024-05-10T10:51:55.315+0000] {logging_mixin.py:188} INFO - [2024-05-10T10:51:55.315+0000] {dagbag.py:540} INFO - Filling up the DagBag from /home/airflow/.local/lib/python3.12/site-packages/airflow/example_dags/example_nested_branch_dag.py
[2024-05-10T10:51:55.320+0000] {processor.py:840} INFO - DAG(s) 'example_nested_branch_dag' retrieved from /home/airflow/.local/lib/python3.12/site-packages/airflow/example_dags/example_nested_branch_dag.py
[2024-05-10T10:51:55.331+0000] {logging_mixin.py:188} INFO - [2024-05-10T10:51:55.331+0000] {dag.py:3096} INFO - Sync 1 DAGs
[2024-05-10T10:51:55.341+0000] {logging_mixin.py:188} INFO - [2024-05-10T10:51:55.341+0000] {dag.py:3954} INFO - Setting next_dagrun for example_nested_branch_dag to 2024-05-09 00:00:00+00:00, run_after=2024-05-10 00:00:00+00:00
[2024-05-10T10:51:55.350+0000] {processor.py:183} INFO - Processing /home/airflow/.local/lib/python3.12/site-packages/airflow/example_dags/example_nested_branch_dag.py took 0.038 seconds
[2024-05-10T10:52:25.920+0000] {processor.py:161} INFO - Started process (PID=517) to work on /home/airflow/.local/lib/python3.12/site-packages/airflow/example_dags/example_nested_branch_dag.py
[2024-05-10T10:52:25.920+0000] {processor.py:830} INFO - Processing file /home/airflow/.local/lib/python3.12/site-packages/airflow/example_dags/example_nested_branch_dag.py for tasks to queue
[2024-05-10T10:52:25.921+0000] {logging_mixin.py:188} INFO - [2024-05-10T10:52:25.921+0000] {dagbag.py:540} INFO - Filling up the DagBag from /home/airflow/.local/lib/python3.12/site-packages/airflow/example_dags/example_nested_branch_dag.py
[2024-05-10T10:52:25.926+0000] {processor.py:840} INFO - DAG(s) 'example_nested_branch_dag' retrieved from /home/airflow/.local/lib/python3.12/site-packages/airflow/example_dags/example_nested_branch_dag.py
[2024-05-10T10:52:25.936+0000] {logging_mixin.py:188} INFO - [2024-05-10T10:52:25.936+0000] {dag.py:3096} INFO - Sync 1 DAGs
[2024-05-10T10:52:25.946+0000] {logging_mixin.py:188} INFO - [2024-05-10T10:52:25.946+0000] {dag.py:3954} INFO - Setting next_dagrun for example_nested_branch_dag to 2024-05-09 00:00:00+00:00, run_after=2024-05-10 00:00:00+00:00
[2024-05-10T10:52:25.954+0000] {processor.py:183} INFO - Processing /home/airflow/.local/lib/python3.12/site-packages/airflow/example_dags/example_nested_branch_dag.py took 0.037 seconds
[2024-05-10T10:52:56.444+0000] {processor.py:161} INFO - Started process (PID=577) to work on /home/airflow/.local/lib/python3.12/site-packages/airflow/example_dags/example_nested_branch_dag.py
[2024-05-10T10:52:56.444+0000] {processor.py:830} INFO - Processing file /home/airflow/.local/lib/python3.12/site-packages/airflow/example_dags/example_nested_branch_dag.py for tasks to queue
[2024-05-10T10:52:56.445+0000] {logging_mixin.py:188} INFO - [2024-05-10T10:52:56.445+0000] {dagbag.py:540} INFO - Filling up the DagBag from /home/airflow/.local/lib/python3.12/site-packages/airflow/example_dags/example_nested_branch_dag.py
[2024-05-10T10:52:56.450+0000] {processor.py:840} INFO - DAG(s) 'example_nested_branch_dag' retrieved from /home/airflow/.local/lib/python3.12/site-packages/airflow/example_dags/example_nested_branch_dag.py
[2024-05-10T10:52:56.460+0000] {logging_mixin.py:188} INFO - [2024-05-10T10:52:56.460+0000] {dag.py:3096} INFO - Sync 1 DAGs
[2024-05-10T10:52:56.472+0000] {logging_mixin.py:188} INFO - [2024-05-10T10:52:56.472+0000] {dag.py:3954} INFO - Setting next_dagrun for example_nested_branch_dag to 2024-05-09 00:00:00+00:00, run_after=2024-05-10 00:00:00+00:00
[2024-05-10T10:52:56.480+0000] {processor.py:183} INFO - Processing /home/airflow/.local/lib/python3.12/site-packages/airflow/example_dags/example_nested_branch_dag.py took 0.039 seconds
[2024-05-10T10:53:26.999+0000] {processor.py:161} INFO - Started process (PID=636) to work on /home/airflow/.local/lib/python3.12/site-packages/airflow/example_dags/example_nested_branch_dag.py
[2024-05-10T10:53:27.000+0000] {processor.py:830} INFO - Processing file /home/airflow/.local/lib/python3.12/site-packages/airflow/example_dags/example_nested_branch_dag.py for tasks to queue
[2024-05-10T10:53:27.001+0000] {logging_mixin.py:188} INFO - [2024-05-10T10:53:27.001+0000] {dagbag.py:540} INFO - Filling up the DagBag from /home/airflow/.local/lib/python3.12/site-packages/airflow/example_dags/example_nested_branch_dag.py
[2024-05-10T10:53:27.006+0000] {processor.py:840} INFO - DAG(s) 'example_nested_branch_dag' retrieved from /home/airflow/.local/lib/python3.12/site-packages/airflow/example_dags/example_nested_branch_dag.py
[2024-05-10T10:53:27.019+0000] {logging_mixin.py:188} INFO - [2024-05-10T10:53:27.019+0000] {dag.py:3096} INFO - Sync 1 DAGs
[2024-05-10T10:53:27.030+0000] {logging_mixin.py:188} INFO - [2024-05-10T10:53:27.030+0000] {dag.py:3954} INFO - Setting next_dagrun for example_nested_branch_dag to 2024-05-09 00:00:00+00:00, run_after=2024-05-10 00:00:00+00:00
[2024-05-10T10:53:27.039+0000] {processor.py:183} INFO - Processing /home/airflow/.local/lib/python3.12/site-packages/airflow/example_dags/example_nested_branch_dag.py took 0.043 seconds
