[2024-05-10T10:49:21.849+0000] {processor.py:161} INFO - Started process (PID=151) to work on /home/airflow/.local/lib/python3.12/site-packages/airflow/example_dags/example_complex.py
[2024-05-10T10:49:21.850+0000] {processor.py:830} INFO - Processing file /home/airflow/.local/lib/python3.12/site-packages/airflow/example_dags/example_complex.py for tasks to queue
[2024-05-10T10:49:21.851+0000] {logging_mixin.py:188} INFO - [2024-05-10T10:49:21.851+0000] {dagbag.py:540} INFO - Filling up the DagBag from /home/airflow/.local/lib/python3.12/site-packages/airflow/example_dags/example_complex.py
[2024-05-10T10:49:21.858+0000] {processor.py:840} INFO - DAG(s) 'example_complex' retrieved from /home/airflow/.local/lib/python3.12/site-packages/airflow/example_dags/example_complex.py
[2024-05-10T10:49:21.952+0000] {logging_mixin.py:188} INFO - [2024-05-10T10:49:21.952+0000] {dag.py:3096} INFO - Sync 1 DAGs
[2024-05-10T10:49:21.960+0000] {logging_mixin.py:188} INFO - [2024-05-10T10:49:21.960+0000] {dag.py:3954} INFO - Setting next_dagrun for example_complex to None, run_after=None
[2024-05-10T10:49:21.974+0000] {processor.py:183} INFO - Processing /home/airflow/.local/lib/python3.12/site-packages/airflow/example_dags/example_complex.py took 0.129 seconds
[2024-05-10T10:49:52.783+0000] {processor.py:161} INFO - Started process (PID=211) to work on /home/airflow/.local/lib/python3.12/site-packages/airflow/example_dags/example_complex.py
[2024-05-10T10:49:52.784+0000] {processor.py:830} INFO - Processing file /home/airflow/.local/lib/python3.12/site-packages/airflow/example_dags/example_complex.py for tasks to queue
[2024-05-10T10:49:52.784+0000] {logging_mixin.py:188} INFO - [2024-05-10T10:49:52.784+0000] {dagbag.py:540} INFO - Filling up the DagBag from /home/airflow/.local/lib/python3.12/site-packages/airflow/example_dags/example_complex.py
[2024-05-10T10:49:52.789+0000] {processor.py:840} INFO - DAG(s) 'example_complex' retrieved from /home/airflow/.local/lib/python3.12/site-packages/airflow/example_dags/example_complex.py
[2024-05-10T10:49:52.803+0000] {logging_mixin.py:188} INFO - [2024-05-10T10:49:52.803+0000] {dag.py:3096} INFO - Sync 1 DAGs
[2024-05-10T10:49:52.810+0000] {logging_mixin.py:188} INFO - [2024-05-10T10:49:52.809+0000] {dag.py:3954} INFO - Setting next_dagrun for example_complex to None, run_after=None
[2024-05-10T10:49:52.819+0000] {processor.py:183} INFO - Processing /home/airflow/.local/lib/python3.12/site-packages/airflow/example_dags/example_complex.py took 0.039 seconds
[2024-05-10T10:50:23.379+0000] {processor.py:161} INFO - Started process (PID=271) to work on /home/airflow/.local/lib/python3.12/site-packages/airflow/example_dags/example_complex.py
[2024-05-10T10:50:23.380+0000] {processor.py:830} INFO - Processing file /home/airflow/.local/lib/python3.12/site-packages/airflow/example_dags/example_complex.py for tasks to queue
[2024-05-10T10:50:23.381+0000] {logging_mixin.py:188} INFO - [2024-05-10T10:50:23.381+0000] {dagbag.py:540} INFO - Filling up the DagBag from /home/airflow/.local/lib/python3.12/site-packages/airflow/example_dags/example_complex.py
[2024-05-10T10:50:23.386+0000] {processor.py:840} INFO - DAG(s) 'example_complex' retrieved from /home/airflow/.local/lib/python3.12/site-packages/airflow/example_dags/example_complex.py
[2024-05-10T10:50:23.400+0000] {logging_mixin.py:188} INFO - [2024-05-10T10:50:23.399+0000] {dag.py:3096} INFO - Sync 1 DAGs
[2024-05-10T10:50:23.405+0000] {logging_mixin.py:188} INFO - [2024-05-10T10:50:23.405+0000] {dag.py:3954} INFO - Setting next_dagrun for example_complex to None, run_after=None
[2024-05-10T10:50:23.414+0000] {processor.py:183} INFO - Processing /home/airflow/.local/lib/python3.12/site-packages/airflow/example_dags/example_complex.py took 0.037 seconds
[2024-05-10T10:50:53.971+0000] {processor.py:161} INFO - Started process (PID=330) to work on /home/airflow/.local/lib/python3.12/site-packages/airflow/example_dags/example_complex.py
[2024-05-10T10:50:53.971+0000] {processor.py:830} INFO - Processing file /home/airflow/.local/lib/python3.12/site-packages/airflow/example_dags/example_complex.py for tasks to queue
[2024-05-10T10:50:53.972+0000] {logging_mixin.py:188} INFO - [2024-05-10T10:50:53.972+0000] {dagbag.py:540} INFO - Filling up the DagBag from /home/airflow/.local/lib/python3.12/site-packages/airflow/example_dags/example_complex.py
[2024-05-10T10:50:53.977+0000] {processor.py:840} INFO - DAG(s) 'example_complex' retrieved from /home/airflow/.local/lib/python3.12/site-packages/airflow/example_dags/example_complex.py
[2024-05-10T10:50:53.992+0000] {logging_mixin.py:188} INFO - [2024-05-10T10:50:53.992+0000] {dag.py:3096} INFO - Sync 1 DAGs
[2024-05-10T10:50:54.000+0000] {logging_mixin.py:188} INFO - [2024-05-10T10:50:54.000+0000] {dag.py:3954} INFO - Setting next_dagrun for example_complex to None, run_after=None
[2024-05-10T10:50:54.010+0000] {processor.py:183} INFO - Processing /home/airflow/.local/lib/python3.12/site-packages/airflow/example_dags/example_complex.py took 0.042 seconds
[2024-05-10T10:51:24.562+0000] {processor.py:161} INFO - Started process (PID=390) to work on /home/airflow/.local/lib/python3.12/site-packages/airflow/example_dags/example_complex.py
[2024-05-10T10:51:24.562+0000] {processor.py:830} INFO - Processing file /home/airflow/.local/lib/python3.12/site-packages/airflow/example_dags/example_complex.py for tasks to queue
[2024-05-10T10:51:24.563+0000] {logging_mixin.py:188} INFO - [2024-05-10T10:51:24.563+0000] {dagbag.py:540} INFO - Filling up the DagBag from /home/airflow/.local/lib/python3.12/site-packages/airflow/example_dags/example_complex.py
[2024-05-10T10:51:24.568+0000] {processor.py:840} INFO - DAG(s) 'example_complex' retrieved from /home/airflow/.local/lib/python3.12/site-packages/airflow/example_dags/example_complex.py
[2024-05-10T10:51:24.584+0000] {logging_mixin.py:188} INFO - [2024-05-10T10:51:24.584+0000] {dag.py:3096} INFO - Sync 1 DAGs
[2024-05-10T10:51:24.590+0000] {logging_mixin.py:188} INFO - [2024-05-10T10:51:24.590+0000] {dag.py:3954} INFO - Setting next_dagrun for example_complex to None, run_after=None
[2024-05-10T10:51:24.599+0000] {processor.py:183} INFO - Processing /home/airflow/.local/lib/python3.12/site-packages/airflow/example_dags/example_complex.py took 0.040 seconds
[2024-05-10T10:51:55.148+0000] {processor.py:161} INFO - Started process (PID=450) to work on /home/airflow/.local/lib/python3.12/site-packages/airflow/example_dags/example_complex.py
[2024-05-10T10:51:55.149+0000] {processor.py:830} INFO - Processing file /home/airflow/.local/lib/python3.12/site-packages/airflow/example_dags/example_complex.py for tasks to queue
[2024-05-10T10:51:55.150+0000] {logging_mixin.py:188} INFO - [2024-05-10T10:51:55.150+0000] {dagbag.py:540} INFO - Filling up the DagBag from /home/airflow/.local/lib/python3.12/site-packages/airflow/example_dags/example_complex.py
[2024-05-10T10:51:55.155+0000] {processor.py:840} INFO - DAG(s) 'example_complex' retrieved from /home/airflow/.local/lib/python3.12/site-packages/airflow/example_dags/example_complex.py
[2024-05-10T10:51:55.169+0000] {logging_mixin.py:188} INFO - [2024-05-10T10:51:55.169+0000] {dag.py:3096} INFO - Sync 1 DAGs
[2024-05-10T10:51:55.176+0000] {logging_mixin.py:188} INFO - [2024-05-10T10:51:55.176+0000] {dag.py:3954} INFO - Setting next_dagrun for example_complex to None, run_after=None
[2024-05-10T10:51:55.184+0000] {processor.py:183} INFO - Processing /home/airflow/.local/lib/python3.12/site-packages/airflow/example_dags/example_complex.py took 0.039 seconds
[2024-05-10T10:52:25.735+0000] {processor.py:161} INFO - Started process (PID=510) to work on /home/airflow/.local/lib/python3.12/site-packages/airflow/example_dags/example_complex.py
[2024-05-10T10:52:25.736+0000] {processor.py:830} INFO - Processing file /home/airflow/.local/lib/python3.12/site-packages/airflow/example_dags/example_complex.py for tasks to queue
[2024-05-10T10:52:25.737+0000] {logging_mixin.py:188} INFO - [2024-05-10T10:52:25.737+0000] {dagbag.py:540} INFO - Filling up the DagBag from /home/airflow/.local/lib/python3.12/site-packages/airflow/example_dags/example_complex.py
[2024-05-10T10:52:25.742+0000] {processor.py:840} INFO - DAG(s) 'example_complex' retrieved from /home/airflow/.local/lib/python3.12/site-packages/airflow/example_dags/example_complex.py
[2024-05-10T10:52:25.756+0000] {logging_mixin.py:188} INFO - [2024-05-10T10:52:25.756+0000] {dag.py:3096} INFO - Sync 1 DAGs
[2024-05-10T10:52:25.762+0000] {logging_mixin.py:188} INFO - [2024-05-10T10:52:25.762+0000] {dag.py:3954} INFO - Setting next_dagrun for example_complex to None, run_after=None
[2024-05-10T10:52:25.771+0000] {processor.py:183} INFO - Processing /home/airflow/.local/lib/python3.12/site-packages/airflow/example_dags/example_complex.py took 0.038 seconds
[2024-05-10T10:52:56.287+0000] {processor.py:161} INFO - Started process (PID=570) to work on /home/airflow/.local/lib/python3.12/site-packages/airflow/example_dags/example_complex.py
[2024-05-10T10:52:56.287+0000] {processor.py:830} INFO - Processing file /home/airflow/.local/lib/python3.12/site-packages/airflow/example_dags/example_complex.py for tasks to queue
[2024-05-10T10:52:56.288+0000] {logging_mixin.py:188} INFO - [2024-05-10T10:52:56.288+0000] {dagbag.py:540} INFO - Filling up the DagBag from /home/airflow/.local/lib/python3.12/site-packages/airflow/example_dags/example_complex.py
[2024-05-10T10:52:56.293+0000] {processor.py:840} INFO - DAG(s) 'example_complex' retrieved from /home/airflow/.local/lib/python3.12/site-packages/airflow/example_dags/example_complex.py
[2024-05-10T10:52:56.307+0000] {logging_mixin.py:188} INFO - [2024-05-10T10:52:56.307+0000] {dag.py:3096} INFO - Sync 1 DAGs
[2024-05-10T10:52:56.313+0000] {logging_mixin.py:188} INFO - [2024-05-10T10:52:56.312+0000] {dag.py:3954} INFO - Setting next_dagrun for example_complex to None, run_after=None
[2024-05-10T10:52:56.321+0000] {processor.py:183} INFO - Processing /home/airflow/.local/lib/python3.12/site-packages/airflow/example_dags/example_complex.py took 0.037 seconds
[2024-05-10T10:53:26.836+0000] {processor.py:161} INFO - Started process (PID=629) to work on /home/airflow/.local/lib/python3.12/site-packages/airflow/example_dags/example_complex.py
[2024-05-10T10:53:26.836+0000] {processor.py:830} INFO - Processing file /home/airflow/.local/lib/python3.12/site-packages/airflow/example_dags/example_complex.py for tasks to queue
[2024-05-10T10:53:26.837+0000] {logging_mixin.py:188} INFO - [2024-05-10T10:53:26.837+0000] {dagbag.py:540} INFO - Filling up the DagBag from /home/airflow/.local/lib/python3.12/site-packages/airflow/example_dags/example_complex.py
[2024-05-10T10:53:26.842+0000] {processor.py:840} INFO - DAG(s) 'example_complex' retrieved from /home/airflow/.local/lib/python3.12/site-packages/airflow/example_dags/example_complex.py
[2024-05-10T10:53:26.856+0000] {logging_mixin.py:188} INFO - [2024-05-10T10:53:26.856+0000] {dag.py:3096} INFO - Sync 1 DAGs
[2024-05-10T10:53:26.862+0000] {logging_mixin.py:188} INFO - [2024-05-10T10:53:26.862+0000] {dag.py:3954} INFO - Setting next_dagrun for example_complex to None, run_after=None
[2024-05-10T10:53:26.870+0000] {processor.py:183} INFO - Processing /home/airflow/.local/lib/python3.12/site-packages/airflow/example_dags/example_complex.py took 0.037 seconds
