[2024-05-10T10:49:23.739+0000] {processor.py:161} INFO - Started process (PID=180) to work on /home/airflow/.local/lib/python3.12/site-packages/airflow/example_dags/example_external_task_marker_dag.py
[2024-05-10T10:49:23.740+0000] {processor.py:830} INFO - Processing file /home/airflow/.local/lib/python3.12/site-packages/airflow/example_dags/example_external_task_marker_dag.py for tasks to queue
[2024-05-10T10:49:23.741+0000] {logging_mixin.py:188} INFO - [2024-05-10T10:49:23.741+0000] {dagbag.py:540} INFO - Filling up the DagBag from /home/airflow/.local/lib/python3.12/site-packages/airflow/example_dags/example_external_task_marker_dag.py
[2024-05-10T10:49:23.744+0000] {processor.py:840} INFO - DAG(s) 'example_external_task_marker_parent', 'example_external_task_marker_child' retrieved from /home/airflow/.local/lib/python3.12/site-packages/airflow/example_dags/example_external_task_marker_dag.py
[2024-05-10T10:49:23.796+0000] {logging_mixin.py:188} INFO - [2024-05-10T10:49:23.796+0000] {dag.py:3096} INFO - Sync 2 DAGs
[2024-05-10T10:49:23.801+0000] {logging_mixin.py:188} INFO - [2024-05-10T10:49:23.801+0000] {dag.py:3954} INFO - Setting next_dagrun for example_external_task_marker_child to None, run_after=None
[2024-05-10T10:49:23.803+0000] {logging_mixin.py:188} INFO - [2024-05-10T10:49:23.803+0000] {dag.py:3954} INFO - Setting next_dagrun for example_external_task_marker_parent to None, run_after=None
[2024-05-10T10:49:23.811+0000] {processor.py:183} INFO - Processing /home/airflow/.local/lib/python3.12/site-packages/airflow/example_dags/example_external_task_marker_dag.py took 0.075 seconds
[2024-05-10T10:49:54.502+0000] {processor.py:161} INFO - Started process (PID=240) to work on /home/airflow/.local/lib/python3.12/site-packages/airflow/example_dags/example_external_task_marker_dag.py
[2024-05-10T10:49:54.502+0000] {processor.py:830} INFO - Processing file /home/airflow/.local/lib/python3.12/site-packages/airflow/example_dags/example_external_task_marker_dag.py for tasks to queue
[2024-05-10T10:49:54.504+0000] {logging_mixin.py:188} INFO - [2024-05-10T10:49:54.503+0000] {dagbag.py:540} INFO - Filling up the DagBag from /home/airflow/.local/lib/python3.12/site-packages/airflow/example_dags/example_external_task_marker_dag.py
[2024-05-10T10:49:54.507+0000] {processor.py:840} INFO - DAG(s) 'example_external_task_marker_parent', 'example_external_task_marker_child' retrieved from /home/airflow/.local/lib/python3.12/site-packages/airflow/example_dags/example_external_task_marker_dag.py
[2024-05-10T10:49:54.518+0000] {logging_mixin.py:188} INFO - [2024-05-10T10:49:54.518+0000] {dag.py:3096} INFO - Sync 2 DAGs
[2024-05-10T10:49:54.524+0000] {logging_mixin.py:188} INFO - [2024-05-10T10:49:54.524+0000] {dag.py:3954} INFO - Setting next_dagrun for example_external_task_marker_child to None, run_after=None
[2024-05-10T10:49:54.526+0000] {logging_mixin.py:188} INFO - [2024-05-10T10:49:54.526+0000] {dag.py:3954} INFO - Setting next_dagrun for example_external_task_marker_parent to None, run_after=None
[2024-05-10T10:49:54.533+0000] {processor.py:183} INFO - Processing /home/airflow/.local/lib/python3.12/site-packages/airflow/example_dags/example_external_task_marker_dag.py took 0.034 seconds
[2024-05-10T10:50:25.103+0000] {processor.py:161} INFO - Started process (PID=300) to work on /home/airflow/.local/lib/python3.12/site-packages/airflow/example_dags/example_external_task_marker_dag.py
[2024-05-10T10:50:25.104+0000] {processor.py:830} INFO - Processing file /home/airflow/.local/lib/python3.12/site-packages/airflow/example_dags/example_external_task_marker_dag.py for tasks to queue
[2024-05-10T10:50:25.105+0000] {logging_mixin.py:188} INFO - [2024-05-10T10:50:25.105+0000] {dagbag.py:540} INFO - Filling up the DagBag from /home/airflow/.local/lib/python3.12/site-packages/airflow/example_dags/example_external_task_marker_dag.py
[2024-05-10T10:50:25.108+0000] {processor.py:840} INFO - DAG(s) 'example_external_task_marker_parent', 'example_external_task_marker_child' retrieved from /home/airflow/.local/lib/python3.12/site-packages/airflow/example_dags/example_external_task_marker_dag.py
[2024-05-10T10:50:25.119+0000] {logging_mixin.py:188} INFO - [2024-05-10T10:50:25.119+0000] {dag.py:3096} INFO - Sync 2 DAGs
[2024-05-10T10:50:25.125+0000] {logging_mixin.py:188} INFO - [2024-05-10T10:50:25.125+0000] {dag.py:3954} INFO - Setting next_dagrun for example_external_task_marker_child to None, run_after=None
[2024-05-10T10:50:25.127+0000] {logging_mixin.py:188} INFO - [2024-05-10T10:50:25.127+0000] {dag.py:3954} INFO - Setting next_dagrun for example_external_task_marker_parent to None, run_after=None
[2024-05-10T10:50:25.135+0000] {processor.py:183} INFO - Processing /home/airflow/.local/lib/python3.12/site-packages/airflow/example_dags/example_external_task_marker_dag.py took 0.034 seconds
[2024-05-10T10:50:55.753+0000] {processor.py:161} INFO - Started process (PID=359) to work on /home/airflow/.local/lib/python3.12/site-packages/airflow/example_dags/example_external_task_marker_dag.py
[2024-05-10T10:50:55.754+0000] {processor.py:830} INFO - Processing file /home/airflow/.local/lib/python3.12/site-packages/airflow/example_dags/example_external_task_marker_dag.py for tasks to queue
[2024-05-10T10:50:55.755+0000] {logging_mixin.py:188} INFO - [2024-05-10T10:50:55.755+0000] {dagbag.py:540} INFO - Filling up the DagBag from /home/airflow/.local/lib/python3.12/site-packages/airflow/example_dags/example_external_task_marker_dag.py
[2024-05-10T10:50:55.758+0000] {processor.py:840} INFO - DAG(s) 'example_external_task_marker_child', 'example_external_task_marker_parent' retrieved from /home/airflow/.local/lib/python3.12/site-packages/airflow/example_dags/example_external_task_marker_dag.py
[2024-05-10T10:50:55.771+0000] {logging_mixin.py:188} INFO - [2024-05-10T10:50:55.771+0000] {dag.py:3096} INFO - Sync 2 DAGs
[2024-05-10T10:50:55.777+0000] {logging_mixin.py:188} INFO - [2024-05-10T10:50:55.777+0000] {dag.py:3954} INFO - Setting next_dagrun for example_external_task_marker_child to None, run_after=None
[2024-05-10T10:50:55.779+0000] {logging_mixin.py:188} INFO - [2024-05-10T10:50:55.779+0000] {dag.py:3954} INFO - Setting next_dagrun for example_external_task_marker_parent to None, run_after=None
[2024-05-10T10:50:55.787+0000] {processor.py:183} INFO - Processing /home/airflow/.local/lib/python3.12/site-packages/airflow/example_dags/example_external_task_marker_dag.py took 0.036 seconds
[2024-05-10T10:51:26.294+0000] {processor.py:161} INFO - Started process (PID=419) to work on /home/airflow/.local/lib/python3.12/site-packages/airflow/example_dags/example_external_task_marker_dag.py
[2024-05-10T10:51:26.295+0000] {processor.py:830} INFO - Processing file /home/airflow/.local/lib/python3.12/site-packages/airflow/example_dags/example_external_task_marker_dag.py for tasks to queue
[2024-05-10T10:51:26.298+0000] {logging_mixin.py:188} INFO - [2024-05-10T10:51:26.298+0000] {dagbag.py:540} INFO - Filling up the DagBag from /home/airflow/.local/lib/python3.12/site-packages/airflow/example_dags/example_external_task_marker_dag.py
[2024-05-10T10:51:26.302+0000] {processor.py:840} INFO - DAG(s) 'example_external_task_marker_child', 'example_external_task_marker_parent' retrieved from /home/airflow/.local/lib/python3.12/site-packages/airflow/example_dags/example_external_task_marker_dag.py
[2024-05-10T10:51:26.312+0000] {logging_mixin.py:188} INFO - [2024-05-10T10:51:26.312+0000] {dag.py:3096} INFO - Sync 2 DAGs
[2024-05-10T10:51:26.318+0000] {logging_mixin.py:188} INFO - [2024-05-10T10:51:26.318+0000] {dag.py:3954} INFO - Setting next_dagrun for example_external_task_marker_child to None, run_after=None
[2024-05-10T10:51:26.320+0000] {logging_mixin.py:188} INFO - [2024-05-10T10:51:26.320+0000] {dag.py:3954} INFO - Setting next_dagrun for example_external_task_marker_parent to None, run_after=None
[2024-05-10T10:51:26.327+0000] {processor.py:183} INFO - Processing /home/airflow/.local/lib/python3.12/site-packages/airflow/example_dags/example_external_task_marker_dag.py took 0.036 seconds
[2024-05-10T10:51:56.862+0000] {processor.py:161} INFO - Started process (PID=479) to work on /home/airflow/.local/lib/python3.12/site-packages/airflow/example_dags/example_external_task_marker_dag.py
[2024-05-10T10:51:56.862+0000] {processor.py:830} INFO - Processing file /home/airflow/.local/lib/python3.12/site-packages/airflow/example_dags/example_external_task_marker_dag.py for tasks to queue
[2024-05-10T10:51:56.863+0000] {logging_mixin.py:188} INFO - [2024-05-10T10:51:56.863+0000] {dagbag.py:540} INFO - Filling up the DagBag from /home/airflow/.local/lib/python3.12/site-packages/airflow/example_dags/example_external_task_marker_dag.py
[2024-05-10T10:51:56.867+0000] {processor.py:840} INFO - DAG(s) 'example_external_task_marker_parent', 'example_external_task_marker_child' retrieved from /home/airflow/.local/lib/python3.12/site-packages/airflow/example_dags/example_external_task_marker_dag.py
[2024-05-10T10:51:56.878+0000] {logging_mixin.py:188} INFO - [2024-05-10T10:51:56.877+0000] {dag.py:3096} INFO - Sync 2 DAGs
[2024-05-10T10:51:56.884+0000] {logging_mixin.py:188} INFO - [2024-05-10T10:51:56.883+0000] {dag.py:3954} INFO - Setting next_dagrun for example_external_task_marker_child to None, run_after=None
[2024-05-10T10:51:56.885+0000] {logging_mixin.py:188} INFO - [2024-05-10T10:51:56.885+0000] {dag.py:3954} INFO - Setting next_dagrun for example_external_task_marker_parent to None, run_after=None
[2024-05-10T10:51:56.892+0000] {processor.py:183} INFO - Processing /home/airflow/.local/lib/python3.12/site-packages/airflow/example_dags/example_external_task_marker_dag.py took 0.033 seconds
[2024-05-10T10:52:27.462+0000] {processor.py:161} INFO - Started process (PID=539) to work on /home/airflow/.local/lib/python3.12/site-packages/airflow/example_dags/example_external_task_marker_dag.py
[2024-05-10T10:52:27.462+0000] {processor.py:830} INFO - Processing file /home/airflow/.local/lib/python3.12/site-packages/airflow/example_dags/example_external_task_marker_dag.py for tasks to queue
[2024-05-10T10:52:27.463+0000] {logging_mixin.py:188} INFO - [2024-05-10T10:52:27.463+0000] {dagbag.py:540} INFO - Filling up the DagBag from /home/airflow/.local/lib/python3.12/site-packages/airflow/example_dags/example_external_task_marker_dag.py
[2024-05-10T10:52:27.466+0000] {processor.py:840} INFO - DAG(s) 'example_external_task_marker_parent', 'example_external_task_marker_child' retrieved from /home/airflow/.local/lib/python3.12/site-packages/airflow/example_dags/example_external_task_marker_dag.py
[2024-05-10T10:52:27.479+0000] {logging_mixin.py:188} INFO - [2024-05-10T10:52:27.478+0000] {dag.py:3096} INFO - Sync 2 DAGs
[2024-05-10T10:52:27.485+0000] {logging_mixin.py:188} INFO - [2024-05-10T10:52:27.485+0000] {dag.py:3954} INFO - Setting next_dagrun for example_external_task_marker_child to None, run_after=None
[2024-05-10T10:52:27.487+0000] {logging_mixin.py:188} INFO - [2024-05-10T10:52:27.487+0000] {dag.py:3954} INFO - Setting next_dagrun for example_external_task_marker_parent to None, run_after=None
[2024-05-10T10:52:27.496+0000] {processor.py:183} INFO - Processing /home/airflow/.local/lib/python3.12/site-packages/airflow/example_dags/example_external_task_marker_dag.py took 0.038 seconds
[2024-05-10T10:52:57.999+0000] {processor.py:161} INFO - Started process (PID=599) to work on /home/airflow/.local/lib/python3.12/site-packages/airflow/example_dags/example_external_task_marker_dag.py
[2024-05-10T10:52:58.000+0000] {processor.py:830} INFO - Processing file /home/airflow/.local/lib/python3.12/site-packages/airflow/example_dags/example_external_task_marker_dag.py for tasks to queue
[2024-05-10T10:52:58.001+0000] {logging_mixin.py:188} INFO - [2024-05-10T10:52:58.001+0000] {dagbag.py:540} INFO - Filling up the DagBag from /home/airflow/.local/lib/python3.12/site-packages/airflow/example_dags/example_external_task_marker_dag.py
[2024-05-10T10:52:58.004+0000] {processor.py:840} INFO - DAG(s) 'example_external_task_marker_parent', 'example_external_task_marker_child' retrieved from /home/airflow/.local/lib/python3.12/site-packages/airflow/example_dags/example_external_task_marker_dag.py
[2024-05-10T10:52:58.015+0000] {logging_mixin.py:188} INFO - [2024-05-10T10:52:58.015+0000] {dag.py:3096} INFO - Sync 2 DAGs
[2024-05-10T10:52:58.021+0000] {logging_mixin.py:188} INFO - [2024-05-10T10:52:58.021+0000] {dag.py:3954} INFO - Setting next_dagrun for example_external_task_marker_child to None, run_after=None
[2024-05-10T10:52:58.023+0000] {logging_mixin.py:188} INFO - [2024-05-10T10:52:58.023+0000] {dag.py:3954} INFO - Setting next_dagrun for example_external_task_marker_parent to None, run_after=None
[2024-05-10T10:52:58.030+0000] {processor.py:183} INFO - Processing /home/airflow/.local/lib/python3.12/site-packages/airflow/example_dags/example_external_task_marker_dag.py took 0.033 seconds
[2024-05-10T10:53:28.569+0000] {processor.py:161} INFO - Started process (PID=658) to work on /home/airflow/.local/lib/python3.12/site-packages/airflow/example_dags/example_external_task_marker_dag.py
[2024-05-10T10:53:28.570+0000] {processor.py:830} INFO - Processing file /home/airflow/.local/lib/python3.12/site-packages/airflow/example_dags/example_external_task_marker_dag.py for tasks to queue
[2024-05-10T10:53:28.571+0000] {logging_mixin.py:188} INFO - [2024-05-10T10:53:28.571+0000] {dagbag.py:540} INFO - Filling up the DagBag from /home/airflow/.local/lib/python3.12/site-packages/airflow/example_dags/example_external_task_marker_dag.py
[2024-05-10T10:53:28.574+0000] {processor.py:840} INFO - DAG(s) 'example_external_task_marker_child', 'example_external_task_marker_parent' retrieved from /home/airflow/.local/lib/python3.12/site-packages/airflow/example_dags/example_external_task_marker_dag.py
[2024-05-10T10:53:28.585+0000] {logging_mixin.py:188} INFO - [2024-05-10T10:53:28.585+0000] {dag.py:3096} INFO - Sync 2 DAGs
[2024-05-10T10:53:28.591+0000] {logging_mixin.py:188} INFO - [2024-05-10T10:53:28.591+0000] {dag.py:3954} INFO - Setting next_dagrun for example_external_task_marker_child to None, run_after=None
[2024-05-10T10:53:28.593+0000] {logging_mixin.py:188} INFO - [2024-05-10T10:53:28.593+0000] {dag.py:3954} INFO - Setting next_dagrun for example_external_task_marker_parent to None, run_after=None
[2024-05-10T10:53:28.600+0000] {processor.py:183} INFO - Processing /home/airflow/.local/lib/python3.12/site-packages/airflow/example_dags/example_external_task_marker_dag.py took 0.034 seconds
