[2024-05-10T10:49:23.847+0000] {processor.py:161} INFO - Started process (PID=183) to work on /home/airflow/.local/lib/python3.12/site-packages/airflow/example_dags/example_sensor_decorator.py
[2024-05-10T10:49:23.847+0000] {processor.py:830} INFO - Processing file /home/airflow/.local/lib/python3.12/site-packages/airflow/example_dags/example_sensor_decorator.py for tasks to queue
[2024-05-10T10:49:23.848+0000] {logging_mixin.py:188} INFO - [2024-05-10T10:49:23.848+0000] {dagbag.py:540} INFO - Filling up the DagBag from /home/airflow/.local/lib/python3.12/site-packages/airflow/example_dags/example_sensor_decorator.py
[2024-05-10T10:49:23.852+0000] {processor.py:840} INFO - DAG(s) 'example_sensor_decorator' retrieved from /home/airflow/.local/lib/python3.12/site-packages/airflow/example_dags/example_sensor_decorator.py
[2024-05-10T10:49:23.900+0000] {logging_mixin.py:188} INFO - [2024-05-10T10:49:23.900+0000] {dag.py:3096} INFO - Sync 1 DAGs
[2024-05-10T10:49:23.906+0000] {logging_mixin.py:188} INFO - [2024-05-10T10:49:23.906+0000] {dag.py:3954} INFO - Setting next_dagrun for example_sensor_decorator to None, run_after=None
[2024-05-10T10:49:23.917+0000] {processor.py:183} INFO - Processing /home/airflow/.local/lib/python3.12/site-packages/airflow/example_dags/example_sensor_decorator.py took 0.074 seconds
[2024-05-10T10:49:54.558+0000] {processor.py:161} INFO - Started process (PID=243) to work on /home/airflow/.local/lib/python3.12/site-packages/airflow/example_dags/example_sensor_decorator.py
[2024-05-10T10:49:54.559+0000] {processor.py:830} INFO - Processing file /home/airflow/.local/lib/python3.12/site-packages/airflow/example_dags/example_sensor_decorator.py for tasks to queue
[2024-05-10T10:49:54.560+0000] {logging_mixin.py:188} INFO - [2024-05-10T10:49:54.560+0000] {dagbag.py:540} INFO - Filling up the DagBag from /home/airflow/.local/lib/python3.12/site-packages/airflow/example_dags/example_sensor_decorator.py
[2024-05-10T10:49:54.563+0000] {processor.py:840} INFO - DAG(s) 'example_sensor_decorator' retrieved from /home/airflow/.local/lib/python3.12/site-packages/airflow/example_dags/example_sensor_decorator.py
[2024-05-10T10:49:54.573+0000] {logging_mixin.py:188} INFO - [2024-05-10T10:49:54.573+0000] {dag.py:3096} INFO - Sync 1 DAGs
[2024-05-10T10:49:54.578+0000] {logging_mixin.py:188} INFO - [2024-05-10T10:49:54.578+0000] {dag.py:3954} INFO - Setting next_dagrun for example_sensor_decorator to None, run_after=None
[2024-05-10T10:49:54.585+0000] {processor.py:183} INFO - Processing /home/airflow/.local/lib/python3.12/site-packages/airflow/example_dags/example_sensor_decorator.py took 0.030 seconds
[2024-05-10T10:50:25.164+0000] {processor.py:161} INFO - Started process (PID=303) to work on /home/airflow/.local/lib/python3.12/site-packages/airflow/example_dags/example_sensor_decorator.py
[2024-05-10T10:50:25.165+0000] {processor.py:830} INFO - Processing file /home/airflow/.local/lib/python3.12/site-packages/airflow/example_dags/example_sensor_decorator.py for tasks to queue
[2024-05-10T10:50:25.166+0000] {logging_mixin.py:188} INFO - [2024-05-10T10:50:25.165+0000] {dagbag.py:540} INFO - Filling up the DagBag from /home/airflow/.local/lib/python3.12/site-packages/airflow/example_dags/example_sensor_decorator.py
[2024-05-10T10:50:25.169+0000] {processor.py:840} INFO - DAG(s) 'example_sensor_decorator' retrieved from /home/airflow/.local/lib/python3.12/site-packages/airflow/example_dags/example_sensor_decorator.py
[2024-05-10T10:50:25.178+0000] {logging_mixin.py:188} INFO - [2024-05-10T10:50:25.178+0000] {dag.py:3096} INFO - Sync 1 DAGs
[2024-05-10T10:50:25.184+0000] {logging_mixin.py:188} INFO - [2024-05-10T10:50:25.184+0000] {dag.py:3954} INFO - Setting next_dagrun for example_sensor_decorator to None, run_after=None
[2024-05-10T10:50:25.192+0000] {processor.py:183} INFO - Processing /home/airflow/.local/lib/python3.12/site-packages/airflow/example_dags/example_sensor_decorator.py took 0.031 seconds
[2024-05-10T10:50:55.822+0000] {processor.py:161} INFO - Started process (PID=362) to work on /home/airflow/.local/lib/python3.12/site-packages/airflow/example_dags/example_sensor_decorator.py
[2024-05-10T10:50:55.823+0000] {processor.py:830} INFO - Processing file /home/airflow/.local/lib/python3.12/site-packages/airflow/example_dags/example_sensor_decorator.py for tasks to queue
[2024-05-10T10:50:55.823+0000] {logging_mixin.py:188} INFO - [2024-05-10T10:50:55.823+0000] {dagbag.py:540} INFO - Filling up the DagBag from /home/airflow/.local/lib/python3.12/site-packages/airflow/example_dags/example_sensor_decorator.py
[2024-05-10T10:50:55.827+0000] {processor.py:840} INFO - DAG(s) 'example_sensor_decorator' retrieved from /home/airflow/.local/lib/python3.12/site-packages/airflow/example_dags/example_sensor_decorator.py
[2024-05-10T10:50:55.838+0000] {logging_mixin.py:188} INFO - [2024-05-10T10:50:55.838+0000] {dag.py:3096} INFO - Sync 1 DAGs
[2024-05-10T10:50:55.845+0000] {logging_mixin.py:188} INFO - [2024-05-10T10:50:55.845+0000] {dag.py:3954} INFO - Setting next_dagrun for example_sensor_decorator to None, run_after=None
[2024-05-10T10:50:55.854+0000] {processor.py:183} INFO - Processing /home/airflow/.local/lib/python3.12/site-packages/airflow/example_dags/example_sensor_decorator.py took 0.035 seconds
[2024-05-10T10:51:26.346+0000] {processor.py:161} INFO - Started process (PID=422) to work on /home/airflow/.local/lib/python3.12/site-packages/airflow/example_dags/example_sensor_decorator.py
[2024-05-10T10:51:26.347+0000] {processor.py:830} INFO - Processing file /home/airflow/.local/lib/python3.12/site-packages/airflow/example_dags/example_sensor_decorator.py for tasks to queue
[2024-05-10T10:51:26.348+0000] {logging_mixin.py:188} INFO - [2024-05-10T10:51:26.347+0000] {dagbag.py:540} INFO - Filling up the DagBag from /home/airflow/.local/lib/python3.12/site-packages/airflow/example_dags/example_sensor_decorator.py
[2024-05-10T10:51:26.351+0000] {processor.py:840} INFO - DAG(s) 'example_sensor_decorator' retrieved from /home/airflow/.local/lib/python3.12/site-packages/airflow/example_dags/example_sensor_decorator.py
[2024-05-10T10:51:26.360+0000] {logging_mixin.py:188} INFO - [2024-05-10T10:51:26.360+0000] {dag.py:3096} INFO - Sync 1 DAGs
[2024-05-10T10:51:26.366+0000] {logging_mixin.py:188} INFO - [2024-05-10T10:51:26.366+0000] {dag.py:3954} INFO - Setting next_dagrun for example_sensor_decorator to None, run_after=None
[2024-05-10T10:51:26.374+0000] {processor.py:183} INFO - Processing /home/airflow/.local/lib/python3.12/site-packages/airflow/example_dags/example_sensor_decorator.py took 0.030 seconds
[2024-05-10T10:51:56.919+0000] {processor.py:161} INFO - Started process (PID=482) to work on /home/airflow/.local/lib/python3.12/site-packages/airflow/example_dags/example_sensor_decorator.py
[2024-05-10T10:51:56.919+0000] {processor.py:830} INFO - Processing file /home/airflow/.local/lib/python3.12/site-packages/airflow/example_dags/example_sensor_decorator.py for tasks to queue
[2024-05-10T10:51:56.920+0000] {logging_mixin.py:188} INFO - [2024-05-10T10:51:56.920+0000] {dagbag.py:540} INFO - Filling up the DagBag from /home/airflow/.local/lib/python3.12/site-packages/airflow/example_dags/example_sensor_decorator.py
[2024-05-10T10:51:56.923+0000] {processor.py:840} INFO - DAG(s) 'example_sensor_decorator' retrieved from /home/airflow/.local/lib/python3.12/site-packages/airflow/example_dags/example_sensor_decorator.py
[2024-05-10T10:51:56.933+0000] {logging_mixin.py:188} INFO - [2024-05-10T10:51:56.933+0000] {dag.py:3096} INFO - Sync 1 DAGs
[2024-05-10T10:51:56.938+0000] {logging_mixin.py:188} INFO - [2024-05-10T10:51:56.938+0000] {dag.py:3954} INFO - Setting next_dagrun for example_sensor_decorator to None, run_after=None
[2024-05-10T10:51:56.946+0000] {processor.py:183} INFO - Processing /home/airflow/.local/lib/python3.12/site-packages/airflow/example_dags/example_sensor_decorator.py took 0.030 seconds
[2024-05-10T10:52:27.526+0000] {processor.py:161} INFO - Started process (PID=542) to work on /home/airflow/.local/lib/python3.12/site-packages/airflow/example_dags/example_sensor_decorator.py
[2024-05-10T10:52:27.526+0000] {processor.py:830} INFO - Processing file /home/airflow/.local/lib/python3.12/site-packages/airflow/example_dags/example_sensor_decorator.py for tasks to queue
[2024-05-10T10:52:27.527+0000] {logging_mixin.py:188} INFO - [2024-05-10T10:52:27.527+0000] {dagbag.py:540} INFO - Filling up the DagBag from /home/airflow/.local/lib/python3.12/site-packages/airflow/example_dags/example_sensor_decorator.py
[2024-05-10T10:52:27.530+0000] {processor.py:840} INFO - DAG(s) 'example_sensor_decorator' retrieved from /home/airflow/.local/lib/python3.12/site-packages/airflow/example_dags/example_sensor_decorator.py
[2024-05-10T10:52:27.540+0000] {logging_mixin.py:188} INFO - [2024-05-10T10:52:27.540+0000] {dag.py:3096} INFO - Sync 1 DAGs
[2024-05-10T10:52:27.546+0000] {logging_mixin.py:188} INFO - [2024-05-10T10:52:27.545+0000] {dag.py:3954} INFO - Setting next_dagrun for example_sensor_decorator to None, run_after=None
[2024-05-10T10:52:27.553+0000] {processor.py:183} INFO - Processing /home/airflow/.local/lib/python3.12/site-packages/airflow/example_dags/example_sensor_decorator.py took 0.031 seconds
[2024-05-10T10:52:58.048+0000] {processor.py:161} INFO - Started process (PID=602) to work on /home/airflow/.local/lib/python3.12/site-packages/airflow/example_dags/example_sensor_decorator.py
[2024-05-10T10:52:58.049+0000] {processor.py:830} INFO - Processing file /home/airflow/.local/lib/python3.12/site-packages/airflow/example_dags/example_sensor_decorator.py for tasks to queue
[2024-05-10T10:52:58.050+0000] {logging_mixin.py:188} INFO - [2024-05-10T10:52:58.049+0000] {dagbag.py:540} INFO - Filling up the DagBag from /home/airflow/.local/lib/python3.12/site-packages/airflow/example_dags/example_sensor_decorator.py
[2024-05-10T10:52:58.053+0000] {processor.py:840} INFO - DAG(s) 'example_sensor_decorator' retrieved from /home/airflow/.local/lib/python3.12/site-packages/airflow/example_dags/example_sensor_decorator.py
[2024-05-10T10:52:58.062+0000] {logging_mixin.py:188} INFO - [2024-05-10T10:52:58.062+0000] {dag.py:3096} INFO - Sync 1 DAGs
[2024-05-10T10:52:58.069+0000] {logging_mixin.py:188} INFO - [2024-05-10T10:52:58.068+0000] {dag.py:3954} INFO - Setting next_dagrun for example_sensor_decorator to None, run_after=None
[2024-05-10T10:52:58.077+0000] {processor.py:183} INFO - Processing /home/airflow/.local/lib/python3.12/site-packages/airflow/example_dags/example_sensor_decorator.py took 0.031 seconds
[2024-05-10T10:53:28.626+0000] {processor.py:161} INFO - Started process (PID=661) to work on /home/airflow/.local/lib/python3.12/site-packages/airflow/example_dags/example_sensor_decorator.py
[2024-05-10T10:53:28.627+0000] {processor.py:830} INFO - Processing file /home/airflow/.local/lib/python3.12/site-packages/airflow/example_dags/example_sensor_decorator.py for tasks to queue
[2024-05-10T10:53:28.627+0000] {logging_mixin.py:188} INFO - [2024-05-10T10:53:28.627+0000] {dagbag.py:540} INFO - Filling up the DagBag from /home/airflow/.local/lib/python3.12/site-packages/airflow/example_dags/example_sensor_decorator.py
[2024-05-10T10:53:28.630+0000] {processor.py:840} INFO - DAG(s) 'example_sensor_decorator' retrieved from /home/airflow/.local/lib/python3.12/site-packages/airflow/example_dags/example_sensor_decorator.py
[2024-05-10T10:53:28.640+0000] {logging_mixin.py:188} INFO - [2024-05-10T10:53:28.640+0000] {dag.py:3096} INFO - Sync 1 DAGs
[2024-05-10T10:53:28.646+0000] {logging_mixin.py:188} INFO - [2024-05-10T10:53:28.646+0000] {dag.py:3954} INFO - Setting next_dagrun for example_sensor_decorator to None, run_after=None
[2024-05-10T10:53:28.653+0000] {processor.py:183} INFO - Processing /home/airflow/.local/lib/python3.12/site-packages/airflow/example_dags/example_sensor_decorator.py took 0.030 seconds
