[2024-05-10T10:49:23.310+0000] {processor.py:161} INFO - Started process (PID=172) to work on /home/airflow/.local/lib/python3.12/site-packages/airflow/example_dags/example_datasets.py
[2024-05-10T10:49:23.311+0000] {processor.py:830} INFO - Processing file /home/airflow/.local/lib/python3.12/site-packages/airflow/example_dags/example_datasets.py for tasks to queue
[2024-05-10T10:49:23.312+0000] {logging_mixin.py:188} INFO - [2024-05-10T10:49:23.311+0000] {dagbag.py:540} INFO - Filling up the DagBag from /home/airflow/.local/lib/python3.12/site-packages/airflow/example_dags/example_datasets.py
[2024-05-10T10:49:23.320+0000] {processor.py:840} INFO - DAG(s) 'dataset_consumes_1_and_2', 'dataset_produces_2', 'consume_1_and_2_with_dataset_expressions', 'conditional_dataset_and_time_based_timetable', 'dataset_produces_1', 'dataset_consumes_1_never_scheduled', 'dataset_consumes_1', 'dataset_consumes_unknown_never_scheduled', 'consume_1_or_2_with_dataset_expressions', 'consume_1_or_both_2_and_3_with_dataset_expressions' retrieved from /home/airflow/.local/lib/python3.12/site-packages/airflow/example_dags/example_datasets.py
[2024-05-10T10:49:23.430+0000] {logging_mixin.py:188} INFO - [2024-05-10T10:49:23.430+0000] {dag.py:3096} INFO - Sync 10 DAGs
[2024-05-10T10:49:23.442+0000] {logging_mixin.py:188} INFO - [2024-05-10T10:49:23.442+0000] {dag.py:3954} INFO - Setting next_dagrun for conditional_dataset_and_time_based_timetable to 2024-05-08 01:00:00+00:00, run_after=2024-05-08 01:00:00+00:00
[2024-05-10T10:49:23.444+0000] {logging_mixin.py:188} INFO - [2024-05-10T10:49:23.444+0000] {dag.py:3954} INFO - Setting next_dagrun for consume_1_and_2_with_dataset_expressions to None, run_after=None
[2024-05-10T10:49:23.445+0000] {logging_mixin.py:188} INFO - [2024-05-10T10:49:23.445+0000] {dag.py:3954} INFO - Setting next_dagrun for consume_1_or_2_with_dataset_expressions to None, run_after=None
[2024-05-10T10:49:23.445+0000] {logging_mixin.py:188} INFO - [2024-05-10T10:49:23.445+0000] {dag.py:3954} INFO - Setting next_dagrun for consume_1_or_both_2_and_3_with_dataset_expressions to None, run_after=None
[2024-05-10T10:49:23.446+0000] {logging_mixin.py:188} INFO - [2024-05-10T10:49:23.446+0000] {dag.py:3954} INFO - Setting next_dagrun for dataset_consumes_1 to None, run_after=None
[2024-05-10T10:49:23.446+0000] {logging_mixin.py:188} INFO - [2024-05-10T10:49:23.446+0000] {dag.py:3954} INFO - Setting next_dagrun for dataset_consumes_1_and_2 to None, run_after=None
[2024-05-10T10:49:23.447+0000] {logging_mixin.py:188} INFO - [2024-05-10T10:49:23.447+0000] {dag.py:3954} INFO - Setting next_dagrun for dataset_consumes_1_never_scheduled to None, run_after=None
[2024-05-10T10:49:23.448+0000] {logging_mixin.py:188} INFO - [2024-05-10T10:49:23.447+0000] {dag.py:3954} INFO - Setting next_dagrun for dataset_consumes_unknown_never_scheduled to None, run_after=None
[2024-05-10T10:49:23.449+0000] {logging_mixin.py:188} INFO - [2024-05-10T10:49:23.448+0000] {dag.py:3954} INFO - Setting next_dagrun for dataset_produces_1 to 2024-05-09 00:00:00+00:00, run_after=2024-05-10 00:00:00+00:00
[2024-05-10T10:49:23.449+0000] {logging_mixin.py:188} INFO - [2024-05-10T10:49:23.449+0000] {dag.py:3954} INFO - Setting next_dagrun for dataset_produces_2 to None, run_after=None
[2024-05-10T10:49:23.465+0000] {processor.py:183} INFO - Processing /home/airflow/.local/lib/python3.12/site-packages/airflow/example_dags/example_datasets.py took 0.158 seconds
[2024-05-10T10:49:54.313+0000] {processor.py:161} INFO - Started process (PID=232) to work on /home/airflow/.local/lib/python3.12/site-packages/airflow/example_dags/example_datasets.py
[2024-05-10T10:49:54.313+0000] {processor.py:830} INFO - Processing file /home/airflow/.local/lib/python3.12/site-packages/airflow/example_dags/example_datasets.py for tasks to queue
[2024-05-10T10:49:54.314+0000] {logging_mixin.py:188} INFO - [2024-05-10T10:49:54.314+0000] {dagbag.py:540} INFO - Filling up the DagBag from /home/airflow/.local/lib/python3.12/site-packages/airflow/example_dags/example_datasets.py
[2024-05-10T10:49:54.321+0000] {processor.py:840} INFO - DAG(s) 'dataset_consumes_unknown_never_scheduled', 'dataset_produces_1', 'dataset_consumes_1_and_2', 'conditional_dataset_and_time_based_timetable', 'dataset_consumes_1_never_scheduled', 'consume_1_or_2_with_dataset_expressions', 'consume_1_or_both_2_and_3_with_dataset_expressions', 'dataset_consumes_1', 'dataset_produces_2', 'consume_1_and_2_with_dataset_expressions' retrieved from /home/airflow/.local/lib/python3.12/site-packages/airflow/example_dags/example_datasets.py
[2024-05-10T10:49:54.342+0000] {logging_mixin.py:188} INFO - [2024-05-10T10:49:54.341+0000] {dag.py:3096} INFO - Sync 10 DAGs
[2024-05-10T10:49:54.353+0000] {logging_mixin.py:188} INFO - [2024-05-10T10:49:54.353+0000] {dag.py:3954} INFO - Setting next_dagrun for conditional_dataset_and_time_based_timetable to 2024-05-08 01:00:00+00:00, run_after=2024-05-08 01:00:00+00:00
[2024-05-10T10:49:54.354+0000] {logging_mixin.py:188} INFO - [2024-05-10T10:49:54.354+0000] {dag.py:3954} INFO - Setting next_dagrun for consume_1_and_2_with_dataset_expressions to None, run_after=None
[2024-05-10T10:49:54.355+0000] {logging_mixin.py:188} INFO - [2024-05-10T10:49:54.355+0000] {dag.py:3954} INFO - Setting next_dagrun for consume_1_or_2_with_dataset_expressions to None, run_after=None
[2024-05-10T10:49:54.356+0000] {logging_mixin.py:188} INFO - [2024-05-10T10:49:54.356+0000] {dag.py:3954} INFO - Setting next_dagrun for consume_1_or_both_2_and_3_with_dataset_expressions to None, run_after=None
[2024-05-10T10:49:54.356+0000] {logging_mixin.py:188} INFO - [2024-05-10T10:49:54.356+0000] {dag.py:3954} INFO - Setting next_dagrun for dataset_consumes_1 to None, run_after=None
[2024-05-10T10:49:54.357+0000] {logging_mixin.py:188} INFO - [2024-05-10T10:49:54.357+0000] {dag.py:3954} INFO - Setting next_dagrun for dataset_consumes_1_and_2 to None, run_after=None
[2024-05-10T10:49:54.357+0000] {logging_mixin.py:188} INFO - [2024-05-10T10:49:54.357+0000] {dag.py:3954} INFO - Setting next_dagrun for dataset_consumes_1_never_scheduled to None, run_after=None
[2024-05-10T10:49:54.358+0000] {logging_mixin.py:188} INFO - [2024-05-10T10:49:54.358+0000] {dag.py:3954} INFO - Setting next_dagrun for dataset_consumes_unknown_never_scheduled to None, run_after=None
[2024-05-10T10:49:54.359+0000] {logging_mixin.py:188} INFO - [2024-05-10T10:49:54.359+0000] {dag.py:3954} INFO - Setting next_dagrun for dataset_produces_1 to 2024-05-09 00:00:00+00:00, run_after=2024-05-10 00:00:00+00:00
[2024-05-10T10:49:54.359+0000] {logging_mixin.py:188} INFO - [2024-05-10T10:49:54.359+0000] {dag.py:3954} INFO - Setting next_dagrun for dataset_produces_2 to None, run_after=None
[2024-05-10T10:49:54.374+0000] {processor.py:183} INFO - Processing /home/airflow/.local/lib/python3.12/site-packages/airflow/example_dags/example_datasets.py took 0.064 seconds
[2024-05-10T10:50:24.917+0000] {processor.py:161} INFO - Started process (PID=292) to work on /home/airflow/.local/lib/python3.12/site-packages/airflow/example_dags/example_datasets.py
[2024-05-10T10:50:24.917+0000] {processor.py:830} INFO - Processing file /home/airflow/.local/lib/python3.12/site-packages/airflow/example_dags/example_datasets.py for tasks to queue
[2024-05-10T10:50:24.918+0000] {logging_mixin.py:188} INFO - [2024-05-10T10:50:24.918+0000] {dagbag.py:540} INFO - Filling up the DagBag from /home/airflow/.local/lib/python3.12/site-packages/airflow/example_dags/example_datasets.py
[2024-05-10T10:50:24.925+0000] {processor.py:840} INFO - DAG(s) 'consume_1_or_both_2_and_3_with_dataset_expressions', 'dataset_produces_2', 'dataset_consumes_1', 'dataset_consumes_1_and_2', 'dataset_consumes_1_never_scheduled', 'dataset_consumes_unknown_never_scheduled', 'dataset_produces_1', 'consume_1_or_2_with_dataset_expressions', 'conditional_dataset_and_time_based_timetable', 'consume_1_and_2_with_dataset_expressions' retrieved from /home/airflow/.local/lib/python3.12/site-packages/airflow/example_dags/example_datasets.py
[2024-05-10T10:50:24.945+0000] {logging_mixin.py:188} INFO - [2024-05-10T10:50:24.945+0000] {dag.py:3096} INFO - Sync 10 DAGs
[2024-05-10T10:50:24.956+0000] {logging_mixin.py:188} INFO - [2024-05-10T10:50:24.956+0000] {dag.py:3954} INFO - Setting next_dagrun for conditional_dataset_and_time_based_timetable to 2024-05-08 01:00:00+00:00, run_after=2024-05-08 01:00:00+00:00
[2024-05-10T10:50:24.958+0000] {logging_mixin.py:188} INFO - [2024-05-10T10:50:24.958+0000] {dag.py:3954} INFO - Setting next_dagrun for consume_1_and_2_with_dataset_expressions to None, run_after=None
[2024-05-10T10:50:24.958+0000] {logging_mixin.py:188} INFO - [2024-05-10T10:50:24.958+0000] {dag.py:3954} INFO - Setting next_dagrun for consume_1_or_2_with_dataset_expressions to None, run_after=None
[2024-05-10T10:50:24.959+0000] {logging_mixin.py:188} INFO - [2024-05-10T10:50:24.959+0000] {dag.py:3954} INFO - Setting next_dagrun for consume_1_or_both_2_and_3_with_dataset_expressions to None, run_after=None
[2024-05-10T10:50:24.960+0000] {logging_mixin.py:188} INFO - [2024-05-10T10:50:24.960+0000] {dag.py:3954} INFO - Setting next_dagrun for dataset_consumes_1 to None, run_after=None
[2024-05-10T10:50:24.960+0000] {logging_mixin.py:188} INFO - [2024-05-10T10:50:24.960+0000] {dag.py:3954} INFO - Setting next_dagrun for dataset_consumes_1_and_2 to None, run_after=None
[2024-05-10T10:50:24.961+0000] {logging_mixin.py:188} INFO - [2024-05-10T10:50:24.961+0000] {dag.py:3954} INFO - Setting next_dagrun for dataset_consumes_1_never_scheduled to None, run_after=None
[2024-05-10T10:50:24.961+0000] {logging_mixin.py:188} INFO - [2024-05-10T10:50:24.961+0000] {dag.py:3954} INFO - Setting next_dagrun for dataset_consumes_unknown_never_scheduled to None, run_after=None
[2024-05-10T10:50:24.962+0000] {logging_mixin.py:188} INFO - [2024-05-10T10:50:24.962+0000] {dag.py:3954} INFO - Setting next_dagrun for dataset_produces_1 to 2024-05-09 00:00:00+00:00, run_after=2024-05-10 00:00:00+00:00
[2024-05-10T10:50:24.963+0000] {logging_mixin.py:188} INFO - [2024-05-10T10:50:24.963+0000] {dag.py:3954} INFO - Setting next_dagrun for dataset_produces_2 to None, run_after=None
[2024-05-10T10:50:24.976+0000] {processor.py:183} INFO - Processing /home/airflow/.local/lib/python3.12/site-packages/airflow/example_dags/example_datasets.py took 0.063 seconds
[2024-05-10T10:50:55.564+0000] {processor.py:161} INFO - Started process (PID=351) to work on /home/airflow/.local/lib/python3.12/site-packages/airflow/example_dags/example_datasets.py
[2024-05-10T10:50:55.564+0000] {processor.py:830} INFO - Processing file /home/airflow/.local/lib/python3.12/site-packages/airflow/example_dags/example_datasets.py for tasks to queue
[2024-05-10T10:50:55.565+0000] {logging_mixin.py:188} INFO - [2024-05-10T10:50:55.565+0000] {dagbag.py:540} INFO - Filling up the DagBag from /home/airflow/.local/lib/python3.12/site-packages/airflow/example_dags/example_datasets.py
[2024-05-10T10:50:55.572+0000] {processor.py:840} INFO - DAG(s) 'consume_1_or_2_with_dataset_expressions', 'conditional_dataset_and_time_based_timetable', 'consume_1_and_2_with_dataset_expressions', 'dataset_produces_2', 'consume_1_or_both_2_and_3_with_dataset_expressions', 'dataset_produces_1', 'dataset_consumes_1_and_2', 'dataset_consumes_1_never_scheduled', 'dataset_consumes_unknown_never_scheduled', 'dataset_consumes_1' retrieved from /home/airflow/.local/lib/python3.12/site-packages/airflow/example_dags/example_datasets.py
[2024-05-10T10:50:55.592+0000] {logging_mixin.py:188} INFO - [2024-05-10T10:50:55.592+0000] {dag.py:3096} INFO - Sync 10 DAGs
[2024-05-10T10:50:55.602+0000] {logging_mixin.py:188} INFO - [2024-05-10T10:50:55.602+0000] {dag.py:3954} INFO - Setting next_dagrun for conditional_dataset_and_time_based_timetable to 2024-05-08 01:00:00+00:00, run_after=2024-05-08 01:00:00+00:00
[2024-05-10T10:50:55.604+0000] {logging_mixin.py:188} INFO - [2024-05-10T10:50:55.604+0000] {dag.py:3954} INFO - Setting next_dagrun for consume_1_and_2_with_dataset_expressions to None, run_after=None
[2024-05-10T10:50:55.605+0000] {logging_mixin.py:188} INFO - [2024-05-10T10:50:55.605+0000] {dag.py:3954} INFO - Setting next_dagrun for consume_1_or_2_with_dataset_expressions to None, run_after=None
[2024-05-10T10:50:55.606+0000] {logging_mixin.py:188} INFO - [2024-05-10T10:50:55.606+0000] {dag.py:3954} INFO - Setting next_dagrun for consume_1_or_both_2_and_3_with_dataset_expressions to None, run_after=None
[2024-05-10T10:50:55.606+0000] {logging_mixin.py:188} INFO - [2024-05-10T10:50:55.606+0000] {dag.py:3954} INFO - Setting next_dagrun for dataset_consumes_1 to None, run_after=None
[2024-05-10T10:50:55.607+0000] {logging_mixin.py:188} INFO - [2024-05-10T10:50:55.607+0000] {dag.py:3954} INFO - Setting next_dagrun for dataset_consumes_1_and_2 to None, run_after=None
[2024-05-10T10:50:55.607+0000] {logging_mixin.py:188} INFO - [2024-05-10T10:50:55.607+0000] {dag.py:3954} INFO - Setting next_dagrun for dataset_consumes_1_never_scheduled to None, run_after=None
[2024-05-10T10:50:55.608+0000] {logging_mixin.py:188} INFO - [2024-05-10T10:50:55.608+0000] {dag.py:3954} INFO - Setting next_dagrun for dataset_consumes_unknown_never_scheduled to None, run_after=None
[2024-05-10T10:50:55.609+0000] {logging_mixin.py:188} INFO - [2024-05-10T10:50:55.609+0000] {dag.py:3954} INFO - Setting next_dagrun for dataset_produces_1 to 2024-05-09 00:00:00+00:00, run_after=2024-05-10 00:00:00+00:00
[2024-05-10T10:50:55.609+0000] {logging_mixin.py:188} INFO - [2024-05-10T10:50:55.609+0000] {dag.py:3954} INFO - Setting next_dagrun for dataset_produces_2 to None, run_after=None
[2024-05-10T10:50:55.624+0000] {processor.py:183} INFO - Processing /home/airflow/.local/lib/python3.12/site-packages/airflow/example_dags/example_datasets.py took 0.063 seconds
[2024-05-10T10:51:26.107+0000] {processor.py:161} INFO - Started process (PID=411) to work on /home/airflow/.local/lib/python3.12/site-packages/airflow/example_dags/example_datasets.py
[2024-05-10T10:51:26.108+0000] {processor.py:830} INFO - Processing file /home/airflow/.local/lib/python3.12/site-packages/airflow/example_dags/example_datasets.py for tasks to queue
[2024-05-10T10:51:26.108+0000] {logging_mixin.py:188} INFO - [2024-05-10T10:51:26.108+0000] {dagbag.py:540} INFO - Filling up the DagBag from /home/airflow/.local/lib/python3.12/site-packages/airflow/example_dags/example_datasets.py
[2024-05-10T10:51:26.116+0000] {processor.py:840} INFO - DAG(s) 'consume_1_and_2_with_dataset_expressions', 'dataset_produces_1', 'dataset_consumes_1_never_scheduled', 'dataset_consumes_1', 'dataset_consumes_1_and_2', 'consume_1_or_both_2_and_3_with_dataset_expressions', 'consume_1_or_2_with_dataset_expressions', 'conditional_dataset_and_time_based_timetable', 'dataset_consumes_unknown_never_scheduled', 'dataset_produces_2' retrieved from /home/airflow/.local/lib/python3.12/site-packages/airflow/example_dags/example_datasets.py
[2024-05-10T10:51:26.136+0000] {logging_mixin.py:188} INFO - [2024-05-10T10:51:26.136+0000] {dag.py:3096} INFO - Sync 10 DAGs
[2024-05-10T10:51:26.147+0000] {logging_mixin.py:188} INFO - [2024-05-10T10:51:26.146+0000] {dag.py:3954} INFO - Setting next_dagrun for conditional_dataset_and_time_based_timetable to 2024-05-08 01:00:00+00:00, run_after=2024-05-08 01:00:00+00:00
[2024-05-10T10:51:26.148+0000] {logging_mixin.py:188} INFO - [2024-05-10T10:51:26.148+0000] {dag.py:3954} INFO - Setting next_dagrun for consume_1_and_2_with_dataset_expressions to None, run_after=None
[2024-05-10T10:51:26.149+0000] {logging_mixin.py:188} INFO - [2024-05-10T10:51:26.149+0000] {dag.py:3954} INFO - Setting next_dagrun for consume_1_or_2_with_dataset_expressions to None, run_after=None
[2024-05-10T10:51:26.150+0000] {logging_mixin.py:188} INFO - [2024-05-10T10:51:26.150+0000] {dag.py:3954} INFO - Setting next_dagrun for consume_1_or_both_2_and_3_with_dataset_expressions to None, run_after=None
[2024-05-10T10:51:26.150+0000] {logging_mixin.py:188} INFO - [2024-05-10T10:51:26.150+0000] {dag.py:3954} INFO - Setting next_dagrun for dataset_consumes_1 to None, run_after=None
[2024-05-10T10:51:26.151+0000] {logging_mixin.py:188} INFO - [2024-05-10T10:51:26.151+0000] {dag.py:3954} INFO - Setting next_dagrun for dataset_consumes_1_and_2 to None, run_after=None
[2024-05-10T10:51:26.151+0000] {logging_mixin.py:188} INFO - [2024-05-10T10:51:26.151+0000] {dag.py:3954} INFO - Setting next_dagrun for dataset_consumes_1_never_scheduled to None, run_after=None
[2024-05-10T10:51:26.152+0000] {logging_mixin.py:188} INFO - [2024-05-10T10:51:26.152+0000] {dag.py:3954} INFO - Setting next_dagrun for dataset_consumes_unknown_never_scheduled to None, run_after=None
[2024-05-10T10:51:26.153+0000] {logging_mixin.py:188} INFO - [2024-05-10T10:51:26.153+0000] {dag.py:3954} INFO - Setting next_dagrun for dataset_produces_1 to 2024-05-09 00:00:00+00:00, run_after=2024-05-10 00:00:00+00:00
[2024-05-10T10:51:26.153+0000] {logging_mixin.py:188} INFO - [2024-05-10T10:51:26.153+0000] {dag.py:3954} INFO - Setting next_dagrun for dataset_produces_2 to None, run_after=None
[2024-05-10T10:51:26.167+0000] {processor.py:183} INFO - Processing /home/airflow/.local/lib/python3.12/site-packages/airflow/example_dags/example_datasets.py took 0.063 seconds
[2024-05-10T10:51:56.680+0000] {processor.py:161} INFO - Started process (PID=471) to work on /home/airflow/.local/lib/python3.12/site-packages/airflow/example_dags/example_datasets.py
[2024-05-10T10:51:56.680+0000] {processor.py:830} INFO - Processing file /home/airflow/.local/lib/python3.12/site-packages/airflow/example_dags/example_datasets.py for tasks to queue
[2024-05-10T10:51:56.681+0000] {logging_mixin.py:188} INFO - [2024-05-10T10:51:56.681+0000] {dagbag.py:540} INFO - Filling up the DagBag from /home/airflow/.local/lib/python3.12/site-packages/airflow/example_dags/example_datasets.py
[2024-05-10T10:51:56.688+0000] {processor.py:840} INFO - DAG(s) 'dataset_produces_2', 'consume_1_or_2_with_dataset_expressions', 'consume_1_and_2_with_dataset_expressions', 'dataset_consumes_1_never_scheduled', 'dataset_consumes_unknown_never_scheduled', 'dataset_consumes_1_and_2', 'consume_1_or_both_2_and_3_with_dataset_expressions', 'dataset_consumes_1', 'conditional_dataset_and_time_based_timetable', 'dataset_produces_1' retrieved from /home/airflow/.local/lib/python3.12/site-packages/airflow/example_dags/example_datasets.py
[2024-05-10T10:51:56.708+0000] {logging_mixin.py:188} INFO - [2024-05-10T10:51:56.708+0000] {dag.py:3096} INFO - Sync 10 DAGs
[2024-05-10T10:51:56.718+0000] {logging_mixin.py:188} INFO - [2024-05-10T10:51:56.718+0000] {dag.py:3954} INFO - Setting next_dagrun for conditional_dataset_and_time_based_timetable to 2024-05-08 01:00:00+00:00, run_after=2024-05-08 01:00:00+00:00
[2024-05-10T10:51:56.720+0000] {logging_mixin.py:188} INFO - [2024-05-10T10:51:56.720+0000] {dag.py:3954} INFO - Setting next_dagrun for consume_1_and_2_with_dataset_expressions to None, run_after=None
[2024-05-10T10:51:56.721+0000] {logging_mixin.py:188} INFO - [2024-05-10T10:51:56.721+0000] {dag.py:3954} INFO - Setting next_dagrun for consume_1_or_2_with_dataset_expressions to None, run_after=None
[2024-05-10T10:51:56.721+0000] {logging_mixin.py:188} INFO - [2024-05-10T10:51:56.721+0000] {dag.py:3954} INFO - Setting next_dagrun for consume_1_or_both_2_and_3_with_dataset_expressions to None, run_after=None
[2024-05-10T10:51:56.722+0000] {logging_mixin.py:188} INFO - [2024-05-10T10:51:56.722+0000] {dag.py:3954} INFO - Setting next_dagrun for dataset_consumes_1 to None, run_after=None
[2024-05-10T10:51:56.722+0000] {logging_mixin.py:188} INFO - [2024-05-10T10:51:56.722+0000] {dag.py:3954} INFO - Setting next_dagrun for dataset_consumes_1_and_2 to None, run_after=None
[2024-05-10T10:51:56.723+0000] {logging_mixin.py:188} INFO - [2024-05-10T10:51:56.723+0000] {dag.py:3954} INFO - Setting next_dagrun for dataset_consumes_1_never_scheduled to None, run_after=None
[2024-05-10T10:51:56.723+0000] {logging_mixin.py:188} INFO - [2024-05-10T10:51:56.723+0000] {dag.py:3954} INFO - Setting next_dagrun for dataset_consumes_unknown_never_scheduled to None, run_after=None
[2024-05-10T10:51:56.724+0000] {logging_mixin.py:188} INFO - [2024-05-10T10:51:56.724+0000] {dag.py:3954} INFO - Setting next_dagrun for dataset_produces_1 to 2024-05-09 00:00:00+00:00, run_after=2024-05-10 00:00:00+00:00
[2024-05-10T10:51:56.725+0000] {logging_mixin.py:188} INFO - [2024-05-10T10:51:56.725+0000] {dag.py:3954} INFO - Setting next_dagrun for dataset_produces_2 to None, run_after=None
[2024-05-10T10:51:56.738+0000] {processor.py:183} INFO - Processing /home/airflow/.local/lib/python3.12/site-packages/airflow/example_dags/example_datasets.py took 0.061 seconds
[2024-05-10T10:52:27.263+0000] {processor.py:161} INFO - Started process (PID=531) to work on /home/airflow/.local/lib/python3.12/site-packages/airflow/example_dags/example_datasets.py
[2024-05-10T10:52:27.264+0000] {processor.py:830} INFO - Processing file /home/airflow/.local/lib/python3.12/site-packages/airflow/example_dags/example_datasets.py for tasks to queue
[2024-05-10T10:52:27.265+0000] {logging_mixin.py:188} INFO - [2024-05-10T10:52:27.264+0000] {dagbag.py:540} INFO - Filling up the DagBag from /home/airflow/.local/lib/python3.12/site-packages/airflow/example_dags/example_datasets.py
[2024-05-10T10:52:27.272+0000] {processor.py:840} INFO - DAG(s) 'consume_1_and_2_with_dataset_expressions', 'dataset_consumes_1_never_scheduled', 'consume_1_or_both_2_and_3_with_dataset_expressions', 'conditional_dataset_and_time_based_timetable', 'dataset_produces_2', 'dataset_consumes_unknown_never_scheduled', 'dataset_produces_1', 'consume_1_or_2_with_dataset_expressions', 'dataset_consumes_1_and_2', 'dataset_consumes_1' retrieved from /home/airflow/.local/lib/python3.12/site-packages/airflow/example_dags/example_datasets.py
[2024-05-10T10:52:27.293+0000] {logging_mixin.py:188} INFO - [2024-05-10T10:52:27.293+0000] {dag.py:3096} INFO - Sync 10 DAGs
[2024-05-10T10:52:27.304+0000] {logging_mixin.py:188} INFO - [2024-05-10T10:52:27.304+0000] {dag.py:3954} INFO - Setting next_dagrun for conditional_dataset_and_time_based_timetable to 2024-05-08 01:00:00+00:00, run_after=2024-05-08 01:00:00+00:00
[2024-05-10T10:52:27.306+0000] {logging_mixin.py:188} INFO - [2024-05-10T10:52:27.306+0000] {dag.py:3954} INFO - Setting next_dagrun for consume_1_and_2_with_dataset_expressions to None, run_after=None
[2024-05-10T10:52:27.307+0000] {logging_mixin.py:188} INFO - [2024-05-10T10:52:27.307+0000] {dag.py:3954} INFO - Setting next_dagrun for consume_1_or_2_with_dataset_expressions to None, run_after=None
[2024-05-10T10:52:27.308+0000] {logging_mixin.py:188} INFO - [2024-05-10T10:52:27.308+0000] {dag.py:3954} INFO - Setting next_dagrun for consume_1_or_both_2_and_3_with_dataset_expressions to None, run_after=None
[2024-05-10T10:52:27.309+0000] {logging_mixin.py:188} INFO - [2024-05-10T10:52:27.309+0000] {dag.py:3954} INFO - Setting next_dagrun for dataset_consumes_1 to None, run_after=None
[2024-05-10T10:52:27.310+0000] {logging_mixin.py:188} INFO - [2024-05-10T10:52:27.310+0000] {dag.py:3954} INFO - Setting next_dagrun for dataset_consumes_1_and_2 to None, run_after=None
[2024-05-10T10:52:27.311+0000] {logging_mixin.py:188} INFO - [2024-05-10T10:52:27.311+0000] {dag.py:3954} INFO - Setting next_dagrun for dataset_consumes_1_never_scheduled to None, run_after=None
[2024-05-10T10:52:27.311+0000] {logging_mixin.py:188} INFO - [2024-05-10T10:52:27.311+0000] {dag.py:3954} INFO - Setting next_dagrun for dataset_consumes_unknown_never_scheduled to None, run_after=None
[2024-05-10T10:52:27.313+0000] {logging_mixin.py:188} INFO - [2024-05-10T10:52:27.313+0000] {dag.py:3954} INFO - Setting next_dagrun for dataset_produces_1 to 2024-05-09 00:00:00+00:00, run_after=2024-05-10 00:00:00+00:00
[2024-05-10T10:52:27.314+0000] {logging_mixin.py:188} INFO - [2024-05-10T10:52:27.314+0000] {dag.py:3954} INFO - Setting next_dagrun for dataset_produces_2 to None, run_after=None
[2024-05-10T10:52:27.329+0000] {processor.py:183} INFO - Processing /home/airflow/.local/lib/python3.12/site-packages/airflow/example_dags/example_datasets.py took 0.069 seconds
[2024-05-10T10:52:57.807+0000] {processor.py:161} INFO - Started process (PID=591) to work on /home/airflow/.local/lib/python3.12/site-packages/airflow/example_dags/example_datasets.py
[2024-05-10T10:52:57.808+0000] {processor.py:830} INFO - Processing file /home/airflow/.local/lib/python3.12/site-packages/airflow/example_dags/example_datasets.py for tasks to queue
[2024-05-10T10:52:57.809+0000] {logging_mixin.py:188} INFO - [2024-05-10T10:52:57.808+0000] {dagbag.py:540} INFO - Filling up the DagBag from /home/airflow/.local/lib/python3.12/site-packages/airflow/example_dags/example_datasets.py
[2024-05-10T10:52:57.815+0000] {processor.py:840} INFO - DAG(s) 'dataset_produces_1', 'dataset_consumes_1', 'conditional_dataset_and_time_based_timetable', 'dataset_consumes_1_and_2', 'dataset_produces_2', 'consume_1_or_both_2_and_3_with_dataset_expressions', 'dataset_consumes_unknown_never_scheduled', 'consume_1_or_2_with_dataset_expressions', 'dataset_consumes_1_never_scheduled', 'consume_1_and_2_with_dataset_expressions' retrieved from /home/airflow/.local/lib/python3.12/site-packages/airflow/example_dags/example_datasets.py
[2024-05-10T10:52:57.835+0000] {logging_mixin.py:188} INFO - [2024-05-10T10:52:57.835+0000] {dag.py:3096} INFO - Sync 10 DAGs
[2024-05-10T10:52:57.846+0000] {logging_mixin.py:188} INFO - [2024-05-10T10:52:57.846+0000] {dag.py:3954} INFO - Setting next_dagrun for conditional_dataset_and_time_based_timetable to 2024-05-08 01:00:00+00:00, run_after=2024-05-08 01:00:00+00:00
[2024-05-10T10:52:57.848+0000] {logging_mixin.py:188} INFO - [2024-05-10T10:52:57.848+0000] {dag.py:3954} INFO - Setting next_dagrun for consume_1_and_2_with_dataset_expressions to None, run_after=None
[2024-05-10T10:52:57.849+0000] {logging_mixin.py:188} INFO - [2024-05-10T10:52:57.849+0000] {dag.py:3954} INFO - Setting next_dagrun for consume_1_or_2_with_dataset_expressions to None, run_after=None
[2024-05-10T10:52:57.849+0000] {logging_mixin.py:188} INFO - [2024-05-10T10:52:57.849+0000] {dag.py:3954} INFO - Setting next_dagrun for consume_1_or_both_2_and_3_with_dataset_expressions to None, run_after=None
[2024-05-10T10:52:57.850+0000] {logging_mixin.py:188} INFO - [2024-05-10T10:52:57.850+0000] {dag.py:3954} INFO - Setting next_dagrun for dataset_consumes_1 to None, run_after=None
[2024-05-10T10:52:57.850+0000] {logging_mixin.py:188} INFO - [2024-05-10T10:52:57.850+0000] {dag.py:3954} INFO - Setting next_dagrun for dataset_consumes_1_and_2 to None, run_after=None
[2024-05-10T10:52:57.851+0000] {logging_mixin.py:188} INFO - [2024-05-10T10:52:57.851+0000] {dag.py:3954} INFO - Setting next_dagrun for dataset_consumes_1_never_scheduled to None, run_after=None
[2024-05-10T10:52:57.852+0000] {logging_mixin.py:188} INFO - [2024-05-10T10:52:57.852+0000] {dag.py:3954} INFO - Setting next_dagrun for dataset_consumes_unknown_never_scheduled to None, run_after=None
[2024-05-10T10:52:57.853+0000] {logging_mixin.py:188} INFO - [2024-05-10T10:52:57.853+0000] {dag.py:3954} INFO - Setting next_dagrun for dataset_produces_1 to 2024-05-09 00:00:00+00:00, run_after=2024-05-10 00:00:00+00:00
[2024-05-10T10:52:57.853+0000] {logging_mixin.py:188} INFO - [2024-05-10T10:52:57.853+0000] {dag.py:3954} INFO - Setting next_dagrun for dataset_produces_2 to None, run_after=None
[2024-05-10T10:52:57.866+0000] {processor.py:183} INFO - Processing /home/airflow/.local/lib/python3.12/site-packages/airflow/example_dags/example_datasets.py took 0.062 seconds
[2024-05-10T10:53:28.375+0000] {processor.py:161} INFO - Started process (PID=650) to work on /home/airflow/.local/lib/python3.12/site-packages/airflow/example_dags/example_datasets.py
[2024-05-10T10:53:28.375+0000] {processor.py:830} INFO - Processing file /home/airflow/.local/lib/python3.12/site-packages/airflow/example_dags/example_datasets.py for tasks to queue
[2024-05-10T10:53:28.376+0000] {logging_mixin.py:188} INFO - [2024-05-10T10:53:28.376+0000] {dagbag.py:540} INFO - Filling up the DagBag from /home/airflow/.local/lib/python3.12/site-packages/airflow/example_dags/example_datasets.py
[2024-05-10T10:53:28.383+0000] {processor.py:840} INFO - DAG(s) 'dataset_consumes_1_and_2', 'dataset_consumes_1_never_scheduled', 'dataset_consumes_unknown_never_scheduled', 'consume_1_or_both_2_and_3_with_dataset_expressions', 'consume_1_and_2_with_dataset_expressions', 'dataset_produces_1', 'dataset_produces_2', 'consume_1_or_2_with_dataset_expressions', 'dataset_consumes_1', 'conditional_dataset_and_time_based_timetable' retrieved from /home/airflow/.local/lib/python3.12/site-packages/airflow/example_dags/example_datasets.py
[2024-05-10T10:53:28.405+0000] {logging_mixin.py:188} INFO - [2024-05-10T10:53:28.405+0000] {dag.py:3096} INFO - Sync 10 DAGs
[2024-05-10T10:53:28.417+0000] {logging_mixin.py:188} INFO - [2024-05-10T10:53:28.417+0000] {dag.py:3954} INFO - Setting next_dagrun for conditional_dataset_and_time_based_timetable to 2024-05-08 01:00:00+00:00, run_after=2024-05-08 01:00:00+00:00
[2024-05-10T10:53:28.420+0000] {logging_mixin.py:188} INFO - [2024-05-10T10:53:28.419+0000] {dag.py:3954} INFO - Setting next_dagrun for consume_1_and_2_with_dataset_expressions to None, run_after=None
[2024-05-10T10:53:28.420+0000] {logging_mixin.py:188} INFO - [2024-05-10T10:53:28.420+0000] {dag.py:3954} INFO - Setting next_dagrun for consume_1_or_2_with_dataset_expressions to None, run_after=None
[2024-05-10T10:53:28.421+0000] {logging_mixin.py:188} INFO - [2024-05-10T10:53:28.421+0000] {dag.py:3954} INFO - Setting next_dagrun for consume_1_or_both_2_and_3_with_dataset_expressions to None, run_after=None
[2024-05-10T10:53:28.422+0000] {logging_mixin.py:188} INFO - [2024-05-10T10:53:28.422+0000] {dag.py:3954} INFO - Setting next_dagrun for dataset_consumes_1 to None, run_after=None
[2024-05-10T10:53:28.423+0000] {logging_mixin.py:188} INFO - [2024-05-10T10:53:28.422+0000] {dag.py:3954} INFO - Setting next_dagrun for dataset_consumes_1_and_2 to None, run_after=None
[2024-05-10T10:53:28.423+0000] {logging_mixin.py:188} INFO - [2024-05-10T10:53:28.423+0000] {dag.py:3954} INFO - Setting next_dagrun for dataset_consumes_1_never_scheduled to None, run_after=None
[2024-05-10T10:53:28.424+0000] {logging_mixin.py:188} INFO - [2024-05-10T10:53:28.424+0000] {dag.py:3954} INFO - Setting next_dagrun for dataset_consumes_unknown_never_scheduled to None, run_after=None
[2024-05-10T10:53:28.425+0000] {logging_mixin.py:188} INFO - [2024-05-10T10:53:28.425+0000] {dag.py:3954} INFO - Setting next_dagrun for dataset_produces_1 to 2024-05-09 00:00:00+00:00, run_after=2024-05-10 00:00:00+00:00
[2024-05-10T10:53:28.426+0000] {logging_mixin.py:188} INFO - [2024-05-10T10:53:28.426+0000] {dag.py:3954} INFO - Setting next_dagrun for dataset_produces_2 to None, run_after=None
[2024-05-10T10:53:28.442+0000] {processor.py:183} INFO - Processing /home/airflow/.local/lib/python3.12/site-packages/airflow/example_dags/example_datasets.py took 0.070 seconds
