[2024-05-10T10:49:23.762+0000] {processor.py:161} INFO - Started process (PID=181) to work on /home/airflow/.local/lib/python3.12/site-packages/airflow/example_dags/example_skip_dag.py
[2024-05-10T10:49:23.763+0000] {processor.py:830} INFO - Processing file /home/airflow/.local/lib/python3.12/site-packages/airflow/example_dags/example_skip_dag.py for tasks to queue
[2024-05-10T10:49:23.764+0000] {logging_mixin.py:188} INFO - [2024-05-10T10:49:23.764+0000] {dagbag.py:540} INFO - Filling up the DagBag from /home/airflow/.local/lib/python3.12/site-packages/airflow/example_dags/example_skip_dag.py
[2024-05-10T10:49:23.768+0000] {processor.py:840} INFO - DAG(s) 'example_skip_dag' retrieved from /home/airflow/.local/lib/python3.12/site-packages/airflow/example_dags/example_skip_dag.py
[2024-05-10T10:49:23.814+0000] {logging_mixin.py:188} INFO - [2024-05-10T10:49:23.814+0000] {dag.py:3096} INFO - Sync 1 DAGs
[2024-05-10T10:49:23.824+0000] {logging_mixin.py:188} INFO - [2024-05-10T10:49:23.824+0000] {dag.py:3954} INFO - Setting next_dagrun for example_skip_dag to 2024-05-09 00:00:00+00:00, run_after=2024-05-10 00:00:00+00:00
[2024-05-10T10:49:23.834+0000] {processor.py:183} INFO - Processing /home/airflow/.local/lib/python3.12/site-packages/airflow/example_dags/example_skip_dag.py took 0.074 seconds
[2024-05-10T10:49:54.514+0000] {processor.py:161} INFO - Started process (PID=241) to work on /home/airflow/.local/lib/python3.12/site-packages/airflow/example_dags/example_skip_dag.py
[2024-05-10T10:49:54.514+0000] {processor.py:830} INFO - Processing file /home/airflow/.local/lib/python3.12/site-packages/airflow/example_dags/example_skip_dag.py for tasks to queue
[2024-05-10T10:49:54.515+0000] {logging_mixin.py:188} INFO - [2024-05-10T10:49:54.515+0000] {dagbag.py:540} INFO - Filling up the DagBag from /home/airflow/.local/lib/python3.12/site-packages/airflow/example_dags/example_skip_dag.py
[2024-05-10T10:49:54.518+0000] {processor.py:840} INFO - DAG(s) 'example_skip_dag' retrieved from /home/airflow/.local/lib/python3.12/site-packages/airflow/example_dags/example_skip_dag.py
[2024-05-10T10:49:54.528+0000] {logging_mixin.py:188} INFO - [2024-05-10T10:49:54.528+0000] {dag.py:3096} INFO - Sync 1 DAGs
[2024-05-10T10:49:54.538+0000] {logging_mixin.py:188} INFO - [2024-05-10T10:49:54.538+0000] {dag.py:3954} INFO - Setting next_dagrun for example_skip_dag to 2024-05-09 00:00:00+00:00, run_after=2024-05-10 00:00:00+00:00
[2024-05-10T10:49:54.546+0000] {processor.py:183} INFO - Processing /home/airflow/.local/lib/python3.12/site-packages/airflow/example_dags/example_skip_dag.py took 0.035 seconds
[2024-05-10T10:50:25.119+0000] {processor.py:161} INFO - Started process (PID=301) to work on /home/airflow/.local/lib/python3.12/site-packages/airflow/example_dags/example_skip_dag.py
[2024-05-10T10:50:25.119+0000] {processor.py:830} INFO - Processing file /home/airflow/.local/lib/python3.12/site-packages/airflow/example_dags/example_skip_dag.py for tasks to queue
[2024-05-10T10:50:25.120+0000] {logging_mixin.py:188} INFO - [2024-05-10T10:50:25.120+0000] {dagbag.py:540} INFO - Filling up the DagBag from /home/airflow/.local/lib/python3.12/site-packages/airflow/example_dags/example_skip_dag.py
[2024-05-10T10:50:25.123+0000] {processor.py:840} INFO - DAG(s) 'example_skip_dag' retrieved from /home/airflow/.local/lib/python3.12/site-packages/airflow/example_dags/example_skip_dag.py
[2024-05-10T10:50:25.133+0000] {logging_mixin.py:188} INFO - [2024-05-10T10:50:25.133+0000] {dag.py:3096} INFO - Sync 1 DAGs
[2024-05-10T10:50:25.143+0000] {logging_mixin.py:188} INFO - [2024-05-10T10:50:25.143+0000] {dag.py:3954} INFO - Setting next_dagrun for example_skip_dag to 2024-05-09 00:00:00+00:00, run_after=2024-05-10 00:00:00+00:00
[2024-05-10T10:50:25.152+0000] {processor.py:183} INFO - Processing /home/airflow/.local/lib/python3.12/site-packages/airflow/example_dags/example_skip_dag.py took 0.036 seconds
[2024-05-10T10:50:55.767+0000] {processor.py:161} INFO - Started process (PID=360) to work on /home/airflow/.local/lib/python3.12/site-packages/airflow/example_dags/example_skip_dag.py
[2024-05-10T10:50:55.768+0000] {processor.py:830} INFO - Processing file /home/airflow/.local/lib/python3.12/site-packages/airflow/example_dags/example_skip_dag.py for tasks to queue
[2024-05-10T10:50:55.769+0000] {logging_mixin.py:188} INFO - [2024-05-10T10:50:55.769+0000] {dagbag.py:540} INFO - Filling up the DagBag from /home/airflow/.local/lib/python3.12/site-packages/airflow/example_dags/example_skip_dag.py
[2024-05-10T10:50:55.772+0000] {processor.py:840} INFO - DAG(s) 'example_skip_dag' retrieved from /home/airflow/.local/lib/python3.12/site-packages/airflow/example_dags/example_skip_dag.py
[2024-05-10T10:50:55.783+0000] {logging_mixin.py:188} INFO - [2024-05-10T10:50:55.783+0000] {dag.py:3096} INFO - Sync 1 DAGs
[2024-05-10T10:50:55.794+0000] {logging_mixin.py:188} INFO - [2024-05-10T10:50:55.794+0000] {dag.py:3954} INFO - Setting next_dagrun for example_skip_dag to 2024-05-09 00:00:00+00:00, run_after=2024-05-10 00:00:00+00:00
[2024-05-10T10:50:55.803+0000] {processor.py:183} INFO - Processing /home/airflow/.local/lib/python3.12/site-packages/airflow/example_dags/example_skip_dag.py took 0.039 seconds
[2024-05-10T10:51:26.302+0000] {processor.py:161} INFO - Started process (PID=420) to work on /home/airflow/.local/lib/python3.12/site-packages/airflow/example_dags/example_skip_dag.py
[2024-05-10T10:51:26.303+0000] {processor.py:830} INFO - Processing file /home/airflow/.local/lib/python3.12/site-packages/airflow/example_dags/example_skip_dag.py for tasks to queue
[2024-05-10T10:51:26.304+0000] {logging_mixin.py:188} INFO - [2024-05-10T10:51:26.304+0000] {dagbag.py:540} INFO - Filling up the DagBag from /home/airflow/.local/lib/python3.12/site-packages/airflow/example_dags/example_skip_dag.py
[2024-05-10T10:51:26.307+0000] {processor.py:840} INFO - DAG(s) 'example_skip_dag' retrieved from /home/airflow/.local/lib/python3.12/site-packages/airflow/example_dags/example_skip_dag.py
[2024-05-10T10:51:26.317+0000] {logging_mixin.py:188} INFO - [2024-05-10T10:51:26.317+0000] {dag.py:3096} INFO - Sync 1 DAGs
[2024-05-10T10:51:26.326+0000] {logging_mixin.py:188} INFO - [2024-05-10T10:51:26.326+0000] {dag.py:3954} INFO - Setting next_dagrun for example_skip_dag to 2024-05-09 00:00:00+00:00, run_after=2024-05-10 00:00:00+00:00
[2024-05-10T10:51:26.334+0000] {processor.py:183} INFO - Processing /home/airflow/.local/lib/python3.12/site-packages/airflow/example_dags/example_skip_dag.py took 0.035 seconds
[2024-05-10T10:51:56.875+0000] {processor.py:161} INFO - Started process (PID=480) to work on /home/airflow/.local/lib/python3.12/site-packages/airflow/example_dags/example_skip_dag.py
[2024-05-10T10:51:56.875+0000] {processor.py:830} INFO - Processing file /home/airflow/.local/lib/python3.12/site-packages/airflow/example_dags/example_skip_dag.py for tasks to queue
[2024-05-10T10:51:56.876+0000] {logging_mixin.py:188} INFO - [2024-05-10T10:51:56.876+0000] {dagbag.py:540} INFO - Filling up the DagBag from /home/airflow/.local/lib/python3.12/site-packages/airflow/example_dags/example_skip_dag.py
[2024-05-10T10:51:56.879+0000] {processor.py:840} INFO - DAG(s) 'example_skip_dag' retrieved from /home/airflow/.local/lib/python3.12/site-packages/airflow/example_dags/example_skip_dag.py
[2024-05-10T10:51:56.889+0000] {logging_mixin.py:188} INFO - [2024-05-10T10:51:56.889+0000] {dag.py:3096} INFO - Sync 1 DAGs
[2024-05-10T10:51:56.899+0000] {logging_mixin.py:188} INFO - [2024-05-10T10:51:56.899+0000] {dag.py:3954} INFO - Setting next_dagrun for example_skip_dag to 2024-05-09 00:00:00+00:00, run_after=2024-05-10 00:00:00+00:00
[2024-05-10T10:51:56.907+0000] {processor.py:183} INFO - Processing /home/airflow/.local/lib/python3.12/site-packages/airflow/example_dags/example_skip_dag.py took 0.035 seconds
[2024-05-10T10:52:27.476+0000] {processor.py:161} INFO - Started process (PID=540) to work on /home/airflow/.local/lib/python3.12/site-packages/airflow/example_dags/example_skip_dag.py
[2024-05-10T10:52:27.476+0000] {processor.py:830} INFO - Processing file /home/airflow/.local/lib/python3.12/site-packages/airflow/example_dags/example_skip_dag.py for tasks to queue
[2024-05-10T10:52:27.477+0000] {logging_mixin.py:188} INFO - [2024-05-10T10:52:27.477+0000] {dagbag.py:540} INFO - Filling up the DagBag from /home/airflow/.local/lib/python3.12/site-packages/airflow/example_dags/example_skip_dag.py
[2024-05-10T10:52:27.481+0000] {processor.py:840} INFO - DAG(s) 'example_skip_dag' retrieved from /home/airflow/.local/lib/python3.12/site-packages/airflow/example_dags/example_skip_dag.py
[2024-05-10T10:52:27.492+0000] {logging_mixin.py:188} INFO - [2024-05-10T10:52:27.492+0000] {dag.py:3096} INFO - Sync 1 DAGs
[2024-05-10T10:52:27.503+0000] {logging_mixin.py:188} INFO - [2024-05-10T10:52:27.502+0000] {dag.py:3954} INFO - Setting next_dagrun for example_skip_dag to 2024-05-09 00:00:00+00:00, run_after=2024-05-10 00:00:00+00:00
[2024-05-10T10:52:27.513+0000] {processor.py:183} INFO - Processing /home/airflow/.local/lib/python3.12/site-packages/airflow/example_dags/example_skip_dag.py took 0.040 seconds
[2024-05-10T10:52:58.004+0000] {processor.py:161} INFO - Started process (PID=600) to work on /home/airflow/.local/lib/python3.12/site-packages/airflow/example_dags/example_skip_dag.py
[2024-05-10T10:52:58.005+0000] {processor.py:830} INFO - Processing file /home/airflow/.local/lib/python3.12/site-packages/airflow/example_dags/example_skip_dag.py for tasks to queue
[2024-05-10T10:52:58.006+0000] {logging_mixin.py:188} INFO - [2024-05-10T10:52:58.005+0000] {dagbag.py:540} INFO - Filling up the DagBag from /home/airflow/.local/lib/python3.12/site-packages/airflow/example_dags/example_skip_dag.py
[2024-05-10T10:52:58.009+0000] {processor.py:840} INFO - DAG(s) 'example_skip_dag' retrieved from /home/airflow/.local/lib/python3.12/site-packages/airflow/example_dags/example_skip_dag.py
[2024-05-10T10:52:58.019+0000] {logging_mixin.py:188} INFO - [2024-05-10T10:52:58.019+0000] {dag.py:3096} INFO - Sync 1 DAGs
[2024-05-10T10:52:58.028+0000] {logging_mixin.py:188} INFO - [2024-05-10T10:52:58.028+0000] {dag.py:3954} INFO - Setting next_dagrun for example_skip_dag to 2024-05-09 00:00:00+00:00, run_after=2024-05-10 00:00:00+00:00
[2024-05-10T10:52:58.036+0000] {processor.py:183} INFO - Processing /home/airflow/.local/lib/python3.12/site-packages/airflow/example_dags/example_skip_dag.py took 0.035 seconds
[2024-05-10T10:53:28.581+0000] {processor.py:161} INFO - Started process (PID=659) to work on /home/airflow/.local/lib/python3.12/site-packages/airflow/example_dags/example_skip_dag.py
[2024-05-10T10:53:28.582+0000] {processor.py:830} INFO - Processing file /home/airflow/.local/lib/python3.12/site-packages/airflow/example_dags/example_skip_dag.py for tasks to queue
[2024-05-10T10:53:28.582+0000] {logging_mixin.py:188} INFO - [2024-05-10T10:53:28.582+0000] {dagbag.py:540} INFO - Filling up the DagBag from /home/airflow/.local/lib/python3.12/site-packages/airflow/example_dags/example_skip_dag.py
[2024-05-10T10:53:28.586+0000] {processor.py:840} INFO - DAG(s) 'example_skip_dag' retrieved from /home/airflow/.local/lib/python3.12/site-packages/airflow/example_dags/example_skip_dag.py
[2024-05-10T10:53:28.596+0000] {logging_mixin.py:188} INFO - [2024-05-10T10:53:28.595+0000] {dag.py:3096} INFO - Sync 1 DAGs
[2024-05-10T10:53:28.605+0000] {logging_mixin.py:188} INFO - [2024-05-10T10:53:28.605+0000] {dag.py:3954} INFO - Setting next_dagrun for example_skip_dag to 2024-05-09 00:00:00+00:00, run_after=2024-05-10 00:00:00+00:00
[2024-05-10T10:53:28.614+0000] {processor.py:183} INFO - Processing /home/airflow/.local/lib/python3.12/site-packages/airflow/example_dags/example_skip_dag.py took 0.036 seconds
