[2024-05-10T10:49:22.161+0000] {processor.py:161} INFO - Started process (PID=155) to work on /home/airflow/.local/lib/python3.12/site-packages/airflow/example_dags/example_short_circuit_operator.py
[2024-05-10T10:49:22.162+0000] {processor.py:830} INFO - Processing file /home/airflow/.local/lib/python3.12/site-packages/airflow/example_dags/example_short_circuit_operator.py for tasks to queue
[2024-05-10T10:49:22.163+0000] {logging_mixin.py:188} INFO - [2024-05-10T10:49:22.163+0000] {dagbag.py:540} INFO - Filling up the DagBag from /home/airflow/.local/lib/python3.12/site-packages/airflow/example_dags/example_short_circuit_operator.py
[2024-05-10T10:49:22.170+0000] {processor.py:840} INFO - DAG(s) 'example_short_circuit_operator' retrieved from /home/airflow/.local/lib/python3.12/site-packages/airflow/example_dags/example_short_circuit_operator.py
[2024-05-10T10:49:22.247+0000] {logging_mixin.py:188} INFO - [2024-05-10T10:49:22.246+0000] {dag.py:3096} INFO - Sync 1 DAGs
[2024-05-10T10:49:22.260+0000] {logging_mixin.py:188} INFO - [2024-05-10T10:49:22.259+0000] {dag.py:3954} INFO - Setting next_dagrun for example_short_circuit_operator to 2024-05-09 00:00:00+00:00, run_after=2024-05-10 00:00:00+00:00
[2024-05-10T10:49:22.274+0000] {processor.py:183} INFO - Processing /home/airflow/.local/lib/python3.12/site-packages/airflow/example_dags/example_short_circuit_operator.py took 0.119 seconds
[2024-05-10T10:49:52.876+0000] {processor.py:161} INFO - Started process (PID=215) to work on /home/airflow/.local/lib/python3.12/site-packages/airflow/example_dags/example_short_circuit_operator.py
[2024-05-10T10:49:52.876+0000] {processor.py:830} INFO - Processing file /home/airflow/.local/lib/python3.12/site-packages/airflow/example_dags/example_short_circuit_operator.py for tasks to queue
[2024-05-10T10:49:52.877+0000] {logging_mixin.py:188} INFO - [2024-05-10T10:49:52.877+0000] {dagbag.py:540} INFO - Filling up the DagBag from /home/airflow/.local/lib/python3.12/site-packages/airflow/example_dags/example_short_circuit_operator.py
[2024-05-10T10:49:52.881+0000] {processor.py:840} INFO - DAG(s) 'example_short_circuit_operator' retrieved from /home/airflow/.local/lib/python3.12/site-packages/airflow/example_dags/example_short_circuit_operator.py
[2024-05-10T10:49:52.892+0000] {logging_mixin.py:188} INFO - [2024-05-10T10:49:52.891+0000] {dag.py:3096} INFO - Sync 1 DAGs
[2024-05-10T10:49:52.902+0000] {logging_mixin.py:188} INFO - [2024-05-10T10:49:52.902+0000] {dag.py:3954} INFO - Setting next_dagrun for example_short_circuit_operator to 2024-05-09 00:00:00+00:00, run_after=2024-05-10 00:00:00+00:00
[2024-05-10T10:49:52.910+0000] {processor.py:183} INFO - Processing /home/airflow/.local/lib/python3.12/site-packages/airflow/example_dags/example_short_circuit_operator.py took 0.037 seconds
[2024-05-10T10:50:23.467+0000] {processor.py:161} INFO - Started process (PID=275) to work on /home/airflow/.local/lib/python3.12/site-packages/airflow/example_dags/example_short_circuit_operator.py
[2024-05-10T10:50:23.468+0000] {processor.py:830} INFO - Processing file /home/airflow/.local/lib/python3.12/site-packages/airflow/example_dags/example_short_circuit_operator.py for tasks to queue
[2024-05-10T10:50:23.469+0000] {logging_mixin.py:188} INFO - [2024-05-10T10:50:23.469+0000] {dagbag.py:540} INFO - Filling up the DagBag from /home/airflow/.local/lib/python3.12/site-packages/airflow/example_dags/example_short_circuit_operator.py
[2024-05-10T10:50:23.472+0000] {processor.py:840} INFO - DAG(s) 'example_short_circuit_operator' retrieved from /home/airflow/.local/lib/python3.12/site-packages/airflow/example_dags/example_short_circuit_operator.py
[2024-05-10T10:50:23.483+0000] {logging_mixin.py:188} INFO - [2024-05-10T10:50:23.483+0000] {dag.py:3096} INFO - Sync 1 DAGs
[2024-05-10T10:50:23.493+0000] {logging_mixin.py:188} INFO - [2024-05-10T10:50:23.493+0000] {dag.py:3954} INFO - Setting next_dagrun for example_short_circuit_operator to 2024-05-09 00:00:00+00:00, run_after=2024-05-10 00:00:00+00:00
[2024-05-10T10:50:23.502+0000] {processor.py:183} INFO - Processing /home/airflow/.local/lib/python3.12/site-packages/airflow/example_dags/example_short_circuit_operator.py took 0.037 seconds
[2024-05-10T10:50:54.077+0000] {processor.py:161} INFO - Started process (PID=334) to work on /home/airflow/.local/lib/python3.12/site-packages/airflow/example_dags/example_short_circuit_operator.py
[2024-05-10T10:50:54.077+0000] {processor.py:830} INFO - Processing file /home/airflow/.local/lib/python3.12/site-packages/airflow/example_dags/example_short_circuit_operator.py for tasks to queue
[2024-05-10T10:50:54.078+0000] {logging_mixin.py:188} INFO - [2024-05-10T10:50:54.078+0000] {dagbag.py:540} INFO - Filling up the DagBag from /home/airflow/.local/lib/python3.12/site-packages/airflow/example_dags/example_short_circuit_operator.py
[2024-05-10T10:50:54.083+0000] {processor.py:840} INFO - DAG(s) 'example_short_circuit_operator' retrieved from /home/airflow/.local/lib/python3.12/site-packages/airflow/example_dags/example_short_circuit_operator.py
[2024-05-10T10:50:54.095+0000] {logging_mixin.py:188} INFO - [2024-05-10T10:50:54.095+0000] {dag.py:3096} INFO - Sync 1 DAGs
[2024-05-10T10:50:54.106+0000] {logging_mixin.py:188} INFO - [2024-05-10T10:50:54.106+0000] {dag.py:3954} INFO - Setting next_dagrun for example_short_circuit_operator to 2024-05-09 00:00:00+00:00, run_after=2024-05-10 00:00:00+00:00
[2024-05-10T10:50:54.117+0000] {processor.py:183} INFO - Processing /home/airflow/.local/lib/python3.12/site-packages/airflow/example_dags/example_short_circuit_operator.py took 0.044 seconds
[2024-05-10T10:51:24.655+0000] {processor.py:161} INFO - Started process (PID=394) to work on /home/airflow/.local/lib/python3.12/site-packages/airflow/example_dags/example_short_circuit_operator.py
[2024-05-10T10:51:24.656+0000] {processor.py:830} INFO - Processing file /home/airflow/.local/lib/python3.12/site-packages/airflow/example_dags/example_short_circuit_operator.py for tasks to queue
[2024-05-10T10:51:24.657+0000] {logging_mixin.py:188} INFO - [2024-05-10T10:51:24.657+0000] {dagbag.py:540} INFO - Filling up the DagBag from /home/airflow/.local/lib/python3.12/site-packages/airflow/example_dags/example_short_circuit_operator.py
[2024-05-10T10:51:24.661+0000] {processor.py:840} INFO - DAG(s) 'example_short_circuit_operator' retrieved from /home/airflow/.local/lib/python3.12/site-packages/airflow/example_dags/example_short_circuit_operator.py
[2024-05-10T10:51:24.672+0000] {logging_mixin.py:188} INFO - [2024-05-10T10:51:24.672+0000] {dag.py:3096} INFO - Sync 1 DAGs
[2024-05-10T10:51:24.682+0000] {logging_mixin.py:188} INFO - [2024-05-10T10:51:24.682+0000] {dag.py:3954} INFO - Setting next_dagrun for example_short_circuit_operator to 2024-05-09 00:00:00+00:00, run_after=2024-05-10 00:00:00+00:00
[2024-05-10T10:51:24.692+0000] {processor.py:183} INFO - Processing /home/airflow/.local/lib/python3.12/site-packages/airflow/example_dags/example_short_circuit_operator.py took 0.040 seconds
[2024-05-10T10:51:55.243+0000] {processor.py:161} INFO - Started process (PID=454) to work on /home/airflow/.local/lib/python3.12/site-packages/airflow/example_dags/example_short_circuit_operator.py
[2024-05-10T10:51:55.243+0000] {processor.py:830} INFO - Processing file /home/airflow/.local/lib/python3.12/site-packages/airflow/example_dags/example_short_circuit_operator.py for tasks to queue
[2024-05-10T10:51:55.244+0000] {logging_mixin.py:188} INFO - [2024-05-10T10:51:55.244+0000] {dagbag.py:540} INFO - Filling up the DagBag from /home/airflow/.local/lib/python3.12/site-packages/airflow/example_dags/example_short_circuit_operator.py
[2024-05-10T10:51:55.248+0000] {processor.py:840} INFO - DAG(s) 'example_short_circuit_operator' retrieved from /home/airflow/.local/lib/python3.12/site-packages/airflow/example_dags/example_short_circuit_operator.py
[2024-05-10T10:51:55.258+0000] {logging_mixin.py:188} INFO - [2024-05-10T10:51:55.258+0000] {dag.py:3096} INFO - Sync 1 DAGs
[2024-05-10T10:51:55.269+0000] {logging_mixin.py:188} INFO - [2024-05-10T10:51:55.269+0000] {dag.py:3954} INFO - Setting next_dagrun for example_short_circuit_operator to 2024-05-09 00:00:00+00:00, run_after=2024-05-10 00:00:00+00:00
[2024-05-10T10:51:55.277+0000] {processor.py:183} INFO - Processing /home/airflow/.local/lib/python3.12/site-packages/airflow/example_dags/example_short_circuit_operator.py took 0.037 seconds
[2024-05-10T10:52:25.838+0000] {processor.py:161} INFO - Started process (PID=514) to work on /home/airflow/.local/lib/python3.12/site-packages/airflow/example_dags/example_short_circuit_operator.py
[2024-05-10T10:52:25.838+0000] {processor.py:830} INFO - Processing file /home/airflow/.local/lib/python3.12/site-packages/airflow/example_dags/example_short_circuit_operator.py for tasks to queue
[2024-05-10T10:52:25.839+0000] {logging_mixin.py:188} INFO - [2024-05-10T10:52:25.839+0000] {dagbag.py:540} INFO - Filling up the DagBag from /home/airflow/.local/lib/python3.12/site-packages/airflow/example_dags/example_short_circuit_operator.py
[2024-05-10T10:52:25.843+0000] {processor.py:840} INFO - DAG(s) 'example_short_circuit_operator' retrieved from /home/airflow/.local/lib/python3.12/site-packages/airflow/example_dags/example_short_circuit_operator.py
[2024-05-10T10:52:25.854+0000] {logging_mixin.py:188} INFO - [2024-05-10T10:52:25.854+0000] {dag.py:3096} INFO - Sync 1 DAGs
[2024-05-10T10:52:25.864+0000] {logging_mixin.py:188} INFO - [2024-05-10T10:52:25.864+0000] {dag.py:3954} INFO - Setting next_dagrun for example_short_circuit_operator to 2024-05-09 00:00:00+00:00, run_after=2024-05-10 00:00:00+00:00
[2024-05-10T10:52:25.873+0000] {processor.py:183} INFO - Processing /home/airflow/.local/lib/python3.12/site-packages/airflow/example_dags/example_short_circuit_operator.py took 0.038 seconds
[2024-05-10T10:52:56.375+0000] {processor.py:161} INFO - Started process (PID=574) to work on /home/airflow/.local/lib/python3.12/site-packages/airflow/example_dags/example_short_circuit_operator.py
[2024-05-10T10:52:56.376+0000] {processor.py:830} INFO - Processing file /home/airflow/.local/lib/python3.12/site-packages/airflow/example_dags/example_short_circuit_operator.py for tasks to queue
[2024-05-10T10:52:56.377+0000] {logging_mixin.py:188} INFO - [2024-05-10T10:52:56.377+0000] {dagbag.py:540} INFO - Filling up the DagBag from /home/airflow/.local/lib/python3.12/site-packages/airflow/example_dags/example_short_circuit_operator.py
[2024-05-10T10:52:56.381+0000] {processor.py:840} INFO - DAG(s) 'example_short_circuit_operator' retrieved from /home/airflow/.local/lib/python3.12/site-packages/airflow/example_dags/example_short_circuit_operator.py
[2024-05-10T10:52:56.391+0000] {logging_mixin.py:188} INFO - [2024-05-10T10:52:56.391+0000] {dag.py:3096} INFO - Sync 1 DAGs
[2024-05-10T10:52:56.402+0000] {logging_mixin.py:188} INFO - [2024-05-10T10:52:56.401+0000] {dag.py:3954} INFO - Setting next_dagrun for example_short_circuit_operator to 2024-05-09 00:00:00+00:00, run_after=2024-05-10 00:00:00+00:00
[2024-05-10T10:52:56.410+0000] {processor.py:183} INFO - Processing /home/airflow/.local/lib/python3.12/site-packages/airflow/example_dags/example_short_circuit_operator.py took 0.037 seconds
[2024-05-10T10:53:26.923+0000] {processor.py:161} INFO - Started process (PID=633) to work on /home/airflow/.local/lib/python3.12/site-packages/airflow/example_dags/example_short_circuit_operator.py
[2024-05-10T10:53:26.924+0000] {processor.py:830} INFO - Processing file /home/airflow/.local/lib/python3.12/site-packages/airflow/example_dags/example_short_circuit_operator.py for tasks to queue
[2024-05-10T10:53:26.925+0000] {logging_mixin.py:188} INFO - [2024-05-10T10:53:26.925+0000] {dagbag.py:540} INFO - Filling up the DagBag from /home/airflow/.local/lib/python3.12/site-packages/airflow/example_dags/example_short_circuit_operator.py
[2024-05-10T10:53:26.928+0000] {processor.py:840} INFO - DAG(s) 'example_short_circuit_operator' retrieved from /home/airflow/.local/lib/python3.12/site-packages/airflow/example_dags/example_short_circuit_operator.py
[2024-05-10T10:53:26.939+0000] {logging_mixin.py:188} INFO - [2024-05-10T10:53:26.939+0000] {dag.py:3096} INFO - Sync 1 DAGs
[2024-05-10T10:53:26.949+0000] {logging_mixin.py:188} INFO - [2024-05-10T10:53:26.949+0000] {dag.py:3954} INFO - Setting next_dagrun for example_short_circuit_operator to 2024-05-09 00:00:00+00:00, run_after=2024-05-10 00:00:00+00:00
[2024-05-10T10:53:26.957+0000] {processor.py:183} INFO - Processing /home/airflow/.local/lib/python3.12/site-packages/airflow/example_dags/example_short_circuit_operator.py took 0.037 seconds
