[2024-05-10T10:49:23.924+0000] {processor.py:161} INFO - Started process (PID=184) to work on /home/airflow/.local/lib/python3.12/site-packages/airflow/example_dags/example_branch_python_dop_operator_3.py
[2024-05-10T10:49:23.925+0000] {processor.py:830} INFO - Processing file /home/airflow/.local/lib/python3.12/site-packages/airflow/example_dags/example_branch_python_dop_operator_3.py for tasks to queue
[2024-05-10T10:49:23.926+0000] {logging_mixin.py:188} INFO - [2024-05-10T10:49:23.926+0000] {dagbag.py:540} INFO - Filling up the DagBag from /home/airflow/.local/lib/python3.12/site-packages/airflow/example_dags/example_branch_python_dop_operator_3.py
[2024-05-10T10:49:23.932+0000] {processor.py:840} INFO - DAG(s) 'example_branch_dop_operator_v3' retrieved from /home/airflow/.local/lib/python3.12/site-packages/airflow/example_dags/example_branch_python_dop_operator_3.py
[2024-05-10T10:49:23.984+0000] {logging_mixin.py:188} INFO - [2024-05-10T10:49:23.984+0000] {dag.py:3096} INFO - Sync 1 DAGs
[2024-05-10T10:49:23.996+0000] {logging_mixin.py:188} INFO - [2024-05-10T10:49:23.996+0000] {dag.py:3954} INFO - Setting next_dagrun for example_branch_dop_operator_v3 to 2024-05-10 10:48:00+00:00, run_after=2024-05-10 10:49:00+00:00
[2024-05-10T10:49:24.009+0000] {processor.py:183} INFO - Processing /home/airflow/.local/lib/python3.12/site-packages/airflow/example_dags/example_branch_python_dop_operator_3.py took 0.088 seconds
[2024-05-10T10:49:54.597+0000] {processor.py:161} INFO - Started process (PID=244) to work on /home/airflow/.local/lib/python3.12/site-packages/airflow/example_dags/example_branch_python_dop_operator_3.py
[2024-05-10T10:49:54.597+0000] {processor.py:830} INFO - Processing file /home/airflow/.local/lib/python3.12/site-packages/airflow/example_dags/example_branch_python_dop_operator_3.py for tasks to queue
[2024-05-10T10:49:54.598+0000] {logging_mixin.py:188} INFO - [2024-05-10T10:49:54.598+0000] {dagbag.py:540} INFO - Filling up the DagBag from /home/airflow/.local/lib/python3.12/site-packages/airflow/example_dags/example_branch_python_dop_operator_3.py
[2024-05-10T10:49:54.602+0000] {processor.py:840} INFO - DAG(s) 'example_branch_dop_operator_v3' retrieved from /home/airflow/.local/lib/python3.12/site-packages/airflow/example_dags/example_branch_python_dop_operator_3.py
[2024-05-10T10:49:54.612+0000] {logging_mixin.py:188} INFO - [2024-05-10T10:49:54.612+0000] {dag.py:3096} INFO - Sync 1 DAGs
[2024-05-10T10:49:54.623+0000] {logging_mixin.py:188} INFO - [2024-05-10T10:49:54.623+0000] {dag.py:3954} INFO - Setting next_dagrun for example_branch_dop_operator_v3 to 2024-05-10 10:48:00+00:00, run_after=2024-05-10 10:49:00+00:00
[2024-05-10T10:49:54.631+0000] {processor.py:183} INFO - Processing /home/airflow/.local/lib/python3.12/site-packages/airflow/example_dags/example_branch_python_dop_operator_3.py took 0.037 seconds
[2024-05-10T10:50:25.197+0000] {processor.py:161} INFO - Started process (PID=304) to work on /home/airflow/.local/lib/python3.12/site-packages/airflow/example_dags/example_branch_python_dop_operator_3.py
[2024-05-10T10:50:25.198+0000] {processor.py:830} INFO - Processing file /home/airflow/.local/lib/python3.12/site-packages/airflow/example_dags/example_branch_python_dop_operator_3.py for tasks to queue
[2024-05-10T10:50:25.199+0000] {logging_mixin.py:188} INFO - [2024-05-10T10:50:25.199+0000] {dagbag.py:540} INFO - Filling up the DagBag from /home/airflow/.local/lib/python3.12/site-packages/airflow/example_dags/example_branch_python_dop_operator_3.py
[2024-05-10T10:50:25.203+0000] {processor.py:840} INFO - DAG(s) 'example_branch_dop_operator_v3' retrieved from /home/airflow/.local/lib/python3.12/site-packages/airflow/example_dags/example_branch_python_dop_operator_3.py
[2024-05-10T10:50:25.213+0000] {logging_mixin.py:188} INFO - [2024-05-10T10:50:25.212+0000] {dag.py:3096} INFO - Sync 1 DAGs
[2024-05-10T10:50:25.224+0000] {logging_mixin.py:188} INFO - [2024-05-10T10:50:25.224+0000] {dag.py:3954} INFO - Setting next_dagrun for example_branch_dop_operator_v3 to 2024-05-10 10:49:00+00:00, run_after=2024-05-10 10:50:00+00:00
[2024-05-10T10:50:25.232+0000] {processor.py:183} INFO - Processing /home/airflow/.local/lib/python3.12/site-packages/airflow/example_dags/example_branch_python_dop_operator_3.py took 0.037 seconds
[2024-05-10T10:50:55.851+0000] {processor.py:161} INFO - Started process (PID=363) to work on /home/airflow/.local/lib/python3.12/site-packages/airflow/example_dags/example_branch_python_dop_operator_3.py
[2024-05-10T10:50:55.852+0000] {processor.py:830} INFO - Processing file /home/airflow/.local/lib/python3.12/site-packages/airflow/example_dags/example_branch_python_dop_operator_3.py for tasks to queue
[2024-05-10T10:50:55.853+0000] {logging_mixin.py:188} INFO - [2024-05-10T10:50:55.853+0000] {dagbag.py:540} INFO - Filling up the DagBag from /home/airflow/.local/lib/python3.12/site-packages/airflow/example_dags/example_branch_python_dop_operator_3.py
[2024-05-10T10:50:55.857+0000] {processor.py:840} INFO - DAG(s) 'example_branch_dop_operator_v3' retrieved from /home/airflow/.local/lib/python3.12/site-packages/airflow/example_dags/example_branch_python_dop_operator_3.py
[2024-05-10T10:50:55.868+0000] {logging_mixin.py:188} INFO - [2024-05-10T10:50:55.868+0000] {dag.py:3096} INFO - Sync 1 DAGs
[2024-05-10T10:50:55.880+0000] {logging_mixin.py:188} INFO - [2024-05-10T10:50:55.880+0000] {dag.py:3954} INFO - Setting next_dagrun for example_branch_dop_operator_v3 to 2024-05-10 10:49:00+00:00, run_after=2024-05-10 10:50:00+00:00
[2024-05-10T10:50:55.888+0000] {processor.py:183} INFO - Processing /home/airflow/.local/lib/python3.12/site-packages/airflow/example_dags/example_branch_python_dop_operator_3.py took 0.039 seconds
[2024-05-10T10:51:26.385+0000] {processor.py:161} INFO - Started process (PID=423) to work on /home/airflow/.local/lib/python3.12/site-packages/airflow/example_dags/example_branch_python_dop_operator_3.py
[2024-05-10T10:51:26.387+0000] {processor.py:830} INFO - Processing file /home/airflow/.local/lib/python3.12/site-packages/airflow/example_dags/example_branch_python_dop_operator_3.py for tasks to queue
[2024-05-10T10:51:26.389+0000] {logging_mixin.py:188} INFO - [2024-05-10T10:51:26.388+0000] {dagbag.py:540} INFO - Filling up the DagBag from /home/airflow/.local/lib/python3.12/site-packages/airflow/example_dags/example_branch_python_dop_operator_3.py
[2024-05-10T10:51:26.393+0000] {processor.py:840} INFO - DAG(s) 'example_branch_dop_operator_v3' retrieved from /home/airflow/.local/lib/python3.12/site-packages/airflow/example_dags/example_branch_python_dop_operator_3.py
[2024-05-10T10:51:26.402+0000] {logging_mixin.py:188} INFO - [2024-05-10T10:51:26.402+0000] {dag.py:3096} INFO - Sync 1 DAGs
[2024-05-10T10:51:26.413+0000] {logging_mixin.py:188} INFO - [2024-05-10T10:51:26.413+0000] {dag.py:3954} INFO - Setting next_dagrun for example_branch_dop_operator_v3 to 2024-05-10 10:50:00+00:00, run_after=2024-05-10 10:51:00+00:00
[2024-05-10T10:51:26.420+0000] {processor.py:183} INFO - Processing /home/airflow/.local/lib/python3.12/site-packages/airflow/example_dags/example_branch_python_dop_operator_3.py took 0.039 seconds
[2024-05-10T10:51:56.953+0000] {processor.py:161} INFO - Started process (PID=483) to work on /home/airflow/.local/lib/python3.12/site-packages/airflow/example_dags/example_branch_python_dop_operator_3.py
[2024-05-10T10:51:56.954+0000] {processor.py:830} INFO - Processing file /home/airflow/.local/lib/python3.12/site-packages/airflow/example_dags/example_branch_python_dop_operator_3.py for tasks to queue
[2024-05-10T10:51:56.955+0000] {logging_mixin.py:188} INFO - [2024-05-10T10:51:56.954+0000] {dagbag.py:540} INFO - Filling up the DagBag from /home/airflow/.local/lib/python3.12/site-packages/airflow/example_dags/example_branch_python_dop_operator_3.py
[2024-05-10T10:51:56.959+0000] {processor.py:840} INFO - DAG(s) 'example_branch_dop_operator_v3' retrieved from /home/airflow/.local/lib/python3.12/site-packages/airflow/example_dags/example_branch_python_dop_operator_3.py
[2024-05-10T10:51:56.968+0000] {logging_mixin.py:188} INFO - [2024-05-10T10:51:56.968+0000] {dag.py:3096} INFO - Sync 1 DAGs
[2024-05-10T10:51:56.979+0000] {logging_mixin.py:188} INFO - [2024-05-10T10:51:56.979+0000] {dag.py:3954} INFO - Setting next_dagrun for example_branch_dop_operator_v3 to 2024-05-10 10:50:00+00:00, run_after=2024-05-10 10:51:00+00:00
[2024-05-10T10:51:56.986+0000] {processor.py:183} INFO - Processing /home/airflow/.local/lib/python3.12/site-packages/airflow/example_dags/example_branch_python_dop_operator_3.py took 0.036 seconds
[2024-05-10T10:52:27.561+0000] {processor.py:161} INFO - Started process (PID=543) to work on /home/airflow/.local/lib/python3.12/site-packages/airflow/example_dags/example_branch_python_dop_operator_3.py
[2024-05-10T10:52:27.561+0000] {processor.py:830} INFO - Processing file /home/airflow/.local/lib/python3.12/site-packages/airflow/example_dags/example_branch_python_dop_operator_3.py for tasks to queue
[2024-05-10T10:52:27.562+0000] {logging_mixin.py:188} INFO - [2024-05-10T10:52:27.562+0000] {dagbag.py:540} INFO - Filling up the DagBag from /home/airflow/.local/lib/python3.12/site-packages/airflow/example_dags/example_branch_python_dop_operator_3.py
[2024-05-10T10:52:27.566+0000] {processor.py:840} INFO - DAG(s) 'example_branch_dop_operator_v3' retrieved from /home/airflow/.local/lib/python3.12/site-packages/airflow/example_dags/example_branch_python_dop_operator_3.py
[2024-05-10T10:52:27.576+0000] {logging_mixin.py:188} INFO - [2024-05-10T10:52:27.576+0000] {dag.py:3096} INFO - Sync 1 DAGs
[2024-05-10T10:52:27.587+0000] {logging_mixin.py:188} INFO - [2024-05-10T10:52:27.587+0000] {dag.py:3954} INFO - Setting next_dagrun for example_branch_dop_operator_v3 to 2024-05-10 10:51:00+00:00, run_after=2024-05-10 10:52:00+00:00
[2024-05-10T10:52:27.595+0000] {processor.py:183} INFO - Processing /home/airflow/.local/lib/python3.12/site-packages/airflow/example_dags/example_branch_python_dop_operator_3.py took 0.037 seconds
[2024-05-10T10:52:58.088+0000] {processor.py:161} INFO - Started process (PID=603) to work on /home/airflow/.local/lib/python3.12/site-packages/airflow/example_dags/example_branch_python_dop_operator_3.py
[2024-05-10T10:52:58.088+0000] {processor.py:830} INFO - Processing file /home/airflow/.local/lib/python3.12/site-packages/airflow/example_dags/example_branch_python_dop_operator_3.py for tasks to queue
[2024-05-10T10:52:58.089+0000] {logging_mixin.py:188} INFO - [2024-05-10T10:52:58.089+0000] {dagbag.py:540} INFO - Filling up the DagBag from /home/airflow/.local/lib/python3.12/site-packages/airflow/example_dags/example_branch_python_dop_operator_3.py
[2024-05-10T10:52:58.093+0000] {processor.py:840} INFO - DAG(s) 'example_branch_dop_operator_v3' retrieved from /home/airflow/.local/lib/python3.12/site-packages/airflow/example_dags/example_branch_python_dop_operator_3.py
[2024-05-10T10:52:58.103+0000] {logging_mixin.py:188} INFO - [2024-05-10T10:52:58.103+0000] {dag.py:3096} INFO - Sync 1 DAGs
[2024-05-10T10:52:58.114+0000] {logging_mixin.py:188} INFO - [2024-05-10T10:52:58.114+0000] {dag.py:3954} INFO - Setting next_dagrun for example_branch_dop_operator_v3 to 2024-05-10 10:51:00+00:00, run_after=2024-05-10 10:52:00+00:00
[2024-05-10T10:52:58.122+0000] {processor.py:183} INFO - Processing /home/airflow/.local/lib/python3.12/site-packages/airflow/example_dags/example_branch_python_dop_operator_3.py took 0.037 seconds
[2024-05-10T10:53:28.666+0000] {processor.py:161} INFO - Started process (PID=662) to work on /home/airflow/.local/lib/python3.12/site-packages/airflow/example_dags/example_branch_python_dop_operator_3.py
[2024-05-10T10:53:28.667+0000] {processor.py:830} INFO - Processing file /home/airflow/.local/lib/python3.12/site-packages/airflow/example_dags/example_branch_python_dop_operator_3.py for tasks to queue
[2024-05-10T10:53:28.668+0000] {logging_mixin.py:188} INFO - [2024-05-10T10:53:28.668+0000] {dagbag.py:540} INFO - Filling up the DagBag from /home/airflow/.local/lib/python3.12/site-packages/airflow/example_dags/example_branch_python_dop_operator_3.py
[2024-05-10T10:53:28.672+0000] {processor.py:840} INFO - DAG(s) 'example_branch_dop_operator_v3' retrieved from /home/airflow/.local/lib/python3.12/site-packages/airflow/example_dags/example_branch_python_dop_operator_3.py
[2024-05-10T10:53:28.681+0000] {logging_mixin.py:188} INFO - [2024-05-10T10:53:28.681+0000] {dag.py:3096} INFO - Sync 1 DAGs
[2024-05-10T10:53:28.692+0000] {logging_mixin.py:188} INFO - [2024-05-10T10:53:28.692+0000] {dag.py:3954} INFO - Setting next_dagrun for example_branch_dop_operator_v3 to 2024-05-10 10:52:00+00:00, run_after=2024-05-10 10:53:00+00:00
[2024-05-10T10:53:28.700+0000] {processor.py:183} INFO - Processing /home/airflow/.local/lib/python3.12/site-packages/airflow/example_dags/example_branch_python_dop_operator_3.py took 0.037 seconds
