[2024-05-10T10:49:22.847+0000] {processor.py:161} INFO - Started process (PID=163) to work on /home/airflow/.local/lib/python3.12/site-packages/airflow/example_dags/example_params_trigger_ui.py
[2024-05-10T10:49:22.848+0000] {processor.py:830} INFO - Processing file /home/airflow/.local/lib/python3.12/site-packages/airflow/example_dags/example_params_trigger_ui.py for tasks to queue
[2024-05-10T10:49:22.849+0000] {logging_mixin.py:188} INFO - [2024-05-10T10:49:22.849+0000] {dagbag.py:540} INFO - Filling up the DagBag from /home/airflow/.local/lib/python3.12/site-packages/airflow/example_dags/example_params_trigger_ui.py
[2024-05-10T10:49:22.860+0000] {processor.py:840} INFO - DAG(s) 'example_params_trigger_ui' retrieved from /home/airflow/.local/lib/python3.12/site-packages/airflow/example_dags/example_params_trigger_ui.py
[2024-05-10T10:49:22.931+0000] {logging_mixin.py:188} INFO - [2024-05-10T10:49:22.931+0000] {dag.py:3096} INFO - Sync 1 DAGs
[2024-05-10T10:49:22.937+0000] {logging_mixin.py:188} INFO - [2024-05-10T10:49:22.937+0000] {dag.py:3954} INFO - Setting next_dagrun for example_params_trigger_ui to None, run_after=None
[2024-05-10T10:49:22.947+0000] {processor.py:183} INFO - Processing /home/airflow/.local/lib/python3.12/site-packages/airflow/example_dags/example_params_trigger_ui.py took 0.104 seconds
[2024-05-10T10:49:53.050+0000] {processor.py:161} INFO - Started process (PID=223) to work on /home/airflow/.local/lib/python3.12/site-packages/airflow/example_dags/example_params_trigger_ui.py
[2024-05-10T10:49:53.051+0000] {processor.py:830} INFO - Processing file /home/airflow/.local/lib/python3.12/site-packages/airflow/example_dags/example_params_trigger_ui.py for tasks to queue
[2024-05-10T10:49:53.052+0000] {logging_mixin.py:188} INFO - [2024-05-10T10:49:53.051+0000] {dagbag.py:540} INFO - Filling up the DagBag from /home/airflow/.local/lib/python3.12/site-packages/airflow/example_dags/example_params_trigger_ui.py
[2024-05-10T10:49:53.058+0000] {processor.py:840} INFO - DAG(s) 'example_params_trigger_ui' retrieved from /home/airflow/.local/lib/python3.12/site-packages/airflow/example_dags/example_params_trigger_ui.py
[2024-05-10T10:49:53.075+0000] {logging_mixin.py:188} INFO - [2024-05-10T10:49:53.075+0000] {dag.py:3096} INFO - Sync 1 DAGs
[2024-05-10T10:49:53.081+0000] {logging_mixin.py:188} INFO - [2024-05-10T10:49:53.081+0000] {dag.py:3954} INFO - Setting next_dagrun for example_params_trigger_ui to None, run_after=None
[2024-05-10T10:49:53.091+0000] {processor.py:183} INFO - Processing /home/airflow/.local/lib/python3.12/site-packages/airflow/example_dags/example_params_trigger_ui.py took 0.043 seconds
[2024-05-10T10:50:23.642+0000] {processor.py:161} INFO - Started process (PID=283) to work on /home/airflow/.local/lib/python3.12/site-packages/airflow/example_dags/example_params_trigger_ui.py
[2024-05-10T10:50:23.643+0000] {processor.py:830} INFO - Processing file /home/airflow/.local/lib/python3.12/site-packages/airflow/example_dags/example_params_trigger_ui.py for tasks to queue
[2024-05-10T10:50:23.644+0000] {logging_mixin.py:188} INFO - [2024-05-10T10:50:23.644+0000] {dagbag.py:540} INFO - Filling up the DagBag from /home/airflow/.local/lib/python3.12/site-packages/airflow/example_dags/example_params_trigger_ui.py
[2024-05-10T10:50:23.650+0000] {processor.py:840} INFO - DAG(s) 'example_params_trigger_ui' retrieved from /home/airflow/.local/lib/python3.12/site-packages/airflow/example_dags/example_params_trigger_ui.py
[2024-05-10T10:50:23.669+0000] {logging_mixin.py:188} INFO - [2024-05-10T10:50:23.669+0000] {dag.py:3096} INFO - Sync 1 DAGs
[2024-05-10T10:50:23.675+0000] {logging_mixin.py:188} INFO - [2024-05-10T10:50:23.675+0000] {dag.py:3954} INFO - Setting next_dagrun for example_params_trigger_ui to None, run_after=None
[2024-05-10T10:50:23.687+0000] {processor.py:183} INFO - Processing /home/airflow/.local/lib/python3.12/site-packages/airflow/example_dags/example_params_trigger_ui.py took 0.047 seconds
[2024-05-10T10:50:54.309+0000] {processor.py:161} INFO - Started process (PID=342) to work on /home/airflow/.local/lib/python3.12/site-packages/airflow/example_dags/example_params_trigger_ui.py
[2024-05-10T10:50:54.310+0000] {processor.py:830} INFO - Processing file /home/airflow/.local/lib/python3.12/site-packages/airflow/example_dags/example_params_trigger_ui.py for tasks to queue
[2024-05-10T10:50:54.311+0000] {logging_mixin.py:188} INFO - [2024-05-10T10:50:54.311+0000] {dagbag.py:540} INFO - Filling up the DagBag from /home/airflow/.local/lib/python3.12/site-packages/airflow/example_dags/example_params_trigger_ui.py
[2024-05-10T10:50:54.317+0000] {processor.py:840} INFO - DAG(s) 'example_params_trigger_ui' retrieved from /home/airflow/.local/lib/python3.12/site-packages/airflow/example_dags/example_params_trigger_ui.py
[2024-05-10T10:50:54.336+0000] {logging_mixin.py:188} INFO - [2024-05-10T10:50:54.336+0000] {dag.py:3096} INFO - Sync 1 DAGs
[2024-05-10T10:50:54.343+0000] {logging_mixin.py:188} INFO - [2024-05-10T10:50:54.342+0000] {dag.py:3954} INFO - Setting next_dagrun for example_params_trigger_ui to None, run_after=None
[2024-05-10T10:50:54.352+0000] {processor.py:183} INFO - Processing /home/airflow/.local/lib/python3.12/site-packages/airflow/example_dags/example_params_trigger_ui.py took 0.046 seconds
[2024-05-10T10:51:24.875+0000] {processor.py:161} INFO - Started process (PID=402) to work on /home/airflow/.local/lib/python3.12/site-packages/airflow/example_dags/example_params_trigger_ui.py
[2024-05-10T10:51:24.875+0000] {processor.py:830} INFO - Processing file /home/airflow/.local/lib/python3.12/site-packages/airflow/example_dags/example_params_trigger_ui.py for tasks to queue
[2024-05-10T10:51:24.876+0000] {logging_mixin.py:188} INFO - [2024-05-10T10:51:24.876+0000] {dagbag.py:540} INFO - Filling up the DagBag from /home/airflow/.local/lib/python3.12/site-packages/airflow/example_dags/example_params_trigger_ui.py
[2024-05-10T10:51:24.883+0000] {processor.py:840} INFO - DAG(s) 'example_params_trigger_ui' retrieved from /home/airflow/.local/lib/python3.12/site-packages/airflow/example_dags/example_params_trigger_ui.py
[2024-05-10T10:51:24.900+0000] {logging_mixin.py:188} INFO - [2024-05-10T10:51:24.900+0000] {dag.py:3096} INFO - Sync 1 DAGs
[2024-05-10T10:51:24.905+0000] {logging_mixin.py:188} INFO - [2024-05-10T10:51:24.905+0000] {dag.py:3954} INFO - Setting next_dagrun for example_params_trigger_ui to None, run_after=None
[2024-05-10T10:51:24.914+0000] {processor.py:183} INFO - Processing /home/airflow/.local/lib/python3.12/site-packages/airflow/example_dags/example_params_trigger_ui.py took 0.042 seconds
[2024-05-10T10:51:55.418+0000] {processor.py:161} INFO - Started process (PID=462) to work on /home/airflow/.local/lib/python3.12/site-packages/airflow/example_dags/example_params_trigger_ui.py
[2024-05-10T10:51:55.419+0000] {processor.py:830} INFO - Processing file /home/airflow/.local/lib/python3.12/site-packages/airflow/example_dags/example_params_trigger_ui.py for tasks to queue
[2024-05-10T10:51:55.420+0000] {logging_mixin.py:188} INFO - [2024-05-10T10:51:55.419+0000] {dagbag.py:540} INFO - Filling up the DagBag from /home/airflow/.local/lib/python3.12/site-packages/airflow/example_dags/example_params_trigger_ui.py
[2024-05-10T10:51:55.426+0000] {processor.py:840} INFO - DAG(s) 'example_params_trigger_ui' retrieved from /home/airflow/.local/lib/python3.12/site-packages/airflow/example_dags/example_params_trigger_ui.py
[2024-05-10T10:51:55.444+0000] {logging_mixin.py:188} INFO - [2024-05-10T10:51:55.444+0000] {dag.py:3096} INFO - Sync 1 DAGs
[2024-05-10T10:51:55.450+0000] {logging_mixin.py:188} INFO - [2024-05-10T10:51:55.450+0000] {dag.py:3954} INFO - Setting next_dagrun for example_params_trigger_ui to None, run_after=None
[2024-05-10T10:51:55.458+0000] {processor.py:183} INFO - Processing /home/airflow/.local/lib/python3.12/site-packages/airflow/example_dags/example_params_trigger_ui.py took 0.043 seconds
[2024-05-10T10:52:26.051+0000] {processor.py:161} INFO - Started process (PID=522) to work on /home/airflow/.local/lib/python3.12/site-packages/airflow/example_dags/example_params_trigger_ui.py
[2024-05-10T10:52:26.051+0000] {processor.py:830} INFO - Processing file /home/airflow/.local/lib/python3.12/site-packages/airflow/example_dags/example_params_trigger_ui.py for tasks to queue
[2024-05-10T10:52:26.052+0000] {logging_mixin.py:188} INFO - [2024-05-10T10:52:26.052+0000] {dagbag.py:540} INFO - Filling up the DagBag from /home/airflow/.local/lib/python3.12/site-packages/airflow/example_dags/example_params_trigger_ui.py
[2024-05-10T10:52:26.059+0000] {processor.py:840} INFO - DAG(s) 'example_params_trigger_ui' retrieved from /home/airflow/.local/lib/python3.12/site-packages/airflow/example_dags/example_params_trigger_ui.py
[2024-05-10T10:52:26.076+0000] {logging_mixin.py:188} INFO - [2024-05-10T10:52:26.076+0000] {dag.py:3096} INFO - Sync 1 DAGs
[2024-05-10T10:52:26.082+0000] {logging_mixin.py:188} INFO - [2024-05-10T10:52:26.081+0000] {dag.py:3954} INFO - Setting next_dagrun for example_params_trigger_ui to None, run_after=None
[2024-05-10T10:52:26.089+0000] {processor.py:183} INFO - Processing /home/airflow/.local/lib/python3.12/site-packages/airflow/example_dags/example_params_trigger_ui.py took 0.042 seconds
[2024-05-10T10:52:56.552+0000] {processor.py:161} INFO - Started process (PID=582) to work on /home/airflow/.local/lib/python3.12/site-packages/airflow/example_dags/example_params_trigger_ui.py
[2024-05-10T10:52:56.553+0000] {processor.py:830} INFO - Processing file /home/airflow/.local/lib/python3.12/site-packages/airflow/example_dags/example_params_trigger_ui.py for tasks to queue
[2024-05-10T10:52:56.554+0000] {logging_mixin.py:188} INFO - [2024-05-10T10:52:56.554+0000] {dagbag.py:540} INFO - Filling up the DagBag from /home/airflow/.local/lib/python3.12/site-packages/airflow/example_dags/example_params_trigger_ui.py
[2024-05-10T10:52:56.560+0000] {processor.py:840} INFO - DAG(s) 'example_params_trigger_ui' retrieved from /home/airflow/.local/lib/python3.12/site-packages/airflow/example_dags/example_params_trigger_ui.py
[2024-05-10T10:52:56.578+0000] {logging_mixin.py:188} INFO - [2024-05-10T10:52:56.578+0000] {dag.py:3096} INFO - Sync 1 DAGs
[2024-05-10T10:52:56.585+0000] {logging_mixin.py:188} INFO - [2024-05-10T10:52:56.585+0000] {dag.py:3954} INFO - Setting next_dagrun for example_params_trigger_ui to None, run_after=None
[2024-05-10T10:52:56.596+0000] {processor.py:183} INFO - Processing /home/airflow/.local/lib/python3.12/site-packages/airflow/example_dags/example_params_trigger_ui.py took 0.047 seconds
[2024-05-10T10:53:27.107+0000] {processor.py:161} INFO - Started process (PID=641) to work on /home/airflow/.local/lib/python3.12/site-packages/airflow/example_dags/example_params_trigger_ui.py
[2024-05-10T10:53:27.108+0000] {processor.py:830} INFO - Processing file /home/airflow/.local/lib/python3.12/site-packages/airflow/example_dags/example_params_trigger_ui.py for tasks to queue
[2024-05-10T10:53:27.109+0000] {logging_mixin.py:188} INFO - [2024-05-10T10:53:27.108+0000] {dagbag.py:540} INFO - Filling up the DagBag from /home/airflow/.local/lib/python3.12/site-packages/airflow/example_dags/example_params_trigger_ui.py
[2024-05-10T10:53:27.115+0000] {processor.py:840} INFO - DAG(s) 'example_params_trigger_ui' retrieved from /home/airflow/.local/lib/python3.12/site-packages/airflow/example_dags/example_params_trigger_ui.py
[2024-05-10T10:53:27.132+0000] {logging_mixin.py:188} INFO - [2024-05-10T10:53:27.132+0000] {dag.py:3096} INFO - Sync 1 DAGs
[2024-05-10T10:53:27.138+0000] {logging_mixin.py:188} INFO - [2024-05-10T10:53:27.138+0000] {dag.py:3954} INFO - Setting next_dagrun for example_params_trigger_ui to None, run_after=None
[2024-05-10T10:53:27.149+0000] {processor.py:183} INFO - Processing /home/airflow/.local/lib/python3.12/site-packages/airflow/example_dags/example_params_trigger_ui.py took 0.045 seconds
[2024-05-10T10:53:57.715+0000] {processor.py:161} INFO - Started process (PID=701) to work on /home/airflow/.local/lib/python3.12/site-packages/airflow/example_dags/example_params_trigger_ui.py
[2024-05-10T10:53:57.716+0000] {processor.py:830} INFO - Processing file /home/airflow/.local/lib/python3.12/site-packages/airflow/example_dags/example_params_trigger_ui.py for tasks to queue
[2024-05-10T10:53:57.717+0000] {logging_mixin.py:188} INFO - [2024-05-10T10:53:57.717+0000] {dagbag.py:540} INFO - Filling up the DagBag from /home/airflow/.local/lib/python3.12/site-packages/airflow/example_dags/example_params_trigger_ui.py
[2024-05-10T10:53:57.724+0000] {processor.py:840} INFO - DAG(s) 'example_params_trigger_ui' retrieved from /home/airflow/.local/lib/python3.12/site-packages/airflow/example_dags/example_params_trigger_ui.py
[2024-05-10T10:53:57.741+0000] {logging_mixin.py:188} INFO - [2024-05-10T10:53:57.741+0000] {dag.py:3096} INFO - Sync 1 DAGs
[2024-05-10T10:53:57.747+0000] {logging_mixin.py:188} INFO - [2024-05-10T10:53:57.747+0000] {dag.py:3954} INFO - Setting next_dagrun for example_params_trigger_ui to None, run_after=None
[2024-05-10T10:53:57.755+0000] {processor.py:183} INFO - Processing /home/airflow/.local/lib/python3.12/site-packages/airflow/example_dags/example_params_trigger_ui.py took 0.043 seconds
[2024-05-10T10:54:28.322+0000] {processor.py:161} INFO - Started process (PID=761) to work on /home/airflow/.local/lib/python3.12/site-packages/airflow/example_dags/example_params_trigger_ui.py
[2024-05-10T10:54:28.323+0000] {processor.py:830} INFO - Processing file /home/airflow/.local/lib/python3.12/site-packages/airflow/example_dags/example_params_trigger_ui.py for tasks to queue
[2024-05-10T10:54:28.324+0000] {logging_mixin.py:188} INFO - [2024-05-10T10:54:28.324+0000] {dagbag.py:540} INFO - Filling up the DagBag from /home/airflow/.local/lib/python3.12/site-packages/airflow/example_dags/example_params_trigger_ui.py
[2024-05-10T10:54:28.331+0000] {processor.py:840} INFO - DAG(s) 'example_params_trigger_ui' retrieved from /home/airflow/.local/lib/python3.12/site-packages/airflow/example_dags/example_params_trigger_ui.py
[2024-05-10T10:54:28.348+0000] {logging_mixin.py:188} INFO - [2024-05-10T10:54:28.348+0000] {dag.py:3096} INFO - Sync 1 DAGs
[2024-05-10T10:54:28.355+0000] {logging_mixin.py:188} INFO - [2024-05-10T10:54:28.354+0000] {dag.py:3954} INFO - Setting next_dagrun for example_params_trigger_ui to None, run_after=None
[2024-05-10T10:54:28.363+0000] {processor.py:183} INFO - Processing /home/airflow/.local/lib/python3.12/site-packages/airflow/example_dags/example_params_trigger_ui.py took 0.045 seconds
[2024-05-10T10:54:58.945+0000] {processor.py:161} INFO - Started process (PID=821) to work on /home/airflow/.local/lib/python3.12/site-packages/airflow/example_dags/example_params_trigger_ui.py
[2024-05-10T10:54:58.946+0000] {processor.py:830} INFO - Processing file /home/airflow/.local/lib/python3.12/site-packages/airflow/example_dags/example_params_trigger_ui.py for tasks to queue
[2024-05-10T10:54:58.947+0000] {logging_mixin.py:188} INFO - [2024-05-10T10:54:58.946+0000] {dagbag.py:540} INFO - Filling up the DagBag from /home/airflow/.local/lib/python3.12/site-packages/airflow/example_dags/example_params_trigger_ui.py
[2024-05-10T10:54:58.953+0000] {processor.py:840} INFO - DAG(s) 'example_params_trigger_ui' retrieved from /home/airflow/.local/lib/python3.12/site-packages/airflow/example_dags/example_params_trigger_ui.py
[2024-05-10T10:54:58.971+0000] {logging_mixin.py:188} INFO - [2024-05-10T10:54:58.971+0000] {dag.py:3096} INFO - Sync 1 DAGs
[2024-05-10T10:54:58.977+0000] {logging_mixin.py:188} INFO - [2024-05-10T10:54:58.977+0000] {dag.py:3954} INFO - Setting next_dagrun for example_params_trigger_ui to None, run_after=None
[2024-05-10T10:54:58.986+0000] {processor.py:183} INFO - Processing /home/airflow/.local/lib/python3.12/site-packages/airflow/example_dags/example_params_trigger_ui.py took 0.044 seconds
[2024-05-10T10:55:29.586+0000] {processor.py:161} INFO - Started process (PID=881) to work on /home/airflow/.local/lib/python3.12/site-packages/airflow/example_dags/example_params_trigger_ui.py
[2024-05-10T10:55:29.587+0000] {processor.py:830} INFO - Processing file /home/airflow/.local/lib/python3.12/site-packages/airflow/example_dags/example_params_trigger_ui.py for tasks to queue
[2024-05-10T10:55:29.588+0000] {logging_mixin.py:188} INFO - [2024-05-10T10:55:29.588+0000] {dagbag.py:540} INFO - Filling up the DagBag from /home/airflow/.local/lib/python3.12/site-packages/airflow/example_dags/example_params_trigger_ui.py
[2024-05-10T10:55:29.596+0000] {processor.py:840} INFO - DAG(s) 'example_params_trigger_ui' retrieved from /home/airflow/.local/lib/python3.12/site-packages/airflow/example_dags/example_params_trigger_ui.py
[2024-05-10T10:55:29.615+0000] {logging_mixin.py:188} INFO - [2024-05-10T10:55:29.615+0000] {dag.py:3096} INFO - Sync 1 DAGs
[2024-05-10T10:55:29.622+0000] {logging_mixin.py:188} INFO - [2024-05-10T10:55:29.622+0000] {dag.py:3954} INFO - Setting next_dagrun for example_params_trigger_ui to None, run_after=None
[2024-05-10T10:55:29.633+0000] {processor.py:183} INFO - Processing /home/airflow/.local/lib/python3.12/site-packages/airflow/example_dags/example_params_trigger_ui.py took 0.050 seconds
[2024-05-10T10:56:00.155+0000] {processor.py:161} INFO - Started process (PID=941) to work on /home/airflow/.local/lib/python3.12/site-packages/airflow/example_dags/example_params_trigger_ui.py
[2024-05-10T10:56:00.155+0000] {processor.py:830} INFO - Processing file /home/airflow/.local/lib/python3.12/site-packages/airflow/example_dags/example_params_trigger_ui.py for tasks to queue
[2024-05-10T10:56:00.156+0000] {logging_mixin.py:188} INFO - [2024-05-10T10:56:00.156+0000] {dagbag.py:540} INFO - Filling up the DagBag from /home/airflow/.local/lib/python3.12/site-packages/airflow/example_dags/example_params_trigger_ui.py
[2024-05-10T10:56:00.163+0000] {processor.py:840} INFO - DAG(s) 'example_params_trigger_ui' retrieved from /home/airflow/.local/lib/python3.12/site-packages/airflow/example_dags/example_params_trigger_ui.py
[2024-05-10T10:56:00.180+0000] {logging_mixin.py:188} INFO - [2024-05-10T10:56:00.180+0000] {dag.py:3096} INFO - Sync 1 DAGs
[2024-05-10T10:56:00.187+0000] {logging_mixin.py:188} INFO - [2024-05-10T10:56:00.187+0000] {dag.py:3954} INFO - Setting next_dagrun for example_params_trigger_ui to None, run_after=None
[2024-05-10T10:56:00.196+0000] {processor.py:183} INFO - Processing /home/airflow/.local/lib/python3.12/site-packages/airflow/example_dags/example_params_trigger_ui.py took 0.044 seconds
[2024-05-10T10:56:30.742+0000] {processor.py:161} INFO - Started process (PID=1001) to work on /home/airflow/.local/lib/python3.12/site-packages/airflow/example_dags/example_params_trigger_ui.py
[2024-05-10T10:56:30.743+0000] {processor.py:830} INFO - Processing file /home/airflow/.local/lib/python3.12/site-packages/airflow/example_dags/example_params_trigger_ui.py for tasks to queue
[2024-05-10T10:56:30.744+0000] {logging_mixin.py:188} INFO - [2024-05-10T10:56:30.744+0000] {dagbag.py:540} INFO - Filling up the DagBag from /home/airflow/.local/lib/python3.12/site-packages/airflow/example_dags/example_params_trigger_ui.py
[2024-05-10T10:56:30.750+0000] {processor.py:840} INFO - DAG(s) 'example_params_trigger_ui' retrieved from /home/airflow/.local/lib/python3.12/site-packages/airflow/example_dags/example_params_trigger_ui.py
[2024-05-10T10:56:30.768+0000] {logging_mixin.py:188} INFO - [2024-05-10T10:56:30.768+0000] {dag.py:3096} INFO - Sync 1 DAGs
[2024-05-10T10:56:30.775+0000] {logging_mixin.py:188} INFO - [2024-05-10T10:56:30.775+0000] {dag.py:3954} INFO - Setting next_dagrun for example_params_trigger_ui to None, run_after=None
[2024-05-10T10:56:30.784+0000] {processor.py:183} INFO - Processing /home/airflow/.local/lib/python3.12/site-packages/airflow/example_dags/example_params_trigger_ui.py took 0.044 seconds
[2024-05-10T10:57:01.585+0000] {processor.py:161} INFO - Started process (PID=1061) to work on /home/airflow/.local/lib/python3.12/site-packages/airflow/example_dags/example_params_trigger_ui.py
[2024-05-10T10:57:01.585+0000] {processor.py:830} INFO - Processing file /home/airflow/.local/lib/python3.12/site-packages/airflow/example_dags/example_params_trigger_ui.py for tasks to queue
[2024-05-10T10:57:01.587+0000] {logging_mixin.py:188} INFO - [2024-05-10T10:57:01.586+0000] {dagbag.py:540} INFO - Filling up the DagBag from /home/airflow/.local/lib/python3.12/site-packages/airflow/example_dags/example_params_trigger_ui.py
[2024-05-10T10:57:01.595+0000] {processor.py:840} INFO - DAG(s) 'example_params_trigger_ui' retrieved from /home/airflow/.local/lib/python3.12/site-packages/airflow/example_dags/example_params_trigger_ui.py
[2024-05-10T10:57:01.615+0000] {logging_mixin.py:188} INFO - [2024-05-10T10:57:01.614+0000] {dag.py:3096} INFO - Sync 1 DAGs
[2024-05-10T10:57:01.623+0000] {logging_mixin.py:188} INFO - [2024-05-10T10:57:01.623+0000] {dag.py:3954} INFO - Setting next_dagrun for example_params_trigger_ui to None, run_after=None
[2024-05-10T10:57:01.634+0000] {processor.py:183} INFO - Processing /home/airflow/.local/lib/python3.12/site-packages/airflow/example_dags/example_params_trigger_ui.py took 0.053 seconds
[2024-05-10T10:57:57.191+0000] {processor.py:161} INFO - Started process (PID=68) to work on /home/airflow/.local/lib/python3.12/site-packages/airflow/example_dags/example_params_trigger_ui.py
[2024-05-10T10:57:57.193+0000] {processor.py:830} INFO - Processing file /home/airflow/.local/lib/python3.12/site-packages/airflow/example_dags/example_params_trigger_ui.py for tasks to queue
[2024-05-10T10:57:57.194+0000] {logging_mixin.py:188} INFO - [2024-05-10T10:57:57.194+0000] {dagbag.py:540} INFO - Filling up the DagBag from /home/airflow/.local/lib/python3.12/site-packages/airflow/example_dags/example_params_trigger_ui.py
[2024-05-10T10:57:57.206+0000] {processor.py:840} INFO - DAG(s) 'example_params_trigger_ui' retrieved from /home/airflow/.local/lib/python3.12/site-packages/airflow/example_dags/example_params_trigger_ui.py
[2024-05-10T10:57:57.215+0000] {logging_mixin.py:188} INFO - [2024-05-10T10:57:57.215+0000] {dag.py:3096} INFO - Sync 1 DAGs
[2024-05-10T10:57:57.226+0000] {logging_mixin.py:188} INFO - [2024-05-10T10:57:57.226+0000] {dag.py:3954} INFO - Setting next_dagrun for example_params_trigger_ui to None, run_after=None
[2024-05-10T10:57:57.239+0000] {processor.py:183} INFO - Processing /home/airflow/.local/lib/python3.12/site-packages/airflow/example_dags/example_params_trigger_ui.py took 0.052 seconds
[2024-05-10T10:58:27.592+0000] {processor.py:161} INFO - Started process (PID=128) to work on /home/airflow/.local/lib/python3.12/site-packages/airflow/example_dags/example_params_trigger_ui.py
[2024-05-10T10:58:27.593+0000] {processor.py:830} INFO - Processing file /home/airflow/.local/lib/python3.12/site-packages/airflow/example_dags/example_params_trigger_ui.py for tasks to queue
[2024-05-10T10:58:27.594+0000] {logging_mixin.py:188} INFO - [2024-05-10T10:58:27.593+0000] {dagbag.py:540} INFO - Filling up the DagBag from /home/airflow/.local/lib/python3.12/site-packages/airflow/example_dags/example_params_trigger_ui.py
[2024-05-10T10:58:27.600+0000] {processor.py:840} INFO - DAG(s) 'example_params_trigger_ui' retrieved from /home/airflow/.local/lib/python3.12/site-packages/airflow/example_dags/example_params_trigger_ui.py
[2024-05-10T10:58:27.650+0000] {logging_mixin.py:188} INFO - [2024-05-10T10:58:27.650+0000] {dag.py:3096} INFO - Sync 1 DAGs
[2024-05-10T10:58:27.655+0000] {logging_mixin.py:188} INFO - [2024-05-10T10:58:27.655+0000] {dag.py:3954} INFO - Setting next_dagrun for example_params_trigger_ui to None, run_after=None
[2024-05-10T10:58:27.664+0000] {processor.py:183} INFO - Processing /home/airflow/.local/lib/python3.12/site-packages/airflow/example_dags/example_params_trigger_ui.py took 0.074 seconds
[2024-05-10T10:58:58.651+0000] {processor.py:161} INFO - Started process (PID=188) to work on /home/airflow/.local/lib/python3.12/site-packages/airflow/example_dags/example_params_trigger_ui.py
[2024-05-10T10:58:58.652+0000] {processor.py:830} INFO - Processing file /home/airflow/.local/lib/python3.12/site-packages/airflow/example_dags/example_params_trigger_ui.py for tasks to queue
[2024-05-10T10:58:58.654+0000] {logging_mixin.py:188} INFO - [2024-05-10T10:58:58.654+0000] {dagbag.py:540} INFO - Filling up the DagBag from /home/airflow/.local/lib/python3.12/site-packages/airflow/example_dags/example_params_trigger_ui.py
[2024-05-10T10:58:58.667+0000] {processor.py:840} INFO - DAG(s) 'example_params_trigger_ui' retrieved from /home/airflow/.local/lib/python3.12/site-packages/airflow/example_dags/example_params_trigger_ui.py
[2024-05-10T10:58:58.692+0000] {logging_mixin.py:188} INFO - [2024-05-10T10:58:58.692+0000] {dag.py:3096} INFO - Sync 1 DAGs
[2024-05-10T10:58:58.698+0000] {logging_mixin.py:188} INFO - [2024-05-10T10:58:58.698+0000] {dag.py:3954} INFO - Setting next_dagrun for example_params_trigger_ui to None, run_after=None
[2024-05-10T10:58:58.708+0000] {processor.py:183} INFO - Processing /home/airflow/.local/lib/python3.12/site-packages/airflow/example_dags/example_params_trigger_ui.py took 0.063 seconds
[2024-05-10T10:59:29.237+0000] {processor.py:161} INFO - Started process (PID=247) to work on /home/airflow/.local/lib/python3.12/site-packages/airflow/example_dags/example_params_trigger_ui.py
[2024-05-10T10:59:29.238+0000] {processor.py:830} INFO - Processing file /home/airflow/.local/lib/python3.12/site-packages/airflow/example_dags/example_params_trigger_ui.py for tasks to queue
[2024-05-10T10:59:29.239+0000] {logging_mixin.py:188} INFO - [2024-05-10T10:59:29.239+0000] {dagbag.py:540} INFO - Filling up the DagBag from /home/airflow/.local/lib/python3.12/site-packages/airflow/example_dags/example_params_trigger_ui.py
[2024-05-10T10:59:29.249+0000] {processor.py:840} INFO - DAG(s) 'example_params_trigger_ui' retrieved from /home/airflow/.local/lib/python3.12/site-packages/airflow/example_dags/example_params_trigger_ui.py
[2024-05-10T10:59:29.274+0000] {logging_mixin.py:188} INFO - [2024-05-10T10:59:29.274+0000] {dag.py:3096} INFO - Sync 1 DAGs
[2024-05-10T10:59:29.281+0000] {logging_mixin.py:188} INFO - [2024-05-10T10:59:29.281+0000] {dag.py:3954} INFO - Setting next_dagrun for example_params_trigger_ui to None, run_after=None
[2024-05-10T10:59:29.291+0000] {processor.py:183} INFO - Processing /home/airflow/.local/lib/python3.12/site-packages/airflow/example_dags/example_params_trigger_ui.py took 0.059 seconds
[2024-05-10T10:59:59.918+0000] {processor.py:161} INFO - Started process (PID=307) to work on /home/airflow/.local/lib/python3.12/site-packages/airflow/example_dags/example_params_trigger_ui.py
[2024-05-10T10:59:59.919+0000] {processor.py:830} INFO - Processing file /home/airflow/.local/lib/python3.12/site-packages/airflow/example_dags/example_params_trigger_ui.py for tasks to queue
[2024-05-10T10:59:59.922+0000] {logging_mixin.py:188} INFO - [2024-05-10T10:59:59.922+0000] {dagbag.py:540} INFO - Filling up the DagBag from /home/airflow/.local/lib/python3.12/site-packages/airflow/example_dags/example_params_trigger_ui.py
[2024-05-10T10:59:59.933+0000] {processor.py:840} INFO - DAG(s) 'example_params_trigger_ui' retrieved from /home/airflow/.local/lib/python3.12/site-packages/airflow/example_dags/example_params_trigger_ui.py
[2024-05-10T10:59:59.957+0000] {logging_mixin.py:188} INFO - [2024-05-10T10:59:59.957+0000] {dag.py:3096} INFO - Sync 1 DAGs
[2024-05-10T10:59:59.963+0000] {logging_mixin.py:188} INFO - [2024-05-10T10:59:59.963+0000] {dag.py:3954} INFO - Setting next_dagrun for example_params_trigger_ui to None, run_after=None
[2024-05-10T10:59:59.972+0000] {processor.py:183} INFO - Processing /home/airflow/.local/lib/python3.12/site-packages/airflow/example_dags/example_params_trigger_ui.py took 0.061 seconds
[2024-05-10T11:00:30.670+0000] {processor.py:161} INFO - Started process (PID=367) to work on /home/airflow/.local/lib/python3.12/site-packages/airflow/example_dags/example_params_trigger_ui.py
[2024-05-10T11:00:30.671+0000] {processor.py:830} INFO - Processing file /home/airflow/.local/lib/python3.12/site-packages/airflow/example_dags/example_params_trigger_ui.py for tasks to queue
[2024-05-10T11:00:30.673+0000] {logging_mixin.py:188} INFO - [2024-05-10T11:00:30.672+0000] {dagbag.py:540} INFO - Filling up the DagBag from /home/airflow/.local/lib/python3.12/site-packages/airflow/example_dags/example_params_trigger_ui.py
[2024-05-10T11:00:30.685+0000] {processor.py:840} INFO - DAG(s) 'example_params_trigger_ui' retrieved from /home/airflow/.local/lib/python3.12/site-packages/airflow/example_dags/example_params_trigger_ui.py
[2024-05-10T11:00:30.710+0000] {logging_mixin.py:188} INFO - [2024-05-10T11:00:30.710+0000] {dag.py:3096} INFO - Sync 1 DAGs
[2024-05-10T11:00:30.717+0000] {logging_mixin.py:188} INFO - [2024-05-10T11:00:30.717+0000] {dag.py:3954} INFO - Setting next_dagrun for example_params_trigger_ui to None, run_after=None
[2024-05-10T11:00:30.726+0000] {processor.py:183} INFO - Processing /home/airflow/.local/lib/python3.12/site-packages/airflow/example_dags/example_params_trigger_ui.py took 0.063 seconds
[2024-05-10T11:01:01.580+0000] {processor.py:161} INFO - Started process (PID=426) to work on /home/airflow/.local/lib/python3.12/site-packages/airflow/example_dags/example_params_trigger_ui.py
[2024-05-10T11:01:01.581+0000] {processor.py:830} INFO - Processing file /home/airflow/.local/lib/python3.12/site-packages/airflow/example_dags/example_params_trigger_ui.py for tasks to queue
[2024-05-10T11:01:01.583+0000] {logging_mixin.py:188} INFO - [2024-05-10T11:01:01.583+0000] {dagbag.py:540} INFO - Filling up the DagBag from /home/airflow/.local/lib/python3.12/site-packages/airflow/example_dags/example_params_trigger_ui.py
[2024-05-10T11:01:01.596+0000] {processor.py:840} INFO - DAG(s) 'example_params_trigger_ui' retrieved from /home/airflow/.local/lib/python3.12/site-packages/airflow/example_dags/example_params_trigger_ui.py
[2024-05-10T11:01:01.624+0000] {logging_mixin.py:188} INFO - [2024-05-10T11:01:01.624+0000] {dag.py:3096} INFO - Sync 1 DAGs
[2024-05-10T11:01:01.633+0000] {logging_mixin.py:188} INFO - [2024-05-10T11:01:01.633+0000] {dag.py:3954} INFO - Setting next_dagrun for example_params_trigger_ui to None, run_after=None
[2024-05-10T11:01:01.645+0000] {processor.py:183} INFO - Processing /home/airflow/.local/lib/python3.12/site-packages/airflow/example_dags/example_params_trigger_ui.py took 0.072 seconds
[2024-05-10T11:01:32.238+0000] {processor.py:161} INFO - Started process (PID=486) to work on /home/airflow/.local/lib/python3.12/site-packages/airflow/example_dags/example_params_trigger_ui.py
[2024-05-10T11:01:32.239+0000] {processor.py:830} INFO - Processing file /home/airflow/.local/lib/python3.12/site-packages/airflow/example_dags/example_params_trigger_ui.py for tasks to queue
[2024-05-10T11:01:32.240+0000] {logging_mixin.py:188} INFO - [2024-05-10T11:01:32.240+0000] {dagbag.py:540} INFO - Filling up the DagBag from /home/airflow/.local/lib/python3.12/site-packages/airflow/example_dags/example_params_trigger_ui.py
[2024-05-10T11:01:32.247+0000] {processor.py:840} INFO - DAG(s) 'example_params_trigger_ui' retrieved from /home/airflow/.local/lib/python3.12/site-packages/airflow/example_dags/example_params_trigger_ui.py
[2024-05-10T11:01:32.265+0000] {logging_mixin.py:188} INFO - [2024-05-10T11:01:32.265+0000] {dag.py:3096} INFO - Sync 1 DAGs
[2024-05-10T11:01:32.271+0000] {logging_mixin.py:188} INFO - [2024-05-10T11:01:32.270+0000] {dag.py:3954} INFO - Setting next_dagrun for example_params_trigger_ui to None, run_after=None
[2024-05-10T11:01:32.279+0000] {processor.py:183} INFO - Processing /home/airflow/.local/lib/python3.12/site-packages/airflow/example_dags/example_params_trigger_ui.py took 0.045 seconds
[2024-05-10T11:02:03.066+0000] {processor.py:161} INFO - Started process (PID=546) to work on /home/airflow/.local/lib/python3.12/site-packages/airflow/example_dags/example_params_trigger_ui.py
[2024-05-10T11:02:03.067+0000] {processor.py:830} INFO - Processing file /home/airflow/.local/lib/python3.12/site-packages/airflow/example_dags/example_params_trigger_ui.py for tasks to queue
[2024-05-10T11:02:03.067+0000] {logging_mixin.py:188} INFO - [2024-05-10T11:02:03.067+0000] {dagbag.py:540} INFO - Filling up the DagBag from /home/airflow/.local/lib/python3.12/site-packages/airflow/example_dags/example_params_trigger_ui.py
[2024-05-10T11:02:03.074+0000] {processor.py:840} INFO - DAG(s) 'example_params_trigger_ui' retrieved from /home/airflow/.local/lib/python3.12/site-packages/airflow/example_dags/example_params_trigger_ui.py
[2024-05-10T11:02:03.092+0000] {logging_mixin.py:188} INFO - [2024-05-10T11:02:03.092+0000] {dag.py:3096} INFO - Sync 1 DAGs
[2024-05-10T11:02:03.100+0000] {logging_mixin.py:188} INFO - [2024-05-10T11:02:03.100+0000] {dag.py:3954} INFO - Setting next_dagrun for example_params_trigger_ui to None, run_after=None
[2024-05-10T11:02:03.108+0000] {processor.py:183} INFO - Processing /home/airflow/.local/lib/python3.12/site-packages/airflow/example_dags/example_params_trigger_ui.py took 0.045 seconds
[2024-05-10T11:02:33.853+0000] {processor.py:161} INFO - Started process (PID=606) to work on /home/airflow/.local/lib/python3.12/site-packages/airflow/example_dags/example_params_trigger_ui.py
[2024-05-10T11:02:33.854+0000] {processor.py:830} INFO - Processing file /home/airflow/.local/lib/python3.12/site-packages/airflow/example_dags/example_params_trigger_ui.py for tasks to queue
[2024-05-10T11:02:33.855+0000] {logging_mixin.py:188} INFO - [2024-05-10T11:02:33.855+0000] {dagbag.py:540} INFO - Filling up the DagBag from /home/airflow/.local/lib/python3.12/site-packages/airflow/example_dags/example_params_trigger_ui.py
[2024-05-10T11:02:33.869+0000] {processor.py:840} INFO - DAG(s) 'example_params_trigger_ui' retrieved from /home/airflow/.local/lib/python3.12/site-packages/airflow/example_dags/example_params_trigger_ui.py
[2024-05-10T11:02:33.894+0000] {logging_mixin.py:188} INFO - [2024-05-10T11:02:33.894+0000] {dag.py:3096} INFO - Sync 1 DAGs
[2024-05-10T11:02:33.901+0000] {logging_mixin.py:188} INFO - [2024-05-10T11:02:33.900+0000] {dag.py:3954} INFO - Setting next_dagrun for example_params_trigger_ui to None, run_after=None
[2024-05-10T11:02:33.909+0000] {processor.py:183} INFO - Processing /home/airflow/.local/lib/python3.12/site-packages/airflow/example_dags/example_params_trigger_ui.py took 0.063 seconds
[2024-05-10T11:03:04.665+0000] {processor.py:161} INFO - Started process (PID=666) to work on /home/airflow/.local/lib/python3.12/site-packages/airflow/example_dags/example_params_trigger_ui.py
[2024-05-10T11:03:04.666+0000] {processor.py:830} INFO - Processing file /home/airflow/.local/lib/python3.12/site-packages/airflow/example_dags/example_params_trigger_ui.py for tasks to queue
[2024-05-10T11:03:04.666+0000] {logging_mixin.py:188} INFO - [2024-05-10T11:03:04.666+0000] {dagbag.py:540} INFO - Filling up the DagBag from /home/airflow/.local/lib/python3.12/site-packages/airflow/example_dags/example_params_trigger_ui.py
[2024-05-10T11:03:04.679+0000] {processor.py:840} INFO - DAG(s) 'example_params_trigger_ui' retrieved from /home/airflow/.local/lib/python3.12/site-packages/airflow/example_dags/example_params_trigger_ui.py
[2024-05-10T11:03:04.711+0000] {logging_mixin.py:188} INFO - [2024-05-10T11:03:04.711+0000] {dag.py:3096} INFO - Sync 1 DAGs
[2024-05-10T11:03:04.718+0000] {logging_mixin.py:188} INFO - [2024-05-10T11:03:04.718+0000] {dag.py:3954} INFO - Setting next_dagrun for example_params_trigger_ui to None, run_after=None
[2024-05-10T11:03:04.729+0000] {processor.py:183} INFO - Processing /home/airflow/.local/lib/python3.12/site-packages/airflow/example_dags/example_params_trigger_ui.py took 0.070 seconds
[2024-05-10T11:03:35.407+0000] {processor.py:161} INFO - Started process (PID=726) to work on /home/airflow/.local/lib/python3.12/site-packages/airflow/example_dags/example_params_trigger_ui.py
[2024-05-10T11:03:35.409+0000] {processor.py:830} INFO - Processing file /home/airflow/.local/lib/python3.12/site-packages/airflow/example_dags/example_params_trigger_ui.py for tasks to queue
[2024-05-10T11:03:35.410+0000] {logging_mixin.py:188} INFO - [2024-05-10T11:03:35.409+0000] {dagbag.py:540} INFO - Filling up the DagBag from /home/airflow/.local/lib/python3.12/site-packages/airflow/example_dags/example_params_trigger_ui.py
[2024-05-10T11:03:35.424+0000] {processor.py:840} INFO - DAG(s) 'example_params_trigger_ui' retrieved from /home/airflow/.local/lib/python3.12/site-packages/airflow/example_dags/example_params_trigger_ui.py
[2024-05-10T11:03:35.450+0000] {logging_mixin.py:188} INFO - [2024-05-10T11:03:35.450+0000] {dag.py:3096} INFO - Sync 1 DAGs
[2024-05-10T11:03:35.457+0000] {logging_mixin.py:188} INFO - [2024-05-10T11:03:35.456+0000] {dag.py:3954} INFO - Setting next_dagrun for example_params_trigger_ui to None, run_after=None
[2024-05-10T11:03:35.465+0000] {processor.py:183} INFO - Processing /home/airflow/.local/lib/python3.12/site-packages/airflow/example_dags/example_params_trigger_ui.py took 0.065 seconds
[2024-05-10T11:04:06.101+0000] {processor.py:161} INFO - Started process (PID=785) to work on /home/airflow/.local/lib/python3.12/site-packages/airflow/example_dags/example_params_trigger_ui.py
[2024-05-10T11:04:06.102+0000] {processor.py:830} INFO - Processing file /home/airflow/.local/lib/python3.12/site-packages/airflow/example_dags/example_params_trigger_ui.py for tasks to queue
[2024-05-10T11:04:06.104+0000] {logging_mixin.py:188} INFO - [2024-05-10T11:04:06.104+0000] {dagbag.py:540} INFO - Filling up the DagBag from /home/airflow/.local/lib/python3.12/site-packages/airflow/example_dags/example_params_trigger_ui.py
[2024-05-10T11:04:06.118+0000] {processor.py:840} INFO - DAG(s) 'example_params_trigger_ui' retrieved from /home/airflow/.local/lib/python3.12/site-packages/airflow/example_dags/example_params_trigger_ui.py
[2024-05-10T11:04:06.142+0000] {logging_mixin.py:188} INFO - [2024-05-10T11:04:06.142+0000] {dag.py:3096} INFO - Sync 1 DAGs
[2024-05-10T11:04:06.149+0000] {logging_mixin.py:188} INFO - [2024-05-10T11:04:06.149+0000] {dag.py:3954} INFO - Setting next_dagrun for example_params_trigger_ui to None, run_after=None
[2024-05-10T11:04:06.242+0000] {processor.py:183} INFO - Processing /home/airflow/.local/lib/python3.12/site-packages/airflow/example_dags/example_params_trigger_ui.py took 0.147 seconds
[2024-05-10T11:04:36.410+0000] {processor.py:161} INFO - Started process (PID=844) to work on /home/airflow/.local/lib/python3.12/site-packages/airflow/example_dags/example_params_trigger_ui.py
[2024-05-10T11:04:36.411+0000] {processor.py:830} INFO - Processing file /home/airflow/.local/lib/python3.12/site-packages/airflow/example_dags/example_params_trigger_ui.py for tasks to queue
[2024-05-10T11:04:36.412+0000] {logging_mixin.py:188} INFO - [2024-05-10T11:04:36.411+0000] {dagbag.py:540} INFO - Filling up the DagBag from /home/airflow/.local/lib/python3.12/site-packages/airflow/example_dags/example_params_trigger_ui.py
[2024-05-10T11:04:36.424+0000] {processor.py:840} INFO - DAG(s) 'example_params_trigger_ui' retrieved from /home/airflow/.local/lib/python3.12/site-packages/airflow/example_dags/example_params_trigger_ui.py
[2024-05-10T11:04:36.446+0000] {logging_mixin.py:188} INFO - [2024-05-10T11:04:36.446+0000] {dag.py:3096} INFO - Sync 1 DAGs
[2024-05-10T11:04:36.453+0000] {logging_mixin.py:188} INFO - [2024-05-10T11:04:36.453+0000] {dag.py:3954} INFO - Setting next_dagrun for example_params_trigger_ui to None, run_after=None
[2024-05-10T11:04:36.462+0000] {processor.py:183} INFO - Processing /home/airflow/.local/lib/python3.12/site-packages/airflow/example_dags/example_params_trigger_ui.py took 0.058 seconds
[2024-05-10T11:05:07.464+0000] {processor.py:161} INFO - Started process (PID=904) to work on /home/airflow/.local/lib/python3.12/site-packages/airflow/example_dags/example_params_trigger_ui.py
[2024-05-10T11:05:07.464+0000] {processor.py:830} INFO - Processing file /home/airflow/.local/lib/python3.12/site-packages/airflow/example_dags/example_params_trigger_ui.py for tasks to queue
[2024-05-10T11:05:07.465+0000] {logging_mixin.py:188} INFO - [2024-05-10T11:05:07.465+0000] {dagbag.py:540} INFO - Filling up the DagBag from /home/airflow/.local/lib/python3.12/site-packages/airflow/example_dags/example_params_trigger_ui.py
[2024-05-10T11:05:07.473+0000] {processor.py:840} INFO - DAG(s) 'example_params_trigger_ui' retrieved from /home/airflow/.local/lib/python3.12/site-packages/airflow/example_dags/example_params_trigger_ui.py
[2024-05-10T11:05:07.492+0000] {logging_mixin.py:188} INFO - [2024-05-10T11:05:07.492+0000] {dag.py:3096} INFO - Sync 1 DAGs
[2024-05-10T11:05:07.498+0000] {logging_mixin.py:188} INFO - [2024-05-10T11:05:07.498+0000] {dag.py:3954} INFO - Setting next_dagrun for example_params_trigger_ui to None, run_after=None
[2024-05-10T11:05:07.510+0000] {processor.py:183} INFO - Processing /home/airflow/.local/lib/python3.12/site-packages/airflow/example_dags/example_params_trigger_ui.py took 0.049 seconds
[2024-05-10T11:05:38.448+0000] {processor.py:161} INFO - Started process (PID=963) to work on /home/airflow/.local/lib/python3.12/site-packages/airflow/example_dags/example_params_trigger_ui.py
[2024-05-10T11:05:38.448+0000] {processor.py:830} INFO - Processing file /home/airflow/.local/lib/python3.12/site-packages/airflow/example_dags/example_params_trigger_ui.py for tasks to queue
[2024-05-10T11:05:38.449+0000] {logging_mixin.py:188} INFO - [2024-05-10T11:05:38.449+0000] {dagbag.py:540} INFO - Filling up the DagBag from /home/airflow/.local/lib/python3.12/site-packages/airflow/example_dags/example_params_trigger_ui.py
[2024-05-10T11:05:38.458+0000] {processor.py:840} INFO - DAG(s) 'example_params_trigger_ui' retrieved from /home/airflow/.local/lib/python3.12/site-packages/airflow/example_dags/example_params_trigger_ui.py
[2024-05-10T11:05:38.478+0000] {logging_mixin.py:188} INFO - [2024-05-10T11:05:38.478+0000] {dag.py:3096} INFO - Sync 1 DAGs
[2024-05-10T11:05:38.484+0000] {logging_mixin.py:188} INFO - [2024-05-10T11:05:38.484+0000] {dag.py:3954} INFO - Setting next_dagrun for example_params_trigger_ui to None, run_after=None
[2024-05-10T11:05:38.493+0000] {processor.py:183} INFO - Processing /home/airflow/.local/lib/python3.12/site-packages/airflow/example_dags/example_params_trigger_ui.py took 0.049 seconds
[2024-05-10T11:06:08.571+0000] {processor.py:161} INFO - Started process (PID=1023) to work on /home/airflow/.local/lib/python3.12/site-packages/airflow/example_dags/example_params_trigger_ui.py
[2024-05-10T11:06:08.571+0000] {processor.py:830} INFO - Processing file /home/airflow/.local/lib/python3.12/site-packages/airflow/example_dags/example_params_trigger_ui.py for tasks to queue
[2024-05-10T11:06:08.572+0000] {logging_mixin.py:188} INFO - [2024-05-10T11:06:08.572+0000] {dagbag.py:540} INFO - Filling up the DagBag from /home/airflow/.local/lib/python3.12/site-packages/airflow/example_dags/example_params_trigger_ui.py
[2024-05-10T11:06:08.582+0000] {processor.py:840} INFO - DAG(s) 'example_params_trigger_ui' retrieved from /home/airflow/.local/lib/python3.12/site-packages/airflow/example_dags/example_params_trigger_ui.py
[2024-05-10T11:06:08.600+0000] {logging_mixin.py:188} INFO - [2024-05-10T11:06:08.600+0000] {dag.py:3096} INFO - Sync 1 DAGs
[2024-05-10T11:06:08.606+0000] {logging_mixin.py:188} INFO - [2024-05-10T11:06:08.606+0000] {dag.py:3954} INFO - Setting next_dagrun for example_params_trigger_ui to None, run_after=None
[2024-05-10T11:06:08.615+0000] {processor.py:183} INFO - Processing /home/airflow/.local/lib/python3.12/site-packages/airflow/example_dags/example_params_trigger_ui.py took 0.048 seconds
[2024-05-10T11:06:39.371+0000] {processor.py:161} INFO - Started process (PID=1083) to work on /home/airflow/.local/lib/python3.12/site-packages/airflow/example_dags/example_params_trigger_ui.py
[2024-05-10T11:06:39.372+0000] {processor.py:830} INFO - Processing file /home/airflow/.local/lib/python3.12/site-packages/airflow/example_dags/example_params_trigger_ui.py for tasks to queue
[2024-05-10T11:06:39.372+0000] {logging_mixin.py:188} INFO - [2024-05-10T11:06:39.372+0000] {dagbag.py:540} INFO - Filling up the DagBag from /home/airflow/.local/lib/python3.12/site-packages/airflow/example_dags/example_params_trigger_ui.py
[2024-05-10T11:06:39.380+0000] {processor.py:840} INFO - DAG(s) 'example_params_trigger_ui' retrieved from /home/airflow/.local/lib/python3.12/site-packages/airflow/example_dags/example_params_trigger_ui.py
[2024-05-10T11:06:39.400+0000] {logging_mixin.py:188} INFO - [2024-05-10T11:06:39.399+0000] {dag.py:3096} INFO - Sync 1 DAGs
[2024-05-10T11:06:39.406+0000] {logging_mixin.py:188} INFO - [2024-05-10T11:06:39.406+0000] {dag.py:3954} INFO - Setting next_dagrun for example_params_trigger_ui to None, run_after=None
[2024-05-10T11:06:39.417+0000] {processor.py:183} INFO - Processing /home/airflow/.local/lib/python3.12/site-packages/airflow/example_dags/example_params_trigger_ui.py took 0.049 seconds
[2024-05-10T11:07:09.908+0000] {processor.py:161} INFO - Started process (PID=1143) to work on /home/airflow/.local/lib/python3.12/site-packages/airflow/example_dags/example_params_trigger_ui.py
[2024-05-10T11:07:09.909+0000] {processor.py:830} INFO - Processing file /home/airflow/.local/lib/python3.12/site-packages/airflow/example_dags/example_params_trigger_ui.py for tasks to queue
[2024-05-10T11:07:09.910+0000] {logging_mixin.py:188} INFO - [2024-05-10T11:07:09.910+0000] {dagbag.py:540} INFO - Filling up the DagBag from /home/airflow/.local/lib/python3.12/site-packages/airflow/example_dags/example_params_trigger_ui.py
[2024-05-10T11:07:09.925+0000] {processor.py:840} INFO - DAG(s) 'example_params_trigger_ui' retrieved from /home/airflow/.local/lib/python3.12/site-packages/airflow/example_dags/example_params_trigger_ui.py
[2024-05-10T11:07:10.035+0000] {logging_mixin.py:188} INFO - [2024-05-10T11:07:10.035+0000] {dag.py:3096} INFO - Sync 1 DAGs
[2024-05-10T11:07:10.040+0000] {logging_mixin.py:188} INFO - [2024-05-10T11:07:10.040+0000] {dag.py:3954} INFO - Setting next_dagrun for example_params_trigger_ui to None, run_after=None
[2024-05-10T11:07:10.047+0000] {processor.py:183} INFO - Processing /home/airflow/.local/lib/python3.12/site-packages/airflow/example_dags/example_params_trigger_ui.py took 0.148 seconds
[2024-05-10T11:07:40.568+0000] {processor.py:161} INFO - Started process (PID=1203) to work on /home/airflow/.local/lib/python3.12/site-packages/airflow/example_dags/example_params_trigger_ui.py
[2024-05-10T11:07:40.569+0000] {processor.py:830} INFO - Processing file /home/airflow/.local/lib/python3.12/site-packages/airflow/example_dags/example_params_trigger_ui.py for tasks to queue
[2024-05-10T11:07:40.570+0000] {logging_mixin.py:188} INFO - [2024-05-10T11:07:40.570+0000] {dagbag.py:540} INFO - Filling up the DagBag from /home/airflow/.local/lib/python3.12/site-packages/airflow/example_dags/example_params_trigger_ui.py
[2024-05-10T11:07:40.584+0000] {processor.py:840} INFO - DAG(s) 'example_params_trigger_ui' retrieved from /home/airflow/.local/lib/python3.12/site-packages/airflow/example_dags/example_params_trigger_ui.py
[2024-05-10T11:07:40.609+0000] {logging_mixin.py:188} INFO - [2024-05-10T11:07:40.608+0000] {dag.py:3096} INFO - Sync 1 DAGs
[2024-05-10T11:07:40.615+0000] {logging_mixin.py:188} INFO - [2024-05-10T11:07:40.615+0000] {dag.py:3954} INFO - Setting next_dagrun for example_params_trigger_ui to None, run_after=None
[2024-05-10T11:07:40.624+0000] {processor.py:183} INFO - Processing /home/airflow/.local/lib/python3.12/site-packages/airflow/example_dags/example_params_trigger_ui.py took 0.062 seconds
[2024-05-10T11:08:11.349+0000] {processor.py:161} INFO - Started process (PID=1263) to work on /home/airflow/.local/lib/python3.12/site-packages/airflow/example_dags/example_params_trigger_ui.py
[2024-05-10T11:08:11.350+0000] {processor.py:830} INFO - Processing file /home/airflow/.local/lib/python3.12/site-packages/airflow/example_dags/example_params_trigger_ui.py for tasks to queue
[2024-05-10T11:08:11.352+0000] {logging_mixin.py:188} INFO - [2024-05-10T11:08:11.351+0000] {dagbag.py:540} INFO - Filling up the DagBag from /home/airflow/.local/lib/python3.12/site-packages/airflow/example_dags/example_params_trigger_ui.py
[2024-05-10T11:08:11.365+0000] {processor.py:840} INFO - DAG(s) 'example_params_trigger_ui' retrieved from /home/airflow/.local/lib/python3.12/site-packages/airflow/example_dags/example_params_trigger_ui.py
[2024-05-10T11:08:11.390+0000] {logging_mixin.py:188} INFO - [2024-05-10T11:08:11.390+0000] {dag.py:3096} INFO - Sync 1 DAGs
[2024-05-10T11:08:11.396+0000] {logging_mixin.py:188} INFO - [2024-05-10T11:08:11.396+0000] {dag.py:3954} INFO - Setting next_dagrun for example_params_trigger_ui to None, run_after=None
[2024-05-10T11:08:11.405+0000] {processor.py:183} INFO - Processing /home/airflow/.local/lib/python3.12/site-packages/airflow/example_dags/example_params_trigger_ui.py took 0.063 seconds
[2024-05-10T11:08:41.995+0000] {processor.py:161} INFO - Started process (PID=1323) to work on /home/airflow/.local/lib/python3.12/site-packages/airflow/example_dags/example_params_trigger_ui.py
[2024-05-10T11:08:41.996+0000] {processor.py:830} INFO - Processing file /home/airflow/.local/lib/python3.12/site-packages/airflow/example_dags/example_params_trigger_ui.py for tasks to queue
[2024-05-10T11:08:41.997+0000] {logging_mixin.py:188} INFO - [2024-05-10T11:08:41.996+0000] {dagbag.py:540} INFO - Filling up the DagBag from /home/airflow/.local/lib/python3.12/site-packages/airflow/example_dags/example_params_trigger_ui.py
[2024-05-10T11:08:42.010+0000] {processor.py:840} INFO - DAG(s) 'example_params_trigger_ui' retrieved from /home/airflow/.local/lib/python3.12/site-packages/airflow/example_dags/example_params_trigger_ui.py
[2024-05-10T11:08:42.033+0000] {logging_mixin.py:188} INFO - [2024-05-10T11:08:42.033+0000] {dag.py:3096} INFO - Sync 1 DAGs
[2024-05-10T11:08:42.040+0000] {logging_mixin.py:188} INFO - [2024-05-10T11:08:42.039+0000] {dag.py:3954} INFO - Setting next_dagrun for example_params_trigger_ui to None, run_after=None
[2024-05-10T11:08:42.048+0000] {processor.py:183} INFO - Processing /home/airflow/.local/lib/python3.12/site-packages/airflow/example_dags/example_params_trigger_ui.py took 0.060 seconds
[2024-05-10T11:09:12.705+0000] {processor.py:161} INFO - Started process (PID=1383) to work on /home/airflow/.local/lib/python3.12/site-packages/airflow/example_dags/example_params_trigger_ui.py
[2024-05-10T11:09:12.705+0000] {processor.py:830} INFO - Processing file /home/airflow/.local/lib/python3.12/site-packages/airflow/example_dags/example_params_trigger_ui.py for tasks to queue
[2024-05-10T11:09:12.706+0000] {logging_mixin.py:188} INFO - [2024-05-10T11:09:12.706+0000] {dagbag.py:540} INFO - Filling up the DagBag from /home/airflow/.local/lib/python3.12/site-packages/airflow/example_dags/example_params_trigger_ui.py
[2024-05-10T11:09:12.718+0000] {processor.py:840} INFO - DAG(s) 'example_params_trigger_ui' retrieved from /home/airflow/.local/lib/python3.12/site-packages/airflow/example_dags/example_params_trigger_ui.py
[2024-05-10T11:09:12.746+0000] {logging_mixin.py:188} INFO - [2024-05-10T11:09:12.746+0000] {dag.py:3096} INFO - Sync 1 DAGs
[2024-05-10T11:09:12.754+0000] {logging_mixin.py:188} INFO - [2024-05-10T11:09:12.754+0000] {dag.py:3954} INFO - Setting next_dagrun for example_params_trigger_ui to None, run_after=None
[2024-05-10T11:09:12.765+0000] {processor.py:183} INFO - Processing /home/airflow/.local/lib/python3.12/site-packages/airflow/example_dags/example_params_trigger_ui.py took 0.065 seconds
[2024-05-10T11:09:43.456+0000] {processor.py:161} INFO - Started process (PID=1443) to work on /home/airflow/.local/lib/python3.12/site-packages/airflow/example_dags/example_params_trigger_ui.py
[2024-05-10T11:09:43.457+0000] {processor.py:830} INFO - Processing file /home/airflow/.local/lib/python3.12/site-packages/airflow/example_dags/example_params_trigger_ui.py for tasks to queue
[2024-05-10T11:09:43.458+0000] {logging_mixin.py:188} INFO - [2024-05-10T11:09:43.458+0000] {dagbag.py:540} INFO - Filling up the DagBag from /home/airflow/.local/lib/python3.12/site-packages/airflow/example_dags/example_params_trigger_ui.py
[2024-05-10T11:09:43.473+0000] {processor.py:840} INFO - DAG(s) 'example_params_trigger_ui' retrieved from /home/airflow/.local/lib/python3.12/site-packages/airflow/example_dags/example_params_trigger_ui.py
[2024-05-10T11:09:43.499+0000] {logging_mixin.py:188} INFO - [2024-05-10T11:09:43.499+0000] {dag.py:3096} INFO - Sync 1 DAGs
[2024-05-10T11:09:43.506+0000] {logging_mixin.py:188} INFO - [2024-05-10T11:09:43.506+0000] {dag.py:3954} INFO - Setting next_dagrun for example_params_trigger_ui to None, run_after=None
[2024-05-10T11:09:43.516+0000] {processor.py:183} INFO - Processing /home/airflow/.local/lib/python3.12/site-packages/airflow/example_dags/example_params_trigger_ui.py took 0.067 seconds
[2024-05-10T11:10:14.210+0000] {processor.py:161} INFO - Started process (PID=1503) to work on /home/airflow/.local/lib/python3.12/site-packages/airflow/example_dags/example_params_trigger_ui.py
[2024-05-10T11:10:14.211+0000] {processor.py:830} INFO - Processing file /home/airflow/.local/lib/python3.12/site-packages/airflow/example_dags/example_params_trigger_ui.py for tasks to queue
[2024-05-10T11:10:14.212+0000] {logging_mixin.py:188} INFO - [2024-05-10T11:10:14.212+0000] {dagbag.py:540} INFO - Filling up the DagBag from /home/airflow/.local/lib/python3.12/site-packages/airflow/example_dags/example_params_trigger_ui.py
[2024-05-10T11:10:14.224+0000] {processor.py:840} INFO - DAG(s) 'example_params_trigger_ui' retrieved from /home/airflow/.local/lib/python3.12/site-packages/airflow/example_dags/example_params_trigger_ui.py
[2024-05-10T11:10:14.247+0000] {logging_mixin.py:188} INFO - [2024-05-10T11:10:14.247+0000] {dag.py:3096} INFO - Sync 1 DAGs
[2024-05-10T11:10:14.253+0000] {logging_mixin.py:188} INFO - [2024-05-10T11:10:14.253+0000] {dag.py:3954} INFO - Setting next_dagrun for example_params_trigger_ui to None, run_after=None
[2024-05-10T11:10:14.263+0000] {processor.py:183} INFO - Processing /home/airflow/.local/lib/python3.12/site-packages/airflow/example_dags/example_params_trigger_ui.py took 0.059 seconds
