[2024-05-10T10:49:23.307+0000] {processor.py:161} INFO - Started process (PID=171) to work on /home/airflow/.local/lib/python3.12/site-packages/airflow/example_dags/example_branch_operator.py
[2024-05-10T10:49:23.308+0000] {processor.py:830} INFO - Processing file /home/airflow/.local/lib/python3.12/site-packages/airflow/example_dags/example_branch_operator.py for tasks to queue
[2024-05-10T10:49:23.309+0000] {logging_mixin.py:188} INFO - [2024-05-10T10:49:23.309+0000] {dagbag.py:540} INFO - Filling up the DagBag from /home/airflow/.local/lib/python3.12/site-packages/airflow/example_dags/example_branch_operator.py
[2024-05-10T10:49:23.318+0000] {processor.py:840} INFO - DAG(s) 'example_branch_operator' retrieved from /home/airflow/.local/lib/python3.12/site-packages/airflow/example_dags/example_branch_operator.py
[2024-05-10T10:49:23.370+0000] {logging_mixin.py:188} INFO - [2024-05-10T10:49:23.369+0000] {dag.py:3096} INFO - Sync 1 DAGs
[2024-05-10T10:49:23.382+0000] {logging_mixin.py:188} INFO - [2024-05-10T10:49:23.382+0000] {dag.py:3954} INFO - Setting next_dagrun for example_branch_operator to 2024-05-09 00:00:00+00:00, run_after=2024-05-10 00:00:00+00:00
[2024-05-10T10:49:23.397+0000] {processor.py:183} INFO - Processing /home/airflow/.local/lib/python3.12/site-packages/airflow/example_dags/example_branch_operator.py took 0.093 seconds
[2024-05-10T10:49:54.275+0000] {processor.py:161} INFO - Started process (PID=231) to work on /home/airflow/.local/lib/python3.12/site-packages/airflow/example_dags/example_branch_operator.py
[2024-05-10T10:49:54.276+0000] {processor.py:830} INFO - Processing file /home/airflow/.local/lib/python3.12/site-packages/airflow/example_dags/example_branch_operator.py for tasks to queue
[2024-05-10T10:49:54.277+0000] {logging_mixin.py:188} INFO - [2024-05-10T10:49:54.276+0000] {dagbag.py:540} INFO - Filling up the DagBag from /home/airflow/.local/lib/python3.12/site-packages/airflow/example_dags/example_branch_operator.py
[2024-05-10T10:49:54.284+0000] {processor.py:840} INFO - DAG(s) 'example_branch_operator' retrieved from /home/airflow/.local/lib/python3.12/site-packages/airflow/example_dags/example_branch_operator.py
[2024-05-10T10:49:54.297+0000] {logging_mixin.py:188} INFO - [2024-05-10T10:49:54.297+0000] {dag.py:3096} INFO - Sync 1 DAGs
[2024-05-10T10:49:54.307+0000] {logging_mixin.py:188} INFO - [2024-05-10T10:49:54.307+0000] {dag.py:3954} INFO - Setting next_dagrun for example_branch_operator to 2024-05-09 00:00:00+00:00, run_after=2024-05-10 00:00:00+00:00
[2024-05-10T10:49:54.316+0000] {processor.py:183} INFO - Processing /home/airflow/.local/lib/python3.12/site-packages/airflow/example_dags/example_branch_operator.py took 0.044 seconds
[2024-05-10T10:50:24.878+0000] {processor.py:161} INFO - Started process (PID=291) to work on /home/airflow/.local/lib/python3.12/site-packages/airflow/example_dags/example_branch_operator.py
[2024-05-10T10:50:24.879+0000] {processor.py:830} INFO - Processing file /home/airflow/.local/lib/python3.12/site-packages/airflow/example_dags/example_branch_operator.py for tasks to queue
[2024-05-10T10:50:24.880+0000] {logging_mixin.py:188} INFO - [2024-05-10T10:50:24.880+0000] {dagbag.py:540} INFO - Filling up the DagBag from /home/airflow/.local/lib/python3.12/site-packages/airflow/example_dags/example_branch_operator.py
[2024-05-10T10:50:24.888+0000] {processor.py:840} INFO - DAG(s) 'example_branch_operator' retrieved from /home/airflow/.local/lib/python3.12/site-packages/airflow/example_dags/example_branch_operator.py
[2024-05-10T10:50:24.901+0000] {logging_mixin.py:188} INFO - [2024-05-10T10:50:24.900+0000] {dag.py:3096} INFO - Sync 1 DAGs
[2024-05-10T10:50:24.911+0000] {logging_mixin.py:188} INFO - [2024-05-10T10:50:24.910+0000] {dag.py:3954} INFO - Setting next_dagrun for example_branch_operator to 2024-05-09 00:00:00+00:00, run_after=2024-05-10 00:00:00+00:00
[2024-05-10T10:50:24.920+0000] {processor.py:183} INFO - Processing /home/airflow/.local/lib/python3.12/site-packages/airflow/example_dags/example_branch_operator.py took 0.044 seconds
[2024-05-10T10:50:55.526+0000] {processor.py:161} INFO - Started process (PID=350) to work on /home/airflow/.local/lib/python3.12/site-packages/airflow/example_dags/example_branch_operator.py
[2024-05-10T10:50:55.527+0000] {processor.py:830} INFO - Processing file /home/airflow/.local/lib/python3.12/site-packages/airflow/example_dags/example_branch_operator.py for tasks to queue
[2024-05-10T10:50:55.527+0000] {logging_mixin.py:188} INFO - [2024-05-10T10:50:55.527+0000] {dagbag.py:540} INFO - Filling up the DagBag from /home/airflow/.local/lib/python3.12/site-packages/airflow/example_dags/example_branch_operator.py
[2024-05-10T10:50:55.535+0000] {processor.py:840} INFO - DAG(s) 'example_branch_operator' retrieved from /home/airflow/.local/lib/python3.12/site-packages/airflow/example_dags/example_branch_operator.py
[2024-05-10T10:50:55.548+0000] {logging_mixin.py:188} INFO - [2024-05-10T10:50:55.547+0000] {dag.py:3096} INFO - Sync 1 DAGs
[2024-05-10T10:50:55.558+0000] {logging_mixin.py:188} INFO - [2024-05-10T10:50:55.557+0000] {dag.py:3954} INFO - Setting next_dagrun for example_branch_operator to 2024-05-09 00:00:00+00:00, run_after=2024-05-10 00:00:00+00:00
[2024-05-10T10:50:55.566+0000] {processor.py:183} INFO - Processing /home/airflow/.local/lib/python3.12/site-packages/airflow/example_dags/example_branch_operator.py took 0.043 seconds
[2024-05-10T10:51:26.068+0000] {processor.py:161} INFO - Started process (PID=410) to work on /home/airflow/.local/lib/python3.12/site-packages/airflow/example_dags/example_branch_operator.py
[2024-05-10T10:51:26.069+0000] {processor.py:830} INFO - Processing file /home/airflow/.local/lib/python3.12/site-packages/airflow/example_dags/example_branch_operator.py for tasks to queue
[2024-05-10T10:51:26.070+0000] {logging_mixin.py:188} INFO - [2024-05-10T10:51:26.070+0000] {dagbag.py:540} INFO - Filling up the DagBag from /home/airflow/.local/lib/python3.12/site-packages/airflow/example_dags/example_branch_operator.py
[2024-05-10T10:51:26.078+0000] {processor.py:840} INFO - DAG(s) 'example_branch_operator' retrieved from /home/airflow/.local/lib/python3.12/site-packages/airflow/example_dags/example_branch_operator.py
[2024-05-10T10:51:26.090+0000] {logging_mixin.py:188} INFO - [2024-05-10T10:51:26.090+0000] {dag.py:3096} INFO - Sync 1 DAGs
[2024-05-10T10:51:26.101+0000] {logging_mixin.py:188} INFO - [2024-05-10T10:51:26.101+0000] {dag.py:3954} INFO - Setting next_dagrun for example_branch_operator to 2024-05-09 00:00:00+00:00, run_after=2024-05-10 00:00:00+00:00
[2024-05-10T10:51:26.110+0000] {processor.py:183} INFO - Processing /home/airflow/.local/lib/python3.12/site-packages/airflow/example_dags/example_branch_operator.py took 0.044 seconds
[2024-05-10T10:51:56.643+0000] {processor.py:161} INFO - Started process (PID=470) to work on /home/airflow/.local/lib/python3.12/site-packages/airflow/example_dags/example_branch_operator.py
[2024-05-10T10:51:56.644+0000] {processor.py:830} INFO - Processing file /home/airflow/.local/lib/python3.12/site-packages/airflow/example_dags/example_branch_operator.py for tasks to queue
[2024-05-10T10:51:56.644+0000] {logging_mixin.py:188} INFO - [2024-05-10T10:51:56.644+0000] {dagbag.py:540} INFO - Filling up the DagBag from /home/airflow/.local/lib/python3.12/site-packages/airflow/example_dags/example_branch_operator.py
[2024-05-10T10:51:56.652+0000] {processor.py:840} INFO - DAG(s) 'example_branch_operator' retrieved from /home/airflow/.local/lib/python3.12/site-packages/airflow/example_dags/example_branch_operator.py
[2024-05-10T10:51:56.664+0000] {logging_mixin.py:188} INFO - [2024-05-10T10:51:56.664+0000] {dag.py:3096} INFO - Sync 1 DAGs
[2024-05-10T10:51:56.674+0000] {logging_mixin.py:188} INFO - [2024-05-10T10:51:56.674+0000] {dag.py:3954} INFO - Setting next_dagrun for example_branch_operator to 2024-05-09 00:00:00+00:00, run_after=2024-05-10 00:00:00+00:00
[2024-05-10T10:51:56.682+0000] {processor.py:183} INFO - Processing /home/airflow/.local/lib/python3.12/site-packages/airflow/example_dags/example_branch_operator.py took 0.042 seconds
[2024-05-10T10:52:27.222+0000] {processor.py:161} INFO - Started process (PID=530) to work on /home/airflow/.local/lib/python3.12/site-packages/airflow/example_dags/example_branch_operator.py
[2024-05-10T10:52:27.223+0000] {processor.py:830} INFO - Processing file /home/airflow/.local/lib/python3.12/site-packages/airflow/example_dags/example_branch_operator.py for tasks to queue
[2024-05-10T10:52:27.224+0000] {logging_mixin.py:188} INFO - [2024-05-10T10:52:27.224+0000] {dagbag.py:540} INFO - Filling up the DagBag from /home/airflow/.local/lib/python3.12/site-packages/airflow/example_dags/example_branch_operator.py
[2024-05-10T10:52:27.232+0000] {processor.py:840} INFO - DAG(s) 'example_branch_operator' retrieved from /home/airflow/.local/lib/python3.12/site-packages/airflow/example_dags/example_branch_operator.py
[2024-05-10T10:52:27.245+0000] {logging_mixin.py:188} INFO - [2024-05-10T10:52:27.245+0000] {dag.py:3096} INFO - Sync 1 DAGs
[2024-05-10T10:52:27.255+0000] {logging_mixin.py:188} INFO - [2024-05-10T10:52:27.255+0000] {dag.py:3954} INFO - Setting next_dagrun for example_branch_operator to 2024-05-09 00:00:00+00:00, run_after=2024-05-10 00:00:00+00:00
[2024-05-10T10:52:27.265+0000] {processor.py:183} INFO - Processing /home/airflow/.local/lib/python3.12/site-packages/airflow/example_dags/example_branch_operator.py took 0.046 seconds
[2024-05-10T10:52:57.772+0000] {processor.py:161} INFO - Started process (PID=590) to work on /home/airflow/.local/lib/python3.12/site-packages/airflow/example_dags/example_branch_operator.py
[2024-05-10T10:52:57.773+0000] {processor.py:830} INFO - Processing file /home/airflow/.local/lib/python3.12/site-packages/airflow/example_dags/example_branch_operator.py for tasks to queue
[2024-05-10T10:52:57.773+0000] {logging_mixin.py:188} INFO - [2024-05-10T10:52:57.773+0000] {dagbag.py:540} INFO - Filling up the DagBag from /home/airflow/.local/lib/python3.12/site-packages/airflow/example_dags/example_branch_operator.py
[2024-05-10T10:52:57.781+0000] {processor.py:840} INFO - DAG(s) 'example_branch_operator' retrieved from /home/airflow/.local/lib/python3.12/site-packages/airflow/example_dags/example_branch_operator.py
[2024-05-10T10:52:57.793+0000] {logging_mixin.py:188} INFO - [2024-05-10T10:52:57.793+0000] {dag.py:3096} INFO - Sync 1 DAGs
[2024-05-10T10:52:57.804+0000] {logging_mixin.py:188} INFO - [2024-05-10T10:52:57.804+0000] {dag.py:3954} INFO - Setting next_dagrun for example_branch_operator to 2024-05-09 00:00:00+00:00, run_after=2024-05-10 00:00:00+00:00
[2024-05-10T10:52:57.812+0000] {processor.py:183} INFO - Processing /home/airflow/.local/lib/python3.12/site-packages/airflow/example_dags/example_branch_operator.py took 0.043 seconds
[2024-05-10T10:53:28.335+0000] {processor.py:161} INFO - Started process (PID=649) to work on /home/airflow/.local/lib/python3.12/site-packages/airflow/example_dags/example_branch_operator.py
[2024-05-10T10:53:28.336+0000] {processor.py:830} INFO - Processing file /home/airflow/.local/lib/python3.12/site-packages/airflow/example_dags/example_branch_operator.py for tasks to queue
[2024-05-10T10:53:28.337+0000] {logging_mixin.py:188} INFO - [2024-05-10T10:53:28.336+0000] {dagbag.py:540} INFO - Filling up the DagBag from /home/airflow/.local/lib/python3.12/site-packages/airflow/example_dags/example_branch_operator.py
[2024-05-10T10:53:28.344+0000] {processor.py:840} INFO - DAG(s) 'example_branch_operator' retrieved from /home/airflow/.local/lib/python3.12/site-packages/airflow/example_dags/example_branch_operator.py
[2024-05-10T10:53:28.357+0000] {logging_mixin.py:188} INFO - [2024-05-10T10:53:28.357+0000] {dag.py:3096} INFO - Sync 1 DAGs
[2024-05-10T10:53:28.367+0000] {logging_mixin.py:188} INFO - [2024-05-10T10:53:28.367+0000] {dag.py:3954} INFO - Setting next_dagrun for example_branch_operator to 2024-05-09 00:00:00+00:00, run_after=2024-05-10 00:00:00+00:00
[2024-05-10T10:53:28.379+0000] {processor.py:183} INFO - Processing /home/airflow/.local/lib/python3.12/site-packages/airflow/example_dags/example_branch_operator.py took 0.046 seconds
